nohup: ignoring input
2.economy/discrete/intermediate-2-l_y/test/yaw-cable-BE-2
初始位置提取于 2.economy/discrete/intermediate-2-l/yaw-cable-BE-1
Traceback (most recent call last):
  File "2.py", line 143, in <module>
    def_file = h5py.File(result_output_dir+'/diagnostic_'+'controls'+'.hdf5','r+')
  File "/home/can/firedrake/lib/python3.7/site-packages/h5py/_hl/files.py", line 427, in __init__
    swmr=swmr)
  File "/home/can/firedrake/lib/python3.7/site-packages/h5py/_hl/files.py", line 192, in make_fid
    fid = h5f.open(name, h5f.ACC_RDWR, fapl=fapl)
  File "h5py/_objects.pyx", line 54, in h5py._objects.with_phil.wrapper
  File "h5py/_objects.pyx", line 55, in h5py._objects.with_phil.wrapper
  File "h5py/h5f.pyx", line 96, in h5py.h5f.open
OSError: Unable to open file (unable to open file: name = '../../../outputs/2.economy/discrete/intermediate-2-l/yaw-cable-BE-1/diagnostic_controls.hdf5', errno = 2, error message = 'No such file or directory', flags = 1, o_flags = 2)
application called MPI_Abort(MPI_COMM_WORLD, 1) - process 0
2.economy/discrete/intermediate-3-forward/yaw-cable-BE-2
Using default SIPG parameters
dt = 300
Using time integrator: CrankNicolson
Number of turbines = 11.999908286809239
  492  2952 T= 885600.00 eta norm: 38455.9287 u norm: 20174.0628  0.00
volume2d rel. error  0.0000e+00
Updating tidal field at t=885900
Done updating tidal field
  0 SNES Function norm 9.407255925287e+05 
  1 SNES Function norm 3.710628013976e+01 
Current power, average power, integrated power and profit for each farm: [3980.504119882824], [3980.5041198828244], [1194151.2359648473], [3980.5041198828244]. The force is 0. The extra_force is 0
Updating tidal field at t=886200
Done updating tidal field
  0 SNES Function norm 9.885932311621e+05 
  1 SNES Function norm 3.387119717415e+01 
Current power, average power, integrated power and profit for each farm: [3777.0433655471716], [3878.7737427149978], [2327264.2456289986], [3878.7737427149978]. The force is 0. The extra_force is 0
Updating tidal field at t=886500
Done updating tidal field
  0 SNES Function norm 1.037126897831e+06 
  1 SNES Function norm 3.056495777104e+01 
Current power, average power, integrated power and profit for each farm: [3494.696528184746], [3750.748004538247], [3375673.2040844224], [3750.748004538247]. The force is 0. The extra_force is 0
Updating tidal field at t=886800
Done updating tidal field
  0 SNES Function norm 1.086247511548e+06 
  1 SNES Function norm 2.730747404907e+01 
Current power, average power, integrated power and profit for each farm: [3251.64335327563], [3625.9718417225927], [4351166.210067111], [3625.9718417225927]. The force is 0. The extra_force is 0
Updating tidal field at t=887100
Done updating tidal field
  0 SNES Function norm 1.135948522001e+06 
  1 SNES Function norm 2.431386173736e+01 
Current power, average power, integrated power and profit for each farm: [3055.7378529904013], [3511.925043976154], [5267887.565964231], [3511.925043976154]. The force is 0. The extra_force is 0
Updating tidal field at t=887400
Done updating tidal field
  0 SNES Function norm 1.186207317943e+06 
  1 SNES Function norm 2.192262158215e+01 
Current power, average power, integrated power and profit for each farm: [2881.136062179006], [3406.793547009963], [6132228.384617933], [3406.793547009963]. The force is 0. The extra_force is 0
  493  2958 T= 887400.00 eta norm: 37873.4216 u norm: 17719.1731 25.52
volume2d rel. error  1.5514e-03
Updating tidal field at t=887700
Done updating tidal field
  0 SNES Function norm 1.236957430572e+06 
  1 SNES Function norm 2.055462815835e+01 
Current power, average power, integrated power and profit for each farm: [2706.540437894076], [3306.757388564836], [6944190.515986156], [3306.757388564836]. The force is 0. The extra_force is 0
Updating tidal field at t=888000
Done updating tidal field
  0 SNES Function norm 1.288187800117e+06 
  1 SNES Function norm 2.049885217895e+01 
Current power, average power, integrated power and profit for each farm: [2520.634362349145], [3208.4920102878746], [7700380.824690899], [3208.4920102878746]. The force is 0. The extra_force is 0
Updating tidal field at t=888300
Done updating tidal field
  0 SNES Function norm 1.339796132590e+06 
  1 SNES Function norm 2.152926786619e+01 
Current power, average power, integrated power and profit for each farm: [2324.9809740299997], [3110.3241173703327], [8397875.116899898], [3110.3241173703327]. The force is 0. The extra_force is 0
Updating tidal field at t=888600
Done updating tidal field
  0 SNES Function norm 1.391295100269e+06 
  1 SNES Function norm 2.406451638897e+01 
Current power, average power, integrated power and profit for each farm: [2137.0738428610634], [3012.999089919406], [9038997.269758217], [3012.999089919406]. The force is 0. The extra_force is 0
Updating tidal field at t=888900
Done updating tidal field
  0 SNES Function norm 1.442776586570e+06 
  1 SNES Function norm 2.797198175478e+01 
Current power, average power, integrated power and profit for each farm: [1977.3196953095805], [2918.846417682149], [9632193.178351091], [2918.846417682149]. The force is 0. The extra_force is 0
Updating tidal field at t=889200
Done updating tidal field
  0 SNES Function norm 1.493913864165e+06 
  1 SNES Function norm 3.344910875354e+01 
Current power, average power, integrated power and profit for each farm: [1847.0668846833519], [2829.5314565989156], [10186313.243756097], [2829.5314565989156]. The force is 0. The extra_force is 0
  494  2964 T= 889200.00 eta norm: 35053.0690 u norm: 14599.2237 19.66
volume2d rel. error  9.3497e-03
Updating tidal field at t=889500
Done updating tidal field
  0 SNES Function norm 1.545113328235e+06 
  1 SNES Function norm 4.026070716677e+01 
Current power, average power, integrated power and profit for each farm: [1736.4253801194202], [2745.446373792801], [10707240.857791923], [2745.446373792801]. The force is 0. The extra_force is 0
Updating tidal field at t=889800
Done updating tidal field
  0 SNES Function norm 1.596012100125e+06 
  1 SNES Function norm 4.799848647105e+01 
Current power, average power, integrated power and profit for each farm: [1625.5037636719742], [2665.450473069885], [11194891.986893516], [2665.450473069885]. The force is 0. The extra_force is 0
Updating tidal field at t=890100
Done updating tidal field
  0 SNES Function norm 1.646389237778e+06 
  1 SNES Function norm 5.624382424566e+01 
Current power, average power, integrated power and profit for each farm: [1492.4358753563724], [2587.249499888984], [11642622.749500427], [2587.249499888984]. The force is 0. The extra_force is 0
Updating tidal field at t=890400
Done updating tidal field
  0 SNES Function norm 1.696157071205e+06 
  1 SNES Function norm 6.459896664944e+01 
Current power, average power, integrated power and profit for each farm: [1335.7516896743057], [2509.0308867505664], [12043348.25640272], [2509.0308867505664]. The force is 0. The extra_force is 0
Updating tidal field at t=890700
Done updating tidal field
  0 SNES Function norm 1.745355318577e+06 
  1 SNES Function norm 7.268812559416e+01 
Current power, average power, integrated power and profit for each farm: [1150.4119719746984], [2429.1121270578683], [12388471.847995128], [2429.1121270578683]. The force is 0. The extra_force is 0
Updating tidal field at t=891000
Done updating tidal field
  0 SNES Function norm 1.793798080535e+06 
  1 SNES Function norm 8.084126619190e+01 
Current power, average power, integrated power and profit for each farm: [955.0402319806489], [2347.219243998023], [12674983.917589324], [2347.219243998023]. The force is 0. The extra_force is 0
  495  2970 T= 891000.00 eta norm: 30099.9710 u norm: 11176.1071 18.63
volume2d rel. error  2.3107e-02
Updating tidal field at t=891300
Done updating tidal field
  0 SNES Function norm 1.840387145575e+06 
  1 SNES Function norm 8.786109498073e+01 
Current power, average power, integrated power and profit for each farm: [794.0926925446603], [2265.475741289951], [12913211.725352721], [2265.475741289951]. The force is 0. The extra_force is 0
Updating tidal field at t=891600
Done updating tidal field
  0 SNES Function norm 1.886115753645e+06 
  1 SNES Function norm 9.475113224335e+01 
Current power, average power, integrated power and profit for each farm: [667.5868100984195], [2185.581294730375], [13113487.768382248], [2185.581294730375]. The force is 0. The extra_force is 0
Updating tidal field at t=891900
Done updating tidal field
  0 SNES Function norm 1.930459469046e+06 
  1 SNES Function norm 1.004985992842e+02 
Current power, average power, integrated power and profit for each farm: [551.8027936253255], [2107.782318487277], [13279028.606469845], [2107.782318487277]. The force is 0. The extra_force is 0
Updating tidal field at t=892200
Done updating tidal field
  0 SNES Function norm 1.973677693045e+06 
  1 SNES Function norm 1.058977732383e+02 
Current power, average power, integrated power and profit for each farm: [454.96250370580816], [2032.6541450881193], [13415517.357581588], [2032.6541450881193]. The force is 0. The extra_force is 0
Updating tidal field at t=892500
Done updating tidal field
  0 SNES Function norm 2.016006854565e+06 
  1 SNES Function norm 1.103754838998e+02 
Current power, average power, integrated power and profit for each farm: [362.05876896388196], [1960.0195635175003], [13524134.988270752], [1960.0195635175003]. The force is 0. The extra_force is 0
Updating tidal field at t=892800
Done updating tidal field
  0 SNES Function norm 2.057751218819e+06 
  1 SNES Function norm 1.147486984006e+02 
Current power, average power, integrated power and profit for each farm: [280.20334241704745], [1890.0272209716481], [13608195.990995867], [1890.0272209716481]. The force is 0. The extra_force is 0
  496  2976 T= 892800.00 eta norm: 23406.7690 u norm:  8099.6928 18.65
volume2d rel. error  4.1784e-02
Updating tidal field at t=893100
Done updating tidal field
  0 SNES Function norm 2.097607489974e+06 
  1 SNES Function norm 1.187710960192e+02 
Current power, average power, integrated power and profit for each farm: [209.79549865166487], [1822.8179520788487], [13671134.640591366], [1822.8179520788487]. The force is 0. The extra_force is 0
Updating tidal field at t=893400
Done updating tidal field
  0 SNES Function norm 2.135966021310e+06 
  1 SNES Function norm 1.231211179175e+02 
Current power, average power, integrated power and profit for each farm: [147.71153267644408], [1758.3907821018333], [13715448.1003943], [1758.3907821018333]. The force is 0. The extra_force is 0
Updating tidal field at t=893700
Done updating tidal field
  0 SNES Function norm 2.172766226874e+06 
  1 SNES Function norm 1.275526097071e+02 
Current power, average power, integrated power and profit for each farm: [93.57694618674572], [1696.7310104012745], [13743521.184250323], [1696.7310104012745]. The force is 0. The extra_force is 0
Updating tidal field at t=894000
Done updating tidal field
  0 SNES Function norm 2.206481956310e+06 
  1 SNES Function norm 1.324674748807e+02 
Current power, average power, integrated power and profit for each farm: [52.71484937276341], [1638.016147507399], [13759335.639062151], [1638.016147507399]. The force is 0. The extra_force is 0
Updating tidal field at t=894300
Done updating tidal field
  0 SNES Function norm 2.237072692003e+06 
  1 SNES Function norm 1.373435603472e+02 
Current power, average power, integrated power and profit for each farm: [28.060894278955114], [1582.5004491202112], [13767753.907345837], [1582.5004491202112]. The force is 0. The extra_force is 0
Updating tidal field at t=894600
Done updating tidal field
  0 SNES Function norm 2.270088062269e+06 
  1 SNES Function norm 1.441666246594e+02 
Current power, average power, integrated power and profit for each farm: [11.996890265363861], [1530.1503304917162], [13771352.974425446], [1530.1503304917162]. The force is 0. The extra_force is 0
  497  2982 T= 894600.00 eta norm: 15509.4147 u norm:  7090.8690 18.77
volume2d rel. error  6.4022e-02
Updating tidal field at t=894900
Done updating tidal field
  0 SNES Function norm 2.283841898907e+06 
  1 SNES Function norm 1.485837673578e+02 
Current power, average power, integrated power and profit for each farm: [4.979195490316693], [1480.9512616207035], [13772846.733072542], [1480.9512616207035]. The force is 0. The extra_force is 0
Updating tidal field at t=895200
Done updating tidal field
  0 SNES Function norm 2.301609632717e+06 
  1 SNES Function norm 1.540426435605e+02 
Current power, average power, integrated power and profit for each farm: [6.425624676547024], [1434.8723354661984], [13774774.420475505], [1434.8723354661984]. The force is 0. The extra_force is 0
Updating tidal field at t=895500
Done updating tidal field
  0 SNES Function norm 2.306559410742e+06 
  1 SNES Function norm 1.570057233886e+02 
Current power, average power, integrated power and profit for each farm: [7.256367130361311], [1391.6112455166276], [13776951.330614613], [1391.6112455166276]. The force is 0. The extra_force is 0
Updating tidal field at t=895800
Done updating tidal field
  0 SNES Function norm 2.309919627600e+06 
  1 SNES Function norm 1.604831604507e+02 
Current power, average power, integrated power and profit for each farm: [7.132471703467092], [1350.8912815809463], [13779091.072125653], [1350.8912815809463]. The force is 0. The extra_force is 0
Updating tidal field at t=896100
Done updating tidal field
  0 SNES Function norm 2.303055708588e+06 
  1 SNES Function norm 1.617903014828e+02 
Current power, average power, integrated power and profit for each farm: [8.44230653301594], [1312.5355965795768], [13781623.764085557], [1312.5355965795768]. The force is 0. The extra_force is 0
Updating tidal field at t=896400
Done updating tidal field
  0 SNES Function norm 2.293103601581e+06 
  1 SNES Function norm 1.631041343162e+02 
Current power, average power, integrated power and profit for each farm: [13.123642475402796], [1276.4408200766832], [13785560.856828177], [1276.4408200766832]. The force is 0. The extra_force is 0
  498  2988 T= 896400.00 eta norm:  7181.1543 u norm:  9402.9187 18.31
volume2d rel. error  8.8553e-02
Updating tidal field at t=896700
Done updating tidal field
  0 SNES Function norm 2.275774174426e+06 
  1 SNES Function norm 1.630248199363e+02 
Current power, average power, integrated power and profit for each farm: [18.243325023555666], [1242.4354823725446], [13791033.854335245], [1242.4354823725446]. The force is 0. The extra_force is 0
Updating tidal field at t=897000
Done updating tidal field
  0 SNES Function norm 2.255424481528e+06 
  1 SNES Function norm 1.635592465264e+02 
Current power, average power, integrated power and profit for each farm: [21.806522794251592], [1210.3136676468], [13797575.811173521], [1210.3136676468]. The force is 0. The extra_force is 0
Updating tidal field at t=897300
Done updating tidal field
  0 SNES Function norm 2.230625974690e+06 
  1 SNES Function norm 1.638169677718e+02 
Current power, average power, integrated power and profit for each farm: [24.225032028187403], [1179.901138528374], [13804843.320781978], [1179.901138528374]. The force is 0. The extra_force is 0
Updating tidal field at t=897600
Done updating tidal field
  0 SNES Function norm 2.202680457159e+06 
  1 SNES Function norm 1.643090714233e+02 
Current power, average power, integrated power and profit for each farm: [28.900512216658605], [1151.1261228705812], [13813513.474446975], [1151.1261228705812]. The force is 0. The extra_force is 0
Updating tidal field at t=897900
Done updating tidal field
  0 SNES Function norm 2.172453006939e+06 
  1 SNES Function norm 1.647469454248e+02 
Current power, average power, integrated power and profit for each farm: [40.05692049080131], [1124.02687403205], [13825530.550594214], [1124.02687403205]. The force is 0. The extra_force is 0
Updating tidal field at t=898200
Done updating tidal field
  0 SNES Function norm 2.139710549024e+06 
  1 SNES Function norm 1.667118472609e+02 
Current power, average power, integrated power and profit for each farm: [65.57462567432506], [1098.8256300235328], [13845202.938296512], [1098.8256300235328]. The force is 0. The extra_force is 0
  499  2994 T= 898200.00 eta norm:  4676.7568 u norm: 13298.7527 18.14
volume2d rel. error  1.1343e-01
Updating tidal field at t=898500
Done updating tidal field
  0 SNES Function norm 2.104753114094e+06 
  1 SNES Function norm 1.724281555414e+02 
Current power, average power, integrated power and profit for each farm: [114.28396482057398], [1075.929312228115], [13879488.127742684], [1075.929312228115]. The force is 0. The extra_force is 0
Updating tidal field at t=898800
Done updating tidal field
  0 SNES Function norm 2.065706803283e+06 
  1 SNES Function norm 1.829342628378e+02 
Current power, average power, integrated power and profit for each farm: [191.9929218673387], [1055.8398488108246], [13937086.004302885], [1055.8398488108246]. The force is 0. The extra_force is 0
Updating tidal field at t=899100
Done updating tidal field
  0 SNES Function norm 2.023218561502e+06 
  1 SNES Function norm 1.954579584375e+02 
Current power, average power, integrated power and profit for each farm: [293.2719592931125], [1038.893895710431], [14025067.592090819], [1038.893895710431]. The force is 0. The extra_force is 0
Updating tidal field at t=899400
Done updating tidal field
  0 SNES Function norm 1.976094751332e+06 
  1 SNES Function norm 2.056919525753e+02 
Current power, average power, integrated power and profit for each farm: [410.49750728341036], [1025.2331046576696], [14148216.844275841], [1025.2331046576696]. The force is 0. The extra_force is 0
Updating tidal field at t=899700
Done updating tidal field
  0 SNES Function norm 1.925930775335e+06 
  1 SNES Function norm 2.088505000073e+02 
Current power, average power, integrated power and profit for each farm: [570.4173224147647], [1015.5561731205867], [14319342.041000271], [1015.5561731205867]. The force is 0. The extra_force is 0
Updating tidal field at t=900000
Done updating tidal field
  0 SNES Function norm 1.872563238983e+06 
  1 SNES Function norm 2.020806021663e+02 
Current power, average power, integrated power and profit for each farm: [792.6539587846524], [1010.912376988588], [14557138.228635667], [1010.912376988588]. The force is 0. The extra_force is 0
  500  3000 T= 900000.00 eta norm: 12067.1399 u norm: 17242.1414 18.47
volume2d rel. error  1.3730e-01
Updating tidal field at t=900300
Done updating tidal field
  0 SNES Function norm 1.817717984618e+06 
  1 SNES Function norm 1.884009203609e+02 
Current power, average power, integrated power and profit for each farm: [1060.8534858727166], [1011.9315832923456], [14875394.274397481], [1011.9315832923456]. The force is 0. The extra_force is 0
Updating tidal field at t=900600
Done updating tidal field
  0 SNES Function norm 1.760849419274e+06 
  1 SNES Function norm 1.732553763443e+02 
Current power, average power, integrated power and profit for each farm: [1343.8906195641991], [1018.5707640177827], [15278561.460266741], [1018.5707640177827]. The force is 0. The extra_force is 0
Updating tidal field at t=900900
Done updating tidal field
  0 SNES Function norm 1.702905278771e+06 
  1 SNES Function norm 1.582166363399e+02 
Current power, average power, integrated power and profit for each farm: [1617.4234161763168], [1030.3129728836363], [15763788.485119635], [1030.3129728836363]. The force is 0. The extra_force is 0
Updating tidal field at t=901200
Done updating tidal field
  0 SNES Function norm 1.642697714752e+06 
  1 SNES Function norm 1.491249091820e+02 
Current power, average power, integrated power and profit for each farm: [1855.570575860759], [1046.183311402427], [16320459.657877862], [1046.183311402427]. The force is 0. The extra_force is 0
Updating tidal field at t=901500
Done updating tidal field
  0 SNES Function norm 1.581034727358e+06 
  1 SNES Function norm 1.494954321608e+02 
Current power, average power, integrated power and profit for each farm: [2029.625029256184], [1064.7388155128754], [16929347.166654717], [1064.7388155128754]. The force is 0. The extra_force is 0
Updating tidal field at t=901800
Done updating tidal field
  0 SNES Function norm 1.517103362725e+06 
  1 SNES Function norm 1.553906147466e+02 
Current power, average power, integrated power and profit for each farm: [2126.643308668735], [1084.40371353428], [17567340.159255337], [1084.40371353428]. The force is 0. The extra_force is 0
  501  3006 T= 901800.00 eta norm: 19990.9622 u norm: 20403.5905 18.93
volume2d rel. error  1.5997e-01
Updating tidal field at t=902100
Done updating tidal field
  0 SNES Function norm 1.452119991876e+06 
  1 SNES Function norm 1.631899251606e+02 
Current power, average power, integrated power and profit for each farm: [2180.3604340960273], [1104.3301993626753], [18221448.289484143], [1104.3301993626753]. The force is 0. The extra_force is 0
Updating tidal field at t=902400
Done updating tidal field
  0 SNES Function norm 1.386181667821e+06 
  1 SNES Function norm 1.704635305895e+02 
Current power, average power, integrated power and profit for each farm: [2250.6630859002603], [1124.800429479418], [18896647.21525422], [1124.800429479418]. The force is 0. The extra_force is 0
Updating tidal field at t=902700
Done updating tidal field
  0 SNES Function norm 1.320487847229e+06 
  1 SNES Function norm 1.797854631818e+02 
Current power, average power, integrated power and profit for each farm: [2359.5847844083737], [1146.463312899224], [19604522.650576733], [1146.463312899224]. The force is 0. The extra_force is 0
Updating tidal field at t=903000
Done updating tidal field
  0 SNES Function norm 1.255311539472e+06 
  1 SNES Function norm 1.912928905705e+02 
Current power, average power, integrated power and profit for each farm: [2491.124744848967], [1169.6471306914611], [20351860.074031424], [1169.6471306914611]. The force is 0. The extra_force is 0
Updating tidal field at t=903300
Done updating tidal field
  0 SNES Function norm 1.191307221658e+06 
  1 SNES Function norm 2.068788064849e+02 
Current power, average power, integrated power and profit for each farm: [2623.49400237969], [1194.2886030929565], [21138908.27474533], [1194.2886030929565]. The force is 0. The extra_force is 0
Updating tidal field at t=903600
Done updating tidal field
  0 SNES Function norm 1.128716642084e+06 
  1 SNES Function norm 2.253542936996e+02 
Current power, average power, integrated power and profit for each farm: [2746.9190485557474], [1220.165777184003], [21962983.989312053], [1220.165777184003]. The force is 0. The extra_force is 0
  502  3012 T= 903600.00 eta norm: 27216.5857 u norm: 22252.0232 19.88
volume2d rel. error  1.8041e-01
Updating tidal field at t=903900
Done updating tidal field
  0 SNES Function norm 1.068222469921e+06 
  1 SNES Function norm 2.446206894645e+02 
Current power, average power, integrated power and profit for each farm: [2863.4082788511073], [1247.1041788506768], [22822006.472967386], [1247.1041788506768]. The force is 0. The extra_force is 0
Updating tidal field at t=904200
Done updating tidal field
  0 SNES Function norm 1.010841696718e+06 
  1 SNES Function norm 2.547581184136e+02 
Current power, average power, integrated power and profit for each farm: [2976.6557966808086], [1275.0001726866467], [23715003.21197163], [1275.0001726866467]. The force is 0. The extra_force is 0
Updating tidal field at t=904500
Done updating tidal field
  0 SNES Function norm 9.577896943034e+05 
  1 SNES Function norm 2.461617985716e+02 
Current power, average power, integrated power and profit for each farm: [3083.315729467579], [1303.7035942228522], [24639997.930811904], [1303.7035942228522]. The force is 0. The extra_force is 0
Updating tidal field at t=904800
Done updating tidal field
  0 SNES Function norm 9.108466365218e+05 
  1 SNES Function norm 2.157482473079e+02 
Current power, average power, integrated power and profit for each farm: [3173.267588991272], [1332.9155316411086], [25591978.207509287], [1332.9155316411086]. The force is 0. The extra_force is 0
Updating tidal field at t=905100
Done updating tidal field
  0 SNES Function norm 8.707698248195e+05 
  1 SNES Function norm 1.691430415601e+02 
Current power, average power, integrated power and profit for each farm: [3241.6000097502388], [1362.279908227403], [26564458.21043436], [1362.279908227403]. The force is 0. The extra_force is 0
Updating tidal field at t=905400
Done updating tidal field
  0 SNES Function norm 8.380576947601e+05 
  1 SNES Function norm 1.210215551343e+02 
Current power, average power, integrated power and profit for each farm: [3293.4256323706313], [1391.539691926543], [27552485.90014555], [1391.539691926543]. The force is 0. The extra_force is 0
  503  3018 T= 905400.00 eta norm: 32997.9908 u norm: 22642.7807 19.14
volume2d rel. error  1.9668e-01
Updating tidal field at t=905700
Done updating tidal field
  0 SNES Function norm 8.114768830802e+05 
  1 SNES Function norm 9.251058602450e+01 
Current power, average power, integrated power and profit for each farm: [3336.057524951971], [1420.562346150803], [28553303.15763114], [1420.562346150803]. The force is 0. The extra_force is 0
Updating tidal field at t=906000
Done updating tidal field
  0 SNES Function norm 7.907031445798e+05 
  1 SNES Function norm 8.131703410697e+01 
Current power, average power, integrated power and profit for each farm: [3372.5896552493095], [1449.268630108134], [29565080.05420593], [1449.268630108134]. The force is 0. The extra_force is 0
Updating tidal field at t=906300
Done updating tidal field
  0 SNES Function norm 7.756789590293e+05 
  1 SNES Function norm 7.385217631520e+01 
Current power, average power, integrated power and profit for each farm: [3399.9713475280028], [1477.5396839837842], [30585071.458464332], [1477.5396839837842]. The force is 0. The extra_force is 0
Updating tidal field at t=906600
Done updating tidal field
  0 SNES Function norm 7.677756478200e+05 
  1 SNES Function norm 6.553194431401e+01 
Current power, average power, integrated power and profit for each farm: [3417.8011664885767], [1505.2577051624241], [31610411.808410905], [1505.2577051624241]. The force is 0. The extra_force is 0
Updating tidal field at t=906900
Done updating tidal field
  0 SNES Function norm 7.670423471956e+05 
  1 SNES Function norm 5.476468358850e+01 
Current power, average power, integrated power and profit for each farm: [3435.958088956849], [1532.4506683144582], [32641199.23509796], [1532.4506683144582]. The force is 0. The extra_force is 0
Updating tidal field at t=907200
Done updating tidal field
  0 SNES Function norm 7.738205868977e+05 
  1 SNES Function norm 4.459891540468e+01 
Current power, average power, integrated power and profit for each farm: [3469.6659402855116], [1559.356435980723], [33682099.01718362], [1559.356435980723]. The force is 0. The extra_force is 0
  504  3024 T= 907200.00 eta norm: 36845.9018 u norm: 21864.3754 19.32
volume2d rel. error  2.0748e-01
Updating tidal field at t=907500
Done updating tidal field
  0 SNES Function norm 7.874245997530e+05 
  1 SNES Function norm 3.684073743952e+01 
Current power, average power, integrated power and profit for each farm: [3527.3754062990765], [1586.3155999576868], [34740311.63907334], [1586.3155999576868]. The force is 0. The extra_force is 0
Updating tidal field at t=907800
Done updating tidal field
  0 SNES Function norm 8.070810271744e+05 
  1 SNES Function norm 3.065490311725e+01 
Current power, average power, integrated power and profit for each farm: [3613.370161265996], [1613.708229164556], [35824322.68745314], [1613.708229164556]. The force is 0. The extra_force is 0
Updating tidal field at t=908100
Done updating tidal field
  0 SNES Function norm 8.312430289485e+05 
  1 SNES Function norm 2.523071803822e+01 
Current power, average power, integrated power and profit for each farm: [3748.7336209484956], [1642.1752343883418], [36948942.77373769], [1642.1752343883418]. The force is 0. The extra_force is 0
Updating tidal field at t=908400
Done updating tidal field
  0 SNES Function norm 8.594689921125e+05 
  1 SNES Function norm 2.100340806394e+01 
Current power, average power, integrated power and profit for each farm: [3960.7882692034077], [1672.6833006359084], [38137179.25449871], [1672.6833006359084]. The force is 0. The extra_force is 0
Updating tidal field at t=908700
Done updating tidal field
  0 SNES Function norm 8.924559968903e+05 
  1 SNES Function norm 1.793988584427e+01 
Current power, average power, integrated power and profit for each farm: [4276.1674722974885], [1706.4947833847602], [39420029.49618796], [1706.4947833847602]. The force is 0. The extra_force is 0
Updating tidal field at t=909000
Done updating tidal field
  0 SNES Function norm 9.313391875830e+05 
  1 SNES Function norm 1.612680238240e+01 
Current power, average power, integrated power and profit for each farm: [4680.524464172685], [1744.6233690358877], [40824186.83543977], [1744.6233690358877]. The force is 0. The extra_force is 0
  505  3030 T= 909000.00 eta norm: 38614.1078 u norm: 20074.2589 19.03
volume2d rel. error  2.1248e-01
Updating tidal field at t=909300
Done updating tidal field
  0 SNES Function norm 9.763252414258e+05 
  1 SNES Function norm 1.486546630155e+01 
Current power, average power, integrated power and profit for each farm: [5027.158872702464], [1786.1744513607812], [42332334.49725051], [1786.1744513607812]. The force is 0. The extra_force is 0
Updating tidal field at t=909600
Done updating tidal field
  0 SNES Function norm 1.026498826686e+06 
  1 SNES Function norm 1.321874943662e+01 
Current power, average power, integrated power and profit for each farm: [4971.658398839441], [1825.9930007042642], [43823832.01690234], [1825.9930007042642]. The force is 0. The extra_force is 0
Updating tidal field at t=909900
Done updating tidal field
  0 SNES Function norm 1.079742045018e+06 
  1 SNES Function norm 1.133152032414e+01 
Current power, average power, integrated power and profit for each farm: [4413.307764648093], [1857.9351582838178], [45147824.34629677], [1857.9351582838178]. The force is 0. The extra_force is 0
Updating tidal field at t=910200
Done updating tidal field
  0 SNES Function norm 1.133915364115e+06 
  1 SNES Function norm 1.020350360043e+01 
Current power, average power, integrated power and profit for each farm: [3595.0863929547795], [1879.1199294383418], [46226350.26418321], [1879.1199294383418]. The force is 0. The extra_force is 0
Updating tidal field at t=910500
Done updating tidal field
  0 SNES Function norm 1.187263297769e+06 
  1 SNES Function norm 9.506311194275e+00 
Current power, average power, integrated power and profit for each farm: [2763.1595432600225], [1889.7710091229403], [47055298.12716121], [1889.7710091229403]. The force is 0. The extra_force is 0
Updating tidal field at t=910800
Done updating tidal field
  0 SNES Function norm 1.239022988878e+06 
  1 SNES Function norm 9.039128787378e+00 
Current power, average power, integrated power and profit for each farm: [2096.35508821848], [1892.230343397887], [47684204.653626755], [1892.230343397887]. The force is 0. The extra_force is 0
  506  3036 T= 910800.00 eta norm: 38298.2996 u norm: 17292.3289 21.00
volume2d rel. error  2.1166e-01
Updating tidal field at t=911100
Done updating tidal field
  0 SNES Function norm 1.289323779089e+06 
  1 SNES Function norm 8.815743168211e+00 
Current power, average power, integrated power and profit for each farm: [1653.1260908115407], [1889.4173521909888], [48180142.48087022], [1889.4173521909888]. The force is 0. The extra_force is 0
Updating tidal field at t=911400
Done updating tidal field
  0 SNES Function norm 1.338692958384e+06 
  1 SNES Function norm 9.148962550256e+00 
Current power, average power, integrated power and profit for each farm: [1381.418391549307], [1883.5103875323648], [48594567.99833501], [1883.5103875323648]. The force is 0. The extra_force is 0
Updating tidal field at t=911700
Done updating tidal field
  0 SNES Function norm 1.387930388160e+06 
  1 SNES Function norm 1.032813000348e+01 
Current power, average power, integrated power and profit for each farm: [1198.6621649910405], [1875.6385688824646], [48954166.64783233], [1875.6385688824646]. The force is 0. The extra_force is 0
Updating tidal field at t=912000
Done updating tidal field
  0 SNES Function norm 1.437529862511e+06 
  1 SNES Function norm 1.242731379213e+01 
Current power, average power, integrated power and profit for each farm: [1042.8815802011313], [1866.1754212838132], [49267031.12189267], [1866.1754212838132]. The force is 0. The extra_force is 0
Updating tidal field at t=912300
Done updating tidal field
  0 SNES Function norm 1.487736515233e+06 
  1 SNES Function norm 1.536126058969e+01 
Current power, average power, integrated power and profit for each farm: [900.4029774790239], [1855.3240455107257], [49537152.015136376], [1855.3240455107257]. The force is 0. The extra_force is 0
Updating tidal field at t=912600
Done updating tidal field
  0 SNES Function norm 1.538574015707e+06 
  1 SNES Function norm 1.905852832617e+01 
Current power, average power, integrated power and profit for each farm: [771.0305665093782], [1843.2763401884883], [49768461.185089186], [1843.2763401884883]. The force is 0. The extra_force is 0
  507  3042 T= 912600.00 eta norm: 35804.4674 u norm: 13795.2457 20.23
volume2d rel. error  2.0474e-01
Updating tidal field at t=912900
Done updating tidal field
  0 SNES Function norm 1.589761344861e+06 
  1 SNES Function norm 2.343573549290e+01 
Current power, average power, integrated power and profit for each farm: [653.3326913075279], [1830.2000363546317], [49964460.99248145], [1830.2000363546317]. The force is 0. The extra_force is 0
Updating tidal field at t=913200
Done updating tidal field
  0 SNES Function norm 1.640522243906e+06 
  1 SNES Function norm 2.842549576242e+01 
Current power, average power, integrated power and profit for each farm: [546.7891072255362], [1816.2499175597504], [50128497.72464911], [1816.2499175597504]. The force is 0. The extra_force is 0
Updating tidal field at t=913500
Done updating tidal field
  0 SNES Function norm 1.690042520732e+06 
  1 SNES Function norm 3.423297094027e+01 
Current power, average power, integrated power and profit for each farm: [450.7020281378351], [1801.566606920805], [50263708.33309046], [1801.566606920805]. The force is 0. The extra_force is 0
Updating tidal field at t=913800
Done updating tidal field
  0 SNES Function norm 1.737972518553e+06 
  1 SNES Function norm 4.017565102045e+01 
Current power, average power, integrated power and profit for each farm: [364.8987423035714], [1786.2829062333878], [50373177.955781534], [1786.2829062333878]. The force is 0. The extra_force is 0
Updating tidal field at t=914100
Done updating tidal field
  0 SNES Function norm 1.784713924055e+06 
  1 SNES Function norm 4.615648113860e+01 
Current power, average power, integrated power and profit for each farm: [289.5058978828164], [1770.5273587770657], [50460029.725146376], [1770.5273587770657]. The force is 0. The extra_force is 0
Updating tidal field at t=914400
Done updating tidal field
  0 SNES Function norm 1.830839003070e+06 
  1 SNES Function norm 5.176747963249e+01 
Current power, average power, integrated power and profit for each farm: [225.22748832053472], [1754.4304851264772], [50527597.97164254], [1754.4304851264772]. The force is 0. The extra_force is 0
  508  3048 T= 914400.00 eta norm: 31329.8980 u norm:  9948.9008 19.38
volume2d rel. error  1.9227e-01
Updating tidal field at t=914700
Done updating tidal field
  0 SNES Function norm 1.876584951266e+06 
  1 SNES Function norm 5.702600346723e+01 
Current power, average power, integrated power and profit for each farm: [171.08193713180748], [1738.1073042193154], [50578922.55278208], [1738.1073042193154]. The force is 0. The extra_force is 0
Updating tidal field at t=915000
Done updating tidal field
  0 SNES Function norm 1.921472845694e+06 
  1 SNES Function norm 6.206371592374e+01 
Current power, average power, integrated power and profit for each farm: [126.15205785822636], [1721.6587812972637], [50616768.17013955], [1721.6587812972637]. The force is 0. The extra_force is 0
Updating tidal field at t=915300
Done updating tidal field
  0 SNES Function norm 1.965071963647e+06 
  1 SNES Function norm 6.706770864406e+01 
Current power, average power, integrated power and profit for each farm: [90.46326275250495], [1705.1820588877206], [50643907.1489653], [1705.1820588877206]. The force is 0. The extra_force is 0
Updating tidal field at t=915600
Done updating tidal field
  0 SNES Function norm 2.006578565826e+06 
  1 SNES Function norm 7.210701284532e+01 
Current power, average power, integrated power and profit for each farm: [62.85779634959934], [1688.7588162623392], [50662764.48787018], [1688.7588162623392]. The force is 0. The extra_force is 0
Updating tidal field at t=915900
Done updating tidal field
  0 SNES Function norm 2.045118916883e+06 
  1 SNES Function norm 7.717185143380e+01 
Current power, average power, integrated power and profit for each farm: [43.29258053277959], [1672.467071354126], [50675752.26203001], [1672.467071354126]. The force is 0. The extra_force is 0
Updating tidal field at t=916200
Done updating tidal field
  0 SNES Function norm 2.080237384367e+06 
  1 SNES Function norm 8.212229367824e+01 
Current power, average power, integrated power and profit for each farm: [29.25366757295348], [1656.357136022938], [50684528.3623019], [1656.357136022938]. The force is 0. The extra_force is 0
  509  3054 T= 916200.00 eta norm: 25176.1037 u norm:  6495.3501 19.37
volume2d rel. error  1.7508e-01
Updating tidal field at t=916500
Done updating tidal field
  0 SNES Function norm 2.112081952774e+06 
  1 SNES Function norm 8.685181336534e+01 
Current power, average power, integrated power and profit for each farm: [19.38787933584804], [1640.464230618209], [50690344.72610266], [1640.464230618209]. The force is 0. The extra_force is 0
Updating tidal field at t=916800
Done updating tidal field
  0 SNES Function norm 2.140863358854e+06 
  1 SNES Function norm 9.136079654004e+01 
Current power, average power, integrated power and profit for each farm: [12.945275276574511], [1624.8150098937701], [50694228.30868563], [1624.8150098937701]. The force is 0. The extra_force is 0
Updating tidal field at t=917100
Done updating tidal field
  0 SNES Function norm 2.166708122853e+06 
  1 SNES Function norm 9.577361735978e+01 
Current power, average power, integrated power and profit for each farm: [8.171162223504485], [1609.41840182072], [50696679.65735268], [1609.41840182072]. The force is 0. The extra_force is 0
Updating tidal field at t=917400
Done updating tidal field
  0 SNES Function norm 2.189774824464e+06 
  1 SNES Function norm 1.002391765232e+02 
Current power, average power, integrated power and profit for each farm: [4.657703696742534], [1594.2791499516259], [50698076.9684617], [1594.2791499516259]. The force is 0. The extra_force is 0
Updating tidal field at t=917700
Done updating tidal field
  0 SNES Function norm 2.210479160147e+06 
  1 SNES Function norm 1.047759798995e+02 
Current power, average power, integrated power and profit for each farm: [2.291604137270525], [1579.4007616729868], [50698764.44970288], [1579.4007616729868]. The force is 0. The extra_force is 0
Updating tidal field at t=918000
Done updating tidal field
  0 SNES Function norm 2.228279464045e+06 
  1 SNES Function norm 1.092014684297e+02 
Current power, average power, integrated power and profit for each farm: [0.9425335233930058], [1564.7854077086388], [50699047.2097599], [1564.7854077086388]. The force is 0. The extra_force is 0
  510  3060 T= 918000.00 eta norm: 17848.1496 u norm:  5968.5956 19.65
volume2d rel. error  1.5446e-01
Updating tidal field at t=918300
Done updating tidal field
  0 SNES Function norm 2.242506862975e+06 
  1 SNES Function norm 1.131671589892e+02 
Current power, average power, integrated power and profit for each farm: [0.5945904796410619], [1550.435033238648], [50699225.58690379], [1550.435033238648]. The force is 0. The extra_force is 0
Updating tidal field at t=918600
Done updating tidal field
  0 SNES Function norm 2.252338813562e+06 
  1 SNES Function norm 1.162683135228e+02 
Current power, average power, integrated power and profit for each farm: [0.7921411005134703], [1536.3473705828467], [50699463.22923394], [1536.3473705828467]. The force is 0. The extra_force is 0
Updating tidal field at t=918900
Done updating tidal field
  0 SNES Function norm 2.256989703106e+06 
  1 SNES Function norm 1.184944203299e+02 
Current power, average power, integrated power and profit for each farm: [1.2522816150834535], [1522.5176850966507], [50699838.91371847], [1522.5176850966507]. The force is 0. The extra_force is 0
Updating tidal field at t=919200
Done updating tidal field
  0 SNES Function norm 2.255771268145e+06 
  1 SNES Function norm 1.203025195116e+02 
Current power, average power, integrated power and profit for each farm: [1.5676407769772072], [1508.9377739866536], [50700309.205951564], [1508.9377739866536]. The force is 0. The extra_force is 0
Updating tidal field at t=919500
Done updating tidal field
  0 SNES Function norm 2.248351475732e+06 
  1 SNES Function norm 1.221700872428e+02 
Current power, average power, integrated power and profit for each farm: [4.0171441597089625], [1495.619892306769], [50701514.349199474], [1495.619892306769]. The force is 0. The extra_force is 0
Updating tidal field at t=919800
Done updating tidal field
  0 SNES Function norm 2.235632541665e+06 
  1 SNES Function norm 1.243224928714e+02 
Current power, average power, integrated power and profit for each farm: [21.324015394985892], [1482.6874723338588], [50707911.55381797], [1482.6874723338588]. The force is 0. The extra_force is 0
  511  3066 T= 919800.00 eta norm: 10145.8585 u norm:  9329.9202 20.08
volume2d rel. error  1.3214e-01
Updating tidal field at t=920100
Done updating tidal field
  0 SNES Function norm 2.218244749009e+06 
  1 SNES Function norm 1.267009321825e+02 
Current power, average power, integrated power and profit for each farm: [73.93395324734296], [1470.4374417331067], [50730091.739792176], [1470.4374417331067]. The force is 0. The extra_force is 0
Updating tidal field at t=920400
Done updating tidal field
  0 SNES Function norm 2.196135391306e+06 
  1 SNES Function norm 1.288504161848e+02 
Current power, average power, integrated power and profit for each farm: [187.22241232515316], [1459.3752432037275], [50786258.46348972], [1459.3752432037275]. The force is 0. The extra_force is 0
Updating tidal field at t=920700
Done updating tidal field
  0 SNES Function norm 2.168433434986e+06 
  1 SNES Function norm 1.303899545523e+02 
Current power, average power, integrated power and profit for each farm: [251.31012297654704], [1449.049900295803], [50861651.500382684], [1449.049900295803]. The force is 0. The extra_force is 0
Updating tidal field at t=921000
Done updating tidal field
  0 SNES Function norm 2.134266592110e+06 
  1 SNES Function norm 1.312759716471e+02 
Current power, average power, integrated power and profit for each farm: [336.04049614129525], [1439.6176172097478], [50962463.64922507], [1439.6176172097478]. The force is 0. The extra_force is 0
Updating tidal field at t=921300
Done updating tidal field
  0 SNES Function norm 2.093662732574e+06 
  1 SNES Function norm 1.316777217014e+02 
Current power, average power, integrated power and profit for each farm: [506.34794979347237], [1431.7750149625522], [51114368.03416311], [1431.7750149625522]. The force is 0. The extra_force is 0
Updating tidal field at t=921600
Done updating tidal field
  0 SNES Function norm 2.047340975503e+06 
  1 SNES Function norm 1.316088573211e+02 
Current power, average power, integrated power and profit for each farm: [633.327982023817], [1425.1212896880625], [51304366.42877025], [1425.1212896880625]. The force is 0. The extra_force is 0
  512  3072 T= 921600.00 eta norm:  4107.9828 u norm: 13819.3627 20.89
volume2d rel. error  1.0934e-01
Updating tidal field at t=921900
Done updating tidal field
  0 SNES Function norm 1.996427610049e+06 
  1 SNES Function norm 1.309764307051e+02 
Current power, average power, integrated power and profit for each farm: [709.0059204317947], [1419.2029808512339], [51517068.20489979], [1419.2029808512339]. The force is 0. The extra_force is 0
Updating tidal field at t=922200
Done updating tidal field
  0 SNES Function norm 1.942419089972e+06 
  1 SNES Function norm 1.298963867644e+02 
Current power, average power, integrated power and profit for each farm: [802.4642685404685], [1414.1477455044242], [51757807.48546193], [1414.1477455044242]. The force is 0. The extra_force is 0
Updating tidal field at t=922500
Done updating tidal field
  0 SNES Function norm 1.886159260338e+06 
  1 SNES Function norm 1.284001712241e+02 
Current power, average power, integrated power and profit for each farm: [896.8480426630861], [1409.9420568634378], [52026861.898260854], [1409.9420568634378]. The force is 0. The extra_force is 0
Updating tidal field at t=922800
Done updating tidal field
  0 SNES Function norm 1.828060880136e+06 
  1 SNES Function norm 1.264836734089e+02 
Current power, average power, integrated power and profit for each farm: [1115.0176503867876], [1407.5636342305615], [52361367.19337689], [1407.5636342305615]. The force is 0. The extra_force is 0
Updating tidal field at t=923100
Done updating tidal field
  0 SNES Function norm 1.768531281369e+06 
  1 SNES Function norm 1.245220296270e+02 
Current power, average power, integrated power and profit for each farm: [1466.736396768779], [1408.0370163308673], [52801388.11240753], [1408.0370163308673]. The force is 0. The extra_force is 0
Updating tidal field at t=923400
Done updating tidal field
  0 SNES Function norm 1.706368241342e+06 
  1 SNES Function norm 1.229305281508e+02 
Current power, average power, integrated power and profit for each farm: [1865.3777103548882], [1411.6667043786772], [53361001.425514], [1411.6667043786772]. The force is 0. The extra_force is 0
  513  3078 T= 923400.00 eta norm:  7890.1160 u norm: 17861.3472 19.39
volume2d rel. error  8.7231e-02
Updating tidal field at t=923700
Done updating tidal field
  0 SNES Function norm 1.639529817868e+06 
  1 SNES Function norm 1.224578150044e+02 
Current power, average power, integrated power and profit for each farm: [2250.093985278936], [1418.268493992065], [54036029.62109768], [1418.268493992065]. The force is 0. The extra_force is 0
Updating tidal field at t=924000
Done updating tidal field
  0 SNES Function norm 1.567234228078e+06 
  1 SNES Function norm 1.223635127860e+02 
Current power, average power, integrated power and profit for each farm: [2631.7971158002592], [1427.7491863499415], [54825568.75583775], [1427.7491863499415]. The force is 0. The extra_force is 0
Updating tidal field at t=924300
Done updating tidal field
  0 SNES Function norm 1.490618632043e+06 
  1 SNES Function norm 1.208193488973e+02 
Current power, average power, integrated power and profit for each farm: [3062.1459094444813], [1440.418928389434], [55744212.5286711], [1440.418928389434]. The force is 0. The extra_force is 0
Updating tidal field at t=924600
Done updating tidal field
  0 SNES Function norm 1.412131334602e+06 
  1 SNES Function norm 1.178100389696e+02 
Current power, average power, integrated power and profit for each farm: [3573.2392208806164], [1456.825238331674], [56816184.294935286], [1456.825238331674]. The force is 0. The extra_force is 0
Updating tidal field at t=924900
Done updating tidal field
  0 SNES Function norm 1.334273605283e+06 
  1 SNES Function norm 1.143319786704e+02 
Current power, average power, integrated power and profit for each farm: [4156.0287735376605], [1477.429845470651], [58062992.92699658], [1477.429845470651]. The force is 0. The extra_force is 0
Updating tidal field at t=925200
Done updating tidal field
  0 SNES Function norm 1.258555057457e+06 
  1 SNES Function norm 1.117998511387e+02 
Current power, average power, integrated power and profit for each farm: [4771.449968346188], [1502.3845433712231], [59494427.91750044], [1502.3845433712231]. The force is 0. The extra_force is 0
  514  3084 T= 925200.00 eta norm: 14698.6613 u norm: 20824.2066 20.45
volume2d rel. error  6.6848e-02
Updating tidal field at t=925500
Done updating tidal field
  0 SNES Function norm 1.185859131420e+06 
  1 SNES Function norm 1.100928122556e+02 
Current power, average power, integrated power and profit for each farm: [5369.4388275924675], [1531.4601394931874], [61105259.56577817], [1531.4601394931874]. The force is 0. The extra_force is 0
Updating tidal field at t=925800
Done updating tidal field
  0 SNES Function norm 1.116158130637e+06 
  1 SNES Function norm 1.086951956788e+02 
Current power, average power, integrated power and profit for each farm: [5917.961559868348], [1564.1952247198676], [62880648.03373868], [1564.1952247198676]. The force is 0. The extra_force is 0
Updating tidal field at t=926100
Done updating tidal field
  0 SNES Function norm 1.049172123148e+06 
  1 SNES Function norm 1.083233812027e+02 
Current power, average power, integrated power and profit for each farm: [6426.7847344835845], [1600.214406273673], [64808683.454083756], [1600.214406273673]. The force is 0. The extra_force is 0
Updating tidal field at t=926400
Done updating tidal field
  0 SNES Function norm 9.854045744680e+05 
  1 SNES Function norm 1.093504557359e+02 
Current power, average power, integrated power and profit for each farm: [6923.76122459876], [1639.3581328790044], [66885811.821463384], [1639.3581328790044]. The force is 0. The extra_force is 0
Updating tidal field at t=926700
Done updating tidal field
  0 SNES Function norm 9.256863113510e+05 
  1 SNES Function norm 1.095186892504e+02 
Current power, average power, integrated power and profit for each farm: [7426.799362040556], [1681.6022294422273], [69113851.63007554], [1681.6022294422273]. The force is 0. The extra_force is 0
Updating tidal field at t=927000
Done updating tidal field
  0 SNES Function norm 8.711248620971e+05 
  1 SNES Function norm 1.068501113391e+02 
Current power, average power, integrated power and profit for each farm: [7912.789494544836], [1726.7557603487678], [71487688.47843899], [1726.7557603487678]. The force is 0. The extra_force is 0
  515  3090 T= 927000.00 eta norm: 20838.2849 u norm: 22255.3086 19.48
volume2d rel. error  4.9245e-02
Updating tidal field at t=927300
Done updating tidal field
  0 SNES Function norm 8.229670967633e+05 
  1 SNES Function norm 1.016276767418e+02 
Current power, average power, integrated power and profit for each farm: [8349.487037826806], [1774.4013091076029], [73992534.58978704], [1774.4013091076029]. The force is 0. The extra_force is 0
Updating tidal field at t=927600
Done updating tidal field
  0 SNES Function norm 7.822292688470e+05 
  1 SNES Function norm 9.511421768998e+01 
Current power, average power, integrated power and profit for each farm: [8737.215423971673], [1824.135695642346], [76613699.21697854], [1824.135695642346]. The force is 0. The extra_force is 0
Updating tidal field at t=927900
Done updating tidal field
  0 SNES Function norm 7.495562661548e+05 
  1 SNES Function norm 8.861619275116e+01 
Current power, average power, integrated power and profit for each farm: [9075.839383207056], [1875.566218249188], [79336451.03194065], [1875.566218249188]. The force is 0. The extra_force is 0
Updating tidal field at t=928200
Done updating tidal field
  0 SNES Function norm 7.254013103117e+05 
  1 SNES Function norm 8.261297896092e+01 
Current power, average power, integrated power and profit for each farm: [9296.112791801525], [1927.8235884854723], [82125284.86948112], [1927.8235884854723]. The force is 0. The extra_force is 0
Updating tidal field at t=928500
Done updating tidal field
  0 SNES Function norm 7.109520583629e+05 
  1 SNES Function norm 7.739101766422e+01 
Current power, average power, integrated power and profit for each farm: [9292.153710343804], [1979.3224005264394], [84912930.98258425], [1979.3224005264394]. The force is 0. The extra_force is 0
Updating tidal field at t=928800
Done updating tidal field
  0 SNES Function norm 7.070496249453e+05 
  1 SNES Function norm 7.300106775666e+01 
Current power, average power, integrated power and profit for each farm: [9113.96798308011], [2028.8685504052844], [87647121.37750828], [2028.8685504052844]. The force is 0. The extra_force is 0
  516  3096 T= 928800.00 eta norm: 25495.4807 u norm: 22099.1584 19.39
volume2d rel. error  3.6021e-02
Updating tidal field at t=929100
Done updating tidal field
  0 SNES Function norm 7.142742294942e+05 
  1 SNES Function norm 6.930527806903e+01 
Current power, average power, integrated power and profit for each farm: [8878.482318382588], [2076.1072660465074], [90310666.07302307], [2076.1072660465074]. The force is 0. The extra_force is 0
Updating tidal field at t=929400
Done updating tidal field
  0 SNES Function norm 7.318533496713e+05 
  1 SNES Function norm 6.596644405019e+01 
Current power, average power, integrated power and profit for each farm: [8619.791789322131], [2120.9270230552447], [92896603.60981971], [2120.9270230552447]. The force is 0. The extra_force is 0
Updating tidal field at t=929700
Done updating tidal field
  0 SNES Function norm 7.579348533853e+05 
  1 SNES Function norm 6.285445576974e+01 
Current power, average power, integrated power and profit for each farm: [8316.849455540641], [2163.0761552490226], [95391658.4464819], [2163.0761552490226]. The force is 0. The extra_force is 0
Updating tidal field at t=930000
Done updating tidal field
  0 SNES Function norm 7.900194541566e+05 
  1 SNES Function norm 5.984562208235e+01 
Current power, average power, integrated power and profit for each farm: [7927.4370832502555], [2202.0245398976795], [97769889.57145697], [2202.0245398976795]. The force is 0. The extra_force is 0
Updating tidal field at t=930300
Done updating tidal field
  0 SNES Function norm 8.269121950864e+05 
  1 SNES Function norm 5.681012321273e+01 
Current power, average power, integrated power and profit for each farm: [7468.559195256665], [2237.370410067874], [100010457.33003397], [2237.370410067874]. The force is 0. The extra_force is 0
Updating tidal field at t=930600
Done updating tidal field
  0 SNES Function norm 8.678373727241e+05 
  1 SNES Function norm 5.368967329496e+01 
Current power, average power, integrated power and profit for each farm: [7023.727381446376], [2269.2794565437307], [102117575.54446788], [2269.2794565437307]. The force is 0. The extra_force is 0
  517  3102 T= 930600.00 eta norm: 28194.3214 u norm: 20620.6937 19.17
volume2d rel. error  2.8372e-02
Updating tidal field at t=930900
Done updating tidal field
  0 SNES Function norm 9.121192651477e+05 
  1 SNES Function norm 5.068723372460e+01 
Current power, average power, integrated power and profit for each farm: [6665.484215327808], [2298.3933953436253], [104117220.80906622], [2298.3933953436253]. The force is 0. The extra_force is 0
Updating tidal field at t=931200
Done updating tidal field
  0 SNES Function norm 9.594588005520e+05 
  1 SNES Function norm 4.784766107155e+01 
Current power, average power, integrated power and profit for each farm: [6375.334929449505], [2325.2153791206374], [106029821.28790107], [2325.2153791206374]. The force is 0. The extra_force is 0
Updating tidal field at t=931500
Done updating tidal field
  0 SNES Function norm 1.009379258544e+06 
  1 SNES Function norm 4.509621989307e+01 
Current power, average power, integrated power and profit for each farm: [6063.1602273821145], [2349.646391200778], [107848769.35611571], [2349.646391200778]. The force is 0. The extra_force is 0
Updating tidal field at t=931800
Done updating tidal field
  0 SNES Function norm 1.061208801666e+06 
  1 SNES Function norm 4.227711982769e+01 
Current power, average power, integrated power and profit for each farm: [5655.892024873755], [2371.115518692161], [109545536.96357784], [2371.115518692161]. The force is 0. The extra_force is 0
Updating tidal field at t=932100
Done updating tidal field
  0 SNES Function norm 1.113772752651e+06 
  1 SNES Function norm 3.924066629558e+01 
Current power, average power, integrated power and profit for each farm: [5184.48645781798], [2389.2662989445857], [111100882.90092324], [2389.2662989445857]. The force is 0. The extra_force is 0
Updating tidal field at t=932400
Done updating tidal field
  0 SNES Function norm 1.165847193747e+06 
  1 SNES Function norm 3.596252135528e+01 
Current power, average power, integrated power and profit for each farm: [4756.079066333509], [2404.438175658617], [112527706.6208233], [2404.438175658617]. The force is 0. The extra_force is 0
  518  3108 T= 932400.00 eta norm: 28694.8887 u norm: 18102.8152 19.35
volume2d rel. error  2.6910e-02
2.0 -0.4147150548055571	2404.438175658617	1846.2019467380826	 54
time cost: 0.14h
2.0 -0.4147150548055571	2404.438175658617	1846.2019467380826	 54
2.0 -0.4147150548055571	2404.438175658617	1846.2019467380826	 54
2.0 -0.4147150548055571	2404.438175658617	1846.2019467380826	 54
