nohup: ignoring input
Using default SIPG parameters
dt = 1800
Using time integrator: CrankNicolson
Number of turbines = 16.000390580950217
  492   492 T= 885600.00 eta norm: 37795.5688 u norm: 19709.3013  0.00
volume2d rel. error  0.0000e+00
Updating tidal field at t=887400
Done updating tidal field
  0 SNES Function norm 9.815933241724e+06 
  1 SNES Function norm 2.366580175595e+03 
Integrated power for each turbine: [207250.75381314897, 216259.42966913854, 268612.74533677695, 386508.941175105, 238709.64599285147, 256289.80591443685, 293603.97116372007, 376675.10408029513, 239075.65481692916, 262643.14040748926, 295331.0780377665, 361709.7092649369, 214836.0627287313, 246572.35965828266, 278233.6337281003, 333449.8980145879].
Current power, average power, integrated power and profit for each farm: [2486.5344076680276], [2486.5344076680276], [4475761.93380245], [2486.5344076680276]
  493   493 T= 887400.00 eta norm: 37741.1422 u norm: 15506.9045  7.87
volume2d rel. error  8.7551e-05
Updating tidal field at t=889200
Done updating tidal field
  0 SNES Function norm 1.552026752943e+07 
  1 SNES Function norm 5.436487675380e+02 
Integrated power for each turbine: [316740.64622735477, 330415.46213673183, 411779.7285853677, 598030.4947876282, 359232.51220470184, 391901.87508711417, 452555.9325948132, 584870.7120692304, 353519.4349603175, 400435.5199545859, 458354.5851722759, 566462.7404847085, 311494.60199754656, 370935.86807791423, 434808.2402397997, 528563.30936896].
Current power, average power, integrated power and profit for each farm: [1330.1887389704452], [1908.3615733192364], [6870101.663949251], [1908.3615733192364]
  494   494 T= 889200.00 eta norm: 35046.7852 u norm: 11808.6559  5.48
volume2d rel. error  7.5336e-03
Updating tidal field at t=891000
Done updating tidal field
  0 SNES Function norm 2.495908608045e+07 
  1 SNES Function norm 1.961992212842e+03 
Integrated power for each turbine: [362865.6735338872, 379157.55390284635, 473338.3093794508, 690393.0023929067, 405165.08889690175, 448243.7760100855, 521689.15229501715, 677861.5063980585, 394783.41507962416, 455428.5912583378, 530233.0597047384, 660753.0513622179, 346088.142192057, 417433.4406686247, 502379.07305574114, 615339.233870231].
Current power, average power, integrated power and profit for each farm: [561.694670028721], [1459.4726055557314], [7881152.070000949], [1459.4726055557314]
  495   495 T= 891000.00 eta norm: 30170.0929 u norm:  8447.7288  5.88
volume2d rel. error  2.1040e-02
Updating tidal field at t=892800
Done updating tidal field
  0 SNES Function norm 3.364825842342e+07 
  1 SNES Function norm 3.466994670150e+03 
Integrated power for each turbine: [374216.1350982679, 391747.6236151396, 489841.77276047465, 716379.5170301824, 415110.8807539431, 462244.1982360428, 540966.4419452656, 705526.8657777881, 403705.12997607334, 468562.85227753606, 550393.5265609924, 689214.9182678163, 353566.9307372053, 428344.3714985443, 520423.7325273306, 641487.864116763].
Current power, average power, integrated power and profit for each farm: [150.32260621036093], [1132.1851057193887], [8151732.761179599], [1132.1851057193887]
  496   496 T= 892800.00 eta norm: 23579.4260 u norm:  6460.3297  5.96
volume2d rel. error  3.9361e-02
Updating tidal field at t=894600
Done updating tidal field
  0 SNES Function norm 4.049477144564e+07 
  1 SNES Function norm 4.897275250309e+03 
Integrated power for each turbine: [375315.96686633205, 393118.9724621518, 491658.80582741805, 719299.493884494, 416309.85024301836, 464099.4992419019, 543870.6884413772, 709971.4979512445, 405354.6005417509, 471244.9966367905, 554784.5887278713, 695871.2873995041, 355808.8265159821, 432131.1641927561, 526517.1543318365, 650578.113613661].
Current power, average power, integrated power and profit for each farm: [30.112636499286502], [911.7706118753683], [8205935.506878315], [911.7706118753683]
  497   497 T= 894600.00 eta norm: 15722.1683 u norm:  7860.6124  5.70
volume2d rel. error  6.1380e-02
Updating tidal field at t=896400
Done updating tidal field
  0 SNES Function norm 4.471820865975e+07 
  1 SNES Function norm 5.763854562265e+03 
Integrated power for each turbine: [383048.7158194166, 402381.39232221927, 501610.0528217964, 727675.4262685959, 425800.49991625873, 476183.6468927424, 557607.3744257478, 723662.8810853957, 416343.5070637746, 485876.11526450864, 573255.7441269865, 717871.2285301816, 367137.32211330003, 447650.68704231747, 547867.1197834881, 679641.5725596998].
Current power, average power, integrated power and profit for each farm: [126.48765508794374], [780.8901190774641], [8433613.286036612], [780.8901190774641]
  498   498 T= 896400.00 eta norm:  7345.2113 u norm: 11297.4050  5.82
volume2d rel. error  8.5738e-02
Updating tidal field at t=898200
Done updating tidal field
  0 SNES Function norm 4.654553499816e+07 
  1 SNES Function norm 5.583406609226e+03 
Integrated power for each turbine: [433880.1640449792, 454916.3737265621, 563516.0340919179, 801609.4328314309, 474308.7314025514, 525325.4391949925, 609977.2125890923, 782901.3792377895, 462010.95921515196, 530712.612535944, 619273.4521425538, 767068.2510040666, 410211.5119251456, 487785.5689859958, 587401.3095291916, 720468.5976052497].
Current power, average power, integrated power and profit for each farm: [443.1965244589958], [732.6481769891116], [9231367.030062806], [732.6481769891116]
  499   499 T= 898200.00 eta norm:  4244.3446 u norm: 15286.7152  5.84
volume2d rel. error  1.1054e-01
Updating tidal field at t=900000
Done updating tidal field
  0 SNES Function norm 4.572701396665e+07 
  1 SNES Function norm 5.730429053902e+03 
Integrated power for each turbine: [595715.7374577986, 603300.7223943904, 720510.910174646, 976131.8724410747, 635182.534058757, 673905.8796702994, 759703.4560873491, 940215.2389944784, 618147.0719750391, 670932.1848559293, 756114.620339738, 906437.2960585714, 559769.6834953966, 617569.045096395, 708808.9193604641, 841992.8406941654].
Current power, average power, integrated power and profit for each farm: [1307.2616572732077], [804.4748620246236], [11584438.01315458], [804.4748620246236]
  500   500 T= 900000.00 eta norm: 11605.7019 u norm: 18755.7010  6.25
volume2d rel. error  1.3428e-01
Updating tidal field at t=901800
Done updating tidal field
  0 SNES Function norm 4.294061502431e+07 
  1 SNES Function norm 5.749442984276e+03 
Integrated power for each turbine: [879494.1549000901, 867141.9248211321, 1008908.8525773643, 1307158.2691667248, 925264.1747448135, 943520.8630972623, 1038879.9136597312, 1243773.4418053008, 900331.7409007268, 925301.4640777424, 1011611.648571553, 1176373.8110885744, 828392.1117624068, 851601.1423675001, 933760.223505294, 1077159.519385559].
Current power, average power, integrated power and profit for each farm: [2407.908468487289], [982.6341516315863], [15918673.256431699], [982.6341516315863]
  501   501 T= 901800.00 eta norm: 19459.5105 u norm: 21062.0664  5.62
volume2d rel. error  1.5665e-01
Updating tidal field at t=903600
Done updating tidal field
  0 SNES Function norm 3.861862029503e+07 
  1 SNES Function norm 5.806783907038e+03 
Integrated power for each turbine: [1211005.7710923746, 1175208.2370073618, 1346915.592716196, 1697890.6100233314, 1271389.7711154376, 1264527.048687902, 1372877.1803330036, 1611509.9150199045, 1244364.127638445, 1234045.0716486522, 1323185.4299258888, 1510197.6222098526, 1159873.5924093367, 1138758.0837391496, 1210742.9757143813, 1369579.371581148].
Current power, average power, integrated power and profit for each farm: [2901.887302461319], [1174.5594667145594], [21142070.40086207], [1174.5594667145594]
  502   502 T= 903600.00 eta norm: 26621.7488 u norm: 21905.5573  6.01
volume2d rel. error  1.7678e-01
Updating tidal field at t=905400
Done updating tidal field
  0 SNES Function norm 3.059260437931e+07 
  1 SNES Function norm 4.947852095292e+03 
Integrated power for each turbine: [1539720.6346667982, 1479672.743948101, 1681077.6815384296, 2085509.253127733, 1616564.7410042684, 1583995.3005572138, 1705546.8966147334, 1979574.2494496107, 1591521.7859466104, 1544649.0025793582, 1636763.1338991434, 1847876.017755656, 1496406.052423043, 1428961.6983775871, 1490452.3820656878, 1665732.321733595].
Current power, average power, integrated power and profit for each farm: [2906.640830458323], [1332.0214088730834], [26374023.89568705], [1332.0214088730834]
  503   503 T= 905400.00 eta norm: 32485.1192 u norm: 21417.0836  5.55
volume2d rel. error  1.9320e-01
Updating tidal field at t=907200
Done updating tidal field
  0 SNES Function norm 2.069284489610e+07 
  1 SNES Function norm 2.345379977852e+03 
Integrated power for each turbine: [1814793.8878571119, 1735445.885111093, 1962778.7942912942, 2413159.749472972, 1909532.6207214722, 1856256.331601976, 1990017.4975483136, 2295106.9761329577, 1891321.8577300897, 1813645.9803494804, 1908930.6419178627, 2141342.805633273, 1790455.2576311035, 1682855.8991875022, 1735340.489369194, 1924945.4111555493].
Current power, average power, integrated power and profit for each farm: [2495.503438901926], [1428.9782447088203], [30865930.085710518], [1428.9782447088203]
  504   504 T= 907200.00 eta norm: 36430.5426 u norm: 19935.1482  5.93
volume2d rel. error  2.0420e-01
Updating tidal field at t=909000
Done updating tidal field
  0 SNES Function norm 1.042728521570e+07 
  1 SNES Function norm 8.071189837868e+02 
Integrated power for each turbine: [2007994.474000499, 1915984.3006949218, 2162208.0538343163, 2645131.3181546405, 2117128.988934792, 2050424.1529390595, 2193523.1980937417, 2520897.4309095787, 2108799.515378405, 2010029.024730112, 2108094.0685781087, 2355954.2205854575, 2009446.8292113564, 1872871.513879756, 1918680.68762116, 2118366.6070855716].
Current power, average power, integrated power and profit for each farm: [1805.3357216222557], [1457.9288198560075], [34115534.384630576], [1457.9288198560075]
  505   505 T= 909000.00 eta norm: 38340.7016 u norm: 17590.3139  5.57
volume2d rel. error  2.0955e-01
Updating tidal field at t=910800
Done updating tidal field
  0 SNES Function norm 6.897666726649e+06 
  1 SNES Function norm 1.805566215748e+02 
Integrated power for each turbine: [2119549.169158728, 2020477.4486367384, 2277606.3843795103, 2778812.483591411, 2235822.184359553, 2162015.945572701, 2310463.991194717, 2650163.7540162345, 2235092.342391042, 2124901.082709717, 2224633.1163599044, 2481119.7289939653, 2141096.879480387, 1987915.062645486, 2029599.7415574635, 2234687.7872774354].
Current power, average power, integrated power and profit for each farm: [1054.679287607444], [1429.125281838253], [36013957.10232397], [1429.125281838253]
  506   506 T= 910800.00 eta norm: 38125.0674 u norm: 14462.3641  6.35
volume2d rel. error  2.0897e-01
Updating tidal field at t=912600
Done updating tidal field
  0 SNES Function norm 1.548249077907e+07 
  1 SNES Function norm 3.493986830693e+02 
Integrated power for each turbine: [2169955.134127395, 2067831.438177033, 2329838.488495517, 2838876.949899463, 2288089.309366599, 2211389.1918342393, 2362031.7656600703, 2706660.352126386, 2290721.283096529, 2175887.468309295, 2276211.57640751, 2536045.7253245316, 2201054.4181344127, 2040785.9816961454, 2080454.3162223687, 2287467.54423202].
Current power, average power, integrated power and profit for each farm: [471.8576893247007], [1365.3074423373494], [36863300.94310843], [1365.3074423373494]
  507   507 T= 912600.00 eta norm: 35744.8613 u norm: 10840.8103  5.14
volume2d rel. error  2.0237e-01
Updating tidal field at t=914400
Done updating tidal field
  0 SNES Function norm 2.530484304601e+07 
  1 SNES Function norm 1.252094538177e+03 
Integrated power for each turbine: [2184606.3643704643, 2081744.7231955312, 2345250.5761178806, 2856458.0935248663, 2302740.4196578613, 2225351.5068531088, 2376564.6705669593, 2722371.4186835336, 2306165.6307469336, 2190177.7412780453, 2290575.321448252, 2551098.629668037, 2218301.451206284, 2056152.4410461837, 2095142.4560543133, 2302411.5369559596].
Current power, average power, integrated power and profit for each farm: [134.34002125815616], [1288.3719785198998], [37105112.98137312], [1288.3719785198998]
  508   508 T= 914400.00 eta norm: 31362.6949 u norm:  7041.1942  5.83
volume2d rel. error  1.9019e-01
Updating tidal field at t=916200
Done updating tidal field
  0 SNES Function norm 3.349907549228e+07 
  1 SNES Function norm 2.352617621423e+03 
Integrated power for each turbine: [2185924.9952076576, 2083062.9595788731, 2346759.3365918896, 2858158.6377003356, 2303962.0388230635, 2226554.597980014, 2377822.158876172, 2723697.6817891463, 2307445.953194233, 2191385.3951703645, 2291772.0359531567, 2552305.860970561, 2219872.899072125, 2057566.1056702759, 2096462.2224123485, 2303679.137133564].
Current power, average power, integrated power and profit for each farm: [11.84390819420242], [1213.282092030153], [37126432.016122684], [1213.282092030153]
  509   509 T= 916200.00 eta norm: 25334.4641 u norm:  4305.5137  5.88
volume2d rel. error  1.7340e-01
Updating tidal field at t=918000
Done updating tidal field
  0 SNES Function norm 3.930481974593e+07 
  1 SNES Function norm 3.539191304274e+03 
Integrated power for each turbine: [2186170.997605735, 2083300.4032988097, 2346986.932569298, 2858381.5423470456, 2304235.104174937, 2226824.551721426, 2378086.4390335367, 2723957.630186092, 2307740.19540727, 2191683.1680062623, 2292072.1929027885, 2552605.958456716, 2220162.1422184845, 2057863.899008247, 2096764.9518104373, 2303984.0647630524].
Current power, average power, integrated power and profit for each farm: [2.437865214643112], [1146.0129683181801], [37130820.17350904], [1146.0129683181801]
  510   510 T= 918000.00 eta norm: 18116.1034 u norm:  5868.1542  5.80
volume2d rel. error  1.5321e-01
Updating tidal field at t=919800
Done updating tidal field
  0 SNES Function norm 4.235650777877e+07 
  1 SNES Function norm 4.632229443947e+03 
Integrated power for each turbine: [2196718.562028908, 2093326.2962614011, 2357842.519126835, 2871015.2265115757, 2313898.124633244, 2235990.6061401973, 2387414.581075544, 2734006.120767176, 2316788.195405615, 2200115.0002977047, 2300403.790602215, 2561199.1152300923, 2228708.6398108876, 2065662.4454016571, 2104195.9258985845, 2311428.772596761].
Current power, average power, integrated power and profit for each farm: [82.16319348792089], [1090.0208749060614], [37278713.9217873], [1090.0208749060614]
  511   511 T= 919800.00 eta norm: 10324.7783 u norm:  9838.9010  5.97
volume2d rel. error  1.3106e-01
Updating tidal field at t=921600
Done updating tidal field
  0 SNES Function norm 4.270243052766e+07 
  1 SNES Function norm 5.180356912373e+03 
Integrated power for each turbine: [2246871.354552203, 2144207.0798418066, 2417576.271412583, 2946542.656389524, 2363051.1804246195, 2288212.365444483, 2445446.080668554, 2800971.728247329, 2366105.818454193, 2250953.061367712, 2354708.3420713404, 2621176.3988521476, 2276112.5740350373, 2113679.262523222, 2153976.6070294916, 2364957.5449031047].
Current power, average power, integrated power and profit for each farm: [486.57466912719826], [1059.8485646171182], [38154548.32621626], [1059.8485646171182]
  512   512 T= 921600.00 eta norm:  3565.7332 u norm: 13641.1609  6.15
volume2d rel. error  1.0826e-01
Updating tidal field at t=923400
Done updating tidal field
  0 SNES Function norm 4.059979433855e+07 
  1 SNES Function norm 5.087234038885e+03 
Integrated power for each turbine: [2328152.1267795167, 2229381.060422904, 2522373.9198554656, 3087390.84415249, 2466277.343736526, 2398191.380303959, 2571651.8034211514, 2957108.7949206643, 2491900.310187876, 2382069.5602977304, 2498704.189508814, 2790760.668812057, 2414647.5258717844, 2255712.3554182607, 2303428.836380442, 2533514.9966358943].
Current power, average power, integrated power and profit for each farm: [1153.7318836045142], [1064.3191988546134], [40231265.71670438], [1064.3191988546134]
  513   513 T= 923400.00 eta norm:  7178.8750 u norm: 16468.8525  5.64
volume2d rel. error  8.6150e-02
Updating tidal field at t=925200
Done updating tidal field
  0 SNES Function norm 3.655929260038e+07 
  1 SNES Function norm 4.438394548991e+03 
Integrated power for each turbine: [2423047.141194371, 2328824.9837065623, 2647898.7345915837, 3263313.0782725927, 2602230.0229247087, 2545751.171291671, 2746146.574318941, 3182812.2785283057, 2683811.4846315705, 2585127.681954033, 2726120.514340756, 3066693.8116894118, 2642015.507174172, 2490289.1496084873, 2551583.3433170714, 2817436.2179204496].
Current power, average power, integrated power and profit for each farm: [1706.5755437549992], [1093.5126690773582], [43303101.69546338], [1093.5126690773582]
  514   514 T= 925200.00 eta norm: 14133.7731 u norm: 17986.7912  5.82
volume2d rel. error  6.5838e-02
Updating tidal field at t=927000
Done updating tidal field
  0 SNES Function norm 3.083377492939e+07 
  1 SNES Function norm 3.568828498176e+03 
Integrated power for each turbine: [2551568.4905552836, 2469215.47030649, 2833996.930245019, 3538154.5985701745, 2796272.838730229, 2759146.6457439116, 3001241.6284886487, 3516333.177849027, 2935604.0249617114, 2851416.559805687, 3022668.8584754914, 3424983.082306559, 2917330.23187251, 2774435.212869747, 2850471.774161359, 3157919.9014692293].
Current power, average power, integrated power and profit for each farm: [2276.476517192454], [1144.945879864971], [47400759.426409796], [1144.945879864971]
  515   515 T= 927000.00 eta norm: 20326.6727 u norm: 18090.4920  5.54
volume2d rel. error  4.8363e-02
Updating tidal field at t=928800
Done updating tidal field
  0 SNES Function norm 2.303286566923e+07 
  1 SNES Function norm 2.510932828200e+03 
Integrated power for each turbine: [2701626.47137329, 2635607.242722166, 3056809.213611443, 3871231.279010409, 3013873.283239662, 2996836.663725487, 3283060.280576959, 3883155.33283079, 3191716.500496208, 3121657.597560686, 3321553.4314686907, 3784703.8231037757, 3175141.73607731, 3043521.340807413, 3134593.3798401468, 3483046.972896224].
Current power, average power, integrated power and profit for each farm: [2387.430623849869], [1196.7160775310083], [51698134.54933956], [1196.7160775310083]
  516   516 T= 928800.00 eta norm: 25060.1065 u norm: 16992.0899  5.92
volume2d rel. error  3.5132e-02
Updating tidal field at t=930600
Done updating tidal field
  0 SNES Function norm 1.382277880275e+07 
  1 SNES Function norm 1.279767903796e+03 
Integrated power for each turbine: [2843218.072208839, 2790478.8723439937, 3261223.622069216, 4176378.5927717257, 3204218.3008030048, 3203330.212730051, 3525134.956484873, 4197340.279094803, 3398570.359719264, 3343332.1814774578, 3568118.327323768, 4083876.9742446137, 3370314.7679091236, 3256100.045769769, 3365205.4377832427, 3752189.9228225574].
Current power, average power, integrated power and profit for each farm: [2022.720209008784], [1229.7562427901194], [55339030.92555537], [1229.7562427901194]
  517   517 T= 930600.00 eta norm: 27867.6763 u norm: 14953.6496  5.87
volume2d rel. error  2.7311e-02
Updating tidal field at t=932400
Done updating tidal field
  0 SNES Function norm 6.265666449220e+06 
  1 SNES Function norm 3.751320952500e+02 
Integrated power for each turbine: [2948774.9276490016, 2903942.123501371, 3407731.2205545506, 4394188.313549236, 3334748.432654536, 3347095.7897791862, 3693349.303832256, 4416324.361429434, 3530709.529847526, 3492558.528345848, 3738626.1933119637, 4294178.684207091, 3486662.7406819817, 3393975.9993368424, 3525063.0503889937, 3945051.900883398].
Current power, average power, integrated power and profit for each farm: [1396.638985776116], [1236.1748098280423], [57852981.09995238], [1236.1748098280423]
  518   518 T= 932400.00 eta norm: 28515.2165 u norm: 12199.8883  5.47
volume2d rel. error  2.5517e-02
/home/can/firedrake/src/pyadjoint/pyadjoint/optimization/optimization.py:133: OptimizeWarning: Unknown solver options: pgtol
  res = scipy_minimize(J, m_global, method=method, bounds=bounds, **kwargs)
Calculating minimum distance constraints.
FORWARD RUN:
angle: [443362.0, 3322652.0, 443362.0, 3322702.0, 443362.0, 3322752.0, 443362.0, 3322802.0, 443422.0, 3322652.0, 443422.0, 3322702.0, 443422.0, 3322752.0, 443422.0, 3322802.0, 443482.0, 3322652.0, 443482.0, 3322702.0, 443482.0, 3322752.0, 443482.0, 3322802.0, 443542.0, 3322652.0, 443542.0, 3322702.0, 443542.0, 3322752.0, 443542.0, 3322802.0]
  0 SNES Function norm 9.815933241724e+06 
  1 SNES Function norm 2.366580175594e+03 
  0 SNES Function norm 1.552026752943e+07 
  1 SNES Function norm 5.436487675380e+02 
  0 SNES Function norm 2.495908608045e+07 
  1 SNES Function norm 1.961992212842e+03 
  0 SNES Function norm 3.364825842342e+07 
  1 SNES Function norm 3.466994670150e+03 
  0 SNES Function norm 4.049477144564e+07 
  1 SNES Function norm 4.897275250309e+03 
  0 SNES Function norm 4.471820865975e+07 
  1 SNES Function norm 5.763854562265e+03 
  0 SNES Function norm 4.654553499816e+07 
  1 SNES Function norm 5.583406609226e+03 
  0 SNES Function norm 4.572701396665e+07 
  1 SNES Function norm 5.730429053902e+03 
  0 SNES Function norm 4.294061502431e+07 
  1 SNES Function norm 5.749442984277e+03 
  0 SNES Function norm 3.861862029503e+07 
  1 SNES Function norm 5.806783907038e+03 
  0 SNES Function norm 3.059260437931e+07 
  1 SNES Function norm 4.947852095292e+03 
  0 SNES Function norm 2.069284489610e+07 
  1 SNES Function norm 2.345379977851e+03 
  0 SNES Function norm 1.042728521570e+07 
  1 SNES Function norm 8.071189837868e+02 
  0 SNES Function norm 6.897666726649e+06 
  1 SNES Function norm 1.805566215748e+02 
  0 SNES Function norm 1.548249077907e+07 
  1 SNES Function norm 3.493986830693e+02 
  0 SNES Function norm 2.530484304601e+07 
  1 SNES Function norm 1.252094538178e+03 
  0 SNES Function norm 3.349907549228e+07 
  1 SNES Function norm 2.352617621423e+03 
  0 SNES Function norm 3.930481974593e+07 
  1 SNES Function norm 3.539191304274e+03 
  0 SNES Function norm 4.235650777877e+07 
  1 SNES Function norm 4.632229443947e+03 
  0 SNES Function norm 4.270243052766e+07 
  1 SNES Function norm 5.180356912373e+03 
  0 SNES Function norm 4.059979433855e+07 
  1 SNES Function norm 5.087234038885e+03 
  0 SNES Function norm 3.655929260038e+07 
  1 SNES Function norm 4.438394548991e+03 
  0 SNES Function norm 3.083377492939e+07 
  1 SNES Function norm 3.568828498176e+03 
  0 SNES Function norm 2.303286566923e+07 
  1 SNES Function norm 2.510932828200e+03 
  0 SNES Function norm 1.382277880275e+07 
  1 SNES Function norm 1.279767903796e+03 
  0 SNES Function norm 6.265666449220e+06 
  1 SNES Function norm 3.751320952501e+02 
ADJOINT RUN:
angle: [443362.0, 3322652.0, 443362.0, 3322702.0, 443362.0, 3322752.0, 443362.0, 3322802.0, 443422.0, 3322652.0, 443422.0, 3322702.0, 443422.0, 3322752.0, 443422.0, 3322802.0, 443482.0, 3322652.0, 443482.0, 3322702.0, 443482.0, 3322752.0, 443482.0, 3322802.0, 443542.0, 3322652.0, 443542.0, 3322702.0, 443542.0, 3322752.0, 443542.0, 3322802.0]
Controls value: ([443362.0, 3322652.0, 443362.0, 3322702.0, 443362.0, 3322752.0, 443362.0, 3322802.0, 443422.0, 3322652.0, 443422.0, 3322702.0, 443422.0, 3322752.0, 443422.0, 3322802.0, 443482.0, 3322652.0, 443482.0, 3322702.0, 443482.0, 3322752.0, 443482.0, 3322802.0, 443542.0, 3322652.0, 443542.0, 3322702.0, 443542.0, 3322752.0, 443542.0, 3322802.0],)
Derivatives: ([0.004202685064570731, 0.0007059981953112702, 0.0010175985942783134, -3.959124083342203e-05, -0.0010996724279631461, -0.0013433194028061352, -0.005751237694121968, -0.0021703580503076403, 0.00454192627185182, 0.0005844859754327082, 0.0014898162929808223, -0.00018528269644413868, -0.0010958050321163003, -0.0008963885242699676, -0.005887416985871869, -0.0021649963615306337, 0.004692218737953624, 0.0005904933933119973, 0.0015301905686363293, -0.00015849761944548287, -0.000666210798061779, -0.0007569852726336714, -0.004604076642614915, -0.0018192093922044725, 0.004399376284118962, 0.0005349789069181751, 0.0011565597984735574, -7.514181674900098e-05, -0.00065336396152756, -0.0006199701398295332, -0.004550865785045884, -0.001948812026270685],)
Functional value: -5.785298109995257
Costs, average power, integrated power and profit for each farm: [16.000390580950217], [1236.1748098280464], [57852981.09995257], [1236.1748098280464]
Costs, average power, integrated power and profit for each farm: 0, 0, [2948774.927649014, 2903942.123501384, 3407731.220554556, 4394188.313549238, 3334748.432654534, 3347095.7897791765, 3693349.3038322576, 4416324.36142944, 3530709.5298475213, 3492558.5283458345, 3738626.193311969, 4294178.684207117, 3486662.74068202, 3393975.9993368783, 3525063.05038902, 3945051.90088342], 0
Calculating minimum distance constraints.
Calculating gradient of equality constraint
FORWARD RUN:
angle: [443361.9957973149, 3322651.9992940016, 443361.9989824014, 3322702.0000395915, 443362.0010996724, 3322752.001343319, 443362.0057512377, 3322802.002170358, 443421.99545807374, 3322651.999415514, 443421.9985101837, 3322702.000185283, 443422.001095805, 3322752.0008963887, 443422.005887417, 3322802.002164996, 443481.99530778127, 3322651.9994095066, 443481.9984698094, 3322702.0001584976, 443482.0006662108, 3322752.000756985, 443482.0046040766, 3322802.001819209, 443541.9956006237, 3322651.9994650213, 443541.9988434402, 3322702.000075142, 443542.00065336394, 3322752.0006199703, 443542.0045508658, 3322802.001948812]
  0 SNES Function norm 9.815933241768e+06 
  1 SNES Function norm 2.366580174461e+03 
  0 SNES Function norm 1.552026752650e+07 
  1 SNES Function norm 5.436487681105e+02 
  0 SNES Function norm 2.495908608125e+07 
  1 SNES Function norm 1.961992229074e+03 
  0 SNES Function norm 3.364825842338e+07 
  1 SNES Function norm 3.466994682409e+03 
  0 SNES Function norm 4.049477144453e+07 
  1 SNES Function norm 4.897275252544e+03 
  0 SNES Function norm 4.471820866028e+07 
  1 SNES Function norm 5.763854543538e+03 
  0 SNES Function norm 4.654553499708e+07 
  1 SNES Function norm 5.583406583462e+03 
  0 SNES Function norm 4.572701396734e+07 
  1 SNES Function norm 5.730429040499e+03 
  0 SNES Function norm 4.294061502464e+07 
  1 SNES Function norm 5.749443004872e+03 
  0 SNES Function norm 3.861862029794e+07 
  1 SNES Function norm 5.806783925377e+03 
  0 SNES Function norm 3.059260437897e+07 
  1 SNES Function norm 4.947852106212e+03 
  0 SNES Function norm 2.069284489637e+07 
  1 SNES Function norm 2.345379988274e+03 
  0 SNES Function norm 1.042728520873e+07 
  1 SNES Function norm 8.071189974675e+02 
  0 SNES Function norm 6.897666714892e+06 
  1 SNES Function norm 1.805566270189e+02 
  0 SNES Function norm 1.548249077440e+07 
  1 SNES Function norm 3.493986812294e+02 
  0 SNES Function norm 2.530484304364e+07 
  1 SNES Function norm 1.252094554880e+03 
  0 SNES Function norm 3.349907549111e+07 
  1 SNES Function norm 2.352617666584e+03 
  0 SNES Function norm 3.930481974512e+07 
  1 SNES Function norm 3.539191355507e+03 
  0 SNES Function norm 4.235650777877e+07 
  1 SNES Function norm 4.632229507602e+03 
  0 SNES Function norm 4.270243052939e+07 
  1 SNES Function norm 5.180356955579e+03 
  0 SNES Function norm 4.059979434190e+07 
  1 SNES Function norm 5.087234043385e+03 
  0 SNES Function norm 3.655929260520e+07 
  1 SNES Function norm 4.438394532004e+03 
  0 SNES Function norm 3.083377492351e+07 
  1 SNES Function norm 3.568828479737e+03 
  0 SNES Function norm 2.303286567049e+07 
  1 SNES Function norm 2.510932815885e+03 
  0 SNES Function norm 1.382277877007e+07 
  1 SNES Function norm 1.279767903124e+03 
  0 SNES Function norm 6.265666471562e+06 
  1 SNES Function norm 3.751320981008e+02 
Calculating minimum distance constraints.
ADJOINT RUN:
angle: [443361.9957973149, 3322651.9992940016, 443361.9989824014, 3322702.0000395915, 443362.0010996724, 3322752.001343319, 443362.0057512377, 3322802.002170358, 443421.99545807374, 3322651.999415514, 443421.9985101837, 3322702.000185283, 443422.001095805, 3322752.0008963887, 443422.005887417, 3322802.002164996, 443481.99530778127, 3322651.9994095066, 443481.9984698094, 3322702.0001584976, 443482.0006662108, 3322752.000756985, 443482.0046040766, 3322802.001819209, 443541.9956006237, 3322651.9994650213, 443541.9988434402, 3322702.000075142, 443542.00065336394, 3322752.0006199703, 443542.0045508658, 3322802.001948812]
Controls value: ([443361.9957973149, 3322651.9992940016, 443361.9989824014, 3322702.0000395915, 443362.0010996724, 3322752.001343319, 443362.0057512377, 3322802.002170358, 443421.99545807374, 3322651.999415514, 443421.9985101837, 3322702.000185283, 443422.001095805, 3322752.0008963887, 443422.005887417, 3322802.002164996, 443481.99530778127, 3322651.9994095066, 443481.9984698094, 3322702.0001584976, 443482.0006662108, 3322752.000756985, 443482.0046040766, 3322802.001819209, 443541.9956006237, 3322651.9994650213, 443541.9988434402, 3322702.000075142, 443542.00065336394, 3322752.0006199703, 443542.0045508658, 3322802.001948812],)
Derivatives: ([0.004203704367295782, 0.0007053353195501964, 0.001017983855081529, -3.957143319239053e-05, -0.0010987298111655814, -0.0013432920993462203, -0.005749393147844264, -0.0021688832945815206, 0.004542437246491761, 0.0005835907551734191, 0.0014891526670021676, -0.00018551283905892275, -0.0010948853457606322, -0.000896150032850118, -0.005885742228771892, -0.002163727205354492, 0.004690185669100969, 0.0005905405059577627, 0.0015293068525121516, -0.0001586702840094562, -0.0006663222101864371, -0.0007571775967723992, -0.004603078767706838, -0.0018184833808338743, 0.004399350843419365, 0.0005349925042972615, 0.001155756867118728, -7.526314759602966e-05, -0.0006534877322486852, -0.0006200685194374392, -0.004552471222363057, -0.0019485933727668874],)
Functional value: -5.7855192291797515
Costs, average power, integrated power and profit for each farm: [16.000391009986636], [1236.222057517041], [57855192.29179752], [1236.222057517041]
Costs, average power, integrated power and profit for each farm: 0, 0, [2948861.4082696624, 2904071.0936072553, 3407922.118861066, 4394400.411432026, 3334826.681131197, 3347248.0308400313, 3693561.859813179, 4416547.965775822, 3530766.178722768, 3492684.475434577, 3738802.559803048, 4294322.291989877, 3486711.002063361, 3394069.2727192817, 3525207.1127129067, 3945189.8286222904], 0
Calculating gradient of equality constraint
FORWARD RUN:
angle: [443361.97477878566, 3322651.9957673238, 443361.9938924803, 3322702.0002374486, 443362.0065933234, 3322752.008059782, 443362.03449821356, 3322802.013014778, 443421.9727458795, 3322651.9964975594, 443421.99106441776, 3322702.0011128476, 443422.0065702337, 3322752.0053771404, 443422.0353161385, 3322802.012983636, 443481.97185684467, 3322651.996456803, 443481.99082327244, 3322702.0009518494, 443482.003997823, 3322752.004542874, 443482.0276194786, 3322802.0109116295, 443541.97360386176, 3322651.996790058, 443541.9930646538, 3322702.0004514577, 443542.0039208038, 3322752.003720314, 443542.0273132299, 3322802.011691782]
  0 SNES Function norm 9.815933241987e+06 
  1 SNES Function norm 2.366580168809e+03 
  0 SNES Function norm 1.552026751191e+07 
  1 SNES Function norm 5.436487710212e+02 
  0 SNES Function norm 2.495908608525e+07 
  1 SNES Function norm 1.961992310148e+03 
  0 SNES Function norm 3.364825842318e+07 
  1 SNES Function norm 3.466994743534e+03 
  0 SNES Function norm 4.049477143894e+07 
  1 SNES Function norm 4.897275263421e+03 
  0 SNES Function norm 4.471820866294e+07 
  1 SNES Function norm 5.763854449741e+03 
  0 SNES Function norm 4.654553499167e+07 
  1 SNES Function norm 5.583406454855e+03 
  0 SNES Function norm 4.572701397060e+07 
  1 SNES Function norm 5.730428973629e+03 
  0 SNES Function norm 4.294061502626e+07 
  1 SNES Function norm 5.749443107815e+03 
  0 SNES Function norm 3.861862031220e+07 
  1 SNES Function norm 5.806784016977e+03 
  0 SNES Function norm 3.059260437727e+07 
  1 SNES Function norm 4.947852160803e+03 
  0 SNES Function norm 2.069284489757e+07 
  1 SNES Function norm 2.345380040373e+03 
  0 SNES Function norm 1.042728517392e+07 
  1 SNES Function norm 8.071190658309e+02 
  0 SNES Function norm 6.897666656123e+06 
  1 SNES Function norm 1.805566542383e+02 
  0 SNES Function norm 1.548249075108e+07 
  1 SNES Function norm 3.493986720289e+02 
  0 SNES Function norm 2.530484303181e+07 
  1 SNES Function norm 1.252094638352e+03 
  0 SNES Function norm 3.349907548524e+07 
  1 SNES Function norm 2.352617892308e+03 
  0 SNES Function norm 3.930481974104e+07 
  1 SNES Function norm 3.539191611596e+03 
  0 SNES Function norm 4.235650777876e+07 
  1 SNES Function norm 4.632229825741e+03 
  0 SNES Function norm 4.270243053801e+07 
  1 SNES Function norm 5.180357171469e+03 
  0 SNES Function norm 4.059979435863e+07 
  1 SNES Function norm 5.087234065862e+03 
  0 SNES Function norm 3.655929262930e+07 
  1 SNES Function norm 4.438394447112e+03 
  0 SNES Function norm 3.083377489413e+07 
  1 SNES Function norm 3.568828387620e+03 
  0 SNES Function norm 2.303286567679e+07 
  1 SNES Function norm 2.510932754343e+03 
  0 SNES Function norm 1.382277860670e+07 
  1 SNES Function norm 1.279767899767e+03 
  0 SNES Function norm 6.265666583217e+06 
  1 SNES Function norm 3.751321123503e+02 
Calculating minimum distance constraints.
ADJOINT RUN:
angle: [443361.97477878566, 3322651.9957673238, 443361.9938924803, 3322702.0002374486, 443362.0065933234, 3322752.008059782, 443362.03449821356, 3322802.013014778, 443421.9727458795, 3322651.9964975594, 443421.99106441776, 3322702.0011128476, 443422.0065702337, 3322752.0053771404, 443422.0353161385, 3322802.012983636, 443481.97185684467, 3322651.996456803, 443481.99082327244, 3322702.0009518494, 443482.003997823, 3322752.004542874, 443482.0276194786, 3322802.0109116295, 443541.97360386176, 3322651.996790058, 443541.9930646538, 3322702.0004514577, 443542.0039208038, 3322752.003720314, 443542.0273132299, 3322802.011691782]
Controls value: ([443361.97477878566, 3322651.9957673238, 443361.9938924803, 3322702.0002374486, 443362.0065933234, 3322752.008059782, 443362.03449821356, 3322802.013014778, 443421.9727458795, 3322651.9964975594, 443421.99106441776, 3322702.0011128476, 443422.0065702337, 3322752.0053771404, 443422.0353161385, 3322802.012983636, 443481.97185684467, 3322651.996456803, 443481.99082327244, 3322702.0009518494, 443482.003997823, 3322752.004542874, 443482.0276194786, 3322802.0109116295, 443541.97360386176, 3322651.996790058, 443541.9930646538, 3322702.0004514577, 443542.0039208038, 3322752.003720314, 443542.0273132299, 3322802.011691782],)
Derivatives: ([0.0042086557647331765, 0.0007021868597269463, 0.001019912681648004, -3.946888565664234e-05, -0.0010940417542038778, -0.0013431817849703835, -0.005739576414678117, -0.002162094745747788, 0.004544910585967447, 0.0005789085599277092, 0.0014857849287650217, -0.000186665335073548, -0.0010903310363694545, -0.0008949817977981772, -0.005875857069441324, -0.002157207144419666, 0.004680356882387117, 0.0005906886627561319, 0.0015249023487544434, -0.0001595123875450992, -0.0006668926247366581, -0.0007581452646317652, -0.004597637353350633, -0.0018148647122608924, 0.004399256632837135, 0.0005351197799888394, 0.0011517997988082943, -7.586999874814929e-05, -0.0006541282172307457, -0.0006205760894780393, -0.004560598270317441, -0.0019475102170627063],)
Functional value: -5.786624119882475
Costs, average power, integrated power and profit for each farm: [16.00039237962589], [1236.458145274033], [57866241.19882475], [1236.458145274033]
Costs, average power, integrated power and profit for each farm: 0, 0, [2949294.224771186, 2904716.287724819, 3408877.1591563215, 4395457.541659107, 3335218.017386034, 3348008.9589318945, 3694624.7210637536, 4417663.464401149, 3531047.465633286, 3493313.732083705, 3739684.1269338345, 4295039.489547713, 3486952.1860339562, 3394535.404746161, 3525927.1746770935, 3945881.24407557], 0
Calculating gradient of equality constraint
FORWARD RUN:
angle: [443361.869730756, 3322651.978161317, 443361.9684500306, 3322702.001225569, 443362.0340200058, 3322752.0416193763, 443362.1780891274, 3322802.067167144, 443421.8592475052, 3322651.9819408273, 443421.95387700206, 3322702.0057533714, 443422.0339015366, 3322752.0277602687, 443422.18231318827, 3322802.067008527, 443481.85472870735, 3322651.98170229, 443481.9526378482, 3322702.0049202, 443482.02064773993, 3322752.0234646634, 443482.14259331697, 3322802.0563256266, 443541.8636931252, 3322651.9834234333, 443541.9642095807, 3322702.0023348294, 443542.0202504208, 3322752.019214337, 443542.14109055663, 3322802.0603690604]
  0 SNES Function norm 9.815933243095e+06 
  1 SNES Function norm 2.366580140999e+03 
  0 SNES Function norm 1.552026743995e+07 
  1 SNES Function norm 5.436487867030e+02 
  0 SNES Function norm 2.495908610501e+07 
  1 SNES Function norm 1.961992713144e+03 
  0 SNES Function norm 3.364825842236e+07 
  1 SNES Function norm 3.466995044754e+03 
  0 SNES Function norm 4.049477141057e+07 
  1 SNES Function norm 4.897275310502e+03 
  0 SNES Function norm 4.471820867606e+07 
  1 SNES Function norm 5.763853977133e+03 
  0 SNES Function norm 4.654553496466e+07 
  1 SNES Function norm 5.583405817272e+03 
  0 SNES Function norm 4.572701398167e+07 
  1 SNES Function norm 5.730428642850e+03 
  0 SNES Function norm 4.294061503434e+07 
  1 SNES Function norm 5.749443621276e+03 
  0 SNES Function norm 3.861862037721e+07 
  1 SNES Function norm 5.806784472395e+03 
  0 SNES Function norm 3.059260436872e+07 
  1 SNES Function norm 4.947852433241e+03 
  0 SNES Function norm 2.069284490056e+07 
  1 SNES Function norm 2.345380300266e+03 
  0 SNES Function norm 1.042728500054e+07 
  1 SNES Function norm 8.071194063489e+02 
  0 SNES Function norm 6.897666362876e+06 
  1 SNES Function norm 1.805567901731e+02 
  0 SNES Function norm 1.548249063496e+07 
  1 SNES Function norm 3.493986260444e+02 
  0 SNES Function norm 2.530484297291e+07 
  1 SNES Function norm 1.252095054247e+03 
  0 SNES Function norm 3.349907545601e+07 
  1 SNES Function norm 2.352619017945e+03 
  0 SNES Function norm 3.930481972083e+07 
  1 SNES Function norm 3.539192888813e+03 
  0 SNES Function norm 4.235650777877e+07 
  1 SNES Function norm 4.632231411800e+03 
  0 SNES Function norm 4.270243058109e+07 
  1 SNES Function norm 5.180358246716e+03 
  0 SNES Function norm 4.059979444198e+07 
  1 SNES Function norm 5.087234177722e+03 
  0 SNES Function norm 3.655929274947e+07 
  1 SNES Function norm 4.438394024233e+03 
  0 SNES Function norm 3.083377474771e+07 
  1 SNES Function norm 3.568827929190e+03 
  0 SNES Function norm 2.303286570818e+07 
  1 SNES Function norm 2.510932447569e+03 
  0 SNES Function norm 1.382277779129e+07 
  1 SNES Function norm 1.279767883176e+03 
  0 SNES Function norm 6.265667139780e+06 
  1 SNES Function norm 3.751321834509e+02 
Calculating minimum distance constraints.
ADJOINT RUN:
angle: [443361.869730756, 3322651.978161317, 443361.9684500306, 3322702.001225569, 443362.0340200058, 3322752.0416193763, 443362.1780891274, 3322802.067167144, 443421.8592475052, 3322651.9819408273, 443421.95387700206, 3322702.0057533714, 443422.0339015366, 3322752.0277602687, 443422.18231318827, 3322802.067008527, 443481.85472870735, 3322651.98170229, 443481.9526378482, 3322702.0049202, 443482.02064773993, 3322752.0234646634, 443482.14259331697, 3322802.0563256266, 443541.8636931252, 3322651.9834234333, 443541.9642095807, 3322702.0023348294, 443542.0202504208, 3322752.019214337, 443542.14109055663, 3322802.0603690604]
Controls value: ([443361.869730756, 3322651.978161317, 443361.9684500306, 3322702.001225569, 443362.0340200058, 3322752.0416193763, 443362.1780891274, 3322802.067167144, 443421.8592475052, 3322651.9819408273, 443421.95387700206, 3322702.0057533714, 443422.0339015366, 3322752.0277602687, 443422.18231318827, 3322802.067008527, 443481.85472870735, 3322651.98170229, 443481.9526378482, 3322702.0049202, 443482.02064773993, 3322752.0234646634, 443482.14259331697, 3322802.0563256266, 443541.8636931252, 3322651.9834234333, 443541.9642095807, 3322702.0023348294, 443542.0202504208, 3322752.019214337, 443542.14109055663, 3322802.0603690604],)
Derivatives: ([0.004230259360553218, 0.000691155130855564, 0.0010296000532303289, -3.888079773356438e-05, -0.001071257440587026, -0.001343342250435288, -0.005685192030724814, -0.002146186342693836, 0.004551263013916587, 0.0005509790162662625, 0.0014678938009376622, -0.00019250125399259283, -0.001068742496514794, -0.0008897966071774783, -0.005802883553003098, -0.002120983787023823, 0.004640818334531169, 0.0005892505816067553, 0.0015032230939493571, -0.00016319424244393203, -0.0006700407883791456, -0.000763116055449666, -0.004561509341811077, -0.0017961126291835192, 0.004397849549797021, 0.0005361421921789036, 0.0011334862332522636, -7.891335833221062e-05, -0.0006578478825557618, -0.000623481348435384, -0.004596568880636551, -0.0019402408751148358],)
Functional value: -5.79212821881643
Costs, average power, integrated power and profit for each farm: [16.000375456152398], [1237.6342347898355], [57921282.1881643], [1237.6342347898355]
Costs, average power, integrated power and profit for each farm: 0, 0, [2951466.8095792583, 2907950.148742941, 3413665.853932524, 4400661.39981582, 3337172.340987056, 3351807.5014806488, 3699944.201898659, 4423158.845281831, 3532411.817369793, 3496449.6215433995, 3744087.7605220913, 4298602.03286301, 3488151.9290445093, 3396857.882452426, 3529517.2175370515, 3949376.8251138665], 0
Calculating gradient of equality constraint
FORWARD RUN:
angle: [443361.34692073596, 3322651.890611914, 443361.841804065, 3322702.0061393525, 443362.1703766987, 3322752.208607258, 443362.89230202994, 3322802.3365408257, 443421.2944662512, 3322651.909648639, 443421.768927996, 3322702.0288730646, 443422.1697896183, 3322752.139109124, 443422.9133815219, 3322802.3356463457, 443481.2721160458, 3322651.908293422, 443481.7627418757, 3322702.0246844925, 443482.10351076955, 3322752.1176412813, 443482.7145036785, 3322802.282204452, 443541.31680222205, 3322651.9169081687, 443541.8207230795, 3322702.011721409, 443542.1015225491, 3322752.096324613, 443542.70740803715, 3322802.302542907]
  0 SNES Function norm 9.815933248781e+06 
  1 SNES Function norm 2.366580010096e+03 
  0 SNES Function norm 1.552026709896e+07 
  1 SNES Function norm 5.436488825757e+02 
  0 SNES Function norm 2.495908619891e+07 
  1 SNES Function norm 1.961994663880e+03 
  0 SNES Function norm 3.364825842088e+07 
  1 SNES Function norm 3.466996461798e+03 
  0 SNES Function norm 4.049477126533e+07 
  1 SNES Function norm 4.897275437405e+03 
  0 SNES Function norm 4.471820873858e+07 
  1 SNES Function norm 5.763851598551e+03 
  0 SNES Function norm 4.654553483209e+07 
  1 SNES Function norm 5.583402756142e+03 
  0 SNES Function norm 4.572701396072e+07 
  1 SNES Function norm 5.730427077630e+03 
  0 SNES Function norm 4.294061507474e+07 
  1 SNES Function norm 5.749446149303e+03 
  0 SNES Function norm 3.861862060534e+07 
  1 SNES Function norm 5.806786684145e+03 
  0 SNES Function norm 3.059260432497e+07 
  1 SNES Function norm 4.947853786833e+03 
  0 SNES Function norm 2.069284486932e+07 
  1 SNES Function norm 2.345381590848e+03 
  0 SNES Function norm 1.042728414612e+07 
  1 SNES Function norm 8.071210863585e+02 
  0 SNES Function norm 6.897664908191e+06 
  1 SNES Function norm 1.805574658813e+02 
  0 SNES Function norm 1.548249006262e+07 
  1 SNES Function norm 3.493983985532e+02 
  0 SNES Function norm 2.530484268295e+07 
  1 SNES Function norm 1.252097107009e+03 
  0 SNES Function norm 3.349907531215e+07 
  1 SNES Function norm 2.352624584204e+03 
  0 SNES Function norm 3.930481962234e+07 
  1 SNES Function norm 3.539199211243e+03 
  0 SNES Function norm 4.235650777911e+07 
  1 SNES Function norm 4.632239265200e+03 
  0 SNES Function norm 4.270243079491e+07 
  1 SNES Function norm 5.180363555602e+03 
  0 SNES Function norm 4.059979485439e+07 
  1 SNES Function norm 5.087234722307e+03 
  0 SNES Function norm 3.655929334392e+07 
  1 SNES Function norm 4.438391936735e+03 
  0 SNES Function norm 3.083377402752e+07 
  1 SNES Function norm 3.568825692985e+03 
  0 SNES Function norm 2.303286586176e+07 
  1 SNES Function norm 2.510930954694e+03 
  0 SNES Function norm 1.382277374218e+07 
  1 SNES Function norm 1.279767816310e+03 
  0 SNES Function norm 6.265669888919e+06 
  1 SNES Function norm 3.751325376336e+02 
Calculating minimum distance constraints.
ADJOINT RUN:
angle: [443361.34692073596, 3322651.890611914, 443361.841804065, 3322702.0061393525, 443362.1703766987, 3322752.208607258, 443362.89230202994, 3322802.3365408257, 443421.2944662512, 3322651.909648639, 443421.768927996, 3322702.0288730646, 443422.1697896183, 3322752.139109124, 443422.9133815219, 3322802.3356463457, 443481.2721160458, 3322651.908293422, 443481.7627418757, 3322702.0246844925, 443482.10351076955, 3322752.1176412813, 443482.7145036785, 3322802.282204452, 443541.31680222205, 3322651.9169081687, 443541.8207230795, 3322702.011721409, 443542.1015225491, 3322752.096324613, 443542.70740803715, 3322802.302542907]
Controls value: ([443361.34692073596, 3322651.890611914, 443361.841804065, 3322702.0061393525, 443362.1703766987, 3322752.208607258, 443362.89230202994, 3322802.3365408257, 443421.2944662512, 3322651.909648639, 443421.768927996, 3322702.0288730646, 443422.1697896183, 3322752.139109124, 443422.9133815219, 3322802.3356463457, 443481.2721160458, 3322651.908293422, 443481.7627418757, 3322702.0246844925, 443482.10351076955, 3322752.1176412813, 443482.7145036785, 3322802.282204452, 443541.31680222205, 3322651.9169081687, 443541.8207230795, 3322702.011721409, 443542.1015225491, 3322752.096324613, 443542.70740803715, 3322802.302542907],)
Derivatives: ([0.004315380246198115, 0.0007056713501628434, 0.0010746401173995857, -3.4912372837867574e-05, -0.0009720220926554874, -0.0013616181198453066, -0.00568123390663673, -0.0024261631923829445, 0.004363382025673356, 0.0004524054991029572, 0.0013742551605450994, -0.0002245793370660488, -0.000995125153595023, -0.0008848794047527412, -0.005844168106026395, -0.0020582233419200045, 0.004638123496331665, 0.0005412570269628679, 0.0014057902917482773, -0.00017017789185368005, -0.0006892413888211931, -0.0007894071505934051, -0.004476492543985835, -0.0016912525711513457, 0.004234157202809547, 0.0004751089768682454, 0.0010750592110921927, -9.419134279279172e-05, -0.0006864342140042356, -0.0006455166009040468, -0.004414234261024864, -0.001847391924981828],)
Functional value: -5.81923414819956
Costs, average power, integrated power and profit for each farm: [16.0000684272745], [1243.4261000426409], [58192341.4819956], [1243.4261000426409]
Costs, average power, integrated power and profit for each farm: 0, 0, [2962465.932834269, 2924251.636694398, 3437850.2523659915, 4425908.320372661, 3346126.8180372566, 3370594.9682512647, 3726535.9602452302, 4450181.987273449, 3538865.9358451967, 3511803.722458022, 3765930.787845268, 4315867.277934953, 3493621.81834967, 3408295.7905423967, 3547240.9897931353, 3966799.2831482445], 0
Calculating gradient of equality constraint
FORWARD RUN:
angle: [443358.76355975046, 3322651.458003805, 443361.2158860014, 3322702.0303959358, 443362.84354687145, 3322753.0336993914, 443366.4208351618, 3322803.6687754975, 443418.50511311746, 3322651.5529850353, 443420.8556600078, 3322702.1432562927, 443422.8407727908, 3322752.6892012837, 443426.5254137567, 3322803.662530652, 443478.39374446333, 3322651.545858217, 443480.82505272474, 3322702.1223648107, 443482.51299035177, 3322752.583051028, 443485.5395895308, 3322803.397629339, 443538.61571568693, 3322651.588595752, 443541.1121238767, 3322702.0581722376, 443542.50318927603, 3322752.4773969688, 443545.50438058696, 3322803.4985339083]
  0 SNES Function norm 9.815933265975e+06 
  1 SNES Function norm 2.366579512201e+03 
  0 SNES Function norm 1.552026575019e+07 
  1 SNES Function norm 5.436498483803e+02 
  0 SNES Function norm 2.495908656474e+07 
  1 SNES Function norm 1.962003065198e+03 
  0 SNES Function norm 3.364825846691e+07 
  1 SNES Function norm 3.467001681406e+03 
  0 SNES Function norm 4.049477047219e+07 
  1 SNES Function norm 4.897273915951e+03 
  0 SNES Function norm 4.471820898661e+07 
  1 SNES Function norm 5.763839483489e+03 
  0 SNES Function norm 4.654553422305e+07 
  1 SNES Function norm 5.583390030873e+03 
  0 SNES Function norm 4.572701235237e+07 
  1 SNES Function norm 5.730421094605e+03 
  0 SNES Function norm 4.294061528314e+07 
  1 SNES Function norm 5.749457874687e+03 
  0 SNES Function norm 3.861861982701e+07 
  1 SNES Function norm 5.806796379239e+03 
  0 SNES Function norm 3.059260409535e+07 
  1 SNES Function norm 4.947860372980e+03 
  0 SNES Function norm 2.069284385985e+07 
  1 SNES Function norm 2.345387759440e+03 
  0 SNES Function norm 1.042728021032e+07 
  1 SNES Function norm 8.071288536461e+02 
  0 SNES Function norm 6.897658034853e+06 
  1 SNES Function norm 1.805606988892e+02 
  0 SNES Function norm 1.548248742281e+07 
  1 SNES Function norm 3.493973070662e+02 
  0 SNES Function norm 2.530484135195e+07 
  1 SNES Function norm 1.252106581083e+03 
  0 SNES Function norm 3.349907465168e+07 
  1 SNES Function norm 2.352650586404e+03 
  0 SNES Function norm 3.930481918970e+07 
  1 SNES Function norm 3.539228965666e+03 
  0 SNES Function norm 4.235650778650e+07 
  1 SNES Function norm 4.632276401112e+03 
  0 SNES Function norm 4.270243180895e+07 
  1 SNES Function norm 5.180388457229e+03 
  0 SNES Function norm 4.059979678993e+07 
  1 SNES Function norm 5.087237196272e+03 
  0 SNES Function norm 3.655929611974e+07 
  1 SNES Function norm 4.438382226479e+03 
  0 SNES Function norm 3.083377075556e+07 
  1 SNES Function norm 3.568815926214e+03 
  0 SNES Function norm 2.303286653806e+07 
  1 SNES Function norm 2.510924570218e+03 
  0 SNES Function norm 1.382275451188e+07 
  1 SNES Function norm 1.279767867135e+03 
  0 SNES Function norm 6.265682642078e+06 
  1 SNES Function norm 3.751342361069e+02 
Calculating minimum distance constraints.
ADJOINT RUN:
angle: [443358.76355975046, 3322651.458003805, 443361.2158860014, 3322702.0303959358, 443362.84354687145, 3322753.0336993914, 443366.4208351618, 3322803.6687754975, 443418.50511311746, 3322651.5529850353, 443420.8556600078, 3322702.1432562927, 443422.8407727908, 3322752.6892012837, 443426.5254137567, 3322803.662530652, 443478.39374446333, 3322651.545858217, 443480.82505272474, 3322702.1223648107, 443482.51299035177, 3322752.583051028, 443485.5395895308, 3322803.397629339, 443538.61571568693, 3322651.588595752, 443541.1121238767, 3322702.0581722376, 443542.50318927603, 3322752.4773969688, 443545.50438058696, 3322803.4985339083]
Controls value: ([443358.76355975046, 3322651.458003805, 443361.2158860014, 3322702.0303959358, 443362.84354687145, 3322753.0336993914, 443366.4208351618, 3322803.6687754975, 443418.50511311746, 3322651.5529850353, 443420.8556600078, 3322702.1432562927, 443422.8407727908, 3322752.6892012837, 443426.5254137567, 3322803.662530652, 443478.39374446333, 3322651.545858217, 443480.82505272474, 3322702.1223648107, 443482.51299035177, 3322752.583051028, 443485.5395895308, 3322803.397629339, 443538.61571568693, 3322651.588595752, 443541.1121238767, 3322702.0581722376, 443542.50318927603, 3322752.4773969688, 443545.50438058696, 3322803.4985339083],)
Derivatives: ([0.004260238853898062, 0.0005749398386084515, 0.0010281651619881752, -7.67179521414106e-05, -0.0006802254942087037, -0.0014481844765731051, -0.005418225367245009, -0.001974478441547773, 0.0037360519661286517, 0.00028049311498995217, 0.0008726295240430028, -0.00036290685725318437, -0.0009675897804293568, -0.0010109454694970255, -0.004062762903139605, -0.0014805737995419058, 0.0037910172710003487, 0.00016856851847686375, 0.000920400036144094, -0.00027593344243210827, -0.0006420003297135127, -0.0007897872606060654, -0.0033503023109890803, -0.001238606072999051, 0.0037631101913740764, 0.000313633706435867, 0.0006424857953017522, -0.00012376325252613432, -0.0008826347924155192, -0.0007654517835649747, -0.00397432327063122, -0.0016277079458178983],)
Functional value: -5.9430003178198465
Costs, average power, integrated power and profit for each farm: [15.999899944293078], [1269.8718627820185], [59430003.178198464], [1269.8718627820185]
Costs, average power, integrated power and profit for each farm: 0, 0, [3016745.7271706644, 3007528.0315127093, 3562707.6916903653, 4547113.833022019, 3374601.493266194, 3458527.4260062077, 3856625.576944396, 4560263.8695054995, 3554879.240828284, 3580569.1349521694, 3869251.3541342397, 4392633.853232144, 3511959.373061513, 3460593.694234026, 3630133.330906412, 4045869.54772399], 0
Calculating gradient of equality constraint
FORWARD RUN:
angle: [443352.0, 3322650.323075386, 443359.5732727272, 3322702.094199516, 443364.60916137864, 3322755.1994787846, 443375.680526917, 3322807.16388307, 443411.1867767465, 3322650.617629917, 443418.4606294486, 3322702.4439722593, 443424.60159321333, 3322754.1333536226, 443435.9989721498, 3322807.1428445065, 443470.84243297856, 3322650.595987434, 443478.36587907764, 3322702.3791065146, 443483.58752765786, 3322753.804551683, 443492.95001284237, 3322806.3233828507, 443531.5284775767, 3322650.7275523446, 443539.2539776708, 3322702.1802021875, 443543.5580801666, 3322753.477965092, 443552.84340185946, 3322806.6365688466]
  0 SNES Function norm 9.815933273279e+06 
  1 SNES Function norm 2.366579176175e+03 
  0 SNES Function norm 1.552026439773e+07 
  1 SNES Function norm 5.436558425933e+02 
  0 SNES Function norm 2.495908694301e+07 
  1 SNES Function norm 1.962017889182e+03 
  0 SNES Function norm 3.364825898309e+07 
  1 SNES Function norm 3.467004226562e+03 
  0 SNES Function norm 4.049476769294e+07 
  1 SNES Function norm 4.897255006312e+03 
  0 SNES Function norm 4.471820928441e+07 
  1 SNES Function norm 5.763802817260e+03 
  0 SNES Function norm 4.654553280116e+07 
  1 SNES Function norm 5.583369492096e+03 
  0 SNES Function norm 4.572699801936e+07 
  1 SNES Function norm 5.730413527853e+03 
  0 SNES Function norm 4.294061582350e+07 
  1 SNES Function norm 5.749481736413e+03 
  0 SNES Function norm 3.861860539120e+07 
  1 SNES Function norm 5.806814209586e+03 
  0 SNES Function norm 3.059260352233e+07 
  1 SNES Function norm 4.947873413074e+03 
  0 SNES Function norm 2.069283651329e+07 
  1 SNES Function norm 2.345397933155e+03 
  0 SNES Function norm 1.042727410643e+07 
  1 SNES Function norm 8.071402062403e+02 
  0 SNES Function norm 6.897646700846e+06 
  1 SNES Function norm 1.805664217151e+02 
  0 SNES Function norm 1.548248341348e+07 
  1 SNES Function norm 3.493946495357e+02 
  0 SNES Function norm 2.530483937859e+07 
  1 SNES Function norm 1.252120201636e+03 
  0 SNES Function norm 3.349907361976e+07 
  1 SNES Function norm 2.352692549526e+03 
  0 SNES Function norm 3.930481872627e+07 
  1 SNES Function norm 3.539278203878e+03 
  0 SNES Function norm 4.235650782445e+07 
  1 SNES Function norm 4.632338315533e+03 
  0 SNES Function norm 4.270243354543e+07 
  1 SNES Function norm 5.180429957189e+03 
  0 SNES Function norm 4.059979975550e+07 
  1 SNES Function norm 5.087243352812e+03 
  0 SNES Function norm 3.655930053809e+07 
  1 SNES Function norm 4.438367881111e+03 
  0 SNES Function norm 3.083376538541e+07 
  1 SNES Function norm 3.568802361379e+03 
  0 SNES Function norm 2.303286760745e+07 
  1 SNES Function norm 2.510914835476e+03 
  0 SNES Function norm 1.382272218174e+07 
  1 SNES Function norm 1.279768305687e+03 
  0 SNES Function norm 6.265702297483e+06 
  1 SNES Function norm 3.751368326997e+02 
Calculating minimum distance constraints.
ADJOINT RUN:
angle: [443352.0, 3322650.323075386, 443359.5732727272, 3322702.094199516, 443364.60916137864, 3322755.1994787846, 443375.680526917, 3322807.16388307, 443411.1867767465, 3322650.617629917, 443418.4606294486, 3322702.4439722593, 443424.60159321333, 3322754.1333536226, 443435.9989721498, 3322807.1428445065, 443470.84243297856, 3322650.595987434, 443478.36587907764, 3322702.3791065146, 443483.58752765786, 3322753.804551683, 443492.95001284237, 3322806.3233828507, 443531.5284775767, 3322650.7275523446, 443539.2539776708, 3322702.1802021875, 443543.5580801666, 3322753.477965092, 443552.84340185946, 3322806.6365688466]
Controls value: ([443352.0, 3322650.323075386, 443359.5732727272, 3322702.094199516, 443364.60916137864, 3322755.1994787846, 443375.680526917, 3322807.16388307, 443411.1867767465, 3322650.617629917, 443418.4606294486, 3322702.4439722593, 443424.60159321333, 3322754.1333536226, 443435.9989721498, 3322807.1428445065, 443470.84243297856, 3322650.595987434, 443478.36587907764, 3322702.3791065146, 443483.58752765786, 3322753.804551683, 443492.95001284237, 3322806.3233828507, 443531.5284775767, 3322650.7275523446, 443539.2539776708, 3322702.1802021875, 443543.5580801666, 3322753.477965092, 443552.84340185946, 3322806.6365688466],)
Derivatives: ([0.0027533835817780206, 0.0001390141026283765, 0.0005405280932380668, -0.0002173133239624568, -0.0012488365576744924, -0.0016261683235862076, -0.0013737727410718602, -0.0013376655163392878, 0.0011646366234689474, -0.0002334115978301634, -0.0007520213015426397, -0.0006066770835948589, -0.0013868160977686815, -0.0010318237583354952, 0.0002469295424648873, -0.0007446361543410689, 0.0015905513854243675, -0.00026461466426077614, -0.0004183452567438384, -0.00039290459142227223, -0.0008444588115306968, -0.0009658933634282415, -0.00017218904322830294, -0.0008087902400850961, 0.0017771503594802153, -0.000215091766742142, -0.00019179500165208643, -0.00021257496123026047, -0.0016181556177628914, -0.000931555303945442, -0.0013515193785651775, -0.0010633676727396534],)
Functional value: -6.135445977136747
Costs, average power, integrated power and profit for each farm: [16.000449563238654], [1310.9927301574246], [61354459.771367475], [1310.9927301574246]
Costs, average power, integrated power and profit for each farm: 0, 0, [3117872.0138612418, 3202398.973583214, 3859435.170705163, 4701606.8096643975, 3345711.6330128587, 3604496.172920791, 4117840.074316544, 4642398.329645955, 3539498.8663011305, 3675224.984151774, 4068749.8319401196, 4437595.113391813, 3529609.2328491407, 3547902.959939693, 3790828.8975474937, 4173290.7075195853], 0
Calculating gradient of equality constraint
FORWARD RUN:
angle: [443352.0, 3322650.320967896, 443359.56988269737, 3322702.0945278276, 443364.61347448634, 3322755.204863527, 443375.6979611411, 3322807.1712842807, 443411.17291838146, 3322650.6162414923, 443418.4572290129, 3322702.445101372, 443424.60603605345, 3322754.1368915634, 443436.0151546436, 3322807.149626285, 443470.8277438899, 3322650.594605018, 443478.36203316104, 3322702.379945262, 443483.5902370194, 3322753.8076375145, 443492.96303700766, 3322806.32926713, 443531.5144065074, 3322650.7262744815, 443539.2509471529, 3322702.180626722, 443543.5615303383, 3322753.4806333245, 443552.85748316906, 3322806.6430761227]
  0 SNES Function norm 9.815933273354e+06 
  1 SNES Function norm 2.366579176172e+03 
  0 SNES Function norm 1.552026439642e+07 
  1 SNES Function norm 5.436558628046e+02 
  0 SNES Function norm 2.495908694331e+07 
  1 SNES Function norm 1.962017919185e+03 
  0 SNES Function norm 3.364825898450e+07 
  1 SNES Function norm 3.467004222801e+03 
  0 SNES Function norm 4.049476768472e+07 
  1 SNES Function norm 4.897254950487e+03 
  0 SNES Function norm 4.471820928472e+07 
  1 SNES Function norm 5.763802727898e+03 
  0 SNES Function norm 4.654553279761e+07 
  1 SNES Function norm 5.583369446713e+03 
  0 SNES Function norm 4.572699798187e+07 
  1 SNES Function norm 5.730413503630e+03 
  0 SNES Function norm 4.294061582437e+07 
  1 SNES Function norm 5.749481782820e+03 
  0 SNES Function norm 3.861860535363e+07 
  1 SNES Function norm 5.806814251111e+03 
  0 SNES Function norm 3.059260352127e+07 
  1 SNES Function norm 4.947873436100e+03 
  0 SNES Function norm 2.069283649694e+07 
  1 SNES Function norm 2.345397940777e+03 
  0 SNES Function norm 1.042727410126e+07 
  1 SNES Function norm 8.071402128536e+02 
  0 SNES Function norm 6.897646689872e+06 
  1 SNES Function norm 1.805664280096e+02 
  0 SNES Function norm 1.548248341032e+07 
  1 SNES Function norm 3.493946453942e+02 
  0 SNES Function norm 2.530483937719e+07 
  1 SNES Function norm 1.252120209864e+03 
  0 SNES Function norm 3.349907361871e+07 
  1 SNES Function norm 2.352692586350e+03 
  0 SNES Function norm 3.930481872634e+07 
  1 SNES Function norm 3.539278247421e+03 
  0 SNES Function norm 4.235650782447e+07 
  1 SNES Function norm 4.632338373465e+03 
  0 SNES Function norm 4.270243354702e+07 
  1 SNES Function norm 5.180430003685e+03 
  0 SNES Function norm 4.059979975765e+07 
  1 SNES Function norm 5.087243372708e+03 
  0 SNES Function norm 3.655930054164e+07 
  1 SNES Function norm 4.438367872421e+03 
  0 SNES Function norm 3.083376537854e+07 
  1 SNES Function norm 3.568802341090e+03 
  0 SNES Function norm 2.303286760741e+07 
  1 SNES Function norm 2.510914813698e+03 
  0 SNES Function norm 1.382272214671e+07 
  1 SNES Function norm 1.279768301142e+03 
  0 SNES Function norm 6.265702310102e+06 
  1 SNES Function norm 3.751368341579e+02 
Calculating minimum distance constraints.
ADJOINT RUN:
angle: [443352.0, 3322650.320967896, 443359.56988269737, 3322702.0945278276, 443364.61347448634, 3322755.204863527, 443375.6979611411, 3322807.1712842807, 443411.17291838146, 3322650.6162414923, 443418.4572290129, 3322702.445101372, 443424.60603605345, 3322754.1368915634, 443436.0151546436, 3322807.149626285, 443470.8277438899, 3322650.594605018, 443478.36203316104, 3322702.379945262, 443483.5902370194, 3322753.8076375145, 443492.96303700766, 3322806.32926713, 443531.5144065074, 3322650.7262744815, 443539.2509471529, 3322702.180626722, 443543.5615303383, 3322753.4806333245, 443552.85748316906, 3322806.6430761227]
Controls value: ([443352.0, 3322650.320967896, 443359.56988269737, 3322702.0945278276, 443364.61347448634, 3322755.204863527, 443375.6979611411, 3322807.1712842807, 443411.17291838146, 3322650.6162414923, 443418.4572290129, 3322702.445101372, 443424.60603605345, 3322754.1368915634, 443436.0151546436, 3322807.149626285, 443470.8277438899, 3322650.594605018, 443478.36203316104, 3322702.379945262, 443483.5902370194, 3322753.8076375145, 443492.96303700766, 3322806.32926713, 443531.5144065074, 3322650.7262744815, 443539.2509471529, 3322702.180626722, 443543.5615303383, 3322753.4806333245, 443552.85748316906, 3322806.6430761227],)
Derivatives: ([0.0027531486905006865, 0.00013934221833084527, 0.0005387698247369749, -0.00021800732373026567, -0.0012515867893261074, -0.00162815885671212, -0.001369407648772927, -0.0013302983243700444, 0.0011641164413450653, -0.00023339356727126217, -0.000753677553651371, -0.0006072656995427517, -0.0013836932062846583, -0.0010315976347182532, 0.0002582697905825075, -0.0007465936194821843, 0.001591147616774713, -0.00026377198601330653, -0.00041973499903560647, -0.00039244071227879365, -0.0008437465654120821, -0.0009655748841944007, -0.0001700618667066243, -0.0008113085721212549, 0.0017721193623867631, -0.00021413938827048436, -0.00019183412408736548, -0.00021225858482081395, -0.0016183165326697036, -0.0009311796052605983, -0.0013323684270972907, -0.0010519873606553362],)
Functional value: -6.135612860216951
Costs, average power, integrated power and profit for each farm: [16.000458375121983], [1311.028388935246], [61356128.60216951], [1311.028388935246]
Costs, average power, integrated power and profit for each farm: 0, 0, [3117876.8376476187, 3202536.4377347194, 3859858.324641042, 4701679.087961512, 3345588.2488948335, 3604656.095472228, 4118148.6361656766, 4642288.403810284, 3539471.4704914317, 3675326.7684601927, 4068991.590098641, 4437545.358945505, 3529640.051506726, 3548040.3984856517, 3791068.6030828143, 4173412.2887540837], 0
Calculating gradient of equality constraint
FORWARD RUN:
angle: [443352.0, 3322650.310477129, 443359.553011259, 3322702.0961701544, 443364.634978657, 3322755.231705061, 443375.7847161772, 3322807.2081047343, 443411.1039407603, 3322650.609339132, 443418.44033716904, 3322702.4507371127, 443424.6281597377, 3322754.1545187025, 443436.09560692136, 3322807.1833967846, 443470.7546169638, 3322650.5877292, 443478.3429152904, 3322702.384125771, 443483.60373455787, 3322753.823013123, 443493.0278316049, 3322806.358576561, 443531.44437803613, 3322650.7199170897, 443539.2358739112, 3322702.1827426297, 443543.57873718283, 3322753.4939300586, 443552.9274814936, 3322806.6754220263]
  0 SNES Function norm 9.815933273731e+06 
  1 SNES Function norm 2.366579176231e+03 
  0 SNES Function norm 1.552026439010e+07 
  1 SNES Function norm 5.436559627001e+02 
  0 SNES Function norm 2.495908694477e+07 
  1 SNES Function norm 1.962018067096e+03 
  0 SNES Function norm 3.364825899152e+07 
  1 SNES Function norm 3.467004203475e+03 
  0 SNES Function norm 4.049476764403e+07 
  1 SNES Function norm 4.897254673345e+03 
  0 SNES Function norm 4.471820928621e+07 
  1 SNES Function norm 5.763802285766e+03 
  0 SNES Function norm 4.654553278006e+07 
  1 SNES Function norm 5.583369223251e+03 
  0 SNES Function norm 4.572699779573e+07 
  1 SNES Function norm 5.730413384541e+03 
  0 SNES Function norm 4.294061582867e+07 
  1 SNES Function norm 5.749482012114e+03 
  0 SNES Function norm 3.861860516694e+07 
  1 SNES Function norm 5.806814455830e+03 
  0 SNES Function norm 3.059260351606e+07 
  1 SNES Function norm 4.947873549481e+03 
  0 SNES Function norm 2.069283641568e+07 
  1 SNES Function norm 2.345397978020e+03 
  0 SNES Function norm 1.042727407596e+07 
  1 SNES Function norm 8.071402449641e+02 
  0 SNES Function norm 6.897646636014e+06 
  1 SNES Function norm 1.805664589570e+02 
  0 SNES Function norm 1.548248339488e+07 
  1 SNES Function norm 3.493946249604e+02 
  0 SNES Function norm 2.530483937037e+07 
  1 SNES Function norm 1.252120249836e+03 
  0 SNES Function norm 3.349907361360e+07 
  1 SNES Function norm 2.352692766672e+03 
  0 SNES Function norm 3.930481872671e+07 
  1 SNES Function norm 3.539278460713e+03 
  0 SNES Function norm 4.235650782455e+07 
  1 SNES Function norm 4.632338657382e+03 
  0 SNES Function norm 4.270243355482e+07 
  1 SNES Function norm 5.180430231957e+03 
  0 SNES Function norm 4.059979976813e+07 
  1 SNES Function norm 5.087243471208e+03 
  0 SNES Function norm 3.655930055905e+07 
  1 SNES Function norm 4.438367830366e+03 
  0 SNES Function norm 3.083376534473e+07 
  1 SNES Function norm 3.568802241549e+03 
  0 SNES Function norm 2.303286760720e+07 
  1 SNES Function norm 2.510914706426e+03 
  0 SNES Function norm 1.382272197483e+07 
  1 SNES Function norm 1.279768278616e+03 
  0 SNES Function norm 6.265702371727e+06 
  1 SNES Function norm 3.751368412538e+02 
Calculating minimum distance constraints.
ADJOINT RUN:
angle: [443352.0, 3322650.310477129, 443359.553011259, 3322702.0961701544, 443364.634978657, 3322755.231705061, 443375.7847161772, 3322807.2081047343, 443411.1039407603, 3322650.609339132, 443418.44033716904, 3322702.4507371127, 443424.6281597377, 3322754.1545187025, 443436.09560692136, 3322807.1833967846, 443470.7546169638, 3322650.5877292, 443478.3429152904, 3322702.384125771, 443483.60373455787, 3322753.823013123, 443493.0278316049, 3322806.358576561, 443531.44437803613, 3322650.7199170897, 443539.2358739112, 3322702.1827426297, 443543.57873718283, 3322753.4939300586, 443552.9274814936, 3322806.6754220263]
Controls value: ([443352.0, 3322650.310477129, 443359.553011259, 3322702.0961701544, 443364.634978657, 3322755.231705061, 443375.7847161772, 3322807.2081047343, 443411.1039407603, 3322650.609339132, 443418.44033716904, 3322702.4507371127, 443424.6281597377, 3322754.1545187025, 443436.09560692136, 3322807.1833967846, 443470.7546169638, 3322650.5877292, 443478.3429152904, 3322702.384125771, 443483.60373455787, 3322753.823013123, 443493.0278316049, 3322806.358576561, 443531.44437803613, 3322650.7199170897, 443539.2358739112, 3322702.1827426297, 443543.57873718283, 3322753.4939300586, 443552.9274814936, 3322806.6754220263],)
Derivatives: ([0.0027519807888922473, 0.00014100327308827653, 0.0005300947762817541, -0.00022142016850399765, -0.0012655574075100384, -0.0016388719868367808, -0.0013404878732583391, -0.001290930088562368, 0.001161472477343855, -0.0002335654844292885, -0.0007618214549739442, -0.0006101956822705509, -0.00136799167450071, -0.0010304105335613661, 0.0003221165523310751, -0.0007545915613197923, 0.00159739676985683, -0.00025964753614043836, -0.00042678997914092286, -0.0003899846576742676, -0.0008401629874161664, -0.0009639516878589163, -0.00015594988285995523, -0.0008183728155863082, 0.0017466591563763743, -0.00021013107747382514, -0.0001919223727316193, -0.00021062358733080298, -0.0016188922024913612, -0.0009292849910034305, -0.0012362566359442342, -0.000995356046520817],)
Functional value: -6.136432079749872
Costs, average power, integrated power and profit for each farm: [16.000489354927534], [1311.2034358439896], [61364320.79749872], [1311.2034358439896]
Costs, average power, integrated power and profit for each farm: 0, 0, [3117900.2756938627, 3203218.899103906, 3861961.2704076907, 4702025.70659659, 3344980.9132342828, 3605445.013308499, 4119673.412918327, 4641718.421495003, 3539347.8820898333, 3675829.0643782313, 4070186.5634074667, 4437297.663498389, 3529789.5789590813, 3548721.9372669957, 3792256.7159046694, 4173967.4792193556], 0
Calculating gradient of equality constraint
FORWARD RUN:
angle: [443352.0, 3322650.2592750234, 443359.47068149614, 3322702.1042279997, 443364.7401165314, 3322755.3629135448, 443376.2079559343, 3322807.3877009326, 443410.76731732575, 3322650.575700978, 443418.35807916377, 3322702.478325221, 443424.7361890853, 3322754.240638619, 443436.48770747514, 3322807.3482732526, 443470.39765084774, 3322650.5542031256, 443478.24974810594, 3322702.4045592663, 443483.6696725917, 3322753.8981387764, 443493.3438586878, 3322806.5016955147, 443531.10266069265, 3322650.6889138552, 443539.16237133805, 3322702.1930846395, 443543.66289464105, 3322753.55890876, 443553.26863934123, 3322806.833067129]
  0 SNES Function norm 9.815933275668e+06 
  1 SNES Function norm 2.366579178675e+03 
  0 SNES Function norm 1.552026436499e+07 
  1 SNES Function norm 5.436564374888e+02 
  0 SNES Function norm 2.495908695083e+07 
  1 SNES Function norm 1.962018759093e+03 
  0 SNES Function norm 3.364825902565e+07 
  1 SNES Function norm 3.467004091049e+03 
  0 SNES Function norm 4.049476744919e+07 
  1 SNES Function norm 4.897253322313e+03 
  0 SNES Function norm 4.471820929267e+07 
  1 SNES Function norm 5.763800173508e+03 
  0 SNES Function norm 4.654553269684e+07 
  1 SNES Function norm 5.583368188136e+03 
  0 SNES Function norm 4.572699688753e+07 
  1 SNES Function norm 5.730412836684e+03 
  0 SNES Function norm 4.294061584888e+07 
  1 SNES Function norm 5.749483096742e+03 
  0 SNES Function norm 3.861860425165e+07 
  1 SNES Function norm 5.806815413448e+03 
  0 SNES Function norm 3.059260349125e+07 
  1 SNES Function norm 4.947874075977e+03 
  0 SNES Function norm 2.069283601662e+07 
  1 SNES Function norm 2.345398143420e+03 
  0 SNES Function norm 1.042727396252e+07 
  1 SNES Function norm 8.071403819155e+02 
  0 SNES Function norm 6.897646391115e+06 
  1 SNES Function norm 1.805666015651e+02 
  0 SNES Function norm 1.548248332666e+07 
  1 SNES Function norm 3.493945293136e+02 
  0 SNES Function norm 2.530483934061e+07 
  1 SNES Function norm 1.252120421820e+03 
  0 SNES Function norm 3.349907359059e+07 
  1 SNES Function norm 2.352693578635e+03 
  0 SNES Function norm 3.930481872973e+07 
  1 SNES Function norm 3.539279421961e+03 
  0 SNES Function norm 4.235650782497e+07 
  1 SNES Function norm 4.632339937332e+03 
  0 SNES Function norm 4.270243359040e+07 
  1 SNES Function norm 5.180431269382e+03 
  0 SNES Function norm 4.059979981423e+07 
  1 SNES Function norm 5.087243940455e+03 
  0 SNES Function norm 3.655930063724e+07 
  1 SNES Function norm 4.438367654178e+03 
  0 SNES Function norm 3.083376518786e+07 
  1 SNES Function norm 3.568801787568e+03 
  0 SNES Function norm 2.303286760600e+07 
  1 SNES Function norm 2.510914204931e+03 
  0 SNES Function norm 1.382272118924e+07 
  1 SNES Function norm 1.279768168843e+03 
  0 SNES Function norm 6.265702642790e+06 
  1 SNES Function norm 3.751368716548e+02 
Calculating minimum distance constraints.
ADJOINT RUN:
angle: [443352.0, 3322650.2592750234, 443359.47068149614, 3322702.1042279997, 443364.7401165314, 3322755.3629135448, 443376.2079559343, 3322807.3877009326, 443410.76731732575, 3322650.575700978, 443418.35807916377, 3322702.478325221, 443424.7361890853, 3322754.240638619, 443436.48770747514, 3322807.3482732526, 443470.39765084774, 3322650.5542031256, 443478.24974810594, 3322702.4045592663, 443483.6696725917, 3322753.8981387764, 443493.3438586878, 3322806.5016955147, 443531.10266069265, 3322650.6889138552, 443539.16237133805, 3322702.1930846395, 443543.66289464105, 3322753.55890876, 443553.26863934123, 3322806.833067129]
