Exporting to ../../outputs/5.3D/dx150
UFL:WARNING Discontinuous Lagrange element requested on triangle * interval, creating DQ element.
Using default SIPG parameters
Coupled time integrator: CoupledTwoStageRK
  2D time integrator: ESDIRKTrapezoid
  3D time integrator: SSPRK22ALE
  3D implicit time integrator: BackwardEuler
2D mesh: 1313 nodes, 2400 triangles
3D mesh: 6 layers, 14400 prisms
Horizontal element size: 1.00 ... 1.00 m
Vertical element size: 0.900 ... 0.900 m
Element family: dg-dg, degree: 1
Number of tracer DOFs: 86400
Number of cores: 8
Tracer DOFs per core: ~10800.0
  - dt 2d swe: 0.004638940161693393
  - dt h. advection: 0.014285714285714193
  - dt v. advection: 22.49999999999989
  - dt viscosity: 0.00999999999999987
  - CFL adjusted dt: 2D: inf 3D: 0.00999999999999987
  - chosen dt: 2D: 0.00999999999999987 3D: 0.00999999999999987
  - adjusted dt: 2D: 0.009995002498750625 3D: 0.009995002498750625
dt = 0.009995
max h diff 0.8337499999999952 - 0.8337500000000025
    0     0 T=      0.00 eta norm:     0.0000 u norm:     0.0000  0.00
    1  2001 T=     20.00 eta norm:    13.5540 u norm:     0.4085 462.00
    2  4002 T=     40.00 eta norm:    23.0216 u norm:     3.2133 459.49
    3  6003 T=     60.00 eta norm:    25.3010 u norm:     9.9144 459.67
    4  8004 T=     80.00 eta norm:    23.6397 u norm:    20.5622 459.12
    5 10005 T=    100.00 eta norm:    20.3225 u norm:    31.4841 459.63
    6 12006 T=    120.00 eta norm:    17.1779 u norm:    38.9195 460.12
    7 14007 T=    140.00 eta norm:    14.1895 u norm:    43.2885 459.42
    8 16008 T=    160.00 eta norm:    11.5738 u norm:    48.6575 459.47
    9 18009 T=    180.00 eta norm:     9.4937 u norm:    53.5545 459.60
   10 20010 T=    200.00 eta norm:     7.6230 u norm:    59.1839 459.57
   11 22011 T=    220.00 eta norm:     6.1433 u norm:    63.5621 460.53
   12 24012 T=    240.00 eta norm:     4.8893 u norm:    65.4595 460.67
   13 26013 T=    260.00 eta norm:     3.9615 u norm:    65.3466 459.80
   14 28014 T=    280.00 eta norm:     3.4248 u norm:    66.0038 460.81
   15 30015 T=    300.00 eta norm:     3.0211 u norm:    65.2909 460.04
   16 32016 T=    320.00 eta norm:     2.6842 u norm:    64.1062 460.05
   17 34017 T=    340.00 eta norm:     2.5861 u norm:    66.0547 460.07
   18 36018 T=    360.00 eta norm:     4.3850 u norm:    59.9987 460.78
   19 38019 T=    380.00 eta norm:     5.7217 u norm:    46.9388 459.84
   20 40020 T=    400.00 eta norm:     7.3702 u norm:    39.4760 460.27
   21 42021 T=    420.00 eta norm:     7.1603 u norm:    33.8054 460.73
   22 44022 T=    440.00 eta norm:     7.7032 u norm:    36.2215 460.13
   23 46023 T=    460.00 eta norm:     7.4880 u norm:    38.9675 459.53
   24 48024 T=    480.00 eta norm:     7.0975 u norm:    40.8452 461.00
   25 50025 T=    500.00 eta norm:     6.4997 u norm:    45.5829 460.50
   26 52026 T=    520.00 eta norm:     6.7139 u norm:    50.8516 460.56
   27 54027 T=    540.00 eta norm:     7.5226 u norm:    54.2997 460.50
   28 56028 T=    560.00 eta norm:     8.0183 u norm:    50.0419 460.99
   29 58029 T=    580.00 eta norm:    10.1209 u norm:    39.5089 461.37
   30 60030 T=    600.00 eta norm:     9.2394 u norm:    36.4914 460.48
   31 62031 T=    620.00 eta norm:     9.0929 u norm:    39.2363 460.31
   32 64032 T=    640.00 eta norm:     7.8831 u norm:    41.0497 461.28
   33 66033 T=    660.00 eta norm:     7.9878 u norm:    43.8943 460.82
   34 68034 T=    680.00 eta norm:     7.4161 u norm:    44.5573 460.46
   35 70035 T=    700.00 eta norm:     8.1336 u norm:    45.7418 461.64
   36 72036 T=    720.00 eta norm:     7.5742 u norm:    46.2659 461.07
   37 74037 T=    740.00 eta norm:     8.0044 u norm:    43.0242 460.72
   38 76038 T=    760.00 eta norm:     7.9731 u norm:    42.0206 460.76
   39 78039 T=    780.00 eta norm:     8.6162 u norm:    41.0001 460.69
   40 80040 T=    800.00 eta norm:     8.4447 u norm:    38.5941 459.96
   41 82041 T=    820.00 eta norm:     9.5439 u norm:    38.0116 460.95
   42 84042 T=    840.00 eta norm:     8.6578 u norm:    40.0027 461.12
   43 86043 T=    860.00 eta norm:     8.6094 u norm:    41.7601 460.76
   44 88044 T=    880.00 eta norm:     8.5318 u norm:    44.2212 462.24
   45 90045 T=    900.00 eta norm:     7.5782 u norm:    43.0881 466.10
   46 92046 T=    920.00 eta norm:     8.8227 u norm:    42.7386 473.07
   47 94047 T=    940.00 eta norm:     8.2439 u norm:    42.9058 469.22
   48 96048 T=    960.00 eta norm:     7.8963 u norm:    43.1958 461.13
   49 98049 T=    980.00 eta norm:     8.0314 u norm:    39.2754 459.67
   50 100050 T=   1000.00 eta norm:     9.2917 u norm:    37.2711 459.79
   51 102051 T=   1020.00 eta norm:     8.1446 u norm:    36.0190 459.90
   52 104052 T=   1040.00 eta norm:     8.5910 u norm:    37.2599 459.09
   53 106053 T=   1060.00 eta norm:     8.2692 u norm:    39.6497 459.81
   54 108054 T=   1080.00 eta norm:     8.5205 u norm:    42.1317 460.37
   55 110055 T=   1100.00 eta norm:     7.9435 u norm:    44.2568 459.23
   56 112056 T=   1120.00 eta norm:     9.7254 u norm:    44.2976 459.58
   57 114057 T=   1140.00 eta norm:     8.3883 u norm:    42.7468 459.57
   58 116058 T=   1160.00 eta norm:     8.9939 u norm:    40.9464 460.80
   59 118059 T=   1180.00 eta norm:     6.9424 u norm:    41.8864 459.34
   60 120060 T=   1200.00 eta norm:    10.1671 u norm:    39.9172 460.08
   61 122061 T=   1220.00 eta norm:     8.4372 u norm:    40.2854 460.19
   62 124062 T=   1240.00 eta norm:     8.9190 u norm:    42.2213 460.28
   63 126063 T=   1260.00 eta norm:     7.9402 u norm:    42.5905 460.07
   64 128064 T=   1280.00 eta norm:     9.0168 u norm:    42.6919 460.24
   65 130065 T=   1300.00 eta norm:     8.1316 u norm:    42.9272 463.66
   66 132066 T=   1320.00 eta norm:     7.4636 u norm:    41.6307 459.97
   67 134067 T=   1340.00 eta norm:     6.9389 u norm:    41.4769 460.79
   68 136068 T=   1360.00 eta norm:     7.8076 u norm:    42.6368 459.40
   69 138069 T=   1380.00 eta norm:     7.5488 u norm:    41.4882 459.75
   70 140070 T=   1400.00 eta norm:     9.0853 u norm:    39.2739 459.84
   71 142071 T=   1420.00 eta norm:     8.0980 u norm:    37.5964 460.08
   72 144072 T=   1440.00 eta norm:     8.8245 u norm:    38.6563 459.39
   73 146073 T=   1460.00 eta norm:     8.0051 u norm:    39.3517 459.97
   74 148074 T=   1480.00 eta norm:     8.7368 u norm:    40.5590 459.25
   75 150075 T=   1500.00 eta norm:     8.4906 u norm:    42.3847 459.72
   76 152076 T=   1520.00 eta norm:     9.3862 u norm:    42.3146 459.79
   77 154077 T=   1540.00 eta norm:     8.2078 u norm:    41.1923 459.58
   78 156078 T=   1560.00 eta norm:     8.8687 u norm:    41.7460 460.51
   79 158079 T=   1580.00 eta norm:     8.4953 u norm:    43.3493 459.81
   80 160080 T=   1600.00 eta norm:     7.6943 u norm:    42.5080 459.60
   81 162081 T=   1620.00 eta norm:     9.3058 u norm:    40.1079 460.65
   82 164082 T=   1640.00 eta norm:     7.6502 u norm:    40.8319 459.82
   83 166083 T=   1660.00 eta norm:     8.5797 u norm:    39.5233 459.37
   84 168084 T=   1680.00 eta norm:     8.5264 u norm:    38.9721 460.84
   85 170085 T=   1700.00 eta norm:     8.7117 u norm:    39.3301 460.44
   86 172086 T=   1720.00 eta norm:     8.2139 u norm:    41.3254 459.43
   87 174087 T=   1740.00 eta norm:     8.2842 u norm:    41.9547 460.04
   88 176088 T=   1760.00 eta norm:     7.8514 u norm:    39.8880 459.57
   89 178089 T=   1780.00 eta norm:     8.7421 u norm:    39.8616 460.19
   90 180090 T=   1800.00 eta norm:     7.8062 u norm:    42.5425 460.67
   91 182091 T=   1820.00 eta norm:     7.7202 u norm:    41.7710 460.89
   92 184092 T=   1840.00 eta norm:     7.5048 u norm:    40.2024 460.32
   93 186093 T=   1860.00 eta norm:     9.0645 u norm:    39.7029 460.82
   94 188094 T=   1880.00 eta norm:     7.8391 u norm:    40.1465 459.93
   95 190095 T=   1900.00 eta norm:     8.5049 u norm:    43.0251 460.70
   96 192096 T=   1920.00 eta norm:     7.4284 u norm:    45.7089 460.97
   97 194097 T=   1940.00 eta norm:     8.5598 u norm:    44.1154 460.25
   98 196098 T=   1960.00 eta norm:     8.2143 u norm:    41.8895 461.44
   99 198099 T=   1980.00 eta norm:     8.5144 u norm:    41.7107 460.72
  100 200100 T=   2000.00 eta norm:     8.0154 u norm:    44.1032 460.66
  101 202101 T=   2020.00 eta norm:     8.7211 u norm:    42.6316 460.13
  102 204102 T=   2040.00 eta norm:     9.4581 u norm:    41.5254 460.10
  103 206103 T=   2060.00 eta norm:     8.1054 u norm:    42.1776 460.24
  104 208104 T=   2080.00 eta norm:     7.7186 u norm:    42.2190 459.74
  105 210105 T=   2100.00 eta norm:     8.1294 u norm:    44.2148 459.81
  106 212106 T=   2120.00 eta norm:     7.1038 u norm:    44.5051 459.39
  107 214107 T=   2140.00 eta norm:     7.5930 u norm:    43.8730 459.33
  108 216108 T=   2160.00 eta norm:     8.8398 u norm:    42.7168 460.32
  109 218109 T=   2180.00 eta norm:     8.3047 u norm:    43.2930 459.74
  110 220110 T=   2200.00 eta norm:     9.2439 u norm:    41.6350 460.02
  111 222111 T=   2220.00 eta norm:     9.8075 u norm:    39.7287 464.39
  112 224112 T=   2240.00 eta norm:     8.5643 u norm:    40.6076 503.92
  113 226113 T=   2260.00 eta norm:     8.1364 u norm:    41.0558 509.02
  114 228114 T=   2280.00 eta norm:     8.2024 u norm:    42.3320 476.24
  115 230115 T=   2300.00 eta norm:     8.3581 u norm:    43.7438 473.31
  116 232116 T=   2320.00 eta norm:     9.7737 u norm:    44.8264 474.53
  117 234117 T=   2340.00 eta norm:     8.2133 u norm:    43.1885 474.93
  118 236118 T=   2360.00 eta norm:     9.2879 u norm:    42.5712 475.28
  119 238119 T=   2380.00 eta norm:     9.2869 u norm:    41.2026 475.95
  120 240120 T=   2400.00 eta norm:     9.0616 u norm:    42.6332 484.09
  121 242121 T=   2420.00 eta norm:     7.6864 u norm:    43.4446 476.21
  122 244122 T=   2440.00 eta norm:     8.0137 u norm:    43.2569 497.27
  123 246123 T=   2460.00 eta norm:     7.6684 u norm:    43.2878 503.71
  124 248124 T=   2480.00 eta norm:     7.2346 u norm:    46.6764 482.25
  125 250125 T=   2500.00 eta norm:     7.6176 u norm:    48.1772 474.72
  126 252126 T=   2520.00 eta norm:     8.0543 u norm:    45.4818 500.38
  127 254127 T=   2540.00 eta norm:     8.4321 u norm:    44.0838 467.87
  128 256128 T=   2560.00 eta norm:     8.1172 u norm:    43.0400 467.60
  129 258129 T=   2580.00 eta norm:     7.6821 u norm:    44.0752 466.55
  130 260130 T=   2600.00 eta norm:     7.5618 u norm:    42.4639 467.68
  131 262131 T=   2620.00 eta norm:     9.1679 u norm:    39.6680 467.61
  132 264132 T=   2640.00 eta norm:     8.9715 u norm:    38.0860 466.64
  133 266133 T=   2660.00 eta norm:     8.0261 u norm:    38.6164 466.91
  134 268134 T=   2680.00 eta norm:     9.0299 u norm:    40.5076 467.83
  135 270135 T=   2700.00 eta norm:     8.6556 u norm:    42.3417 467.17
  136 272136 T=   2720.00 eta norm:     7.8376 u norm:    42.2444 467.48
  137 274137 T=   2740.00 eta norm:     7.5204 u norm:    43.4672 466.39
  138 276138 T=   2760.00 eta norm:     7.5540 u norm:    44.9457 467.35
  139 278139 T=   2780.00 eta norm:     7.5162 u norm:    45.3548 467.54
  140 280140 T=   2800.00 eta norm:     7.8241 u norm:    43.4257 467.61
  141 282141 T=   2820.00 eta norm:     9.0749 u norm:    40.2050 467.05
  142 284142 T=   2840.00 eta norm:     7.9350 u norm:    39.7481 466.71
  143 286143 T=   2860.00 eta norm:     8.9269 u norm:    40.7950 466.47
  144 288144 T=   2880.00 eta norm:     9.0670 u norm:    42.6591 467.05
  145 290145 T=   2900.00 eta norm:     8.3586 u norm:    42.5630 463.18
  146 292146 T=   2920.00 eta norm:     8.6220 u norm:    40.3533 463.90
  147 294147 T=   2940.00 eta norm:     8.8394 u norm:    39.4537 463.40
  148 296148 T=   2960.00 eta norm:     8.7893 u norm:    39.0583 464.21
  149 298149 T=   2980.00 eta norm:     8.0777 u norm:    40.1163 463.30
  150 300150 T=   3000.00 eta norm:     7.7691 u norm:    40.8604 463.78
  151 302151 T=   3020.00 eta norm:     7.1708 u norm:    44.4361 463.07
  152 304152 T=   3040.00 eta norm:     7.8281 u norm:    45.2535 463.63
  153 306153 T=   3060.00 eta norm:     7.9512 u norm:    44.4382 464.81
  154 308154 T=   3080.00 eta norm:     7.4774 u norm:    46.6093 463.53
  155 310155 T=   3100.00 eta norm:     8.0649 u norm:    44.9957 463.01
  156 312156 T=   3120.00 eta norm:     8.0845 u norm:    42.1437 464.14
  157 314157 T=   3140.00 eta norm:     7.7353 u norm:    45.1910 463.86
  158 316158 T=   3160.00 eta norm:     8.3058 u norm:    47.8091 463.86
  159 318159 T=   3180.00 eta norm:     7.3006 u norm:    45.0352 464.04
  160 320160 T=   3200.00 eta norm:     8.3192 u norm:    42.1721 463.39
  161 322161 T=   3220.00 eta norm:     8.3714 u norm:    40.8476 464.47
  162 324162 T=   3240.00 eta norm:     7.9020 u norm:    42.3091 464.24
  163 326163 T=   3260.00 eta norm:     7.9805 u norm:    44.0521 463.30
  164 328164 T=   3280.00 eta norm:     7.6973 u norm:    43.4517 463.59
  165 330165 T=   3300.00 eta norm:     7.5803 u norm:    41.7950 463.79
  166 332166 T=   3320.00 eta norm:     7.5361 u norm:    43.5703 462.88
  167 334167 T=   3340.00 eta norm:     6.4939 u norm:    47.3568 463.08
  168 336168 T=   3360.00 eta norm:     7.7111 u norm:    46.4512 462.74
  169 338169 T=   3380.00 eta norm:     8.3247 u norm:    43.1747 463.38
  170 340170 T=   3400.00 eta norm:     7.9074 u norm:    42.3277 464.08
  171 342171 T=   3420.00 eta norm:     8.3037 u norm:    41.8904 464.35
  172 344172 T=   3440.00 eta norm:     7.2658 u norm:    43.1710 499.59
  173 346173 T=   3460.00 eta norm:     7.9749 u norm:    45.5228 534.75
  174 348174 T=   3480.00 eta norm:     8.2125 u norm:    45.0286 517.41
  175 350175 T=   3500.00 eta norm:     7.7923 u norm:    46.1384 540.34
  176 352176 T=   3520.00 eta norm:     8.1112 u norm:    45.4472 472.24
  177 354177 T=   3540.00 eta norm:     7.5215 u norm:    45.7908 471.48
  178 356178 T=   3560.00 eta norm:     7.9262 u norm:    45.0884 470.63
  179 358179 T=   3580.00 eta norm:     9.4035 u norm:    43.5003 470.93
  180 360180 T=   3600.00 eta norm:     8.1347 u norm:    41.9479 472.45
time cost: 1396.34min
time cost: 1396.34min
time cost: 1396.34min
time cost: 1396.34min
time cost: 1396.34min
time cost: 1396.34min
time cost: 1396.34min
time cost: 1396.34min
