nohup: ignoring input
Exporting to ../../outputs/5.3D/dx150_v0.1
UFL:WARNING Discontinuous Lagrange element requested on triangle * interval, creating DQ element.
Using default SIPG parameters
Coupled time integrator: CoupledTwoStageRK
  2D time integrator: ESDIRKTrapezoid
  3D time integrator: SSPRK22ALE
  3D implicit time integrator: BackwardEuler
2D mesh: 1313 nodes, 2400 triangles
3D mesh: 6 layers, 14400 prisms
Horizontal element size: 1.00 ... 1.00 m
Vertical element size: 0.900 ... 0.900 m
Element family: dg-dg, degree: 1
Number of tracer DOFs: 86400
Number of cores: 8
Tracer DOFs per core: ~10800.0
  - dt 2d swe: 0.004638940161693393
  - dt h. advection: 0.014285714285714193
  - dt v. advection: 22.49999999999989
  - dt viscosity: 0.00999999999999987
  - CFL adjusted dt: 2D: inf 3D: 0.00999999999999987
  - chosen dt: 2D: 0.00999999999999987 3D: 0.00999999999999987
  - adjusted dt: 2D: 0.009995002498750625 3D: 0.009995002498750625
dt = 0.009995
max h diff 0.8337499999999952 - 0.8337500000000025
    0     0 T=      0.00 eta norm:     0.0000 u norm:     0.0000  0.00
    1  2001 T=     20.00 eta norm:    13.5540 u norm:     0.4085 765.17
[0]PETSC ERROR: ------------------------------------------------------------------------
[0]PETSC ERROR: Caught signal number 15 Terminate: Some process (or the batch system) has told this process to end
[0]PETSC ERROR: Try option -start_in_debugger or -on_error_attach_debugger
[0]PETSC ERROR: or see https://www.mcs.anl.gov/petsc/documentation/faq.html#valgrind
[0]PETSC ERROR: or try http://valgrind.org on GNU/linux and Apple Mac OS X to find memory corruption errors
[0]PETSC ERROR: configure using --with-debugging=yes, recompile, link, and run 
[0]PETSC ERROR: to get more information on the crash.
[1]PETSC ERROR: ------------------------------------------------------------------------
[1]PETSC ERROR: Caught signal number 15 Terminate: Some process (or the batch system) has told this process to end
[1]PETSC ERROR: Try option -start_in_debugger or -on_error_attach_debugger
[1]PETSC ERROR: or see https://www.mcs.anl.gov/petsc/documentation/faq.html#valgrind
[1]PETSC ERROR: or try http://valgrind.org on GNU/linux and Apple Mac OS X to find memory corruption errors
[1]PETSC ERROR: configure using --with-debugging=yes, recompile, link, and run 
[1]PETSC ERROR: to get more information on the crash.
application called MPI_Abort(MPI_COMM_WORLD, 50151059) - process 0
application called MPI_Abort(MPI_COMM_WORLD, 50151059) - process 1
[2]PETSC ERROR: ------------------------------------------------------------------------
[2]PETSC ERROR: Caught signal number 15 Terminate: Some process (or the batch system) has told this process to end
[2]PETSC ERROR: Try option -start_in_debugger or -on_error_attach_debugger
[2]PETSC ERROR: or see https://www.mcs.anl.gov/petsc/documentation/faq.html#valgrind
[2]PETSC ERROR: or try http://valgrind.org on GNU/linux and Apple Mac OS X to find memory corruption errors
[2]PETSC ERROR: configure using --with-debugging=yes, recompile, link, and run 
[2]PETSC ERROR: to get more information on the crash.
application called MPI_Abort(MPI_COMM_WORLD, 50151059) - process 2
[3]PETSC ERROR: ------------------------------------------------------------------------
[3]PETSC ERROR: Caught signal number 15 Terminate: Some process (or the batch system) has told this process to end
[3]PETSC ERROR: Try option -start_in_debugger or -on_error_attach_debugger
[3]PETSC ERROR: or see https://www.mcs.anl.gov/petsc/documentation/faq.html#valgrind
[3]PETSC ERROR: or try http://valgrind.org on GNU/linux and Apple Mac OS X to find memory corruption errors
[3]PETSC ERROR: configure using --with-debugging=yes, recompile, link, and run 
[3]PETSC ERROR: to get more information on the crash.
application called MPI_Abort(MPI_COMM_WORLD, 50151059) - process 3
[4]PETSC ERROR: ------------------------------------------------------------------------
[4]PETSC ERROR: Caught signal number 15 Terminate: Some process (or the batch system) has told this process to end
[4]PETSC ERROR: Try option -start_in_debugger or -on_error_attach_debugger
[4]PETSC ERROR: or see https://www.mcs.anl.gov/petsc/documentation/faq.html#valgrind
[4]PETSC ERROR: or try http://valgrind.org on GNU/linux and Apple Mac OS X to find memory corruption errors
[4]PETSC ERROR: configure using --with-debugging=yes, recompile, link, and run 
[4]PETSC ERROR: to get more information on the crash.
application called MPI_Abort(MPI_COMM_WORLD, 50151059) - process 4
[5]PETSC ERROR: ------------------------------------------------------------------------
[5]PETSC ERROR: Caught signal number 15 Terminate: Some process (or the batch system) has told this process to end
[5]PETSC ERROR: Try option -start_in_debugger or -on_error_attach_debugger
[5]PETSC ERROR: or see https://www.mcs.anl.gov/petsc/documentation/faq.html#valgrind
[5]PETSC ERROR: or try http://valgrind.org on GNU/linux and Apple Mac OS X to find memory corruption errors
[5]PETSC ERROR: configure using --with-debugging=yes, recompile, link, and run 
[5]PETSC ERROR: to get more information on the crash.
application called MPI_Abort(MPI_COMM_WORLD, 50151059) - process 5
[7]PETSC ERROR: ------------------------------------------------------------------------
[7]PETSC ERROR: Caught signal number 15 Terminate: Some process (or the batch system) has told this process to end
[7]PETSC ERROR: Try option -start_in_debugger or -on_error_attach_debugger
[7]PETSC ERROR: or see https://www.mcs.anl.gov/petsc/documentation/faq.html#valgrind
[7]PETSC ERROR: or try http://valgrind.org on GNU/linux and Apple Mac OS X to find memory corruption errors
[7]PETSC ERROR: configure using --with-debugging=yes, recompile, link, and run 
[7]PETSC ERROR: to get more information on the crash.
application called MPI_Abort(MPI_COMM_WORLD, 50151059) - process 7
[6]PETSC ERROR: ------------------------------------------------------------------------
[6]PETSC ERROR: Caught signal number 15 Terminate: Some process (or the batch system) has told this process to end
[6]PETSC ERROR: Try option -start_in_debugger or -on_error_attach_debugger
[6]PETSC ERROR: or see https://www.mcs.anl.gov/petsc/documentation/faq.html#valgrind
[6]PETSC ERROR: or try http://valgrind.org on GNU/linux and Apple Mac OS X to find memory corruption errors
[6]PETSC ERROR: configure using --with-debugging=yes, recompile, link, and run 
[6]PETSC ERROR: to get more information on the crash.
application called MPI_Abort(MPI_COMM_WORLD, 50151059) - process 6
