nohup: ignoring input
Using default SIPG parameters
dt = 1800
Using time integrator: CrankNicolson
Number of turbines = 16.001622589885592
  492   492 T= 885600.00 eta norm: 37795.5688 u norm: 19709.3013  0.00
volume2d rel. error  0.0000e+00
Updating tidal field at t=887400
Done updating tidal field
  0 SNES Function norm 9.815934245796e+06 
  1 SNES Function norm 2.366566943554e+03 
Integrated power for each turbine: [243635.04225966573, 400269.74174883746, 420179.05452105607, 408718.49106608966, 307533.8338709817, 383475.1647033085, 373068.6874385255, 400597.35936115717, 335848.44980394555, 328273.72687668353, 348581.82378746825, 391221.69407258776, 232804.7896251115, 272217.25348160666, 322448.2803781559, 344776.8414195619].
Current power, average power, integrated power and profit for each farm: [3063.1390191193004], [3063.1390191193004], [5513650.23441474], [3063.1390191193004]
  493   493 T= 887400.00 eta norm: 37741.0293 u norm: 15504.2471  5.43
volume2d rel. error  8.7829e-05
Updating tidal field at t=889200
Done updating tidal field
  0 SNES Function norm 1.552022832172e+07 
  1 SNES Function norm 5.437449232285e+02 
Integrated power for each turbine: [371464.46033797436, 615701.8408138308, 651257.2744823414, 634594.6278243841, 467116.88938327297, 586306.1031592956, 568522.5634575337, 624529.3560791432, 510222.0000571973, 493741.8095055197, 526838.6824590253, 611498.2061097191, 340102.57136558875, 400054.8443410826, 494399.0732034334, 524901.8514150896].
Current power, average power, integrated power and profit for each farm: [1615.3343997664933], [2339.236709442897], [8421252.153994428], [2339.236709442897]
  494   494 T= 889200.00 eta norm: 35046.4873 u norm: 11804.5474  3.80
volume2d rel. error  7.5344e-03
Updating tidal field at t=891000
Done updating tidal field
  0 SNES Function norm 2.495909522509e+07 
  1 SNES Function norm 1.962220855267e+03 
Integrated power for each turbine: [422261.79058895516, 707606.4639852656, 753305.6070978226, 735111.4426882305, 533156.6683985755, 671251.4494956742, 649950.2899037355, 725204.0133901596, 581000.534888559, 557993.3754233102, 598362.4260466492, 707311.2804667372, 376052.22446525353, 445237.6363226357, 556497.7783662684, 583698.3144741651].
Current power, average power, integrated power and profit for each farm: [657.0828566708699], [1778.5187585188876], [9604001.296001993], [1778.5187585188876]
  495   495 T= 891000.00 eta norm: 30169.7125 u norm:  8442.9995  4.19
volume2d rel. error  2.1041e-02
Updating tidal field at t=892800
Done updating tidal field
  0 SNES Function norm 3.364826407602e+07 
  1 SNES Function norm 3.467093687129e+03 
Integrated power for each turbine: [433303.44796594325, 731889.3748946518, 782503.0114108613, 763920.1362261414, 549403.8979919724, 693272.247755674, 670345.1957696172, 752350.9037981239, 597649.6396142341, 571681.8129873527, 613800.2242098622, 730125.277912083, 381422.6476330612, 452215.9215027583, 566373.6804740324, 592271.2010619033].
Current power, average power, integrated power and profit for each farm: [154.73740289237506], [1372.5734196122596], [9882528.62120827], [1372.5734196122596]
  496   496 T= 892800.00 eta norm: 23579.0951 u norm:  6456.8446  4.55
volume2d rel. error  3.9362e-02
Updating tidal field at t=894600
Done updating tidal field
  0 SNES Function norm 4.049474193493e+07 
  1 SNES Function norm 4.897160326682e+03 
Integrated power for each turbine: [433488.11971499975, 733301.9512829445, 784911.2906111819, 766107.8739272221, 550010.2985996146, 694426.9375972216, 671171.6322619945, 753756.9513365242, 598126.6627588341, 571894.8664694184, 614014.3741693379, 730551.0256409041, 381423.0463338521, 452216.4382104324, 566374.06864441, 592312.7224947296].
Current power, average power, integrated power and profit for each farm: [6.422021580749675], [1099.3431400059576], [9894088.260053618], [1099.3431400059576]
  497   497 T= 894600.00 eta norm: 15721.9252 u norm:  7860.3865  3.92
volume2d rel. error  6.1381e-02
Updating tidal field at t=896400
Done updating tidal field
  0 SNES Function norm 4.471821694302e+07 
  1 SNES Function norm 5.763409195411e+03 
Integrated power for each turbine: [436742.2460260426, 735540.4271504937, 786427.4138976865, 769000.7158357401, 553309.6706599399, 697414.4279118894, 676196.710835917, 759731.2169425297, 602622.9374688556, 578771.2280101121, 623376.9077942127, 741568.3186992907, 392418.4076036054, 465552.72650451807, 582747.2199694173, 615458.4162590803].
Current power, average power, integrated power and profit for each farm: [68.21707306428286], [927.4887955156785], [10016878.991569327], [927.4887955156785]
  498   498 T= 896400.00 eta norm:  7345.1125 u norm: 11298.7122  4.93
volume2d rel. error  8.5739e-02
Updating tidal field at t=898200
Done updating tidal field
  0 SNES Function norm 4.654551502305e+07 
  1 SNES Function norm 5.582923604617e+03 
Integrated power for each turbine: [489009.9052512399, 813134.6523405655, 861418.6342473896, 833851.4913455546, 618311.5479204766, 764024.788192439, 734550.2684205592, 816762.9753420881, 661105.501075511, 632209.7626705569, 675202.8389104638, 792079.8608915199, 436922.29034500086, 506624.8126570651, 622612.7103811996, 654500.8218032308].
Current power, average power, integrated power and profit for each farm: [497.46881679196076], [866.0573699837188], [10912322.861794857], [866.0573699837188]
  499   499 T= 898200.00 eta norm:  4244.2213 u norm: 15288.6439  4.68
volume2d rel. error  1.1054e-01
Updating tidal field at t=900000
Done updating tidal field
  0 SNES Function norm 4.572691915622e+07 
  1 SNES Function norm 5.730175778234e+03 
Integrated power for each turbine: [650558.9227411216, 1027474.225644259, 1067650.0260651694, 1029748.9142265468, 806777.0036112706, 969170.059673886, 921268.1457135804, 993599.6245224555, 842070.2608690709, 798899.9444274082, 841417.0218785962, 948916.2325787018, 579573.3275174028, 644489.0316318009, 758277.8960217447, 796886.0003423818].
Current power, average power, integrated power and profit for each farm: [1535.8076531502968], [949.776155379541], [13676776.637465391], [949.776155379541]
  500   500 T= 900000.00 eta norm: 11605.5073 u norm: 18757.0390  4.86
volume2d rel. error  1.3428e-01
Updating tidal field at t=901800
Done updating tidal field
  0 SNES Function norm 4.294062234153e+07 
  1 SNES Function norm 5.749626175416e+03 
Integrated power for each turbine: [930529.7549128202, 1406786.2190839208, 1443114.419354693, 1386128.386150028, 1145948.10016907, 1340052.2311419144, 1255990.7087766952, 1320718.9589877827, 1166803.1920852864, 1099543.9957215348, 1140721.6941869454, 1230210.1857365263, 835391.9099071887, 897666.4668255091, 1011673.6992662423, 1059493.2630569777].
Current power, average power, integrated power and profit for each farm: [2774.442526609856], [1152.5168632940206], [18670773.185363133], [1152.5168632940206]
  501   501 T= 901800.00 eta norm: 19459.3658 u norm: 21062.3867  4.13
volume2d rel. error  1.5665e-01
Updating tidal field at t=903600
Done updating tidal field
  0 SNES Function norm 3.861854220393e+07 
  1 SNES Function norm 5.806992433551e+03 
Integrated power for each turbine: [1256265.1115400472, 1859895.2260505608, 1894476.388092864, 1822279.3647116804, 1550297.3375298157, 1789911.0923799705, 1668351.4333407814, 1727056.5201062928, 1559319.6173587025, 1467972.3890307008, 1512691.3869825443, 1580777.7881588708, 1151136.5489687368, 1212728.0544353994, 1328769.8416049439, 1388372.1694428974].
Current power, average power, integrated power and profit for each farm: [3388.6261579842626], [1376.127792763045], [24770300.269734807], [1376.127792763045]
  502   502 T= 903600.00 eta norm: 26621.6969 u norm: 21904.7697  4.32
volume2d rel. error  1.7678e-01
Updating tidal field at t=905400
Done updating tidal field
  0 SNES Function norm 3.059259998101e+07 
  1 SNES Function norm 4.947944719898e+03 
Integrated power for each turbine: [1579015.2660429701, 2311596.3222044697, 2345538.696057932, 2260791.6737187915, 1952947.2115146315, 2240667.5880008107, 2084681.5728629169, 2138718.8550421777, 1952411.2974812123, 1839794.2215260174, 1890212.3023276501, 1936672.2000053187, 1471392.271272289, 1532747.238714626, 1651083.262455537, 1722061.976086061].
Current power, average power, integrated power and profit for each farm: [3411.128714210333], [1561.12787653098], [30910331.955313407], [1561.12787653098]
  503   503 T= 905400.00 eta norm: 32485.1255 u norm: 21415.3211  4.42
volume2d rel. error  1.9320e-01
Updating tidal field at t=907200
Done updating tidal field
  0 SNES Function norm 2.069282790175e+07 
  1 SNES Function norm 2.345463236684e+03 
Integrated power for each turbine: [1848514.3547304126, 2691946.3717481727, 2727283.4101710515, 2635908.321643511, 2292759.5567716453, 2623239.769040297, 2442330.8962958697, 2494772.612942393, 2287731.8567933324, 2160821.9166515954, 2218171.12657443, 2246181.3298124853, 1751238.8387541333, 1812686.1272398604, 1932808.3017500187, 2013094.731608504].
Current power, average power, integrated power and profit for each farm: [2927.3097595635013], [1674.9763667836903], [36179489.52252771], [1674.9763667836903]
  504   504 T= 907200.00 eta norm: 36430.5928 u norm: 19932.6313  3.96
volume2d rel. error  2.0420e-01
Updating tidal field at t=909000
Done updating tidal field
  0 SNES Function norm 1.042725051629e+07 
  1 SNES Function norm 8.071701366724e+02 
Integrated power for each turbine: [2037862.8532159533, 2960852.4749835776, 2997922.7704015607, 2904410.7344728806, 2533392.010690123, 2894956.2266521356, 2700090.2979493598, 2753896.1182855503, 2527342.4384835963, 2394111.127570857, 2459526.0763168093, 2475328.544085055, 1959881.4083638985, 2022201.6153933308, 2143705.050460421, 2231406.2646166408].
Current power, average power, integrated power and profit for each farm: [2120.775827452243], [1709.2686329889634], [39996886.011941746], [1709.2686329889634]
  505   505 T= 909000.00 eta norm: 38340.8296 u norm: 17587.3572  3.90
volume2d rel. error  2.0955e-01
Updating tidal field at t=910800
Done updating tidal field
  0 SNES Function norm 6.897628040114e+06 
  1 SNES Function norm 1.805825312702e+02 
Integrated power for each turbine: [2147633.0816409984, 3116578.362472853, 3153890.1465760404, 3058803.4948987784, 2672409.497850201, 3051167.8577338294, 2849156.3187202537, 2904702.5994599466, 2665390.981771818, 2530007.15921924, 2602219.594932663, 2612143.8406349826, 2085463.8640403573, 2149162.6464211135, 2271818.3675220953, 2365240.0420829994].
Current power, average power, integrated power and profit for each farm: [1243.8343577980118], [1676.0233276181814], [42235787.85597817], [1676.0233276181814]
  506   506 T= 910800.00 eta norm: 38125.3021 u norm: 14459.1385  4.20
volume2d rel. error  2.0897e-01
Updating tidal field at t=912600
Done updating tidal field
  0 SNES Function norm 1.548247137446e+07 
  1 SNES Function norm 3.493456929135e+02 
Integrated power for each turbine: [2197517.336658825, 3187035.301024836, 3223464.917326018, 3126570.2589016156, 2734857.665855446, 3120369.425384037, 2914655.2190930345, 2970774.618864351, 2726447.9571871785, 2589974.9487938946, 2665786.953050098, 2673602.0600298955, 2142588.012182388, 2207224.3526101466, 2330522.207646923, 2427462.130397176].
Current power, average power, integrated power and profit for each farm: [557.2586161264966], [1601.4390135187357], [43238853.365005866], [1601.4390135187357]
  507   507 T= 912600.00 eta norm: 35745.1645 u norm: 10837.5192  6.35
volume2d rel. error  2.0237e-01
Updating tidal field at t=914400
Done updating tidal field
  0 SNES Function norm 2.530483339452e+07 
  1 SNES Function norm 1.252122946035e+03 
Integrated power for each turbine: [2212073.5297277262, 3207708.5999370157, 3243282.316950687, 3145303.6164252935, 2752866.5661743553, 3139851.026507444, 2932676.4896355793, 2988669.281372246, 2743581.814507648, 2606512.506200427, 2683322.2005682685, 2690537.35141264, 2158810.39130706, 2223660.8432699633, 2347035.7597426763, 2445201.69895201].
Current power, average power, integrated power and profit for each farm: [156.80034871398652], [1511.149096968439], [43521093.99269104], [1511.149096968439]
  508   508 T= 914400.00 eta norm: 31362.9812 u norm:  7037.8018  4.72
volume2d rel. error  1.9019e-01
Updating tidal field at t=916200
Done updating tidal field
  0 SNES Function norm 3.349907051001e+07 
  1 SNES Function norm 2.352842735410e+03 
Integrated power for each turbine: [2213304.98953537, 3209589.8068945087, 3244926.582542416, 3146716.199579621, 2754401.780823533, 3141408.713462081, 2934006.0322643863, 2989916.7873765565, 2744924.1023304667, 2607731.084412023, 2684588.645992524, 2691710.5164783546, 2160092.475143478, 2224912.8146933075, 2348224.589416032, 2446435.937758184].
Current power, average power, integrated power and profit for each farm: [12.109481117667498], [1422.9702960360405], [43542891.05870284], [1422.9702960360405]
  509   509 T= 916200.00 eta norm: 25334.6643 u norm:  4302.2314  4.49
volume2d rel. error  1.7340e-01
Updating tidal field at t=918000
Done updating tidal field
  0 SNES Function norm 3.930482065485e+07 
  1 SNES Function norm 3.539475604620e+03 
Integrated power for each turbine: [2213380.8205192504, 3209650.0410100943, 3245008.8409032184, 3146839.727969815, 2754473.552436399, 3141502.066436441, 2934147.6075716913, 2990090.5587720154, 2745037.429530291, 2607884.693700622, 2684763.278086263, 2691906.976810945, 2160239.8574983263, 2225074.4042822765, 2348408.795033522, 2446647.29499923].
Current power, average power, integrated power and profit for each farm: [1.2027149208657748], [1343.9832081963089], [43545055.9455604], [1343.9832081963089]
  510   510 T= 918000.00 eta norm: 18116.2368 u norm:  5867.2421  4.15
volume2d rel. error  1.5321e-01
Updating tidal field at t=919800
Done updating tidal field
  0 SNES Function norm 4.235650834127e+07 
  1 SNES Function norm 4.632522289567e+03 
Integrated power for each turbine: [2223803.4705281984, 3223591.5004749196, 3258403.0604404802, 3157641.804772039, 2765926.8958611954, 3152906.3007504432, 2943809.2945331857, 2999392.2407613895, 2755033.672927347, 2616743.242906344, 2693139.04829609, 2700204.8977313964, 2168111.0522175687, 2232491.232165944, 2355702.41670917, 2453675.9937557443].
Current power, average power, integrated power and profit for each farm: [86.40009959503041], [1277.7946235330837], [43700576.12483146], [1277.7946235330837]
  511   511 T= 919800.00 eta norm: 10324.8086 u norm:  9839.3845  3.71
volume2d rel. error  1.3106e-01
Updating tidal field at t=921600
Done updating tidal field
  0 SNES Function norm 4.270244074228e+07 
  1 SNES Function norm 5.180576932957e+03 
Integrated power for each turbine: [2277861.295862737, 3302060.357714091, 3335684.8350339793, 3227972.7985240286, 2827768.717204766, 3221224.6984899, 3007452.1564485948, 3064090.9866217617, 2814994.1660354505, 2673197.5924128024, 2750699.0932838945, 2760693.4455308677, 2216908.967521653, 2283634.9416079, 2409894.221070338, 2506215.837970207].
Current power, average power, integrated power and profit for each farm: [544.3211036119533], [1241.1209475370272], [44680354.111332975], [1241.1209475370272]
  512   512 T= 921600.00 eta norm:  3565.7020 u norm: 13641.9163  4.05
volume2d rel. error  1.0826e-01
Updating tidal field at t=923400
Done updating tidal field
  0 SNES Function norm 4.059980048553e+07 
  1 SNES Function norm 5.087376880463e+03 
Integrated power for each turbine: [2373497.6762608606, 3443572.092481603, 3483349.335132364, 3389966.213159303, 2946563.0653166384, 3369858.690868854, 3172340.9146312824, 3240526.8237784696, 2953591.741616536, 2826932.778974961, 2922062.4888942093, 2942864.810255664, 2369297.2096934663, 2448799.8631104957, 2585230.6970812147, 2679437.535856618].
Current power, average power, integrated power and profit for each farm: [1370.8543476553166], [1247.298728495041], [47147891.93711255], [1247.298728495041]
  513   513 T= 923400.00 eta norm:  7179.0230 u norm: 16469.1782  4.06
volume2d rel. error  8.6150e-02
Updating tidal field at t=925200
Done updating tidal field
  0 SNES Function norm 3.655931458442e+07 
  1 SNES Function norm 4.438396269536e+03 
Integrated power for each turbine: [2489500.8568501812, 3621397.9228800097, 3674133.25547618, 3626042.9895456186, 3095153.08028243, 3569807.604717681, 3423091.644337331, 3524406.3506913735, 3147909.3554335637, 3067885.2948629907, 3206675.509589335, 3248171.302699205, 2619759.481026146, 2728929.172603591, 2880268.080651656, 2970373.3421186847].
Current power, average power, integrated power and profit for each farm: [2080.8962814741312], [1285.1895263577267], [50893505.24376598], [1285.1895263577267]
  514   514 T= 925200.00 eta norm: 14133.9284 u norm: 17986.1773  4.69
volume2d rel. error  6.5838e-02
Updating tidal field at t=927000
Done updating tidal field
  0 SNES Function norm 3.083375358818e+07 
  1 SNES Function norm 3.568763604057e+03 
Integrated power for each turbine: [2644010.123847941, 3894144.3045909503, 3982805.331087738, 3979491.007504919, 3323079.459125594, 3881715.3581732144, 3776144.9066042555, 3903512.565931005, 3435695.5830360777, 3393751.7767016436, 3570389.0900974507, 3629552.289591646, 2915918.0021940265, 3062142.003153232, 3228104.0361664966, 3308414.475594936].
Current power, average power, integrated power and profit for each farm: [2797.4250386861986], [1350.9388964589648], [55928870.31340114], [1350.9388964589648]
  515   515 T= 927000.00 eta norm: 20326.7058 u norm: 18088.8084  3.89
volume2d rel. error  4.8363e-02
Updating tidal field at t=928800
Done updating tidal field
  0 SNES Function norm 2.303288396981e+07 
  1 SNES Function norm 2.510823321652e+03 
Integrated power for each turbine: [2827688.1227567503, 4225855.455090843, 4351130.295690336, 4368320.875590425, 3591898.4557219823, 4241960.015722179, 4149093.2786848936, 4291076.114492695, 3754789.3252535523, 3729084.628345299, 3928144.6553080278, 4004254.240876628, 3187276.77000484, 3369697.2890302287, 3554848.7379682823, 3629382.450741989].
Current power, average power, integrated power and profit for each farm: [2930.905776598793], [1416.7708497981243], [61204500.71127897], [1416.7708497981243]
  516   516 T= 928800.00 eta norm: 25059.9578 u norm: 16989.1506  3.84
volume2d rel. error  3.5132e-02
Updating tidal field at t=930600
Done updating tidal field
  0 SNES Function norm 1.382266848505e+07 
  1 SNES Function norm 1.279727556002e+03 
Integrated power for each turbine: [3000538.5928258114, 4531609.874185727, 4684426.465626602, 4702609.858639443, 3831223.5273999767, 4555439.923597288, 4458474.090556448, 4616524.392210442, 4027152.8243575734, 4002406.827204038, 4216026.7339395275, 4317333.187153754, 3391357.092736613, 3603882.088405217, 3817658.027060018, 3894902.4013107363].
Current power, average power, integrated power and profit for each farm: [2470.591775516814], [1458.9236868268717], [65651565.90720923], [1458.9236868268717]
  517   517 T= 930600.00 eta norm: 27867.3956 u norm: 14949.5916  4.04
volume2d rel. error  2.7312e-02
Updating tidal field at t=932400
Done updating tidal field
  0 SNES Function norm 6.265788173357e+06 
  1 SNES Function norm 3.751408442155e+02 
Integrated power for each turbine: [3125132.203473281, 4749920.316087212, 4922113.936393425, 4936899.300397891, 3997431.6430711704, 4769953.36729205, 4666554.688573825, 4845417.9765977645, 4212206.004077352, 4181960.926942033, 4406117.863697722, 4538339.675435265, 3515466.053750258, 3747738.311748517, 3995294.847471488, 4083048.8391627367].
Current power, average power, integrated power and profit for each farm: [1690.0166927570979], [1467.81187936265], [68693595.95417202], [1467.81187936265]
  518   518 T= 932400.00 eta norm: 28514.9064 u norm: 12194.8400  4.18
volume2d rel. error  2.5518e-02
68693595.95417202
68693595.95417202
68693595.95417202
68693595.95417202
68693595.95417202
68693595.95417202
68693595.95417202
68693595.95417202
