Using default SIPG parameters
dt = 300
Using time integrator: CrankNicolson
Number of turbines = 16.000782555351037
    0     0 T=      0.00 eta norm:     0.0000 u norm:     0.0001  0.00
volume2d rel. error  0.0000e+00
Updating tidal elevation at t = 300
  0 SNES Function norm 2.362239116486e+05 
  1 SNES Function norm 2.048100480505e-09 
Current power, average power, integrated power and profit for each farm: [1.6013058939192375], [1.6013058939192375], [480.39176817577123], [1.6013058939192375]
    1     1 T=    300.00 eta norm:   268.8886 u norm:   121.8707  3.73
volume2d rel. error  6.1125e-03
Updating tidal elevation at t = 600
  0 SNES Function norm 2.005564206435e+05 
  1 SNES Function norm 1.893011996220e-09 
Current power, average power, integrated power and profit for each farm: [13.0077683596026], [7.30453712676092], [4382.722276056552], [7.30453712676092]
    2     2 T=    600.00 eta norm:   501.1915 u norm:   246.8800  3.58
volume2d rel. error  1.1424e-02
Calculating minimum distance constraints.
FORWARD RUN:
angle: [800.0, 200.0, 800.0, 250.0, 800.0, 300.0, 800.0, 350.0, 900.0, 200.0, 900.0, 250.0, 900.0, 300.0, 900.0, 350.0, 1000.0, 200.0, 1000.0, 250.0, 1000.0, 300.0, 1000.0, 350.0, 1100.0, 200.0, 1100.0, 250.0, 1100.0, 300.0, 1100.0, 350.0]
pyop2:INFO Compiling wrapper...
pyop2:INFO Compiling wrapper...done
  0 SNES Function norm 2.362239116486e+05 
  1 SNES Function norm 2.124767195927e-09 
pyop2:INFO Compiling wrapper...
pyop2:INFO Compiling wrapper...done
  0 SNES Function norm 2.005564206435e+05 
  1 SNES Function norm 1.876559781072e-09 
ADJOINT RUN:
angle: [800.0, 200.0, 800.0, 250.0, 800.0, 300.0, 800.0, 350.0, 900.0, 200.0, 900.0, 250.0, 900.0, 300.0, 900.0, 350.0, 1000.0, 200.0, 1000.0, 250.0, 1000.0, 300.0, 1000.0, 350.0, 1100.0, 200.0, 1100.0, 250.0, 1100.0, 300.0, 1100.0, 350.0]
Controls value: ([800.0, 200.0, 800.0, 250.0, 800.0, 300.0, 800.0, 350.0, 900.0, 200.0, 900.0, 250.0, 900.0, 300.0, 900.0, 350.0, 1000.0, 200.0, 1000.0, 250.0, 1000.0, 300.0, 1000.0, 350.0, 1100.0, 200.0, 1100.0, 250.0, 1100.0, 300.0, 1100.0, 350.0],)
Derivatives: ([-0.8320502943378437, 0.44529980377477085, -0.0, -0.0, -0.0, -0.0, 1.0, -1.0, -0.8944271909999159, 0.5527864045000421, -0.0, -0.0, 0.7071067811865475, -1.7071067811865475, -0.0, -0.0, 0.29289321881345254, 0.7071067811865475, -0.0, 1.0, -0.0, -0.0, -1.0, -1.0, -1.0, 1.0, -0.0, -0.0, -0.0, -0.0, -0.0, -1.0],)
Functional value: -1749.1900792836664
Costs, average power, integrated power and profit for each farm: [16.000782555351037], [7.304537126760824], [4382.722276056495], [7.304537126760824]
Calculating minimum distance constraints.
Calculating gradient of equality constraint
FORWARD RUN:
angle: [800.8320502943378, 199.55470019622524, 800.0, 250.0, 800.0, 300.0, 799.0, 351.0, 900.8944271909999, 199.44721359549996, 900.0, 250.0, 899.2928932188134, 301.70710678118655, 900.0, 350.0, 999.7071067811866, 199.29289321881345, 1000.0, 249.0, 1000.0, 300.0, 1001.0, 351.0, 1101.0, 199.0, 1100.0, 250.0, 1100.0, 300.0, 1100.0, 351.0]
  0 SNES Function norm 2.362239116486e+05 
  1 SNES Function norm 1.921501351223e-09 
  0 SNES Function norm 2.005564206435e+05 
  1 SNES Function norm 1.942974080867e-09 
Calculating minimum distance constraints.
ADJOINT RUN:
angle: [800.8320502943378, 199.55470019622524, 800.0, 250.0, 800.0, 300.0, 799.0, 351.0, 900.8944271909999, 199.44721359549996, 900.0, 250.0, 899.2928932188134, 301.70710678118655, 900.0, 350.0, 999.7071067811866, 199.29289321881345, 1000.0, 249.0, 1000.0, 300.0, 1001.0, 351.0, 1101.0, 199.0, 1100.0, 250.0, 1100.0, 300.0, 1100.0, 351.0]
Controls value: ([800.8320502943378, 199.55470019622524, 800.0, 250.0, 800.0, 300.0, 799.0, 351.0, 900.8944271909999, 199.44721359549996, 900.0, 250.0, 899.2928932188134, 301.70710678118655, 900.0, 350.0, 999.7071067811866, 199.29289321881345, 1000.0, 249.0, 1000.0, 300.0, 1001.0, 351.0, 1101.0, 199.0, 1100.0, 250.0, 1100.0, 300.0, 1100.0, 351.0],)
Derivatives: ([-0.8498184454875576, 0.4470830195422133, 0.016491866212960726, 0.00013600007360303756, -0.01960407493444558, -0.00019217834327556194, 1.019555063735357, -1.0097083264963373, -0.9130088946534365, 0.5544174558734212, 0.004016211492746639, 6.2990347227454e-05, 0.7137742395676314, -1.7139510379965845, -0.0, 0.019801009679225972, 0.2998955353297965, 0.7111529954174851, -0.0, 1.0, 0.01960407493444558, -0.00019217834327556194, -1.019555063735357, -1.0097083264963373, -1.019599894436998, 1.0026993571343554, 0.01960407493444558, 0.00019217834327556194, -0.0, -0.0, -0.0, -1.0],)
Functional value: -1763.2544174289721
Costs, average power, integrated power and profit for each farm: [16.00037578834985], [7.3046257181419865], [4382.775430885192], [7.3046257181419865]
Calculating gradient of equality constraint
FORWARD RUN:
angle: [805.0843159601964, 197.31758672581284, 799.9175406689352, 249.99931999963198, 800.0980203746723, 300.0009608917164, 793.8984106830081, 356.0523556307968, 905.4628830080666, 196.67301798971747, 899.9799189425363, 249.99968504826387, 895.7213251169032, 310.28337287355663, 900.0, 349.9009949516039, 998.2065120102945, 195.73443133765397, 1000.0, 243.99618600168486, 999.9019796253277, 300.0009608917164, 1006.1015893169919, 356.0523556307968, 1106.1018134705, 193.9826892160131, 1099.9019796253278, 249.99903910828363, 1100.0, 300.0, 1100.0, 356.00381399831514]
  0 SNES Function norm 2.362239116486e+05 
  1 SNES Function norm 1.962082727321e-09 
  0 SNES Function norm 2.005564206435e+05 
  1 SNES Function norm 1.892330891024e-09 
Calculating minimum distance constraints.
ADJOINT RUN:
angle: [805.0843159601964, 197.31758672581284, 799.9175406689352, 249.99931999963198, 800.0980203746723, 300.0009608917164, 793.8984106830081, 356.0523556307968, 905.4628830080666, 196.67301798971747, 899.9799189425363, 249.99968504826387, 895.7213251169032, 310.28337287355663, 900.0, 349.9009949516039, 998.2065120102945, 195.73443133765397, 1000.0, 243.99618600168486, 999.9019796253277, 300.0009608917164, 1006.1015893169919, 356.0523556307968, 1106.1018134705, 193.9826892160131, 1099.9019796253278, 249.99903910828363, 1100.0, 300.0, 1100.0, 356.00381399831514]
Controls value: ([805.0843159601964, 197.31758672581284, 799.9175406689352, 249.99931999963198, 800.0980203746723, 300.0009608917164, 793.8984106830081, 356.0523556307968, 905.4628830080666, 196.67301798971747, 899.9799189425363, 249.99968504826387, 895.7213251169032, 310.28337287355663, 900.0, 349.9009949516039, 998.2065120102945, 195.73443133765397, 1000.0, 243.99618600168486, 999.9019796253277, 300.0009608917164, 1006.1015893169919, 356.0523556307968, 1106.1018134705, 193.9826892160131, 1099.9019796253278, 249.99903910828363, 1100.0, 300.0, 1100.0, 356.00381399831514],)
Derivatives: ([-0.9372899727918385, 0.452148205616433, 0.10121641809623283, 0.0047684459288900305, -0.11354484703184838, -0.006054750897262262, 1.1082590033100561, -1.0518176850748926, -1.002019309737991, 0.5583295945886064, 0.0318122728582592, 0.0027583854805823815, 0.7372402299238945, -1.742774733383995, -0.0, 0.11575790013154538, 0.3330949464572428, 0.7290271841733291, -0.0017502119191546476, 0.9999984683779461, 0.11168560680392474, -0.006059733368826259, -1.1082590033100561, -1.0518176850748926, -1.1098754987444086, 1.0101642169664546, 0.11196763567409841, 0.00606729586525534, -0.001960366052492198, 1.9215193759469784e-06, -0.0, -1.0],)
Functional value: -1836.2821450104018
Costs, average power, integrated power and profit for each farm: [16.000508570974056], [7.305189061146215], [4383.113436687729], [7.305189061146215]
Calculating gradient of equality constraint
FORWARD RUN:
angle: [815.0206804538175, 192.1997833169042, 799.502428534077, 249.98536242947273, 800.5733333000751, 300.0188538319733, 782.0209076898726, 367.6926983717336, 916.1247966977851, 190.33288889546245, 899.859645024672, 249.9917480431472, 886.9458603235711, 324.70931706947937, 900.5636493487511, 354.63704530960274, 994.6937916706257, 187.56750724453863, 1000.0046869459925, 232.57941678495786, 999.4316456161578, 300.01886717468614, 1017.9790923101273, 367.6926983717336, 1117.984036936328, 182.51511710392688, 1099.4308903624265, 249.98111257347352, 1100.0052497241693, 299.99999485430453, 1100.0, 367.4205873166197]
  0 SNES Function norm 2.362239116486e+05 
  1 SNES Function norm 1.901020847926e-09 
  0 SNES Function norm 2.005564206434e+05 
  1 SNES Function norm 1.931302633223e-09 
Calculating minimum distance constraints.
ADJOINT RUN:
angle: [815.0206804538175, 192.1997833169042, 799.502428534077, 249.98536242947273, 800.5733333000751, 300.0188538319733, 782.0209076898726, 367.6926983717336, 916.1247966977851, 190.33288889546245, 899.859645024672, 249.9917480431472, 886.9458603235711, 324.70931706947937, 900.5636493487511, 354.63704530960274, 994.6937916706257, 187.56750724453863, 1000.0046869459925, 232.57941678495786, 999.4316456161578, 300.01886717468614, 1017.9790923101273, 367.6926983717336, 1117.984036936328, 182.51511710392688, 1099.4308903624265, 249.98111257347352, 1100.0052497241693, 299.99999485430453, 1100.0, 367.4205873166197]
Controls value: ([815.0206804538175, 192.1997833169042, 799.502428534077, 249.98536242947273, 800.5733333000751, 300.0188538319733, 782.0209076898726, 367.6926983717336, 916.1247966977851, 190.33288889546245, 899.859645024672, 249.9917480431472, 886.9458603235711, 324.70931706947937, 900.5636493487511, 354.63704530960274, 994.6937916706257, 187.56750724453863, 1000.0046869459925, 232.57941678495786, 999.4316456161578, 300.01886717468614, 1017.9790923101273, 367.6926983717336, 1117.984036936328, 182.51511710392688, 1099.4308903624265, 249.98111257347352, 1100.0052497241693, 299.99999485430453, 1100.0, 367.4205873166197],)
Derivatives: ([-1.113018193797725, 0.4449482799955726, 0.2807582221473004, 0.03399013215104607, -0.2857883835203142, -0.03535504030575476, 1.258379336178183, -1.0738886113936879, -1.1724236042774514, 0.5488376899383959, 0.09272579039273263, 0.020604421130894446, 0.7881086841028435, -1.7717266167090129, -0.00011489770936856658, 0.2199835314837822, 0.38136234279461356, 0.7453907438538312, -0.008496816633805068, 0.9999639014019913, 0.2728203949473424, -0.03552984665924874, -1.2581984906737846, -1.0749449527614936, -1.2643178445937528, 1.0051506770778187, 0.27663854787347497, 0.03572867781782296, -0.011559959113363867, 6.591838056968502e-05, 7.786529251146572e-05, -0.9999999969684981],)
Functional value: -2004.5453025053796
Costs, average power, integrated power and profit for each farm: [16.000218886706932], [7.301811701041185], [4381.087020624711], [7.301811701041185]
Calculating gradient of equality constraint
FORWARD RUN:
angle: [837.0027776721083, 181.12786111996618, 798.1406176101638, 249.88214197327804, 802.0499342237279, 300.1311014448372, 760.0, 392.97769505778695, 939.6661835196959, 176.61856738476942, 899.4424030928931, 249.93001536251802, 862.8564611807933, 353.76342502605837, 906.7305390748788, 366.8980207488651, 986.956132798247, 169.8281749948697, 1000.0318614425187, 207.84365297764225, 997.9936003800805, 300.1315623376657, 1044.1038260131902, 392.98029134690216, 1144.1304582687083, 160.0, 1097.9824471051907, 249.86790153833948, 1100.040708223093, 299.9998259326223, 1099.9998086217036, 392.1564453452933]
  0 SNES Function norm 2.362239116486e+05 
  1 SNES Function norm 1.882908257338e-09 
  0 SNES Function norm 2.005564206431e+05 
  1 SNES Function norm 1.901465080873e-09 
Calculating minimum distance constraints.
FORWARD RUN:
angle: [826.9577149153444, 186.18734894780215, 798.7629183878245, 249.9293101733802, 801.3751783622878, 300.0798081444611, 770.0627978081008, 381.42332078704476, 928.908579017311, 182.8855408620189, 899.6330683123147, 249.9582250753996, 873.8644884749584, 340.48669647429915, 903.912482467366, 361.29517646501535, 990.4919769077345, 177.93444001323837, 1000.0194436317757, 219.147046703616, 998.6507376177159, 300.080064522272, 1032.1657207930634, 381.4247306612862, 1132.1824425475327, 170.28863452103406, 1098.644335881046, 249.91963508957377, 1100.024504908031, 299.9999031240241, 1099.999896075006, 380.85300856339796]
  0 SNES Function norm 2.362239116486e+05 
  1 SNES Function norm 1.938202485267e-09 
  0 SNES Function norm 2.005564206432e+05 
  1 SNES Function norm 1.944792851810e-09 
Calculating minimum distance constraints.
FORWARD RUN:
angle: [820.3406967052931, 189.52020249993953, 799.1728486866807, 249.9603814415812, 800.9306941484404, 300.0460195349858, 776.6914986885837, 373.8120686917039, 921.8221857699538, 187.01380552546715, 899.758665858043, 249.97680775510585, 881.1158435760688, 331.7408721102111, 902.0561344941975, 357.60439587438617, 992.8211554730577, 183.27430742282016, 1000.0112636052488, 226.5929695346889, 999.0836158558343, 300.0461411919266, 1024.301692309827, 373.8126970348575, 1124.311885686376, 177.06610158428387, 1099.080344116028, 249.95371370698783, 1100.0138312434235, 299.99995397257766, 1099.9999536834162, 373.407057369952]
  0 SNES Function norm 2.362239116486e+05 
  1 SNES Function norm 1.881509062645e-09 
  0 SNES Function norm 2.005564206433e+05 
  1 SNES Function norm 1.889026206274e-09 
Calculating minimum distance constraints.
FORWARD RUN:
angle: [816.20059937486, 191.60548285672755, 799.4293314833247, 249.97982193130764, 800.6525918599543, 300.02487887503196, 780.8389055640613, 369.0499049072205, 917.3884126058997, 189.596754063602, 899.8372489973472, 249.98843445767818, 885.6528291099042, 326.2688357710641, 900.8946655297635, 355.2951698173583, 994.2784623225008, 186.61532449508616, 1000.006145573998, 231.25169107012456, 999.3544565851698, 300.0249162406051, 1019.3813728704093, 369.0500442665646, 1119.3874816095667, 181.30658761665367, 1099.3531432035318, 249.97503581741614, 1100.0071530072535, 299.99998578720385, 1099.99998972751, 368.7483180889123]
  0 SNES Function norm 2.362239116486e+05 
  1 SNES Function norm 1.889743952533e-09 
  0 SNES Function norm 2.005564206434e+05 
  1 SNES Function norm 1.947502368189e-09 
Calculating minimum distance constraints.
FORWARD RUN:
angle: [815.1386723459217, 192.14035327088652, 799.4951188290017, 249.98480837965622, 800.581259156063, 300.0194563362791, 781.9027074772915, 367.8284190252823, 916.2511582885966, 190.2592754122764, 899.8574054219395, 249.9914166846003, 886.8165572022044, 324.8652689396379, 900.5967509668524, 354.7028577603783, 994.6522587358132, 187.4722889695934, 1000.004832808793, 232.4466442134745, 999.423926713059, 300.019472081278, 1018.1193203661555, 367.8284329612167, 1118.1243814036518, 182.39426415519955, 1099.4231156465369, 249.98050489786777, 1100.0054400524778, 299.9999939475945, 1099.999998972751, 367.55336039384895]
  0 SNES Function norm 2.362239116486e+05 
  1 SNES Function norm 1.969106072430e-09 
  0 SNES Function norm 2.005564206434e+05 
  1 SNES Function norm 1.919677093069e-09 
Calculating minimum distance constraints.
FORWARD RUN:
angle: [815.032479643028, 192.19384031230243, 799.5016975635695, 249.98530702449108, 800.5741258856739, 300.01891408240385, 782.0090876686145, 367.7062704370885, 916.1374328568662, 190.32552754714385, 899.8594210643987, 249.9917149072925, 886.9329300114345, 324.7249122564952, 900.5669595105612, 354.6436265546803, 994.6896383771444, 187.5579854170441, 1000.0047015322725, 232.56613952780953, 999.4308737258478, 300.0189276653453, 1017.9931151157301, 367.70627183068194, 1117.9980713830605, 182.50303180905416, 1099.4301128908376, 249.98105180591295, 1100.005268757, 299.99999476363354, 1099.999999897275, 367.4338646243426]
  0 SNES Function norm 2.362239116486e+05 
  1 SNES Function norm 1.937946226430e-09 
  0 SNES Function norm 2.005564206434e+05 
  1 SNES Function norm 1.916363009752e-09 
Calculating minimum distance constraints.
FORWARD RUN:
angle: [815.0218603727385, 192.19918901644402, 799.5023554370263, 249.98535688897456, 800.573412558635, 300.0188598570163, 782.0197256877468, 367.6940555782691, 916.1260603136932, 190.33215276063058, 899.8596226286446, 249.99174472956173, 886.9445672923574, 324.71087658818095, 900.5639803649321, 354.6377034341105, 994.6933763412776, 187.5665550617892, 1000.0046884046205, 232.578089059243, 999.4315684271268, 300.01887322375205, 1017.9804945906875, 367.69405571762843, 1117.9854403810014, 182.5139085744396, 1099.4308126152675, 249.98110649671747, 1100.0052516274525, 299.99999484523744, 1099.9999999897275, 367.42191504739196]
  0 SNES Function norm 2.362239116486e+05 
  1 SNES Function norm 1.927265632478e-09 
  0 SNES Function norm 2.005564206434e+05 
  1 SNES Function norm 1.897910567425e-09 
Calculating minimum distance constraints.
FORWARD RUN:
angle: [815.0207984457096, 192.19972388685818, 799.5024212243719, 249.9853618754229, 800.5733412259311, 300.0188544344776, 782.02078948966, 367.69283409238716, 916.1249230593759, 190.33281528197926, 899.8596427850692, 249.99174771178866, 886.9457310204497, 324.70947302134954, 900.5636824503692, 354.6371111220535, 994.6937501376909, 187.5674120262637, 1000.0046870918553, 232.57928401238638, 999.4316378972546, 300.0188677795927, 1017.9792325381833, 367.6928341063231, 1117.9841772807954, 182.51499625097816, 1099.4308825877106, 249.9811119657979, 1100.0052499144977, 299.9999948533978, 1099.9999999989727, 367.4207200896969]
  0 SNES Function norm 2.362239116486e+05 
  1 SNES Function norm 1.961137259560e-09 
  0 SNES Function norm 2.005564206434e+05 
  1 SNES Function norm 1.853222451093e-09 
Calculating minimum distance constraints.
FORWARD RUN:
angle: [815.0206922530067, 192.1997773738996, 799.5024278031065, 249.98536237406776, 800.5733340926607, 300.0188538922237, 782.0208958698513, 367.692711943799, 916.1248093339442, 190.33288153411414, 899.8596448007117, 249.99174801001135, 886.945847393259, 324.70933266466636, 900.5636526589129, 354.63705189084783, 994.6937875173322, 187.56749772271112, 1000.0046869605787, 232.5794035077007, 999.4316448442675, 300.0188672351768, 1017.9791063329329, 367.69271194519257, 1117.9840509707747, 182.515105018632, 1099.430889584955, 249.98111251270598, 1100.005249743202, 299.99999485421387, 1099.9999999998972, 367.4206005939274]
  0 SNES Function norm 2.362239116486e+05 
  1 SNES Function norm 1.904733354421e-09 
  0 SNES Function norm 2.005564206434e+05 
  1 SNES Function norm 1.882502339813e-09 
Calculating minimum distance constraints.
FORWARD RUN:
angle: [815.0206816337364, 192.19978272260371, 799.50242846098, 249.98536242393223, 800.5733333793337, 300.01885383799834, 782.0209065078704, 367.69269972894017, 916.124797961401, 190.3328881593276, 899.8596450022759, 249.99174803983362, 886.9458590305399, 324.70931862899806, 900.5636496797673, 354.63704596772726, 994.6937912552963, 187.5675062923559, 1000.0046869474511, 232.57941545723213, 999.4316455389687, 300.0188671807352, 1017.9790937124078, 367.69269972907955, 1117.9840383397727, 182.5151158953974, 1099.4308902846792, 249.98111256739676, 1100.0052497260726, 299.99999485429544, 1099.9999999999898, 367.42058864435046]
  0 SNES Function norm 2.362239116486e+05 
  1 SNES Function norm 1.915293989307e-09 
  0 SNES Function norm 2.005564206434e+05 
  1 SNES Function norm 1.936562949168e-09 
Calculating minimum distance constraints.
FORWARD RUN:
angle: [815.0206805718094, 192.19978325747414, 799.5024285267673, 249.98536242891868, 800.573333308001, 300.01885383257576, 782.0209075716724, 367.6926985074543, 916.1247968241466, 190.33288882184897, 899.8596450224323, 249.99174804281583, 886.945860194268, 324.7093172254312, 900.5636493818528, 354.6370453754152, 994.6937916290927, 187.56750714932036, 1000.0046869461383, 232.57941665218527, 999.4316456084389, 300.01886717529106, 1017.9790924503553, 367.6926985074682, 1117.9840370766724, 182.51511698307394, 1099.4308903546516, 249.98111257286584, 1100.0052497243596, 299.9999948543036, 1099.9999999999989, 367.42058744939277]
  0 SNES Function norm 2.362239116486e+05 
  1 SNES Function norm 1.912044084427e-09 
  0 SNES Function norm 2.005564206434e+05 
  1 SNES Function norm 1.962025992191e-09 
  NIT    FC           OBJFUN            GNORM
    1     2    -1.763254E+03     3.741146E+00
    2     3    -1.836282E+03     3.777651E+00
    3     4    -2.004545E+03     3.950446E+00
    4     5    -2.033882E+03     4.246395E+00
Optimization terminated successfully    (Exit mode 0)
            Current function value: -1832.758572802181
            Iterations: 4
            Function evaluations: 15
            Gradient evaluations: 4
     fun: -1832.758572802181
     jac: array([-1.11301819e+00,  4.44948280e-01,  2.80758222e-01,  3.39901322e-02,
       -2.85788384e-01, -3.53550403e-02,  1.25837934e+00, -1.07388861e+00,
       -1.17242360e+00,  5.48837690e-01,  9.27257904e-02,  2.06044211e-02,
        7.88108684e-01, -1.77172662e+00, -1.14897709e-04,  2.19983531e-01,
        3.81362343e-01,  7.45390744e-01, -8.49681663e-03,  9.99963901e-01,
        2.72820395e-01, -3.55298467e-02, -1.25819849e+00, -1.07494495e+00,
       -1.26431784e+00,  1.00515068e+00,  2.76638548e-01,  3.57286778e-02,
       -1.15599591e-02,  6.59183806e-05,  7.78652925e-05, -9.99999997e-01])
 message: 'Optimization terminated successfully'
    nfev: 15
     nit: 4
    njev: 4
  status: 0
 success: True
       x: array([ 815.02068057,  192.19978326,  799.50242853,  249.98536243,
        800.57333331,  300.01885383,  782.02090757,  367.69269851,
        916.12479682,  190.33288882,  899.85964502,  249.99174804,
        886.94586019,  324.70931723,  900.56364938,  354.63704538,
        994.69379163,  187.56750715, 1000.00468695,  232.57941665,
        999.43164561,  300.01886718, 1017.97909245,  367.69269851,
       1117.98403708,  182.51511698, 1099.43089035,  249.98111257,
       1100.00524972,  299.99999485, 1100.        ,  367.42058745])
time cost: 1.983643686771393 min
  NIT    FC           OBJFUN            GNORM
    1     2    -1.763254E+03     3.741146E+00
    2     3    -1.836282E+03     3.777651E+00
    3     4    -2.004545E+03     3.950446E+00
    4     5    -2.033882E+03     4.246395E+00
Optimization terminated successfully    (Exit mode 0)
            Current function value: -1832.758572802181
            Iterations: 4
            Function evaluations: 15
            Gradient evaluations: 4
     fun: -1832.758572802181
     jac: array([-1.11301819e+00,  4.44948280e-01,  2.80758222e-01,  3.39901322e-02,
       -2.85788384e-01, -3.53550403e-02,  1.25837934e+00, -1.07388861e+00,
       -1.17242360e+00,  5.48837690e-01,  9.27257904e-02,  2.06044211e-02,
        7.88108684e-01, -1.77172662e+00, -1.14897709e-04,  2.19983531e-01,
        3.81362343e-01,  7.45390744e-01, -8.49681663e-03,  9.99963901e-01,
        2.72820395e-01, -3.55298467e-02, -1.25819849e+00, -1.07494495e+00,
       -1.26431784e+00,  1.00515068e+00,  2.76638548e-01,  3.57286778e-02,
       -1.15599591e-02,  6.59183806e-05,  7.78652925e-05, -9.99999997e-01])
 message: 'Optimization terminated successfully'
    nfev: 15
     nit: 4
    njev: 4
  status: 0
 success: True
       x: array([ 815.02068057,  192.19978326,  799.50242853,  249.98536243,
        800.57333331,  300.01885383,  782.02090757,  367.69269851,
        916.12479682,  190.33288882,  899.85964502,  249.99174804,
        886.94586019,  324.70931723,  900.56364938,  354.63704538,
        994.69379163,  187.56750715, 1000.00468695,  232.57941665,
        999.43164561,  300.01886718, 1017.97909245,  367.69269851,
       1117.98403708,  182.51511698, 1099.43089035,  249.98111257,
       1100.00524972,  299.99999485, 1100.        ,  367.42058745])
time cost: 1.983645538489024 min
  NIT    FC           OBJFUN            GNORM
    1     2    -1.763254E+03     3.741146E+00
    2     3    -1.836282E+03     3.777651E+00
    3     4    -2.004545E+03     3.950446E+00
    4     5    -2.033882E+03     4.246395E+00
Optimization terminated successfully    (Exit mode 0)
            Current function value: -1832.758572802181
            Iterations: 4
            Function evaluations: 15
            Gradient evaluations: 4
     fun: -1832.758572802181
     jac: array([-1.11301819e+00,  4.44948280e-01,  2.80758222e-01,  3.39901322e-02,
       -2.85788384e-01, -3.53550403e-02,  1.25837934e+00, -1.07388861e+00,
       -1.17242360e+00,  5.48837690e-01,  9.27257904e-02,  2.06044211e-02,
        7.88108684e-01, -1.77172662e+00, -1.14897709e-04,  2.19983531e-01,
        3.81362343e-01,  7.45390744e-01, -8.49681663e-03,  9.99963901e-01,
        2.72820395e-01, -3.55298467e-02, -1.25819849e+00, -1.07494495e+00,
       -1.26431784e+00,  1.00515068e+00,  2.76638548e-01,  3.57286778e-02,
       -1.15599591e-02,  6.59183806e-05,  7.78652925e-05, -9.99999997e-01])
 message: 'Optimization terminated successfully'
    nfev: 15
     nit: 4
    njev: 4
  status: 0
 success: True
       x: array([ 815.02068057,  192.19978326,  799.50242853,  249.98536243,
        800.57333331,  300.01885383,  782.02090757,  367.69269851,
        916.12479682,  190.33288882,  899.85964502,  249.99174804,
        886.94586019,  324.70931723,  900.56364938,  354.63704538,
        994.69379163,  187.56750715, 1000.00468695,  232.57941665,
        999.43164561,  300.01886718, 1017.97909245,  367.69269851,
       1117.98403708,  182.51511698, 1099.43089035,  249.98111257,
       1100.00524972,  299.99999485, 1100.        ,  367.42058745])
time cost: 1.9837236046791076 min
  NIT    FC           OBJFUN            GNORM
    1     2    -1.763254E+03     3.741146E+00
    2     3    -1.836282E+03     3.777651E+00
    3     4    -2.004545E+03     3.950446E+00
    4     5    -2.033882E+03     4.246395E+00
Optimization terminated successfully    (Exit mode 0)
            Current function value: -1832.758572802181
            Iterations: 4
            Function evaluations: 15
            Gradient evaluations: 4
     fun: -1832.758572802181
     jac: array([-1.11301819e+00,  4.44948280e-01,  2.80758222e-01,  3.39901322e-02,
       -2.85788384e-01, -3.53550403e-02,  1.25837934e+00, -1.07388861e+00,
       -1.17242360e+00,  5.48837690e-01,  9.27257904e-02,  2.06044211e-02,
        7.88108684e-01, -1.77172662e+00, -1.14897709e-04,  2.19983531e-01,
        3.81362343e-01,  7.45390744e-01, -8.49681663e-03,  9.99963901e-01,
        2.72820395e-01, -3.55298467e-02, -1.25819849e+00, -1.07494495e+00,
       -1.26431784e+00,  1.00515068e+00,  2.76638548e-01,  3.57286778e-02,
       -1.15599591e-02,  6.59183806e-05,  7.78652925e-05, -9.99999997e-01])
 message: 'Optimization terminated successfully'
    nfev: 15
     nit: 4
    njev: 4
  status: 0
 success: True
       x: array([ 815.02068057,  192.19978326,  799.50242853,  249.98536243,
        800.57333331,  300.01885383,  782.02090757,  367.69269851,
        916.12479682,  190.33288882,  899.85964502,  249.99174804,
        886.94586019,  324.70931723,  900.56364938,  354.63704538,
        994.69379163,  187.56750715, 1000.00468695,  232.57941665,
        999.43164561,  300.01886718, 1017.97909245,  367.69269851,
       1117.98403708,  182.51511698, 1099.43089035,  249.98111257,
       1100.00524972,  299.99999485, 1100.        ,  367.42058745])
time cost: 1.9837537010510762 min
  NIT    FC           OBJFUN            GNORM
    1     2    -1.763254E+03     3.741146E+00
    2     3    -1.836282E+03     3.777651E+00
    3     4    -2.004545E+03     3.950446E+00
    4     5    -2.033882E+03     4.246395E+00
Optimization terminated successfully    (Exit mode 0)
            Current function value: -1832.758572802181
            Iterations: 4
            Function evaluations: 15
            Gradient evaluations: 4
     fun: -1832.758572802181
     jac: array([-1.11301819e+00,  4.44948280e-01,  2.80758222e-01,  3.39901322e-02,
       -2.85788384e-01, -3.53550403e-02,  1.25837934e+00, -1.07388861e+00,
       -1.17242360e+00,  5.48837690e-01,  9.27257904e-02,  2.06044211e-02,
        7.88108684e-01, -1.77172662e+00, -1.14897709e-04,  2.19983531e-01,
        3.81362343e-01,  7.45390744e-01, -8.49681663e-03,  9.99963901e-01,
        2.72820395e-01, -3.55298467e-02, -1.25819849e+00, -1.07494495e+00,
       -1.26431784e+00,  1.00515068e+00,  2.76638548e-01,  3.57286778e-02,
       -1.15599591e-02,  6.59183806e-05,  7.78652925e-05, -9.99999997e-01])
 message: 'Optimization terminated successfully'
    nfev: 15
     nit: 4
    njev: 4
  status: 0
 success: True
       x: array([ 815.02068057,  192.19978326,  799.50242853,  249.98536243,
        800.57333331,  300.01885383,  782.02090757,  367.69269851,
        916.12479682,  190.33288882,  899.85964502,  249.99174804,
        886.94586019,  324.70931723,  900.56364938,  354.63704538,
        994.69379163,  187.56750715, 1000.00468695,  232.57941665,
        999.43164561,  300.01886718, 1017.97909245,  367.69269851,
       1117.98403708,  182.51511698, 1099.43089035,  249.98111257,
       1100.00524972,  299.99999485, 1100.        ,  367.42058745])
time cost: 1.9837710738182068 min
Calculating minimum distance constraints.
  NIT    FC           OBJFUN            GNORM
    1     2    -1.763254E+03     3.741146E+00
    2     3    -1.836282E+03     3.777651E+00
    3     4    -2.004545E+03     3.950446E+00
    4     5    -2.033882E+03     4.246395E+00
Optimization terminated successfully    (Exit mode 0)
            Current function value: -1832.758572802181
            Iterations: 4
            Function evaluations: 15
            Gradient evaluations: 4
     fun: -1832.758572802181
     jac: array([-1.11301819e+00,  4.44948280e-01,  2.80758222e-01,  3.39901322e-02,
       -2.85788384e-01, -3.53550403e-02,  1.25837934e+00, -1.07388861e+00,
       -1.17242360e+00,  5.48837690e-01,  9.27257904e-02,  2.06044211e-02,
        7.88108684e-01, -1.77172662e+00, -1.14897709e-04,  2.19983531e-01,
        3.81362343e-01,  7.45390744e-01, -8.49681663e-03,  9.99963901e-01,
        2.72820395e-01, -3.55298467e-02, -1.25819849e+00, -1.07494495e+00,
       -1.26431784e+00,  1.00515068e+00,  2.76638548e-01,  3.57286778e-02,
       -1.15599591e-02,  6.59183806e-05,  7.78652925e-05, -9.99999997e-01])
 message: 'Optimization terminated successfully'
    nfev: 15
     nit: 4
    njev: 4
  status: 0
 success: True
       x: array([ 815.02068057,  192.19978326,  799.50242853,  249.98536243,
        800.57333331,  300.01885383,  782.02090757,  367.69269851,
        916.12479682,  190.33288882,  899.85964502,  249.99174804,
        886.94586019,  324.70931723,  900.56364938,  354.63704538,
        994.69379163,  187.56750715, 1000.00468695,  232.57941665,
        999.43164561,  300.01886718, 1017.97909245,  367.69269851,
       1117.98403708,  182.51511698, 1099.43089035,  249.98111257,
       1100.00524972,  299.99999485, 1100.        ,  367.42058745])
time cost: 1.9838127533594767 min
  NIT    FC           OBJFUN            GNORM
    1     2    -1.763254E+03     3.741146E+00
    2     3    -1.836282E+03     3.777651E+00
    3     4    -2.004545E+03     3.950446E+00
    4     5    -2.033882E+03     4.246395E+00
Optimization terminated successfully    (Exit mode 0)
            Current function value: -1832.758572802181
            Iterations: 4
            Function evaluations: 15
            Gradient evaluations: 4
     fun: -1832.758572802181
     jac: array([-1.11301819e+00,  4.44948280e-01,  2.80758222e-01,  3.39901322e-02,
       -2.85788384e-01, -3.53550403e-02,  1.25837934e+00, -1.07388861e+00,
       -1.17242360e+00,  5.48837690e-01,  9.27257904e-02,  2.06044211e-02,
        7.88108684e-01, -1.77172662e+00, -1.14897709e-04,  2.19983531e-01,
        3.81362343e-01,  7.45390744e-01, -8.49681663e-03,  9.99963901e-01,
        2.72820395e-01, -3.55298467e-02, -1.25819849e+00, -1.07494495e+00,
       -1.26431784e+00,  1.00515068e+00,  2.76638548e-01,  3.57286778e-02,
       -1.15599591e-02,  6.59183806e-05,  7.78652925e-05, -9.99999997e-01])
 message: 'Optimization terminated successfully'
    nfev: 15
     nit: 4
    njev: 4
  status: 0
 success: True
       x: array([ 815.02068057,  192.19978326,  799.50242853,  249.98536243,
        800.57333331,  300.01885383,  782.02090757,  367.69269851,
        916.12479682,  190.33288882,  899.85964502,  249.99174804,
        886.94586019,  324.70931723,  900.56364938,  354.63704538,
        994.69379163,  187.56750715, 1000.00468695,  232.57941665,
        999.43164561,  300.01886718, 1017.97909245,  367.69269851,
       1117.98403708,  182.51511698, 1099.43089035,  249.98111257,
       1100.00524972,  299.99999485, 1100.        ,  367.42058745])
time cost: 1.9838157494862874 min
  NIT    FC           OBJFUN            GNORM
    1     2    -1.763254E+03     3.741146E+00
    2     3    -1.836282E+03     3.777651E+00
    3     4    -2.004545E+03     3.950446E+00
    4     5    -2.033882E+03     4.246395E+00
Optimization terminated successfully    (Exit mode 0)
            Current function value: -1832.758572802181
            Iterations: 4
            Function evaluations: 15
            Gradient evaluations: 4
     fun: -1832.758572802181
     jac: array([-1.11301819e+00,  4.44948280e-01,  2.80758222e-01,  3.39901322e-02,
       -2.85788384e-01, -3.53550403e-02,  1.25837934e+00, -1.07388861e+00,
       -1.17242360e+00,  5.48837690e-01,  9.27257904e-02,  2.06044211e-02,
        7.88108684e-01, -1.77172662e+00, -1.14897709e-04,  2.19983531e-01,
        3.81362343e-01,  7.45390744e-01, -8.49681663e-03,  9.99963901e-01,
        2.72820395e-01, -3.55298467e-02, -1.25819849e+00, -1.07494495e+00,
       -1.26431784e+00,  1.00515068e+00,  2.76638548e-01,  3.57286778e-02,
       -1.15599591e-02,  6.59183806e-05,  7.78652925e-05, -9.99999997e-01])
 message: 'Optimization terminated successfully'
    nfev: 15
     nit: 4
    njev: 4
  status: 0
 success: True
       x: array([ 815.02068057,  192.19978326,  799.50242853,  249.98536243,
        800.57333331,  300.01885383,  782.02090757,  367.69269851,
        916.12479682,  190.33288882,  899.85964502,  249.99174804,
        886.94586019,  324.70931723,  900.56364938,  354.63704538,
        994.69379163,  187.56750715, 1000.00468695,  232.57941665,
        999.43164561,  300.01886718, 1017.97909245,  367.69269851,
       1117.98403708,  182.51511698, 1099.43089035,  249.98111257,
       1100.00524972,  299.99999485, 1100.        ,  367.42058745])
time cost: 1.9838241338729858 min
Using default SIPG parameters
dt = 300
Using time integrator: CrankNicolson
Number of turbines = 16.000782555351037
    0     0 T=      0.00 eta norm:     0.0000 u norm:     0.0001  0.00
volume2d rel. error  0.0000e+00
Updating tidal elevation at t = 300
  0 SNES Function norm 2.362239116486e+05 
  1 SNES Function norm 2.076008035936e-09 
Current power, average power, integrated power and profit for each farm: [1.6013058939192337], [1.6013058939192337], [480.3917681757701], [1.6013058939192337]
    1     1 T=    300.00 eta norm:   268.8886 u norm:   121.8707  3.55
volume2d rel. error  6.1125e-03
Updating tidal elevation at t = 600
  0 SNES Function norm 2.005564206435e+05 
  1 SNES Function norm 1.884394196839e-09 
Current power, average power, integrated power and profit for each farm: [13.007768359602498], [7.304537126760866], [4382.722276056519], [7.304537126760866]
    2     2 T=    600.00 eta norm:   501.1915 u norm:   246.8800  2.97
volume2d rel. error  1.1424e-02
Calculating minimum distance constraints.
FORWARD RUN:
angle: [800.0, 200.0, 800.0, 250.0, 800.0, 300.0, 800.0, 350.0, 900.0, 200.0, 900.0, 250.0, 900.0, 300.0, 900.0, 350.0, 1000.0, 200.0, 1000.0, 250.0, 1000.0, 300.0, 1000.0, 350.0, 1100.0, 200.0, 1100.0, 250.0, 1100.0, 300.0, 1100.0, 350.0]
  0 SNES Function norm 2.362239116486e+05 
  1 SNES Function norm 2.001231332019e-09 
  0 SNES Function norm 2.005564206435e+05 
  1 SNES Function norm 1.855919610088e-09 
ADJOINT RUN:
angle: [800.0, 200.0, 800.0, 250.0, 800.0, 300.0, 800.0, 350.0, 900.0, 200.0, 900.0, 250.0, 900.0, 300.0, 900.0, 350.0, 1000.0, 200.0, 1000.0, 250.0, 1000.0, 300.0, 1000.0, 350.0, 1100.0, 200.0, 1100.0, 250.0, 1100.0, 300.0, 1100.0, 350.0]
Controls value: ([800.0, 200.0, 800.0, 250.0, 800.0, 300.0, 800.0, 350.0, 900.0, 200.0, 900.0, 250.0, 900.0, 300.0, 900.0, 350.0, 1000.0, 200.0, 1000.0, 250.0, 1000.0, 300.0, 1000.0, 350.0, 1100.0, 200.0, 1100.0, 250.0, 1100.0, 300.0, 1100.0, 350.0],)
Derivatives: ([-0.8320502943378437, 0.44529980377477085, -0.0, -0.0, -0.0, -0.0, 1.0, -1.0, -0.8944271909999159, 0.5527864045000421, -0.0, -0.0, 0.7071067811865475, -1.7071067811865475, -0.0, -0.0, 0.29289321881345254, 0.7071067811865475, -0.0, 1.0, -0.0, -0.0, -1.0, -1.0, -1.0, 1.0, -0.0, -0.0, -0.0, -0.0, -0.0, -1.0],)
Functional value: -1749.1900792836664
Costs, average power, integrated power and profit for each farm: [16.000782555351037], [7.30453712676078], [4382.722276056468], [7.30453712676078]
Calculating minimum distance constraints.
Calculating gradient of equality constraint
FORWARD RUN:
angle: [800.8320502943378, 199.55470019622524, 800.0, 250.0, 800.0, 300.0, 799.0, 351.0, 900.8944271909999, 199.44721359549996, 900.0, 250.0, 899.2928932188134, 301.70710678118655, 900.0, 350.0, 999.7071067811866, 199.29289321881345, 1000.0, 249.0, 1000.0, 300.0, 1001.0, 351.0, 1101.0, 199.0, 1100.0, 250.0, 1100.0, 300.0, 1100.0, 351.0]
  0 SNES Function norm 2.362239116486e+05 
  1 SNES Function norm 1.950116622429e-09 
  0 SNES Function norm 2.005564206435e+05 
  1 SNES Function norm 2.012140858707e-09 
Calculating minimum distance constraints.
ADJOINT RUN:
angle: [800.8320502943378, 199.55470019622524, 800.0, 250.0, 800.0, 300.0, 799.0, 351.0, 900.8944271909999, 199.44721359549996, 900.0, 250.0, 899.2928932188134, 301.70710678118655, 900.0, 350.0, 999.7071067811866, 199.29289321881345, 1000.0, 249.0, 1000.0, 300.0, 1001.0, 351.0, 1101.0, 199.0, 1100.0, 250.0, 1100.0, 300.0, 1100.0, 351.0]
Controls value: ([800.8320502943378, 199.55470019622524, 800.0, 250.0, 800.0, 300.0, 799.0, 351.0, 900.8944271909999, 199.44721359549996, 900.0, 250.0, 899.2928932188134, 301.70710678118655, 900.0, 350.0, 999.7071067811866, 199.29289321881345, 1000.0, 249.0, 1000.0, 300.0, 1001.0, 351.0, 1101.0, 199.0, 1100.0, 250.0, 1100.0, 300.0, 1100.0, 351.0],)
Derivatives: ([-0.8498184454875576, 0.4470830195422133, 0.016491866212960726, 0.00013600007360303756, -0.01960407493444558, -0.00019217834327556194, 1.019555063735357, -1.0097083264963373, -0.9130088946534365, 0.5544174558734212, 0.004016211492746639, 6.2990347227454e-05, 0.7137742395676314, -1.7139510379965845, -0.0, 0.019801009679225972, 0.2998955353297965, 0.7111529954174851, -0.0, 1.0, 0.01960407493444558, -0.00019217834327556194, -1.019555063735357, -1.0097083264963373, -1.019599894436998, 1.0026993571343554, 0.01960407493444558, 0.00019217834327556194, -0.0, -0.0, -0.0, -1.0],)
Functional value: -1763.2544174289721
Costs, average power, integrated power and profit for each farm: [16.00037578834985], [7.3046257181419305], [4382.775430885158], [7.3046257181419305]
Calculating gradient of equality constraint
FORWARD RUN:
angle: [805.0843159601964, 197.31758672581284, 799.9175406689352, 249.99931999963198, 800.0980203746723, 300.0009608917164, 793.8984106830081, 356.0523556307968, 905.4628830080666, 196.67301798971747, 899.9799189425363, 249.99968504826387, 895.7213251169032, 310.28337287355663, 900.0, 349.9009949516039, 998.2065120102945, 195.73443133765397, 1000.0, 243.99618600168486, 999.9019796253277, 300.0009608917164, 1006.1015893169919, 356.0523556307968, 1106.1018134705, 193.9826892160131, 1099.9019796253278, 249.99903910828363, 1100.0, 300.0, 1100.0, 356.00381399831514]
  0 SNES Function norm 2.362239116486e+05 
  1 SNES Function norm 1.949844977165e-09 
  0 SNES Function norm 2.005564206435e+05 
  1 SNES Function norm 1.929312157156e-09 
Calculating minimum distance constraints.
ADJOINT RUN:
angle: [805.0843159601964, 197.31758672581284, 799.9175406689352, 249.99931999963198, 800.0980203746723, 300.0009608917164, 793.8984106830081, 356.0523556307968, 905.4628830080666, 196.67301798971747, 899.9799189425363, 249.99968504826387, 895.7213251169032, 310.28337287355663, 900.0, 349.9009949516039, 998.2065120102945, 195.73443133765397, 1000.0, 243.99618600168486, 999.9019796253277, 300.0009608917164, 1006.1015893169919, 356.0523556307968, 1106.1018134705, 193.9826892160131, 1099.9019796253278, 249.99903910828363, 1100.0, 300.0, 1100.0, 356.00381399831514]
Controls value: ([805.0843159601964, 197.31758672581284, 799.9175406689352, 249.99931999963198, 800.0980203746723, 300.0009608917164, 793.8984106830081, 356.0523556307968, 905.4628830080666, 196.67301798971747, 899.9799189425363, 249.99968504826387, 895.7213251169032, 310.28337287355663, 900.0, 349.9009949516039, 998.2065120102945, 195.73443133765397, 1000.0, 243.99618600168486, 999.9019796253277, 300.0009608917164, 1006.1015893169919, 356.0523556307968, 1106.1018134705, 193.9826892160131, 1099.9019796253278, 249.99903910828363, 1100.0, 300.0, 1100.0, 356.00381399831514],)
Derivatives: ([-0.9372899727918385, 0.452148205616433, 0.10121641809623283, 0.0047684459288900305, -0.11354484703184838, -0.006054750897262262, 1.1082590033100561, -1.0518176850748926, -1.002019309737991, 0.5583295945886064, 0.0318122728582592, 0.0027583854805823815, 0.7372402299238945, -1.742774733383995, -0.0, 0.11575790013154538, 0.3330949464572428, 0.7290271841733291, -0.0017502119191546476, 0.9999984683779461, 0.11168560680392474, -0.006059733368826259, -1.1082590033100561, -1.0518176850748926, -1.1098754987444086, 1.0101642169664546, 0.11196763567409841, 0.00606729586525534, -0.001960366052492198, 1.9215193759469784e-06, -0.0, -1.0],)
Functional value: -1836.2821450104018
Costs, average power, integrated power and profit for each farm: [16.000508570974056], [7.305189061146163], [4383.113436687698], [7.305189061146163]
Calculating gradient of equality constraint
FORWARD RUN:
angle: [815.0206804538175, 192.1997833169042, 799.502428534077, 249.98536242947273, 800.5733333000751, 300.0188538319733, 782.0209076898726, 367.6926983717336, 916.1247966977851, 190.33288889546245, 899.859645024672, 249.9917480431472, 886.9458603235711, 324.70931706947937, 900.5636493487511, 354.63704530960274, 994.6937916706257, 187.56750724453863, 1000.0046869459925, 232.57941678495786, 999.4316456161578, 300.01886717468614, 1017.9790923101273, 367.6926983717336, 1117.984036936328, 182.51511710392688, 1099.4308903624265, 249.98111257347352, 1100.0052497241693, 299.99999485430453, 1100.0, 367.4205873166197]
  0 SNES Function norm 2.362239116486e+05 
  1 SNES Function norm 1.989272366445e-09 
  0 SNES Function norm 2.005564206434e+05 
  1 SNES Function norm 1.919334630871e-09 
Calculating minimum distance constraints.
ADJOINT RUN:
angle: [815.0206804538175, 192.1997833169042, 799.502428534077, 249.98536242947273, 800.5733333000751, 300.0188538319733, 782.0209076898726, 367.6926983717336, 916.1247966977851, 190.33288889546245, 899.859645024672, 249.9917480431472, 886.9458603235711, 324.70931706947937, 900.5636493487511, 354.63704530960274, 994.6937916706257, 187.56750724453863, 1000.0046869459925, 232.57941678495786, 999.4316456161578, 300.01886717468614, 1017.9790923101273, 367.6926983717336, 1117.984036936328, 182.51511710392688, 1099.4308903624265, 249.98111257347352, 1100.0052497241693, 299.99999485430453, 1100.0, 367.4205873166197]
Controls value: ([815.0206804538175, 192.1997833169042, 799.502428534077, 249.98536242947273, 800.5733333000751, 300.0188538319733, 782.0209076898726, 367.6926983717336, 916.1247966977851, 190.33288889546245, 899.859645024672, 249.9917480431472, 886.9458603235711, 324.70931706947937, 900.5636493487511, 354.63704530960274, 994.6937916706257, 187.56750724453863, 1000.0046869459925, 232.57941678495786, 999.4316456161578, 300.01886717468614, 1017.9790923101273, 367.6926983717336, 1117.984036936328, 182.51511710392688, 1099.4308903624265, 249.98111257347352, 1100.0052497241693, 299.99999485430453, 1100.0, 367.4205873166197],)
Derivatives: ([-1.113018193797725, 0.4449482799955726, 0.2807582221473004, 0.03399013215104607, -0.2857883835203142, -0.03535504030575476, 1.258379336178183, -1.0738886113936879, -1.1724236042774514, 0.5488376899383959, 0.09272579039273263, 0.020604421130894446, 0.7881086841028435, -1.7717266167090129, -0.00011489770936856658, 0.2199835314837822, 0.38136234279461356, 0.7453907438538312, -0.008496816633805068, 0.9999639014019913, 0.2728203949473424, -0.03552984665924874, -1.2581984906737846, -1.0749449527614936, -1.2643178445937528, 1.0051506770778187, 0.27663854787347497, 0.03572867781782296, -0.011559959113363867, 6.591838056968502e-05, 7.786529251146572e-05, -0.9999999969684981],)
Functional value: -2004.5453025053796
Costs, average power, integrated power and profit for each farm: [16.000218886706932], [7.301811701041224], [4381.087020624735], [7.301811701041224]
Calculating gradient of equality constraint
FORWARD RUN:
angle: [837.0027776721083, 181.12786111996618, 798.1406176101638, 249.88214197327804, 802.0499342237279, 300.1311014448372, 760.0, 392.97769505778695, 939.6661835196959, 176.61856738476942, 899.4424030928931, 249.93001536251802, 862.8564611807933, 353.76342502605837, 906.7305390748788, 366.8980207488651, 986.956132798247, 169.8281749948697, 1000.0318614425187, 207.84365297764225, 997.9936003800805, 300.1315623376657, 1044.1038260131902, 392.98029134690216, 1144.1304582687083, 160.0, 1097.9824471051907, 249.86790153833948, 1100.040708223093, 299.9998259326223, 1099.9998086217036, 392.1564453452933]
  0 SNES Function norm 2.362239116486e+05 
  1 SNES Function norm 1.884442700729e-09 
  0 SNES Function norm 2.005564206431e+05 
  1 SNES Function norm 1.918518541954e-09 
Calculating minimum distance constraints.
FORWARD RUN:
angle: [826.9577149153444, 186.18734894780215, 798.7629183878245, 249.9293101733802, 801.3751783622878, 300.0798081444611, 770.0627978081008, 381.42332078704476, 928.908579017311, 182.8855408620189, 899.6330683123147, 249.9582250753996, 873.8644884749584, 340.48669647429915, 903.912482467366, 361.29517646501535, 990.4919769077345, 177.93444001323837, 1000.0194436317757, 219.147046703616, 998.6507376177159, 300.080064522272, 1032.1657207930634, 381.4247306612862, 1132.1824425475327, 170.28863452103406, 1098.644335881046, 249.91963508957377, 1100.024504908031, 299.9999031240241, 1099.999896075006, 380.85300856339796]
  0 SNES Function norm 2.362239116486e+05 
  1 SNES Function norm 1.968055483045e-09 
  0 SNES Function norm 2.005564206432e+05 
  1 SNES Function norm 1.927843421520e-09 
Calculating minimum distance constraints.
FORWARD RUN:
angle: [820.3406967052931, 189.52020249993953, 799.1728486866807, 249.9603814415812, 800.9306941484404, 300.0460195349858, 776.6914986885837, 373.8120686917039, 921.8221857699538, 187.01380552546715, 899.758665858043, 249.97680775510585, 881.1158435760688, 331.7408721102111, 902.0561344941975, 357.60439587438617, 992.8211554730577, 183.27430742282016, 1000.0112636052488, 226.5929695346889, 999.0836158558343, 300.0461411919266, 1024.301692309827, 373.8126970348575, 1124.311885686376, 177.06610158428387, 1099.080344116028, 249.95371370698783, 1100.0138312434235, 299.99995397257766, 1099.9999536834162, 373.407057369952]
  0 SNES Function norm 2.362239116486e+05 
  1 SNES Function norm 1.858406625062e-09 
  0 SNES Function norm 2.005564206433e+05 
  1 SNES Function norm 1.887013254686e-09 
Calculating minimum distance constraints.
FORWARD RUN:
angle: [816.20059937486, 191.60548285672755, 799.4293314833247, 249.97982193130764, 800.6525918599543, 300.02487887503196, 780.8389055640613, 369.0499049072205, 917.3884126058997, 189.596754063602, 899.8372489973472, 249.98843445767818, 885.6528291099042, 326.2688357710641, 900.8946655297635, 355.2951698173583, 994.2784623225008, 186.61532449508616, 1000.006145573998, 231.25169107012456, 999.3544565851698, 300.0249162406051, 1019.3813728704093, 369.0500442665646, 1119.3874816095667, 181.30658761665367, 1099.3531432035318, 249.97503581741614, 1100.0071530072535, 299.99998578720385, 1099.99998972751, 368.7483180889123]
  0 SNES Function norm 2.362239116486e+05 
  1 SNES Function norm 1.916304521990e-09 
  0 SNES Function norm 2.005564206434e+05 
  1 SNES Function norm 1.891283423364e-09 
Calculating minimum distance constraints.
FORWARD RUN:
angle: [815.1386723459217, 192.14035327088652, 799.4951188290017, 249.98480837965622, 800.581259156063, 300.0194563362791, 781.9027074772915, 367.8284190252823, 916.2511582885966, 190.2592754122764, 899.8574054219395, 249.9914166846003, 886.8165572022044, 324.8652689396379, 900.5967509668524, 354.7028577603783, 994.6522587358132, 187.4722889695934, 1000.004832808793, 232.4466442134745, 999.423926713059, 300.019472081278, 1018.1193203661555, 367.8284329612167, 1118.1243814036518, 182.39426415519955, 1099.4231156465369, 249.98050489786777, 1100.0054400524778, 299.9999939475945, 1099.999998972751, 367.55336039384895]
  0 SNES Function norm 2.362239116486e+05 
  1 SNES Function norm 1.929238982054e-09 
  0 SNES Function norm 2.005564206434e+05 
  1 SNES Function norm 1.931937362385e-09 
Calculating minimum distance constraints.
FORWARD RUN:
angle: [815.032479643028, 192.19384031230243, 799.5016975635695, 249.98530702449108, 800.5741258856739, 300.01891408240385, 782.0090876686145, 367.7062704370885, 916.1374328568662, 190.32552754714385, 899.8594210643987, 249.9917149072925, 886.9329300114345, 324.7249122564952, 900.5669595105612, 354.6436265546803, 994.6896383771444, 187.5579854170441, 1000.0047015322725, 232.56613952780953, 999.4308737258478, 300.0189276653453, 1017.9931151157301, 367.70627183068194, 1117.9980713830605, 182.50303180905416, 1099.4301128908376, 249.98105180591295, 1100.005268757, 299.99999476363354, 1099.999999897275, 367.4338646243426]
  0 SNES Function norm 2.362239116486e+05 
  1 SNES Function norm 1.925316093678e-09 
  0 SNES Function norm 2.005564206434e+05 
  1 SNES Function norm 1.897725053940e-09 
Calculating minimum distance constraints.
FORWARD RUN:
angle: [815.0218603727385, 192.19918901644402, 799.5023554370263, 249.98535688897456, 800.573412558635, 300.0188598570163, 782.0197256877468, 367.6940555782691, 916.1260603136932, 190.33215276063058, 899.8596226286446, 249.99174472956173, 886.9445672923574, 324.71087658818095, 900.5639803649321, 354.6377034341105, 994.6933763412776, 187.5665550617892, 1000.0046884046205, 232.578089059243, 999.4315684271268, 300.01887322375205, 1017.9804945906875, 367.69405571762843, 1117.9854403810014, 182.5139085744396, 1099.4308126152675, 249.98110649671747, 1100.0052516274525, 299.99999484523744, 1099.9999999897275, 367.42191504739196]
  0 SNES Function norm 2.362239116486e+05 
  1 SNES Function norm 1.908821349805e-09 
  0 SNES Function norm 2.005564206434e+05 
  1 SNES Function norm 1.902149601602e-09 
Calculating minimum distance constraints.
FORWARD RUN:
angle: [815.0207984457096, 192.19972388685818, 799.5024212243719, 249.9853618754229, 800.5733412259311, 300.0188544344776, 782.02078948966, 367.69283409238716, 916.1249230593759, 190.33281528197926, 899.8596427850692, 249.99174771178866, 886.9457310204497, 324.70947302134954, 900.5636824503692, 354.6371111220535, 994.6937501376909, 187.5674120262637, 1000.0046870918553, 232.57928401238638, 999.4316378972546, 300.0188677795927, 1017.9792325381833, 367.6928341063231, 1117.9841772807954, 182.51499625097816, 1099.4308825877106, 249.9811119657979, 1100.0052499144977, 299.9999948533978, 1099.9999999989727, 367.4207200896969]
  0 SNES Function norm 2.362239116486e+05 
  1 SNES Function norm 1.945649027520e-09 
  0 SNES Function norm 2.005564206434e+05 
  1 SNES Function norm 2.001682896884e-09 
Calculating minimum distance constraints.
FORWARD RUN:
angle: [815.0206922530067, 192.1997773738996, 799.5024278031065, 249.98536237406776, 800.5733340926607, 300.0188538922237, 782.0208958698513, 367.692711943799, 916.1248093339442, 190.33288153411414, 899.8596448007117, 249.99174801001135, 886.945847393259, 324.70933266466636, 900.5636526589129, 354.63705189084783, 994.6937875173322, 187.56749772271112, 1000.0046869605787, 232.5794035077007, 999.4316448442675, 300.0188672351768, 1017.9791063329329, 367.69271194519257, 1117.9840509707747, 182.515105018632, 1099.430889584955, 249.98111251270598, 1100.005249743202, 299.99999485421387, 1099.9999999998972, 367.4206005939274]
  0 SNES Function norm 2.362239116486e+05 
  1 SNES Function norm 1.978969049921e-09 
  0 SNES Function norm 2.005564206434e+05 
  1 SNES Function norm 1.872646545956e-09 
Calculating minimum distance constraints.
FORWARD RUN:
angle: [815.0206816337364, 192.19978272260371, 799.50242846098, 249.98536242393223, 800.5733333793337, 300.01885383799834, 782.0209065078704, 367.69269972894017, 916.124797961401, 190.3328881593276, 899.8596450022759, 249.99174803983362, 886.9458590305399, 324.70931862899806, 900.5636496797673, 354.63704596772726, 994.6937912552963, 187.5675062923559, 1000.0046869474511, 232.57941545723213, 999.4316455389687, 300.0188671807352, 1017.9790937124078, 367.69269972907955, 1117.9840383397727, 182.5151158953974, 1099.4308902846792, 249.98111256739676, 1100.0052497260726, 299.99999485429544, 1099.9999999999898, 367.42058864435046]
  0 SNES Function norm 2.362239116486e+05 
  1 SNES Function norm 1.932311548965e-09 
  0 SNES Function norm 2.005564206434e+05 
  1 SNES Function norm 2.038828490710e-09 
Calculating minimum distance constraints.
FORWARD RUN:
angle: [815.0206805718094, 192.19978325747414, 799.5024285267673, 249.98536242891868, 800.573333308001, 300.01885383257576, 782.0209075716724, 367.6926985074543, 916.1247968241466, 190.33288882184897, 899.8596450224323, 249.99174804281583, 886.945860194268, 324.7093172254312, 900.5636493818528, 354.6370453754152, 994.6937916290927, 187.56750714932036, 1000.0046869461383, 232.57941665218527, 999.4316456084389, 300.01886717529106, 1017.9790924503553, 367.6926985074682, 1117.9840370766724, 182.51511698307394, 1099.4308903546516, 249.98111257286584, 1100.0052497243596, 299.9999948543036, 1099.9999999999989, 367.42058744939277]
  0 SNES Function norm 2.362239116486e+05 
  1 SNES Function norm 1.976068361003e-09 
  0 SNES Function norm 2.005564206434e+05 
  1 SNES Function norm 1.962318547103e-09 
  NIT    FC           OBJFUN            GNORM
    1     2    -1.763254E+03     3.741146E+00
    2     3    -1.836282E+03     3.777651E+00
    3     4    -2.004545E+03     3.950446E+00
    4     5    -2.033882E+03     4.246395E+00
Optimization terminated successfully    (Exit mode 0)
            Current function value: -1832.758572802181
            Iterations: 4
            Function evaluations: 15
            Gradient evaluations: 4
     fun: -1832.758572802181
     jac: array([-1.11301819e+00,  4.44948280e-01,  2.80758222e-01,  3.39901322e-02,
       -2.85788384e-01, -3.53550403e-02,  1.25837934e+00, -1.07388861e+00,
       -1.17242360e+00,  5.48837690e-01,  9.27257904e-02,  2.06044211e-02,
        7.88108684e-01, -1.77172662e+00, -1.14897709e-04,  2.19983531e-01,
        3.81362343e-01,  7.45390744e-01, -8.49681663e-03,  9.99963901e-01,
        2.72820395e-01, -3.55298467e-02, -1.25819849e+00, -1.07494495e+00,
       -1.26431784e+00,  1.00515068e+00,  2.76638548e-01,  3.57286778e-02,
       -1.15599591e-02,  6.59183806e-05,  7.78652925e-05, -9.99999997e-01])
 message: 'Optimization terminated successfully'
    nfev: 15
     nit: 4
    njev: 4
  status: 0
 success: True
       x: array([ 815.02068057,  192.19978326,  799.50242853,  249.98536243,
        800.57333331,  300.01885383,  782.02090757,  367.69269851,
        916.12479682,  190.33288882,  899.85964502,  249.99174804,
        886.94586019,  324.70931723,  900.56364938,  354.63704538,
        994.69379163,  187.56750715, 1000.00468695,  232.57941665,
        999.43164561,  300.01886718, 1017.97909245,  367.69269851,
       1117.98403708,  182.51511698, 1099.43089035,  249.98111257,
       1100.00524972,  299.99999485, 1100.        ,  367.42058745])
time cost: 2.5331984241803487 min
Calculating minimum distance constraints.
  NIT    FC           OBJFUN            GNORM
    1     2    -1.763254E+03     3.741146E+00
    2     3    -1.836282E+03     3.777651E+00
    3     4    -2.004545E+03     3.950446E+00
    4     5    -2.033882E+03     4.246395E+00
Optimization terminated successfully    (Exit mode 0)
            Current function value: -1832.758572802181
            Iterations: 4
            Function evaluations: 15
            Gradient evaluations: 4
     fun: -1832.758572802181
     jac: array([-1.11301819e+00,  4.44948280e-01,  2.80758222e-01,  3.39901322e-02,
       -2.85788384e-01, -3.53550403e-02,  1.25837934e+00, -1.07388861e+00,
       -1.17242360e+00,  5.48837690e-01,  9.27257904e-02,  2.06044211e-02,
        7.88108684e-01, -1.77172662e+00, -1.14897709e-04,  2.19983531e-01,
        3.81362343e-01,  7.45390744e-01, -8.49681663e-03,  9.99963901e-01,
        2.72820395e-01, -3.55298467e-02, -1.25819849e+00, -1.07494495e+00,
       -1.26431784e+00,  1.00515068e+00,  2.76638548e-01,  3.57286778e-02,
       -1.15599591e-02,  6.59183806e-05,  7.78652925e-05, -9.99999997e-01])
 message: 'Optimization terminated successfully'
    nfev: 15
     nit: 4
    njev: 4
  status: 0
 success: True
       x: array([ 815.02068057,  192.19978326,  799.50242853,  249.98536243,
        800.57333331,  300.01885383,  782.02090757,  367.69269851,
        916.12479682,  190.33288882,  899.85964502,  249.99174804,
        886.94586019,  324.70931723,  900.56364938,  354.63704538,
        994.69379163,  187.56750715, 1000.00468695,  232.57941665,
        999.43164561,  300.01886718, 1017.97909245,  367.69269851,
       1117.98403708,  182.51511698, 1099.43089035,  249.98111257,
       1100.00524972,  299.99999485, 1100.        ,  367.42058745])
time cost: 2.5333117763201396 min
  NIT    FC           OBJFUN            GNORM
    1     2    -1.763254E+03     3.741146E+00
    2     3    -1.836282E+03     3.777651E+00
    3     4    -2.004545E+03     3.950446E+00
    4     5    -2.033882E+03     4.246395E+00
Optimization terminated successfully    (Exit mode 0)
            Current function value: -1832.758572802181
            Iterations: 4
            Function evaluations: 15
            Gradient evaluations: 4
     fun: -1832.758572802181
     jac: array([-1.11301819e+00,  4.44948280e-01,  2.80758222e-01,  3.39901322e-02,
       -2.85788384e-01, -3.53550403e-02,  1.25837934e+00, -1.07388861e+00,
       -1.17242360e+00,  5.48837690e-01,  9.27257904e-02,  2.06044211e-02,
        7.88108684e-01, -1.77172662e+00, -1.14897709e-04,  2.19983531e-01,
        3.81362343e-01,  7.45390744e-01, -8.49681663e-03,  9.99963901e-01,
        2.72820395e-01, -3.55298467e-02, -1.25819849e+00, -1.07494495e+00,
       -1.26431784e+00,  1.00515068e+00,  2.76638548e-01,  3.57286778e-02,
       -1.15599591e-02,  6.59183806e-05,  7.78652925e-05, -9.99999997e-01])
 message: 'Optimization terminated successfully'
    nfev: 15
     nit: 4
    njev: 4
  status: 0
 success: True
       x: array([ 815.02068057,  192.19978326,  799.50242853,  249.98536243,
        800.57333331,  300.01885383,  782.02090757,  367.69269851,
        916.12479682,  190.33288882,  899.85964502,  249.99174804,
        886.94586019,  324.70931723,  900.56364938,  354.63704538,
        994.69379163,  187.56750715, 1000.00468695,  232.57941665,
        999.43164561,  300.01886718, 1017.97909245,  367.69269851,
       1117.98403708,  182.51511698, 1099.43089035,  249.98111257,
       1100.00524972,  299.99999485, 1100.        ,  367.42058745])
time cost: 2.5333276112874348 min
  NIT    FC           OBJFUN            GNORM
    1     2    -1.763254E+03     3.741146E+00
    2     3    -1.836282E+03     3.777651E+00
    3     4    -2.004545E+03     3.950446E+00
    4     5    -2.033882E+03     4.246395E+00
Optimization terminated successfully    (Exit mode 0)
            Current function value: -1832.758572802181
            Iterations: 4
            Function evaluations: 15
            Gradient evaluations: 4
     fun: -1832.758572802181
     jac: array([-1.11301819e+00,  4.44948280e-01,  2.80758222e-01,  3.39901322e-02,
       -2.85788384e-01, -3.53550403e-02,  1.25837934e+00, -1.07388861e+00,
       -1.17242360e+00,  5.48837690e-01,  9.27257904e-02,  2.06044211e-02,
        7.88108684e-01, -1.77172662e+00, -1.14897709e-04,  2.19983531e-01,
        3.81362343e-01,  7.45390744e-01, -8.49681663e-03,  9.99963901e-01,
        2.72820395e-01, -3.55298467e-02, -1.25819849e+00, -1.07494495e+00,
       -1.26431784e+00,  1.00515068e+00,  2.76638548e-01,  3.57286778e-02,
       -1.15599591e-02,  6.59183806e-05,  7.78652925e-05, -9.99999997e-01])
 message: 'Optimization terminated successfully'
    nfev: 15
     nit: 4
    njev: 4
  status: 0
 success: True
       x: array([ 815.02068057,  192.19978326,  799.50242853,  249.98536243,
        800.57333331,  300.01885383,  782.02090757,  367.69269851,
        916.12479682,  190.33288882,  899.85964502,  249.99174804,
        886.94586019,  324.70931723,  900.56364938,  354.63704538,
        994.69379163,  187.56750715, 1000.00468695,  232.57941665,
        999.43164561,  300.01886718, 1017.97909245,  367.69269851,
       1117.98403708,  182.51511698, 1099.43089035,  249.98111257,
       1100.00524972,  299.99999485, 1100.        ,  367.42058745])
time cost: 2.5334458271662395 min
  NIT    FC           OBJFUN            GNORM
    1     2    -1.763254E+03     3.741146E+00
    2     3    -1.836282E+03     3.777651E+00
    3     4    -2.004545E+03     3.950446E+00
    4     5    -2.033882E+03     4.246395E+00
Optimization terminated successfully    (Exit mode 0)
            Current function value: -1832.758572802181
            Iterations: 4
            Function evaluations: 15
            Gradient evaluations: 4
     fun: -1832.758572802181
     jac: array([-1.11301819e+00,  4.44948280e-01,  2.80758222e-01,  3.39901322e-02,
       -2.85788384e-01, -3.53550403e-02,  1.25837934e+00, -1.07388861e+00,
       -1.17242360e+00,  5.48837690e-01,  9.27257904e-02,  2.06044211e-02,
        7.88108684e-01, -1.77172662e+00, -1.14897709e-04,  2.19983531e-01,
        3.81362343e-01,  7.45390744e-01, -8.49681663e-03,  9.99963901e-01,
        2.72820395e-01, -3.55298467e-02, -1.25819849e+00, -1.07494495e+00,
       -1.26431784e+00,  1.00515068e+00,  2.76638548e-01,  3.57286778e-02,
       -1.15599591e-02,  6.59183806e-05,  7.78652925e-05, -9.99999997e-01])
 message: 'Optimization terminated successfully'
    nfev: 15
     nit: 4
    njev: 4
  status: 0
 success: True
       x: array([ 815.02068057,  192.19978326,  799.50242853,  249.98536243,
        800.57333331,  300.01885383,  782.02090757,  367.69269851,
        916.12479682,  190.33288882,  899.85964502,  249.99174804,
        886.94586019,  324.70931723,  900.56364938,  354.63704538,
        994.69379163,  187.56750715, 1000.00468695,  232.57941665,
        999.43164561,  300.01886718, 1017.97909245,  367.69269851,
       1117.98403708,  182.51511698, 1099.43089035,  249.98111257,
       1100.00524972,  299.99999485, 1100.        ,  367.42058745])
time cost: 2.533451962471008 min
  NIT    FC           OBJFUN            GNORM
    1     2    -1.763254E+03     3.741146E+00
    2     3    -1.836282E+03     3.777651E+00
    3     4    -2.004545E+03     3.950446E+00
    4     5    -2.033882E+03     4.246395E+00
Optimization terminated successfully    (Exit mode 0)
            Current function value: -1832.758572802181
            Iterations: 4
            Function evaluations: 15
            Gradient evaluations: 4
     fun: -1832.758572802181
     jac: array([-1.11301819e+00,  4.44948280e-01,  2.80758222e-01,  3.39901322e-02,
       -2.85788384e-01, -3.53550403e-02,  1.25837934e+00, -1.07388861e+00,
       -1.17242360e+00,  5.48837690e-01,  9.27257904e-02,  2.06044211e-02,
        7.88108684e-01, -1.77172662e+00, -1.14897709e-04,  2.19983531e-01,
        3.81362343e-01,  7.45390744e-01, -8.49681663e-03,  9.99963901e-01,
        2.72820395e-01, -3.55298467e-02, -1.25819849e+00, -1.07494495e+00,
       -1.26431784e+00,  1.00515068e+00,  2.76638548e-01,  3.57286778e-02,
       -1.15599591e-02,  6.59183806e-05,  7.78652925e-05, -9.99999997e-01])
 message: 'Optimization terminated successfully'
    nfev: 15
     nit: 4
    njev: 4
  status: 0
 success: True
       x: array([ 815.02068057,  192.19978326,  799.50242853,  249.98536243,
        800.57333331,  300.01885383,  782.02090757,  367.69269851,
        916.12479682,  190.33288882,  899.85964502,  249.99174804,
        886.94586019,  324.70931723,  900.56364938,  354.63704538,
        994.69379163,  187.56750715, 1000.00468695,  232.57941665,
        999.43164561,  300.01886718, 1017.97909245,  367.69269851,
       1117.98403708,  182.51511698, 1099.43089035,  249.98111257,
       1100.00524972,  299.99999485, 1100.        ,  367.42058745])
time cost: 2.533489000797272 min
  NIT    FC           OBJFUN            GNORM
    1     2    -1.763254E+03     3.741146E+00
    2     3    -1.836282E+03     3.777651E+00
    3     4    -2.004545E+03     3.950446E+00
    4     5    -2.033882E+03     4.246395E+00
Optimization terminated successfully    (Exit mode 0)
            Current function value: -1832.758572802181
            Iterations: 4
            Function evaluations: 15
            Gradient evaluations: 4
     fun: -1832.758572802181
     jac: array([-1.11301819e+00,  4.44948280e-01,  2.80758222e-01,  3.39901322e-02,
       -2.85788384e-01, -3.53550403e-02,  1.25837934e+00, -1.07388861e+00,
       -1.17242360e+00,  5.48837690e-01,  9.27257904e-02,  2.06044211e-02,
        7.88108684e-01, -1.77172662e+00, -1.14897709e-04,  2.19983531e-01,
        3.81362343e-01,  7.45390744e-01, -8.49681663e-03,  9.99963901e-01,
        2.72820395e-01, -3.55298467e-02, -1.25819849e+00, -1.07494495e+00,
       -1.26431784e+00,  1.00515068e+00,  2.76638548e-01,  3.57286778e-02,
       -1.15599591e-02,  6.59183806e-05,  7.78652925e-05, -9.99999997e-01])
 message: 'Optimization terminated successfully'
    nfev: 15
     nit: 4
    njev: 4
  status: 0
 success: True
       x: array([ 815.02068057,  192.19978326,  799.50242853,  249.98536243,
        800.57333331,  300.01885383,  782.02090757,  367.69269851,
        916.12479682,  190.33288882,  899.85964502,  249.99174804,
        886.94586019,  324.70931723,  900.56364938,  354.63704538,
        994.69379163,  187.56750715, 1000.00468695,  232.57941665,
        999.43164561,  300.01886718, 1017.97909245,  367.69269851,
       1117.98403708,  182.51511698, 1099.43089035,  249.98111257,
       1100.00524972,  299.99999485, 1100.        ,  367.42058745])
time cost: 2.5336095889409385 min
  NIT    FC           OBJFUN            GNORM
    1     2    -1.763254E+03     3.741146E+00
    2     3    -1.836282E+03     3.777651E+00
    3     4    -2.004545E+03     3.950446E+00
    4     5    -2.033882E+03     4.246395E+00
Optimization terminated successfully    (Exit mode 0)
            Current function value: -1832.758572802181
            Iterations: 4
            Function evaluations: 15
            Gradient evaluations: 4
     fun: -1832.758572802181
     jac: array([-1.11301819e+00,  4.44948280e-01,  2.80758222e-01,  3.39901322e-02,
       -2.85788384e-01, -3.53550403e-02,  1.25837934e+00, -1.07388861e+00,
       -1.17242360e+00,  5.48837690e-01,  9.27257904e-02,  2.06044211e-02,
        7.88108684e-01, -1.77172662e+00, -1.14897709e-04,  2.19983531e-01,
        3.81362343e-01,  7.45390744e-01, -8.49681663e-03,  9.99963901e-01,
        2.72820395e-01, -3.55298467e-02, -1.25819849e+00, -1.07494495e+00,
       -1.26431784e+00,  1.00515068e+00,  2.76638548e-01,  3.57286778e-02,
       -1.15599591e-02,  6.59183806e-05,  7.78652925e-05, -9.99999997e-01])
 message: 'Optimization terminated successfully'
    nfev: 15
     nit: 4
    njev: 4
  status: 0
 success: True
       x: array([ 815.02068057,  192.19978326,  799.50242853,  249.98536243,
        800.57333331,  300.01885383,  782.02090757,  367.69269851,
        916.12479682,  190.33288882,  899.85964502,  249.99174804,
        886.94586019,  324.70931723,  900.56364938,  354.63704538,
        994.69379163,  187.56750715, 1000.00468695,  232.57941665,
        999.43164561,  300.01886718, 1017.97909245,  367.69269851,
       1117.98403708,  182.51511698, 1099.43089035,  249.98111257,
       1100.00524972,  299.99999485, 1100.        ,  367.42058745])
time cost: 2.5336503267288206 min
