nohup: ignoring input
Using default SIPG parameters
dt = 1800
Using time integrator: CrankNicolson
Number of turbines = 16.000390580950217
  492   492 T= 885600.00 eta norm: 37795.5688 u norm: 19709.3013  0.00
volume2d rel. error  0.0000e+00
Updating tidal field at t=887400
Done updating tidal field
  0 SNES Function norm 9.815933241724e+06 
  1 SNES Function norm 2.366580175595e+03 
Integrated power for each turbine: [207250.7538131492, 216259.4296691387, 268612.7453367772, 386508.9411751053, 238709.64599285153, 256289.80591443705, 293603.9711637202, 376675.1040802954, 239075.65481692916, 262643.1404074894, 295331.0780377667, 361709.70926493674, 214836.06272873128, 246572.35965828257, 278233.6337281004, 333449.89801458805].
Current power, average power, integrated power and profit for each farm: [2486.5344076680294], [2486.5344076680294], [4475761.933802453], [2486.5344076680294]
  493   493 T= 887400.00 eta norm: 37741.1422 u norm: 15506.9045  5.06
volume2d rel. error  8.7551e-05
Updating tidal field at t=889200
Done updating tidal field
  0 SNES Function norm 1.552026752943e+07 
  1 SNES Function norm 5.436487675379e+02 
Integrated power for each turbine: [316740.6462273531, 330415.4621367302, 411779.728585366, 598030.4947876288, 359232.512204702, 391901.87508711405, 452555.9325948133, 584870.7120692332, 353519.4349603173, 400435.5199545858, 458354.58517227386, 566462.7404847096, 311494.6019975455, 370935.8680779149, 434808.24023980193, 528563.3093689635].
Current power, average power, integrated power and profit for each farm: [1330.1887389704466], [1908.361573319238], [6870101.663949257], [1908.361573319238]
  494   494 T= 889200.00 eta norm: 35046.7852 u norm: 11808.6559  3.75
volume2d rel. error  7.5336e-03
Updating tidal field at t=891000
Done updating tidal field
  0 SNES Function norm 2.495908608045e+07 
  1 SNES Function norm 1.961992212842e+03 
Integrated power for each turbine: [362865.67353388615, 379157.5539028455, 473338.30937944923, 690393.0023929109, 405165.0888969009, 448243.7760100832, 521689.1522950169, 677861.5063980623, 394783.4150796264, 455428.5912583401, 530233.0597047401, 660753.0513622203, 346088.14219205774, 417433.4406686265, 502379.0730557423, 615339.2338702348].
Current power, average power, integrated power and profit for each farm: [561.6946700287289], [1459.472605555735], [7881152.070000969], [1459.472605555735]
  495   495 T= 891000.00 eta norm: 30170.0929 u norm:  8447.7288  4.08
volume2d rel. error  2.1040e-02
Updating tidal field at t=892800
Done updating tidal field
  0 SNES Function norm 3.364825842342e+07 
  1 SNES Function norm 3.466994670150e+03 
Integrated power for each turbine: [374216.1350982655, 391747.6236151376, 489841.7727604722, 716379.5170301847, 415110.8807539415, 462244.1982360395, 540966.4419452653, 705526.865777792, 403705.1299760761, 468562.8522775382, 550393.5265609947, 689214.9182678178, 353566.9307372066, 428344.3714985465, 520423.7325273293, 641487.8641167632].
Current power, average power, integrated power and profit for each farm: [150.32260621035408], [1132.1851057193899], [8151732.761179606], [1132.1851057193899]
  496   496 T= 892800.00 eta norm: 23579.4260 u norm:  6460.3297  3.60
volume2d rel. error  3.9361e-02
Updating tidal field at t=894600
Done updating tidal field
  0 SNES Function norm 4.049477144564e+07 
  1 SNES Function norm 4.897275250309e+03 
Integrated power for each turbine: [375315.9668663294, 393118.9724621498, 491658.80582741566, 719299.4938844965, 416309.8502430167, 464099.4992418986, 543870.688441377, 709971.497951248, 405354.6005417536, 471244.9966367926, 554784.588727873, 695871.2873995043, 355808.8265159832, 432131.1641927578, 526517.1543318336, 650578.113613659].
Current power, average power, integrated power and profit for each farm: [30.112636499282647], [911.7706118753683], [8205935.5068783155], [911.7706118753683]
  497   497 T= 894600.00 eta norm: 15722.1683 u norm:  7860.6124  4.14
volume2d rel. error  6.1380e-02
Updating tidal field at t=896400
Done updating tidal field
  0 SNES Function norm 4.471820865975e+07 
  1 SNES Function norm 5.763854562265e+03 
Integrated power for each turbine: [383048.7158194129, 402381.39232221624, 501610.0528217936, 727675.4262685974, 425800.49991625646, 476183.64689273766, 557607.3744257464, 723662.8810853983, 416343.5070637774, 485876.11526450905, 573255.7441269864, 717871.228530179, 367137.3221133003, 447650.6870423177, 547867.1197834829, 679641.5725596951].
Current power, average power, integrated power and profit for each farm: [126.48765508793196], [780.8901190774624], [8433613.286036594], [780.8901190774624]
  498   498 T= 896400.00 eta norm:  7345.2113 u norm: 11297.4050  3.81
volume2d rel. error  8.5738e-02
Updating tidal field at t=898200
Done updating tidal field
  0 SNES Function norm 4.654553499816e+07 
  1 SNES Function norm 5.583406609226e+03 
Integrated power for each turbine: [433880.1640449768, 454916.37372655905, 563516.0340919181, 801609.4328314356, 474308.7314025467, 525325.4391949859, 609977.2125890895, 782901.3792377902, 462010.95921515225, 530712.6125359425, 619273.452142552, 767068.2510040641, 410211.51192514127, 487785.5689859926, 587401.3095291825, 720468.5976052415].
Current power, average power, integrated power and profit for each farm: [443.19652445898333], [732.6481769891082], [9231367.030062763], [732.6481769891082]
  499   499 T= 898200.00 eta norm:  4244.3446 u norm: 15286.7152  4.08
volume2d rel. error  1.1054e-01
Updating tidal field at t=900000
Done updating tidal field
  0 SNES Function norm 4.572701396665e+07 
  1 SNES Function norm 5.730429053902e+03 
Integrated power for each turbine: [595715.7374577916, 603300.7223943816, 720510.910174641, 976131.8724410752, 635182.5340587503, 673905.8796702904, 759703.4560873448, 940215.2389944757, 618147.071975039, 670932.1848559264, 756114.6203397338, 906437.2960585665, 559769.6834953884, 617569.0450963896, 708808.9193604535, 841992.8406941569].
Current power, average power, integrated power and profit for each farm: [1307.2616572731836], [804.4748620246177], [11584438.013154494], [804.4748620246177]
  500   500 T= 900000.00 eta norm: 11605.7019 u norm: 18755.7010  3.76
volume2d rel. error  1.3428e-01
Updating tidal field at t=901800
Done updating tidal field
  0 SNES Function norm 4.294061502431e+07 
  1 SNES Function norm 5.749442984276e+03 
Integrated power for each turbine: [879494.1549000848, 867141.9248211232, 1008908.852577361, 1307158.2691667266, 925264.1747448086, 943520.8630972545, 1038879.9136597267, 1243773.4418052973, 900331.7409007212, 925301.4640777339, 1011611.6485715441, 1176373.8110885625, 828392.1117623984, 851601.1423674942, 933760.2235052815, 1077159.5193855488].
Current power, average power, integrated power and profit for each farm: [2407.908468487279], [982.63415163158], [15918673.256431596], [982.63415163158]
  501   501 T= 901800.00 eta norm: 19459.5105 u norm: 21062.0664  3.57
volume2d rel. error  1.5665e-01
Updating tidal field at t=903600
Done updating tidal field
  0 SNES Function norm 3.861862029503e+07 
  1 SNES Function norm 5.806783907038e+03 
Integrated power for each turbine: [1211005.7710923825, 1175208.2370073637, 1346915.5927162005, 1697890.6100233393, 1271389.77111544, 1264527.0486878962, 1372877.1803330022, 1611509.9150199047, 1244364.1276384362, 1234045.071648642, 1323185.4299258785, 1510197.6222098414, 1159873.5924093304, 1138758.0837391454, 1210742.9757143683, 1369579.371581138].
Current power, average power, integrated power and profit for each farm: [2901.887302461349], [1174.559466714557], [21142070.400862023], [1174.559466714557]
  502   502 T= 903600.00 eta norm: 26621.7488 u norm: 21905.5573  5.30
volume2d rel. error  1.7678e-01
Updating tidal field at t=905400
Done updating tidal field
  0 SNES Function norm 3.059260437931e+07 
  1 SNES Function norm 4.947852095292e+03 
Integrated power for each turbine: [1539720.63466681, 1479672.7439481053, 1681077.6815384373, 2085509.253127746, 1616564.741004275, 1583995.300557211, 1705546.8966147313, 1979574.2494496102, 1591521.7859466076, 1544649.002579352, 1636763.1338991406, 1847876.017755651, 1496406.0524230443, 1428961.6983775862, 1490452.3820656792, 1665732.3217335874].
Current power, average power, integrated power and profit for each farm: [2906.640830458357], [1332.021408873084], [26374023.895687066], [1332.021408873084]
  503   503 T= 905400.00 eta norm: 32485.1192 u norm: 21417.0836  4.97
volume2d rel. error  1.9320e-01
Updating tidal field at t=907200
Done updating tidal field
  0 SNES Function norm 2.069284489610e+07 
  1 SNES Function norm 2.345379977851e+03 
Integrated power for each turbine: [1814793.887857127, 1735445.8851111, 1962778.7942913081, 2413159.7494729906, 1909532.6207214836, 1856256.3316019766, 1990017.497548316, 2295106.976132961, 1891321.857730094, 1813645.9803494825, 1908930.641917867, 2141342.8056332725, 1790455.257631109, 1682855.8991875038, 1735340.48936919, 1924945.4111555421].
Current power, average power, integrated power and profit for each farm: [2495.503438901969], [1428.9782447088246], [30865930.08571061], [1428.9782447088246]
  504   504 T= 907200.00 eta norm: 36430.5426 u norm: 19935.1482  3.80
volume2d rel. error  2.0420e-01
Updating tidal field at t=909000
Done updating tidal field
  0 SNES Function norm 1.042728521570e+07 
  1 SNES Function norm 8.071189837867e+02 
Integrated power for each turbine: [2007994.474000523, 1915984.3006949348, 2162208.053834339, 2645131.3181546656, 2117128.988934812, 2050424.152939069, 2193523.198093749, 2520897.4309095847, 2108799.5153784156, 2010029.02473012, 2108094.0685781194, 2355954.220585467, 2009446.8292113778, 1872871.5138797732, 1918680.6876211716, 2118366.6070855777].
Current power, average power, integrated power and profit for each farm: [1805.3357216223371], [1457.9288198560178], [34115534.384630814], [1457.9288198560178]
  505   505 T= 909000.00 eta norm: 38340.7016 u norm: 17590.3139  4.54
volume2d rel. error  2.0955e-01
Updating tidal field at t=910800
Done updating tidal field
  0 SNES Function norm 6.897666726649e+06 
  1 SNES Function norm 1.805566215748e+02 
Integrated power for each turbine: [2119549.1691587577, 2020477.4486367586, 2277606.3843795364, 2778812.4835914415, 2235822.184359576, 2162015.9455727176, 2310463.99119473, 2650163.754016247, 2235092.3423910523, 2124901.082709725, 2224633.116359918, 2481119.728993978, 2141096.8794804155, 1987915.0626455084, 2029599.7415574836, 2234687.787277447].
Current power, average power, integrated power and profit for each farm: [1054.679287607486], [1429.1252818382657], [36013957.10232429], [1429.1252818382657]
  506   506 T= 910800.00 eta norm: 38125.0674 u norm: 14462.3641  4.21
volume2d rel. error  2.0897e-01
Updating tidal field at t=912600
Done updating tidal field
  0 SNES Function norm 1.548249077907e+07 
  1 SNES Function norm 3.493986830693e+02 
Integrated power for each turbine: [2169955.134127428, 2067831.4381770568, 2329838.4884955473, 2838876.9498994974, 2288089.309366624, 2211389.191834257, 2362031.7656600857, 2706660.3521264014, 2290721.283096542, 2175887.4683093056, 2276211.576407525, 2536045.7253245497, 2201054.4181344425, 2040785.9816961677, 2080454.31622239, 2287467.544232035].
Current power, average power, integrated power and profit for each farm: [471.8576893247242], [1365.3074423373628], [36863300.9431088], [1365.3074423373628]
  507   507 T= 912600.00 eta norm: 35744.8613 u norm: 10840.8103  4.52
volume2d rel. error  2.0237e-01
Updating tidal field at t=914400
Done updating tidal field
  0 SNES Function norm 2.530484304601e+07 
  1 SNES Function norm 1.252094538178e+03 
Integrated power for each turbine: [2184606.3643704974, 2081744.7231955552, 2345250.5761179123, 2856458.0935249017, 2302740.419657886, 2225351.5068531265, 2376564.670566976, 2722371.4186835513, 2306165.63074695, 2190177.741278059, 2290575.3214482693, 2551098.629668058, 2218301.451206315, 2056152.4410462077, 2095142.456054336, 2302411.536955975].
Current power, average power, integrated power and profit for each farm: [134.34002125816824], [1288.371978519913], [37105112.9813735], [1288.371978519913]
  508   508 T= 914400.00 eta norm: 31362.6949 u norm:  7041.1942  3.70
volume2d rel. error  1.9019e-01
Updating tidal field at t=916200
Done updating tidal field
  0 SNES Function norm 3.349907549228e+07 
  1 SNES Function norm 2.352617621423e+03 
Integrated power for each turbine: [2185924.995207691, 2083062.959578897, 2346759.3365919217, 2858158.637700371, 2303962.038823088, 2226554.5979800317, 2377822.1588761886, 2723697.681789164, 2307445.95319425, 2191385.3951703785, 2291772.0359531743, 2552305.8609705823, 2219872.899072156, 2057566.1056702998, 2096462.222412371, 2303679.1371335792].
Current power, average power, integrated power and profit for each farm: [11.843908194203706], [1213.2820920301656], [37126432.016123064], [1213.2820920301656]
  509   509 T= 916200.00 eta norm: 25334.4641 u norm:  4305.5137  4.41
volume2d rel. error  1.7340e-01
Updating tidal field at t=918000
Done updating tidal field
  0 SNES Function norm 3.930481974593e+07 
  1 SNES Function norm 3.539191304274e+03 
Integrated power for each turbine: [2186170.9976057685, 2083300.4032988336, 2346986.9325693296, 2858381.542347081, 2304235.104174962, 2226824.551721444, 2378086.439033553, 2723957.6301861093, 2307740.1954072863, 2191683.1680062762, 2292072.192902806, 2552605.9584567375, 2220162.1422185153, 2057863.8990082713, 2096764.9518104598, 2303984.0647630673].
Current power, average power, integrated power and profit for each farm: [2.4378652146426534], [1146.012968318192], [37130820.17350942], [1146.012968318192]
  510   510 T= 918000.00 eta norm: 18116.1034 u norm:  5868.1542  4.61
volume2d rel. error  1.5321e-01
Updating tidal field at t=919800
Done updating tidal field
  0 SNES Function norm 4.235650777877e+07 
  1 SNES Function norm 4.632229443947e+03 
Integrated power for each turbine: [2196718.5620289417, 2093326.2962614251, 2357842.5191268674, 2871015.2265116125, 2313898.1246332675, 2235990.6061402145, 2387414.58107556, 2734006.120767193, 2316788.1954056337, 2200115.00029772, 2300403.790602234, 2561199.1152301147, 2228708.6398109193, 2065662.445401683, 2104195.9258986083, 2311428.772596777].
Current power, average power, integrated power and profit for each farm: [82.16319348792683], [1090.0208749060728], [37278713.92178769], [1090.0208749060728]
  511   511 T= 919800.00 eta norm: 10324.7783 u norm:  9838.9010  4.44
volume2d rel. error  1.3106e-01
Updating tidal field at t=921600
Done updating tidal field
  0 SNES Function norm 4.270243052766e+07 
  1 SNES Function norm 5.180356912373e+03 
Integrated power for each turbine: [2246871.3545522382, 2144207.079841833, 2417576.271412617, 2946542.656389559, 2363051.180424644, 2288212.3654445005, 2445446.0806685737, 2800971.72824735, 2366105.8184542125, 2250953.061367728, 2354708.342071362, 2621176.3988521737, 2276112.574035073, 2113679.2625232553, 2153976.6070295232, 2364957.5449031265].
Current power, average power, integrated power and profit for each farm: [486.5746691272242], [1059.8485646171303], [38154548.32621669], [1059.8485646171303]
  512   512 T= 921600.00 eta norm:  3565.7332 u norm: 13641.1609  3.67
volume2d rel. error  1.0826e-01
Updating tidal field at t=923400
Done updating tidal field
  0 SNES Function norm 4.059979433855e+07 
  1 SNES Function norm 5.087234038885e+03 
Integrated power for each turbine: [2328152.12677955, 2229381.060422928, 2522373.919855498, 3087390.844152522, 2466277.3437365512, 2398191.380303978, 2571651.803421172, 2957108.794920684, 2491900.310187893, 2382069.560297743, 2498704.1895088344, 2790760.6688120845, 2414647.5258718273, 2255712.3554183007, 2303428.836380481, 2533514.9966359213].
Current power, average power, integrated power and profit for each farm: [1153.7318836045208], [1064.3191988546253], [40231265.71670483], [1064.3191988546253]
  513   513 T= 923400.00 eta norm:  7178.8750 u norm: 16468.8525  3.69
volume2d rel. error  8.6150e-02
Updating tidal field at t=925200
Done updating tidal field
  0 SNES Function norm 3.655929260038e+07 
  1 SNES Function norm 4.438394548991e+03 
Integrated power for each turbine: [2423047.141194403, 2328824.983706585, 2647898.734591614, 3263313.0782726207, 2602230.02292473, 2545751.171291685, 2746146.5743189557, 3182812.278528318, 2683811.484631583, 2585127.681954041, 2726120.5143407728, 3066693.8116894355, 2642015.5071742167, 2490289.149608529, 2551583.343317111, 2817436.2179204756].
Current power, average power, integrated power and profit for each farm: [1706.575543754975], [1093.5126690773682], [43303101.695463784], [1093.5126690773682]
  514   514 T= 925200.00 eta norm: 14133.7731 u norm: 17986.7912  4.77
volume2d rel. error  6.5838e-02
Updating tidal field at t=927000
Done updating tidal field
  0 SNES Function norm 3.083377492939e+07 
  1 SNES Function norm 3.568828498176e+03 
Integrated power for each turbine: [2551568.490555314, 2469215.4703065115, 2833996.9302450474, 3538154.5985701997, 2796272.838730246, 2759146.6457439195, 3001241.628488656, 3516333.1778490325, 2935604.0249617198, 2851416.5598056912, 3022668.8584755035, 3424983.0823065788, 2917330.2318725544, 2774435.212869787, 2850471.774161395, 3157919.9014692525].
Current power, average power, integrated power and profit for each farm: [2276.4765171924223], [1144.9458798649794], [47400759.426410146], [1144.9458798649794]
  515   515 T= 927000.00 eta norm: 20326.6727 u norm: 18090.4920  4.65
volume2d rel. error  4.8363e-02
Updating tidal field at t=928800
Done updating tidal field
  0 SNES Function norm 2.303286566923e+07 
  1 SNES Function norm 2.510932828200e+03 
Integrated power for each turbine: [2701626.4713733117, 2635607.2427221797, 3056809.213611462, 3871231.279010421, 3013873.2832396766, 2996836.663725491, 3283060.2805769625, 3883155.3328307914, 3191716.5004962133, 3121657.5975606875, 3321553.4314687015, 3784703.8231037925, 3175141.736077357, 3043521.340807454, 3134593.3798401835, 3483046.972896248].
Current power, average power, integrated power and profit for each farm: [2387.430623849837], [1196.7160775310151], [51698134.54933985], [1196.7160775310151]
  516   516 T= 928800.00 eta norm: 25060.1065 u norm: 16992.0899  4.67
volume2d rel. error  3.5132e-02
Updating tidal field at t=930600
Done updating tidal field
  0 SNES Function norm 1.382277880275e+07 
  1 SNES Function norm 1.279767903797e+03 
Integrated power for each turbine: [2843218.0722088516, 2790478.8723439965, 3261223.6220692205, 4176378.592771718, 3204218.3008030094, 3203330.2127300464, 3525134.9564848673, 4197340.279094795, 3398570.359719266, 3343332.1814774554, 3568118.327323774, 4083876.9742446276, 3370314.7679091697, 3256100.0457698056, 3365205.4377832753, 3752189.922822576].
Current power, average power, integrated power and profit for each farm: [2022.7202090087176], [1229.7562427901232], [55339030.92555554], [1229.7562427901232]
  517   517 T= 930600.00 eta norm: 27867.6763 u norm: 14953.6496  4.66
volume2d rel. error  2.7311e-02
Updating tidal field at t=932400
Done updating tidal field
  0 SNES Function norm 6.265666449220e+06 
  1 SNES Function norm 3.751320952502e+02 
Integrated power for each turbine: [2948774.92764901, 2903942.1235013707, 3407731.220554551, 4394188.313549224, 3334748.4326545396, 3347095.7897791825, 3693349.3038322516, 4416324.361429426, 3530709.5298475297, 3492558.5283458442, 3738626.1933119684, 4294178.684207104, 3486662.7406820296, 3393975.99933688, 3525063.0503890235, 3945051.90088341].
Current power, average power, integrated power and profit for each farm: [1396.6389857761023], [1236.1748098280455], [57852981.09995253], [1236.1748098280455]
  518   518 T= 932400.00 eta norm: 28515.2165 u norm: 12199.8883  3.84
volume2d rel. error  2.5517e-02
/home/can/firedrake/src/pyadjoint/pyadjoint/optimization/optimization.py:133: OptimizeWarning: Unknown solver options: pgtol
  res = scipy_minimize(J, m_global, method=method, bounds=bounds, **kwargs)
Calculating minimum distance constraints.
FORWARD RUN:
angle: [443362.0, 3322652.0, 443362.0, 3322702.0, 443362.0, 3322752.0, 443362.0, 3322802.0, 443422.0, 3322652.0, 443422.0, 3322702.0, 443422.0, 3322752.0, 443422.0, 3322802.0, 443482.0, 3322652.0, 443482.0, 3322702.0, 443482.0, 3322752.0, 443482.0, 3322802.0, 443542.0, 3322652.0, 443542.0, 3322702.0, 443542.0, 3322752.0, 443542.0, 3322802.0]
  0 SNES Function norm 9.815933241724e+06 
  1 SNES Function norm 2.366580175595e+03 
  0 SNES Function norm 1.552026752943e+07 
  1 SNES Function norm 5.436487675379e+02 
  0 SNES Function norm 2.495908608045e+07 
  1 SNES Function norm 1.961992212842e+03 
  0 SNES Function norm 3.364825842342e+07 
  1 SNES Function norm 3.466994670150e+03 
  0 SNES Function norm 4.049477144564e+07 
  1 SNES Function norm 4.897275250309e+03 
  0 SNES Function norm 4.471820865975e+07 
  1 SNES Function norm 5.763854562265e+03 
  0 SNES Function norm 4.654553499816e+07 
  1 SNES Function norm 5.583406609226e+03 
  0 SNES Function norm 4.572701396665e+07 
  1 SNES Function norm 5.730429053902e+03 
  0 SNES Function norm 4.294061502431e+07 
  1 SNES Function norm 5.749442984276e+03 
  0 SNES Function norm 3.861862029503e+07 
  1 SNES Function norm 5.806783907038e+03 
  0 SNES Function norm 3.059260437931e+07 
  1 SNES Function norm 4.947852095292e+03 
  0 SNES Function norm 2.069284489610e+07 
  1 SNES Function norm 2.345379977852e+03 
  0 SNES Function norm 1.042728521570e+07 
  1 SNES Function norm 8.071189837868e+02 
  0 SNES Function norm 6.897666726649e+06 
  1 SNES Function norm 1.805566215748e+02 
  0 SNES Function norm 1.548249077907e+07 
  1 SNES Function norm 3.493986830693e+02 
  0 SNES Function norm 2.530484304601e+07 
  1 SNES Function norm 1.252094538178e+03 
  0 SNES Function norm 3.349907549228e+07 
  1 SNES Function norm 2.352617621423e+03 
  0 SNES Function norm 3.930481974593e+07 
  1 SNES Function norm 3.539191304274e+03 
  0 SNES Function norm 4.235650777877e+07 
  1 SNES Function norm 4.632229443947e+03 
  0 SNES Function norm 4.270243052766e+07 
  1 SNES Function norm 5.180356912373e+03 
  0 SNES Function norm 4.059979433855e+07 
  1 SNES Function norm 5.087234038885e+03 
  0 SNES Function norm 3.655929260038e+07 
  1 SNES Function norm 4.438394548991e+03 
  0 SNES Function norm 3.083377492939e+07 
  1 SNES Function norm 3.568828498176e+03 
  0 SNES Function norm 2.303286566923e+07 
  1 SNES Function norm 2.510932828200e+03 
  0 SNES Function norm 1.382277880275e+07 
  1 SNES Function norm 1.279767903796e+03 
  0 SNES Function norm 6.265666449220e+06 
  1 SNES Function norm 3.751320952500e+02 
ADJOINT RUN:
angle: [443362.0, 3322652.0, 443362.0, 3322702.0, 443362.0, 3322752.0, 443362.0, 3322802.0, 443422.0, 3322652.0, 443422.0, 3322702.0, 443422.0, 3322752.0, 443422.0, 3322802.0, 443482.0, 3322652.0, 443482.0, 3322702.0, 443482.0, 3322752.0, 443482.0, 3322802.0, 443542.0, 3322652.0, 443542.0, 3322702.0, 443542.0, 3322752.0, 443542.0, 3322802.0]
Controls value: ([443362.0, 3322652.0, 443362.0, 3322702.0, 443362.0, 3322752.0, 443362.0, 3322802.0, 443422.0, 3322652.0, 443422.0, 3322702.0, 443422.0, 3322752.0, 443422.0, 3322802.0, 443482.0, 3322652.0, 443482.0, 3322702.0, 443482.0, 3322752.0, 443482.0, 3322802.0, 443542.0, 3322652.0, 443542.0, 3322702.0, 443542.0, 3322752.0, 443542.0, 3322802.0],)
Derivatives: ([0.0041926850645706455, 0.0006959981953112765, 0.0010175985942783039, -3.9591240833458706e-05, -0.0010996724279631722, -0.0013433194028061332, -0.005761237694121932, -0.0021603580503076303, 0.004551926271851832, 0.0005844859754326984, 0.0014798162929808888, -0.00018528269644414518, -0.0011058050321162746, -0.000896388524269947, -0.005886877305807674, -0.002168237093965384, 0.0046822187379536966, 0.0005804933933119974, 0.0015401905686364074, -0.00014849761944551364, -0.0006562107980617219, -0.0007669852726336598, -0.004614076642614998, -0.0018092093922045225, 0.0044093762841189805, 0.0005249789069181716, 0.0011565597984735205, -7.514181674898426e-05, -0.000662157551172241, -0.0006147317342222614, -0.004550044750021552, -0.001952780225102979],)
Functional value: -5.761890371255938
Costs, average power, integrated power and profit for each farm: [16.000390580950217], [1236.1748098280457], [57852981.09995254], [1236.1748098280457]
Costs, average power, integrated power and profit for each farm: 0, 0, [2948774.9276490076, 2903942.1235013665, 3407731.2205545376, 4394188.31354921, 3334748.432654543, 3347095.7897791835, 3693349.303832259, 4416324.361429433, 3530709.529847543, 3492558.528345853, 3738626.1933119805, 4294178.684207113, 3486662.7406820296, 3393975.999336875, 3525063.0503890207, 3945051.9008834073], 0
Calculating minimum distance constraints.
Calculating gradient of equality constraint
FORWARD RUN:
angle: [443361.99580731493, 3322651.9993040017, 443361.9989824014, 3322702.0000395915, 443362.0010996724, 3322752.001343319, 443362.0057612377, 3322802.0021603582, 443421.9954480737, 3322651.999415514, 443421.9985201837, 3322702.000185283, 443422.00110580504, 3322752.0008963887, 443422.0058868773, 3322802.002168237, 443481.9953177813, 3322651.9994195066, 443481.99845980946, 3322702.0001484975, 443482.0006562108, 3322752.000766985, 443482.00461407664, 3322802.0018092096, 443541.9955906237, 3322651.999475021, 443541.9988434402, 3322702.000075142, 443542.00066215754, 3322752.0006147316, 443542.0045500448, 3322802.0019527804]
  0 SNES Function norm 9.815933241768e+06 
  1 SNES Function norm 2.366580174461e+03 
  0 SNES Function norm 1.552026752650e+07 
  1 SNES Function norm 5.436487681192e+02 
  0 SNES Function norm 2.495908608125e+07 
  1 SNES Function norm 1.961992229086e+03 
  0 SNES Function norm 3.364825842338e+07 
  1 SNES Function norm 3.466994682410e+03 
  0 SNES Function norm 4.049477144452e+07 
  1 SNES Function norm 4.897275252530e+03 
  0 SNES Function norm 4.471820866028e+07 
  1 SNES Function norm 5.763854543509e+03 
  0 SNES Function norm 4.654553499708e+07 
  1 SNES Function norm 5.583406583435e+03 
  0 SNES Function norm 4.572701396734e+07 
  1 SNES Function norm 5.730429040473e+03 
  0 SNES Function norm 4.294061502464e+07 
  1 SNES Function norm 5.749443004891e+03 
  0 SNES Function norm 3.861862029793e+07 
  1 SNES Function norm 5.806783925400e+03 
  0 SNES Function norm 3.059260437897e+07 
  1 SNES Function norm 4.947852106223e+03 
  0 SNES Function norm 2.069284489637e+07 
  1 SNES Function norm 2.345379988275e+03 
  0 SNES Function norm 1.042728520873e+07 
  1 SNES Function norm 8.071189974696e+02 
  0 SNES Function norm 6.897666714886e+06 
  1 SNES Function norm 1.805566270206e+02 
  0 SNES Function norm 1.548249077440e+07 
  1 SNES Function norm 3.493986812301e+02 
  0 SNES Function norm 2.530484304364e+07 
  1 SNES Function norm 1.252094554884e+03 
  0 SNES Function norm 3.349907549111e+07 
  1 SNES Function norm 2.352617666593e+03 
  0 SNES Function norm 3.930481974512e+07 
  1 SNES Function norm 3.539191355513e+03 
  0 SNES Function norm 4.235650777877e+07 
  1 SNES Function norm 4.632229507614e+03 
  0 SNES Function norm 4.270243052939e+07 
  1 SNES Function norm 5.180356955597e+03 
  0 SNES Function norm 4.059979434190e+07 
  1 SNES Function norm 5.087234043396e+03 
  0 SNES Function norm 3.655929260520e+07 
  1 SNES Function norm 4.438394532003e+03 
  0 SNES Function norm 3.083377492350e+07 
  1 SNES Function norm 3.568828479721e+03 
  0 SNES Function norm 2.303286567049e+07 
  1 SNES Function norm 2.510932815866e+03 
  0 SNES Function norm 1.382277877006e+07 
  1 SNES Function norm 1.279767903118e+03 
  0 SNES Function norm 6.265666471563e+06 
  1 SNES Function norm 3.751320981018e+02 
Calculating minimum distance constraints.
ADJOINT RUN:
angle: [443361.99580731493, 3322651.9993040017, 443361.9989824014, 3322702.0000395915, 443362.0010996724, 3322752.001343319, 443362.0057612377, 3322802.0021603582, 443421.9954480737, 3322651.999415514, 443421.9985201837, 3322702.000185283, 443422.00110580504, 3322752.0008963887, 443422.0058868773, 3322802.002168237, 443481.9953177813, 3322651.9994195066, 443481.99845980946, 3322702.0001484975, 443482.0006562108, 3322752.000766985, 443482.00461407664, 3322802.0018092096, 443541.9955906237, 3322651.999475021, 443541.9988434402, 3322702.000075142, 443542.00066215754, 3322752.0006147316, 443542.0045500448, 3322802.0019527804]
Controls value: ([443361.99580731493, 3322651.9993040017, 443361.9989824014, 3322702.0000395915, 443362.0010996724, 3322752.001343319, 443362.0057612377, 3322802.0021603582, 443421.9954480737, 3322651.999415514, 443421.9985201837, 3322702.000185283, 443422.00110580504, 3322752.0008963887, 443422.0058868773, 3322802.002168237, 443481.9953177813, 3322651.9994195066, 443481.99845980946, 3322702.0001484975, 443482.0006562108, 3322752.000766985, 443482.00461407664, 3322802.0018092096, 443541.9955906237, 3322651.999475021, 443541.9988434402, 3322702.000075142, 443542.00066215754, 3322752.0006147316, 443542.0045500448, 3322802.0019527804],)
Derivatives: ([0.004193702306089411, 0.0006953366587231892, 0.0010179858374765116, -3.9571862375915054e-05, -0.0010987270482590511, -0.0013432923545575318, -0.005759390683628406, -0.0021588867203210637, 0.004552441227896546, 0.000583588488712077, 0.0014791516953349426, -0.00018551175345869257, -0.001104882817541784, -0.0008961484712215328, -0.005885201086540784, -0.002166968070354803, 0.004680185994794013, 0.0005805425028184432, 0.001539306851861787, -0.00014867227394587475, -0.0006563212790524029, -0.0007671762609087591, -0.004613076970127512, -0.001808485982365436, 0.004409350952299381, 0.0005249921841962472, 0.0011557560218847939, -7.526330885692222e-05, -0.0006622815551385245, -0.0006148299632878102, -0.004551649090738799, -0.0019525625655139969],)
Functional value: -5.762111625914255
Costs, average power, integrated power and profit for each farm: [16.000391016038922], [1236.2220717958103], [57855192.96004392], [1236.2220717958103]
Costs, average power, integrated power and profit for each farm: 0, 0, [2948861.3005143497, 2904070.987542429, 3407922.1585857216, 4394400.456650244, 3334827.07166662, 3347248.308638183, 3693561.846668017, 4416547.805038322, 3530765.6866945336, 3492684.2585110134, 3738802.8956917836, 4294322.530384097, 3486711.2106615007, 3394069.499065797, 3525207.150446528, 3945189.793285613], 0
Calculating gradient of equality constraint
FORWARD RUN:
angle: [443361.974838796, 3322651.9958273172, 443361.99389247043, 3322702.000237451, 443362.0065933096, 3322752.0080597834, 443362.03455820127, 3322802.0129547957, 443421.97268585954, 3322651.9964975705, 443421.99112442264, 3322702.001112842, 443422.0066302211, 3322752.0053771324, 443422.0353128931, 3322802.0130030815, 443481.97191684303, 3322651.996516793, 443481.9907632725, 3322702.000891859, 443482.00393781834, 3322752.0046028676, 443482.0276794696, 3322802.0108516426, 443541.9735438612, 3322651.996850059, 443541.9930646581, 3322702.0004514586, 443542.00397356646, 3322752.0036888826, 443542.0273082983, 3322802.0117155965]
  0 SNES Function norm 9.815933241987e+06 
  1 SNES Function norm 2.366580168809e+03 
  0 SNES Function norm 1.552026751191e+07 
  1 SNES Function norm 5.436487710733e+02 
  0 SNES Function norm 2.495908608525e+07 
  1 SNES Function norm 1.961992310222e+03 
  0 SNES Function norm 3.364825842318e+07 
  1 SNES Function norm 3.466994743538e+03 
  0 SNES Function norm 4.049477143891e+07 
  1 SNES Function norm 4.897275263336e+03 
  0 SNES Function norm 4.471820866294e+07 
  1 SNES Function norm 5.763854449568e+03 
  0 SNES Function norm 4.654553499166e+07 
  1 SNES Function norm 5.583406454692e+03 
  0 SNES Function norm 4.572701397057e+07 
  1 SNES Function norm 5.730428973473e+03 
  0 SNES Function norm 4.294061502626e+07 
  1 SNES Function norm 5.749443107924e+03 
  0 SNES Function norm 3.861862031218e+07 
  1 SNES Function norm 5.806784017119e+03 
  0 SNES Function norm 3.059260437727e+07 
  1 SNES Function norm 4.947852160871e+03 
  0 SNES Function norm 2.069284489756e+07 
  1 SNES Function norm 2.345380040381e+03 
  0 SNES Function norm 1.042728517391e+07 
  1 SNES Function norm 8.071190658437e+02 
  0 SNES Function norm 6.897666656091e+06 
  1 SNES Function norm 1.805566542479e+02 
  0 SNES Function norm 1.548249075107e+07 
  1 SNES Function norm 3.493986720328e+02 
  0 SNES Function norm 2.530484303180e+07 
  1 SNES Function norm 1.252094638375e+03 
  0 SNES Function norm 3.349907548524e+07 
  1 SNES Function norm 2.352617892362e+03 
  0 SNES Function norm 3.930481974104e+07 
  1 SNES Function norm 3.539191611630e+03 
  0 SNES Function norm 4.235650777876e+07 
  1 SNES Function norm 4.632229825815e+03 
  0 SNES Function norm 4.270243053802e+07 
  1 SNES Function norm 5.180357171575e+03 
  0 SNES Function norm 4.059979435863e+07 
  1 SNES Function norm 5.087234065926e+03 
  0 SNES Function norm 3.655929262930e+07 
  1 SNES Function norm 4.438394447109e+03 
  0 SNES Function norm 3.083377489411e+07 
  1 SNES Function norm 3.568828387521e+03 
  0 SNES Function norm 2.303286567678e+07 
  1 SNES Function norm 2.510932754229e+03 
  0 SNES Function norm 1.382277860659e+07 
  1 SNES Function norm 1.279767899737e+03 
  0 SNES Function norm 6.265666583226e+06 
  1 SNES Function norm 3.751321123564e+02 
Calculating minimum distance constraints.
ADJOINT RUN:
angle: [443361.974838796, 3322651.9958273172, 443361.99389247043, 3322702.000237451, 443362.0065933096, 3322752.0080597834, 443362.03455820127, 3322802.0129547957, 443421.97268585954, 3322651.9964975705, 443421.99112442264, 3322702.001112842, 443422.0066302211, 3322752.0053771324, 443422.0353128931, 3322802.0130030815, 443481.97191684303, 3322651.996516793, 443481.9907632725, 3322702.000891859, 443482.00393781834, 3322752.0046028676, 443482.0276794696, 3322802.0108516426, 443541.9735438612, 3322651.996850059, 443541.9930646581, 3322702.0004514586, 443542.00397356646, 3322752.0036888826, 443542.0273082983, 3322802.0117155965]
Controls value: ([443361.974838796, 3322651.9958273172, 443361.99389247043, 3322702.000237451, 443362.0065933096, 3322752.0080597834, 443362.03455820127, 3322802.0129547957, 443421.97268585954, 3322651.9964975705, 443421.99112442264, 3322702.001112842, 443422.0066302211, 3322752.0053771324, 443422.0353128931, 3322802.0130030815, 443481.97191684303, 3322651.996516793, 443481.9907632725, 3322702.000891859, 443482.00393781834, 3322752.0046028676, 443482.0276794696, 3322802.0108516426, 443541.9735438612, 3322651.996850059, 443541.9930646581, 3322702.0004514586, 443542.00397356646, 3322752.0036888826, 443542.0273082983, 3322802.0117155965],)
Derivatives: ([0.004198643359236489, 0.00069219415963146, 0.0010199244928597135, -3.94714726859275e-05, -0.0010940252799208762, -0.0013431833356185208, -0.0057495573093644305, -0.0021521161771627466, 0.0045549340779459215, 0.000578894095019075, 0.0014757796871861005, -0.00018665879291717612, -0.0011003160641788097, -0.0008949726880685091, -0.005875308786783958, -0.002160448774049852, 0.004670357953519785, 0.0005806998334546295, 0.0015349026719517604, -0.00014952401140842423, -0.0006568870476684675, -0.0007681372800056492, -0.004607625154050328, -0.001804878756070353, 0.004409257177664666, 0.0005251175533616528, 0.0011517947478550108, -7.587096066613355e-05, -0.0006629233386158524, -0.0006153367724864267, -0.004559770721890983, -0.0019514842671066394],)
Functional value: -5.7632171934532135
Costs, average power, integrated power and profit for each farm: [16.000392415785868], [1236.458230884138], [57866245.20537765], [1236.458230884138]
Costs, average power, integrated power and profit for each farm: 0, 0, [2949293.5768932733, 2904715.650542906, 3408877.4000959108, 4395457.808942207, 3335220.3634362034, 3348010.629413866, 3694624.638989108, 4417662.497653421, 3531044.518092268, 3493312.4249183955, 3739686.1418212713, 4295040.9216087125, 3486953.436729702, 3394536.763934804, 3525927.4023397607, 3945881.029966656], 0
Calculating gradient of equality constraint
FORWARD RUN:
angle: [443361.87004072295, 3322651.9784710854, 443361.96844992647, 3322702.0012255926, 443362.0340198496, 3322752.0416193847, 443362.1783987801, 3322802.0668574926, 443421.8589374731, 3322651.9819409586, 443421.9541868941, 3322702.0057533104, 443422.03421122883, 3322752.02776018, 443422.1822963617, 3322802.067108935, 443481.85503854946, 3322651.982012022, 443481.9523280184, 3322702.004610472, 443482.02033785084, 3322752.023774422, 443482.1429030259, 3322802.0560159185, 443541.863383304, 3322651.983733289, 443541.96420963213, 3322702.002334838, 443542.0205228876, 3322752.019052022, 443542.1410650382, 3322802.060492055]
  0 SNES Function norm 9.815933243099e+06 
  1 SNES Function norm 2.366580140999e+03 
  0 SNES Function norm 1.552026743995e+07 
  1 SNES Function norm 5.436487869725e+02 
  0 SNES Function norm 2.495908610501e+07 
  1 SNES Function norm 1.961992713523e+03 
  0 SNES Function norm 3.364825842236e+07 
  1 SNES Function norm 3.466995044767e+03 
  0 SNES Function norm 4.049477141044e+07 
  1 SNES Function norm 4.897275310057e+03 
  0 SNES Function norm 4.471820867606e+07 
  1 SNES Function norm 5.763853976237e+03 
  0 SNES Function norm 4.654553496461e+07 
  1 SNES Function norm 5.583405816440e+03 
  0 SNES Function norm 4.572701398151e+07 
  1 SNES Function norm 5.730428642048e+03 
  0 SNES Function norm 4.294061503433e+07 
  1 SNES Function norm 5.749443621839e+03 
  0 SNES Function norm 3.861862037712e+07 
  1 SNES Function norm 5.806784473127e+03 
  0 SNES Function norm 3.059260436870e+07 
  1 SNES Function norm 4.947852433588e+03 
  0 SNES Function norm 2.069284490050e+07 
  1 SNES Function norm 2.345380300307e+03 
  0 SNES Function norm 1.042728500047e+07 
  1 SNES Function norm 8.071194064138e+02 
  0 SNES Function norm 6.897666362715e+06 
  1 SNES Function norm 1.805567902224e+02 
  0 SNES Function norm 1.548249063492e+07 
  1 SNES Function norm 3.493986260647e+02 
  0 SNES Function norm 2.530484297289e+07 
  1 SNES Function norm 1.252095054362e+03 
  0 SNES Function norm 3.349907545599e+07 
  1 SNES Function norm 2.352619018221e+03 
  0 SNES Function norm 3.930481972082e+07 
  1 SNES Function norm 3.539192888981e+03 
  0 SNES Function norm 4.235650777877e+07 
  1 SNES Function norm 4.632231412177e+03 
  0 SNES Function norm 4.270243058110e+07 
  1 SNES Function norm 5.180358247256e+03 
  0 SNES Function norm 4.059979444201e+07 
  1 SNES Function norm 5.087234178049e+03 
  0 SNES Function norm 3.655929274950e+07 
  1 SNES Function norm 4.438394024219e+03 
  0 SNES Function norm 3.083377474760e+07 
  1 SNES Function norm 3.568827928679e+03 
  0 SNES Function norm 2.303286570812e+07 
  1 SNES Function norm 2.510932446976e+03 
  0 SNES Function norm 1.382277779077e+07 
  1 SNES Function norm 1.279767883017e+03 
  0 SNES Function norm 6.265667139825e+06 
  1 SNES Function norm 3.751321834815e+02 
Calculating minimum distance constraints.
ADJOINT RUN:
angle: [443361.87004072295, 3322651.9784710854, 443361.96844992647, 3322702.0012255926, 443362.0340198496, 3322752.0416193847, 443362.1783987801, 3322802.0668574926, 443421.8589374731, 3322651.9819409586, 443421.9541868941, 3322702.0057533104, 443422.03421122883, 3322752.02776018, 443422.1822963617, 3322802.067108935, 443481.85503854946, 3322651.982012022, 443481.9523280184, 3322702.004610472, 443482.02033785084, 3322752.023774422, 443482.1429030259, 3322802.0560159185, 443541.863383304, 3322651.983733289, 443541.96420963213, 3322702.002334838, 443542.0205228876, 3322752.019052022, 443542.1410650382, 3322802.060492055]
Controls value: ([443361.87004072295, 3322651.9784710854, 443361.96844992647, 3322702.0012255926, 443362.0340198496, 3322752.0416193847, 443362.1783987801, 3322802.0668574926, 443421.8589374731, 3322651.9819409586, 443421.9541868941, 3322702.0057533104, 443422.03421122883, 3322752.02776018, 443422.1822963617, 3322802.067108935, 443481.85503854946, 3322651.982012022, 443481.9523280184, 3322702.004610472, 443482.02033785084, 3322752.023774422, 443482.1429030259, 3322802.0560159185, 443541.863383304, 3322651.983733289, 443541.96420963213, 3322702.002334838, 443542.0205228876, 3322752.019052022, 443542.1410650382, 3322802.060492055],)
Derivatives: ([0.004220187366100732, 0.0006811701729200379, 0.001029658770480496, -3.8894470171526696e-05, -0.001071175174425602, -0.0013433507419081663, -0.0056950247424964965, -0.00213629092767213, 0.004561348177739375, 0.0005508868317338008, 0.0014578788551906753, -0.00019246654767960967, -0.0010786720789095138, -0.0008897570551039786, -0.005802301661129926, -0.002124229950686047, 0.004630793107861749, 0.0005792854639068908, 0.0015132334956601723, -0.0001532459873065327, -0.0006600127531755317, -0.0007730759540847121, -0.004571434607338543, -0.0017861411191652987, 0.004407844920236083, 0.0005261217462404725, 0.0011334606501099687, -7.891819073536897e-05, -0.0006666523318739435, -0.0006182377925627873, -0.0045957159821755885, -0.00194423223996122],)
Functional value: -5.76872464824992
Costs, average power, integrated power and profit for each farm: [16.000375602760638], [1237.6346724931134], [57921302.67267771], [1237.6346724931134]
Costs, average power, integrated power and profit for each farm: 0, 0, [2951463.429159859, 2907946.8460667166, 3413667.168878209, 4400662.598891157, 3337184.503527959, 3351816.227610053, 3699943.702596978, 4423153.792659394, 3532396.68415715, 3496442.735679523, 3744098.1597434967, 4298609.440546932, 3488158.3585547693, 3396864.9295125464, 3529518.428575042, 3949375.666518517], 0
Calculating gradient of equality constraint
FORWARD RUN:
angle: [443361.34847802145, 3322651.892165025, 443361.8418040529, 3322702.006139507, 443362.170374647, 3322752.208606286, 443362.8938487362, 3322802.3349875933, 443421.2929154474, 3322651.9096502126, 443421.7704824896, 3322702.0288724424, 443422.1713406611, 3322752.139107782, 443422.9132923535, 3322802.336147941, 443481.27367285587, 3322651.909846163, 443481.7611900844, 3322702.0231321943, 443482.10195687105, 3322752.11919307, 443482.7160520273, 3322802.280650834, 443541.3152528044, 3322651.9184617633, 443541.82072437095, 3322702.011721416, 443542.10288775706, 3322752.0955105387, 443542.7072763987, 3322802.3031579675]
  0 SNES Function norm 9.815933248798e+06 
  1 SNES Function norm 2.366580010120e+03 
  0 SNES Function norm 1.552026709898e+07 
  1 SNES Function norm 5.436488839344e+02 
  0 SNES Function norm 2.495908619891e+07 
  1 SNES Function norm 1.961994665665e+03 
  0 SNES Function norm 3.364825842092e+07 
  1 SNES Function norm 3.466996461680e+03 
  0 SNES Function norm 4.049477126467e+07 
  1 SNES Function norm 4.897275434892e+03 
  0 SNES Function norm 4.471820873857e+07 
  1 SNES Function norm 5.763851593957e+03 
  0 SNES Function norm 4.654553483183e+07 
  1 SNES Function norm 5.583402752203e+03 
  0 SNES Function norm 4.572701395975e+07 
  1 SNES Function norm 5.730427073732e+03 
  0 SNES Function norm 4.294061507468e+07 
  1 SNES Function norm 5.749446152056e+03 
  0 SNES Function norm 3.861862060470e+07 
  1 SNES Function norm 5.806786687681e+03 
  0 SNES Function norm 3.059260432487e+07 
  1 SNES Function norm 4.947853788492e+03 
  0 SNES Function norm 2.069284486893e+07 
  1 SNES Function norm 2.345381590977e+03 
  0 SNES Function norm 1.042728414584e+07 
  1 SNES Function norm 8.071210865804e+02 
  0 SNES Function norm 6.897664907450e+06 
  1 SNES Function norm 1.805574660996e+02 
  0 SNES Function norm 1.548249006243e+07 
  1 SNES Function norm 3.493983986619e+02 
  0 SNES Function norm 2.530484268287e+07 
  1 SNES Function norm 1.252097107468e+03 
  0 SNES Function norm 3.349907531208e+07 
  1 SNES Function norm 2.352624585307e+03 
  0 SNES Function norm 3.930481962231e+07 
  1 SNES Function norm 3.539199211744e+03 
  0 SNES Function norm 4.235650777909e+07 
  1 SNES Function norm 4.632239266617e+03 
  0 SNES Function norm 4.270243079494e+07 
  1 SNES Function norm 5.180363557952e+03 
  0 SNES Function norm 4.059979485451e+07 
  1 SNES Function norm 5.087234723928e+03 
  0 SNES Function norm 3.655929334404e+07 
  1 SNES Function norm 4.438391936818e+03 
  0 SNES Function norm 3.083377402700e+07 
  1 SNES Function norm 3.568825690554e+03 
  0 SNES Function norm 2.303286586147e+07 
  1 SNES Function norm 2.510930951751e+03 
  0 SNES Function norm 1.382277373970e+07 
  1 SNES Function norm 1.279767815488e+03 
  0 SNES Function norm 6.265669888992e+06 
  1 SNES Function norm 3.751325377678e+02 
Calculating minimum distance constraints.
ADJOINT RUN:
angle: [443361.34847802145, 3322651.892165025, 443361.8418040529, 3322702.006139507, 443362.170374647, 3322752.208606286, 443362.8938487362, 3322802.3349875933, 443421.2929154474, 3322651.9096502126, 443421.7704824896, 3322702.0288724424, 443422.1713406611, 3322752.139107782, 443422.9132923535, 3322802.336147941, 443481.27367285587, 3322651.909846163, 443481.7611900844, 3322702.0231321943, 443482.10195687105, 3322752.11919307, 443482.7160520273, 3322802.280650834, 443541.3152528044, 3322651.9184617633, 443541.82072437095, 3322702.011721416, 443542.10288775706, 3322752.0955105387, 443542.7072763987, 3322802.3031579675]
Controls value: ([443361.34847802145, 3322651.892165025, 443361.8418040529, 3322702.006139507, 443362.170374647, 3322752.208606286, 443362.8938487362, 3322802.3349875933, 443421.2929154474, 3322651.9096502126, 443421.7704824896, 3322702.0288724424, 443422.1713406611, 3322752.139107782, 443422.9132923535, 3322802.336147941, 443481.27367285587, 3322651.909846163, 443481.7611900844, 3322702.0231321943, 443482.10195687105, 3322752.11919307, 443482.7160520273, 3322802.280650834, 443541.3152528044, 3322651.9184617633, 443541.82072437095, 3322702.011721416, 443542.10288775706, 3322752.0955105387, 443542.7072763987, 3322802.3031579675],)
Derivatives: ([0.004305019402959723, 0.000695595537637766, 0.0010748776461499397, -3.498841771577832e-05, -0.0009716837107037735, -0.001361671807985368, -0.005691422371473132, -0.0024160547891141286, 0.004373264649569529, 0.00045243583166886485, 0.0013640877524712703, -0.0002243672223508268, -0.0010050076708180322, -0.0008849004612840018, -0.005843579780333702, -0.0020615693766022187, 0.0046281594588764765, 0.0005314957399508927, 0.0014160631311141572, -0.0001602465234494765, -0.0006791771542677719, -0.0007992635690037674, -0.004486808399755483, -0.0016809503875472717, 0.004243921850393213, 0.00046512626440348083, 0.0010749446855130118, -9.42124919162508e-05, -0.0006952972355051821, -0.0006402123757654639, -0.00441336839400481, -0.0018514892320893128],)
Functional value: -5.795845870121176
Costs, average power, integrated power and profit for each farm: [16.00006615687981], [1243.4280199200991], [58192431.33226064], [1243.4280199200991]
Costs, average power, integrated power and profit for each farm: 0, 0, [2962447.253043851, 2924234.687329626, 3437858.443863026, 4425908.418719605, 3346184.883168782, 3370641.34151404, 3726532.175462834, 4450155.592920945, 3538789.317435198, 3511766.3988105045, 3765982.5025441516, 4315906.60672955, 3493651.9309950443, 3408331.657895082, 3547247.8791368543, 3966792.2426873636], 0
Calculating gradient of equality constraint
FORWARD RUN:
angle: [443358.7713421891, 3322651.465710238, 443361.21590044285, 3322702.030396471, 443362.84351812734, 3322753.033674162, 443366.4284111123, 3322803.6610457706, 443418.4974998914, 3322651.5530016334, 443420.86338580877, 3322702.1432492924, 443422.8484403321, 3322752.6891809497, 443426.52488115284, 3322803.664983152, 443478.40152998496, 3322651.5535594933, 443480.81738621806, 3322702.1146715246, 443482.5052806631, 3322752.5907273027, 443485.5471918824, 3322803.3899021274, 443538.608107696, 3322651.596301506, 443541.11214862135, 3322702.058171217, 443542.509943758, 3322752.4733535927, 443545.5036579984, 3322803.501551994]
  0 SNES Function norm 9.815933266051e+06 
  1 SNES Function norm 2.366579512337e+03 
  0 SNES Function norm 1.552026575035e+07 
  1 SNES Function norm 5.436498557184e+02 
  0 SNES Function norm 2.495908656471e+07 
  1 SNES Function norm 1.962003073780e+03 
  0 SNES Function norm 3.364825846712e+07 
  1 SNES Function norm 3.467001679955e+03 
  0 SNES Function norm 4.049477046886e+07 
  1 SNES Function norm 4.897273902868e+03 
  0 SNES Function norm 4.471820898656e+07 
  1 SNES Function norm 5.763839460788e+03 
  0 SNES Function norm 4.654553422174e+07 
  1 SNES Function norm 5.583390011914e+03 
  0 SNES Function norm 4.572701234724e+07 
  1 SNES Function norm 5.730421075763e+03 
  0 SNES Function norm 4.294061528290e+07 
  1 SNES Function norm 5.749457888321e+03 
  0 SNES Function norm 3.861861982343e+07 
  1 SNES Function norm 5.806796396589e+03 
  0 SNES Function norm 3.059260409486e+07 
  1 SNES Function norm 4.947860381677e+03 
  0 SNES Function norm 2.069284385780e+07 
  1 SNES Function norm 2.345387760316e+03 
  0 SNES Function norm 1.042728020892e+07 
  1 SNES Function norm 8.071288547282e+02 
  0 SNES Function norm 6.897658031136e+06 
  1 SNES Function norm 1.805607000019e+02 
  0 SNES Function norm 1.548248742185e+07 
  1 SNES Function norm 3.493973076480e+02 
  0 SNES Function norm 2.530484135154e+07 
  1 SNES Function norm 1.252106583306e+03 
  0 SNES Function norm 3.349907465135e+07 
  1 SNES Function norm 2.352650591702e+03 
  0 SNES Function norm 3.930481918951e+07 
  1 SNES Function norm 3.539228968287e+03 
  0 SNES Function norm 4.235650778643e+07 
  1 SNES Function norm 4.632276408910e+03 
  0 SNES Function norm 4.270243180910e+07 
  1 SNES Function norm 5.180388469500e+03 
  0 SNES Function norm 4.059979679059e+07 
  1 SNES Function norm 5.087237204198e+03 
  0 SNES Function norm 3.655929612035e+07 
  1 SNES Function norm 4.438382226524e+03 
  0 SNES Function norm 3.083377075313e+07 
  1 SNES Function norm 3.568815914471e+03 
  0 SNES Function norm 2.303286653654e+07 
  1 SNES Function norm 2.510924556319e+03 
  0 SNES Function norm 1.382275449953e+07 
  1 SNES Function norm 1.279767863503e+03 
  0 SNES Function norm 6.265682642285e+06 
  1 SNES Function norm 3.751342367712e+02 
Calculating minimum distance constraints.
ADJOINT RUN:
angle: [443358.7713421891, 3322651.465710238, 443361.21590044285, 3322702.030396471, 443362.84351812734, 3322753.033674162, 443366.4284111123, 3322803.6610457706, 443418.4974998914, 3322651.5530016334, 443420.86338580877, 3322702.1432492924, 443422.8484403321, 3322752.6891809497, 443426.52488115284, 3322803.664983152, 443478.40152998496, 3322651.5535594933, 443480.81738621806, 3322702.1146715246, 443482.5052806631, 3322752.5907273027, 443485.5471918824, 3322803.3899021274, 443538.608107696, 3322651.596301506, 443541.11214862135, 3322702.058171217, 443542.509943758, 3322752.4733535927, 443545.5036579984, 3322803.501551994]
Controls value: ([443358.7713421891, 3322651.465710238, 443361.21590044285, 3322702.030396471, 443362.84351812734, 3322753.033674162, 443366.4284111123, 3322803.6610457706, 443418.4974998914, 3322651.5530016334, 443420.86338580877, 3322702.1432492924, 443422.8484403321, 3322752.6891809497, 443426.52488115284, 3322803.664983152, 443478.40152998496, 3322651.5535594933, 443480.81738621806, 3322702.1146715246, 443482.5052806631, 3322752.5907273027, 443485.5471918824, 3322803.3899021274, 443538.608107696, 3322651.596301506, 443541.11214862135, 3322702.058171217, 443542.509943758, 3322752.4733535927, 443545.5036579984, 3322803.501551994],)
Derivatives: ([0.004250237154422702, 0.0005649051770033024, 0.001028113660762493, -7.721058181245496e-05, -0.000680240130883071, -0.0014486453485907248, -0.005428699182398432, -0.001962473293640168, 0.003743774302204703, 0.0002797181958151398, 0.0008738390971013898, -0.0003715415701732315, -0.000977329861482387, -0.0009994871967456507, -0.0040637339215824075, -0.0014807221481352773, 0.003780807343968383, 0.00015930594710141042, 0.0009198670061372992, -0.00026574171004801675, -0.0006434675158489802, -0.0007939682195124622, -0.0033499779756923083, -0.0012401299055270671, 0.003772195899929628, 0.00030416081455504493, 0.0006422753160258009, -0.00012381565529750787, -0.0008828614333051804, -0.0007633846622895049, -0.003983233678197512, -0.0016234011510647935],)
Functional value: -5.919802358429035
Costs, average power, integrated power and profit for each farm: [15.999902926846751], [1269.8806059383157], [59430412.357913174], [1269.8806059383157]
Costs, average power, integrated power and profit for each farm: 0, 0, [3016645.688741427, 3007433.1357245133, 3562773.621478726, 4547131.889849655, 3374854.321313504, 3458799.2312540472, 3856597.2044087253, 4560128.360259004, 3554557.7235440193, 3580318.1921988805, 3869493.7011149125, 4392814.146219071, 3512092.924217485, 3460775.0428442485, 3630181.692006448, 4045815.4827308627], 0
Calculating gradient of equality constraint
FORWARD RUN:
angle: [443352.0, 3322650.342949086, 443359.56748015026, 3322702.0944295162, 443364.6153484321, 3322755.2070986014, 443375.7369398212, 3322807.1523181465, 443411.1371554622, 3322650.6143589583, 443418.4760439711, 3322702.4450488444, 443424.6316371562, 3322754.138382328, 443436.0309990853, 3322807.1628128546, 443470.83974713413, 3322650.6164990747, 443478.33339077537, 3322702.356151248, 443483.5674691348, 3322753.8326860545, 443492.9999010797, 3322806.309851017, 443531.4796896367, 3322650.748394991, 443539.24744982016, 3322702.1806327123, 443543.58275248046, 3322753.468987928, 443552.86727802106, 3322806.65705598]
  0 SNES Function norm 9.815933273473e+06 
  1 SNES Function norm 2.366579177279e+03 
  0 SNES Function norm 1.552026439763e+07 
  1 SNES Function norm 5.436558947791e+02 
  0 SNES Function norm 2.495908694326e+07 
  1 SNES Function norm 1.962017954985e+03 
  0 SNES Function norm 3.364825898665e+07 
  1 SNES Function norm 3.467004208166e+03 
  0 SNES Function norm 4.049476767121e+07 
  1 SNES Function norm 4.897254866436e+03 
  0 SNES Function norm 4.471820928477e+07 
  1 SNES Function norm 5.763802600254e+03 
  0 SNES Function norm 4.654553279221e+07 
  1 SNES Function norm 5.583369379002e+03 
  0 SNES Function norm 4.572699793041e+07 
  1 SNES Function norm 5.730413453758e+03 
  0 SNES Function norm 4.294061582475e+07 
  1 SNES Function norm 5.749481846660e+03 
  0 SNES Function norm 3.861860530265e+07 
  1 SNES Function norm 5.806814312868e+03 
  0 SNES Function norm 3.059260351914e+07 
  1 SNES Function norm 4.947873469132e+03 
  0 SNES Function norm 2.069283647343e+07 
  1 SNES Function norm 2.345397948535e+03 
  0 SNES Function norm 1.042727409469e+07 
  1 SNES Function norm 8.071402175944e+02 
  0 SNES Function norm 6.897646674618e+06 
  1 SNES Function norm 1.805664348946e+02 
  0 SNES Function norm 1.548248340641e+07 
  1 SNES Function norm 3.493946421566e+02 
  0 SNES Function norm 2.530483937553e+07 
  1 SNES Function norm 1.252120217013e+03 
  0 SNES Function norm 3.349907361744e+07 
  1 SNES Function norm 2.352692620955e+03 
  0 SNES Function norm 3.930481872622e+07 
  1 SNES Function norm 3.539278282496e+03 
  0 SNES Function norm 4.235650782438e+07 
  1 SNES Function norm 4.632338428649e+03 
  0 SNES Function norm 4.270243354861e+07 
  1 SNES Function norm 5.180430057340e+03 
  0 SNES Function norm 4.059979976023e+07 
  1 SNES Function norm 5.087243400497e+03 
  0 SNES Function norm 3.655930054535e+07 
  1 SNES Function norm 4.438367868681e+03 
  0 SNES Function norm 3.083376536914e+07 
  1 SNES Function norm 3.568802309819e+03 
  0 SNES Function norm 2.303286760498e+07 
  1 SNES Function norm 2.510914774466e+03 
  0 SNES Function norm 1.382272209934e+07 
  1 SNES Function norm 1.279768291636e+03 
  0 SNES Function norm 6.265702319286e+06 
  1 SNES Function norm 3.751368362034e+02 
Calculating minimum distance constraints.
ADJOINT RUN:
angle: [443352.0, 3322650.342949086, 443359.56748015026, 3322702.0944295162, 443364.6153484321, 3322755.2070986014, 443375.7369398212, 3322807.1523181465, 443411.1371554622, 3322650.6143589583, 443418.4760439711, 3322702.4450488444, 443424.6316371562, 3322754.138382328, 443436.0309990853, 3322807.1628128546, 443470.83974713413, 3322650.6164990747, 443478.33339077537, 3322702.356151248, 443483.5674691348, 3322753.8326860545, 443492.9999010797, 3322806.309851017, 443531.4796896367, 3322650.748394991, 443539.24744982016, 3322702.1806327123, 443543.58275248046, 3322753.468987928, 443552.86727802106, 3322806.65705598]
Controls value: ([443352.0, 3322650.342949086, 443359.56748015026, 3322702.0944295162, 443364.6153484321, 3322755.2070986014, 443375.7369398212, 3322807.1523181465, 443411.1371554622, 3322650.6143589583, 443418.4760439711, 3322702.4450488444, 443424.6316371562, 3322754.138382328, 443436.0309990853, 3322807.1628128546, 443470.83974713413, 3322650.6164990747, 443478.33339077537, 3322702.356151248, 443483.5674691348, 3322753.8326860545, 443492.9999010797, 3322806.309851017, 443531.4796896367, 3322650.748394991, 443539.24744982016, 3322702.1806327123, 443543.58275248046, 3322753.468987928, 443552.86727802106, 3322806.65705598],)
Derivatives: ([0.0027421861080903246, 0.00012691921473186976, 0.0005353434170762114, -0.00021875186868712543, -0.0012604211939262967, -0.0016299625389381575, -0.0013753161507212897, -0.0013201060769645865, 0.0011676897127243075, -0.0002350464978065829, -0.0007533616292686445, -0.0006147369478386911, -0.0013721348456611085, -0.001019060781692541, 0.00026911725840887484, -0.0007515459583255948, 0.0015865442974162711, -0.0002705186112794621, -0.0004368201164028924, -0.00038675863214111686, -0.0008626905019582542, -0.0009640306412821895, -0.00014757566447272616, -0.0008254681414784086, 0.0017679330976962488, -0.0002261551089585732, -0.00019079305571467251, -0.00021197003279834154, -0.001609493084675686, -0.0009307053677303358, -0.001324164578251627, -0.0010336924636569673],)
Functional value: -6.112633211363099
Costs, average power, integrated power and profit for each farm: [16.000485285525713], [1311.0723993608135], [61358188.29008607], [1311.0723993608135]
Costs, average power, integrated power and profit for each farm: 0, 0, [3117919.09027103, 3202677.443220554, 3860411.6964263334, 4701479.694580966, 3345797.33818224, 3605634.022330727, 4118459.1248476254, 4641947.518563573, 3538804.506178661, 3674368.3511355813, 4069790.7782552945, 4437481.091380844, 3530025.262755445, 3548542.091420807, 3791444.07201874, 4173406.2085012444], 0
Calculating gradient of equality constraint
FORWARD RUN:
angle: [443352.0, 3322650.3408912, 443359.5641093118, 3322702.0947587285, 443364.61965804547, 3322755.212468654, 443375.75432439777, 3322807.1596441413, 443411.12332863227, 3322650.612980165, 443418.4726930492, 3322702.4461834896, 443424.63607804716, 3322754.1418950786, 443436.0470770798, 3322807.1695808703, 443470.8251542899, 3322650.6151584596, 443478.32955656026, 3322702.3569538407, 443483.5701598213, 3322753.8357873596, 443493.012865152, 3322806.3156993007, 443531.46566045564, 3322650.7471633633, 443539.2444341465, 3322702.1810555984, 443543.5862093686, 3322753.471632204, 443552.881267086, 3322806.6635177583]
  0 SNES Function norm 9.815933273548e+06 
  1 SNES Function norm 2.366579177286e+03 
  0 SNES Function norm 1.552026439635e+07 
  1 SNES Function norm 5.436559147898e+02 
  0 SNES Function norm 2.495908694356e+07 
  1 SNES Function norm 1.962017984639e+03 
  0 SNES Function norm 3.364825898805e+07 
  1 SNES Function norm 3.467004204350e+03 
  0 SNES Function norm 4.049476766307e+07 
  1 SNES Function norm 4.897254811020e+03 
  0 SNES Function norm 4.471820928508e+07 
  1 SNES Function norm 5.763802511707e+03 
  0 SNES Function norm 4.654553278870e+07 
  1 SNES Function norm 5.583369334124e+03 
  0 SNES Function norm 4.572699789319e+07 
  1 SNES Function norm 5.730413429816e+03 
  0 SNES Function norm 4.294061582561e+07 
  1 SNES Function norm 5.749481892611e+03 
  0 SNES Function norm 3.861860526535e+07 
  1 SNES Function norm 5.806814353937e+03 
  0 SNES Function norm 3.059260351810e+07 
  1 SNES Function norm 4.947873491877e+03 
  0 SNES Function norm 2.069283645719e+07 
  1 SNES Function norm 2.345397956012e+03 
  0 SNES Function norm 1.042727408961e+07 
  1 SNES Function norm 8.071402240510e+02 
  0 SNES Function norm 6.897646663811e+06 
  1 SNES Function norm 1.805664410985e+02 
  0 SNES Function norm 1.548248340331e+07 
  1 SNES Function norm 3.493946380606e+02 
  0 SNES Function norm 2.530483937416e+07 
  1 SNES Function norm 1.252120225045e+03 
  0 SNES Function norm 3.349907361641e+07 
  1 SNES Function norm 2.352692657139e+03 
  0 SNES Function norm 3.930481872629e+07 
  1 SNES Function norm 3.539278325289e+03 
  0 SNES Function norm 4.235650782440e+07 
  1 SNES Function norm 4.632338485633e+03 
  0 SNES Function norm 4.270243355017e+07 
  1 SNES Function norm 5.180430103164e+03 
  0 SNES Function norm 4.059979976234e+07 
  1 SNES Function norm 5.087243420240e+03 
  0 SNES Function norm 3.655930054884e+07 
  1 SNES Function norm 4.438367860225e+03 
  0 SNES Function norm 3.083376536236e+07 
  1 SNES Function norm 3.568802289838e+03 
  0 SNES Function norm 2.303286760494e+07 
  1 SNES Function norm 2.510914752951e+03 
  0 SNES Function norm 1.382272206485e+07 
  1 SNES Function norm 1.279768287126e+03 
  0 SNES Function norm 6.265702331659e+06 
  1 SNES Function norm 3.751368376315e+02 
Calculating minimum distance constraints.
ADJOINT RUN:
angle: [443352.0, 3322650.3408912, 443359.5641093118, 3322702.0947587285, 443364.61965804547, 3322755.212468654, 443375.75432439777, 3322807.1596441413, 443411.12332863227, 3322650.612980165, 443418.4726930492, 3322702.4461834896, 443424.63607804716, 3322754.1418950786, 443436.0470770798, 3322807.1695808703, 443470.8251542899, 3322650.6151584596, 443478.32955656026, 3322702.3569538407, 443483.5701598213, 3322753.8357873596, 443493.012865152, 3322806.3156993007, 443531.46566045564, 3322650.7471633633, 443539.2444341465, 3322702.1810555984, 443543.5862093686, 3322753.471632204, 443552.881267086, 3322806.6635177583]
Controls value: ([443352.0, 3322650.3408912, 443359.5641093118, 3322702.0947587285, 443364.61965804547, 3322755.212468654, 443375.75432439777, 3322807.1596441413, 443411.12332863227, 3322650.612980165, 443418.4726930492, 3322702.4461834896, 443424.63607804716, 3322754.1418950786, 443436.0470770798, 3322807.1695808703, 443470.8251542899, 3322650.6151584596, 443478.32955656026, 3322702.3569538407, 443483.5701598213, 3322753.8357873596, 443493.012865152, 3322806.3156993007, 443531.46566045564, 3322650.7471633633, 443539.2444341465, 3322702.1810555984, 443543.5862093686, 3322753.471632204, 443552.881267086, 3322806.6635177583],)
Derivatives: ([0.0027419526337199985, 0.00012722139718697817, 0.0005335993111110166, -0.00021943723512237134, -0.0012631916770095108, -0.0016320232337452768, -0.0013695034803215013, -0.0013126855766681074, 0.0011671469821738798, -0.00023508614322835666, -0.0007550174812249343, -0.0006153190740528028, -0.001368984044949961, -0.0010188268311942504, 0.00028149399950694705, -0.000753177348371272, 0.0015871907506987224, -0.00026964055753276445, -0.0004382823303130417, -0.00038627882871808416, -0.0008620430949335035, -0.0009636291177131772, -0.00014519812066720203, -0.0008275025260647474, 0.0017628965764823158, -0.0002252858750103639, -0.000190811534596988, -0.00021164626647712705, -0.001609541904340217, -0.0009303421596198766, -0.0013049378805138183, -0.0010223928317120046],)
Functional value: -6.112797895361559
Costs, average power, integrated power and profit for each farm: [16.000492170258156], [1311.1075413527437], [61359832.935308404], [1311.1075413527437]
Costs, average power, integrated power and profit for each farm: 0, 0, [3117923.8603103147, 3202814.1249028714, 3860832.2690463676, 4701551.357323163, 3345675.911164572, 3605792.6323235137, 4118763.997515057, 4641835.287560321, 3538777.770980511, 3674468.8675354347, 4070030.3581674183, 4437430.242519854, 3530055.1043441207, 3548678.854652973, 3791682.015075184, 4173520.2818703153], 0
Calculating gradient of equality constraint
FORWARD RUN:
angle: [443352.0, 3322650.330651584, 443359.54733916407, 3322702.096405307, 443364.6411390444, 3322755.2392299743, 443375.8407927409, 3322807.1960774898, 443411.0545336274, 3322650.606129332, 443418.45605592814, 3322702.451845876, 443424.6581853205, 3322754.1593914814, 443436.12697051774, 3322807.2032692344, 443470.75253244763, 3322650.608493861, 443478.31050640135, 3322702.3609533957, 443483.5835615175, 3322753.851235168, 443493.07733289147, 3322806.3448174484, 443531.39586551464, 3322650.741039665, 443539.2294411434, 3322702.1831628266, 443543.6034451262, 3322753.4848063206, 443552.95077971165, 3322806.6956259557]
  0 SNES Function norm 9.815933273924e+06 
  1 SNES Function norm 2.366579177408e+03 
  0 SNES Function norm 1.552026439024e+07 
  1 SNES Function norm 5.436560136535e+02 
  0 SNES Function norm 2.495908694498e+07 
  1 SNES Function norm 1.962018130718e+03 
  0 SNES Function norm 3.364825899502e+07 
  1 SNES Function norm 3.467004184688e+03 
  0 SNES Function norm 4.049476762276e+07 
  1 SNES Function norm 4.897254535877e+03 
  0 SNES Function norm 4.471820928654e+07 
  1 SNES Function norm 5.763802073729e+03 
  0 SNES Function norm 4.654553277133e+07 
  1 SNES Function norm 5.583369113354e+03 
  0 SNES Function norm 4.572699770842e+07 
  1 SNES Function norm 5.730413312213e+03 
  0 SNES Function norm 4.294061582986e+07 
  1 SNES Function norm 5.749482119523e+03 
  0 SNES Function norm 3.861860507995e+07 
  1 SNES Function norm 5.806814556265e+03 
  0 SNES Function norm 3.059260351294e+07 
  1 SNES Function norm 4.947873603776e+03 
  0 SNES Function norm 2.069283637649e+07 
  1 SNES Function norm 2.345397992496e+03 
  0 SNES Function norm 1.042727406476e+07 
  1 SNES Function norm 8.071402553320e+02 
  0 SNES Function norm 6.897646610830e+06 
  1 SNES Function norm 1.805664715737e+02 
  0 SNES Function norm 1.548248338817e+07 
  1 SNES Function norm 3.493946178649e+02 
  0 SNES Function norm 2.530483936748e+07 
  1 SNES Function norm 1.252120263987e+03 
  0 SNES Function norm 3.349907361138e+07 
  1 SNES Function norm 2.352692834112e+03 
  0 SNES Function norm 3.930481872668e+07 
  1 SNES Function norm 3.539278534651e+03 
  0 SNES Function norm 4.235650782448e+07 
  1 SNES Function norm 4.632338764525e+03 
  0 SNES Function norm 4.270243355784e+07 
  1 SNES Function norm 5.180430327846e+03 
  0 SNES Function norm 4.059979977261e+07 
  1 SNES Function norm 5.087243517927e+03 
  0 SNES Function norm 3.655930056593e+07 
  1 SNES Function norm 4.438367819403e+03 
  0 SNES Function norm 3.083376532905e+07 
  1 SNES Function norm 3.568802191899e+03 
  0 SNES Function norm 2.303286760472e+07 
  1 SNES Function norm 2.510914647018e+03 
  0 SNES Function norm 1.382272189578e+07 
  1 SNES Function norm 1.279768264761e+03 
  0 SNES Function norm 6.265702391983e+06 
  1 SNES Function norm 3.751368445671e+02 
Calculating minimum distance constraints.
ADJOINT RUN:
angle: [443352.0, 3322650.330651584, 443359.54733916407, 3322702.096405307, 443364.6411390444, 3322755.2392299743, 443375.8407927409, 3322807.1960774898, 443411.0545336274, 3322650.606129332, 443418.45605592814, 3322702.451845876, 443424.6581853205, 3322754.1593914814, 443436.12697051774, 3322807.2032692344, 443470.75253244763, 3322650.608493861, 443478.31050640135, 3322702.3609533957, 443483.5835615175, 3322753.851235168, 443493.07733289147, 3322806.3448174484, 443531.39586551464, 3322650.741039665, 443539.2294411434, 3322702.1831628266, 443543.6034451262, 3322753.4848063206, 443552.95077971165, 3322806.6956259557]
Controls value: ([443352.0, 3322650.330651584, 443359.54733916407, 3322702.096405307, 443364.6411390444, 3322755.2392299743, 443375.8407927409, 3322807.1960774898, 443411.0545336274, 3322650.606129332, 443418.45605592814, 3322702.451845876, 443424.6581853205, 3322754.1593914814, 443436.12697051774, 3322807.2032692344, 443470.75253244763, 3322650.608493861, 443478.31050640135, 3322702.3609533957, 443483.5835615175, 3322753.851235168, 443493.07733289147, 3322806.3448174484, 443531.39586551464, 3322650.741039665, 443539.2294411434, 3322702.1831628266, 443543.6034451262, 3322753.4848063206, 443552.95077971165, 3322806.6956259557],)
Derivatives: ([0.0027407915634821665, 0.00012875821369061412, 0.0005249842954609377, -0.00022280449904760473, -0.0012772189427446119, -0.0016430218556026319, -0.00133410815191494, -0.001273988379290858, 0.0011636019493011709, -0.00023575095823150669, -0.0007631375409521913, -0.0006182181328064014, -0.0013533282195171063, -0.0010176603657272721, 0.0003481356005164298, -0.0007590041541069917, 0.00159358181742579, -0.00026526185534602104, -0.0004456932181420572, -0.0003837759013895891, -0.0008587835761646586, -0.0009615853061217426, -0.00013043564241813522, -0.0008317466538083254, 0.0017387540422997031, -0.00022173029192985738, -0.00019081091894593716, -0.00020997943462486898, -0.0016095495784874206, -0.0009285039143248456, -0.001209935493514181, -0.0009669860870361129],)
Functional value: -6.113605364076165
Costs, average power, integrated power and profit for each farm: [16.000512229285253], [1311.2798445303874], [61367896.724022135], [1311.2798445303874]
Costs, average power, integrated power and profit for each farm: 0, 0, [3117947.0363162253, 3203492.533953698, 3862921.9383514235, 4701890.891522848, 3345078.4051178866, 3606574.8801730988, 4120269.9984712685, 4641251.6450453205, 3538657.60740597, 3674964.9004036705, 4071214.0963611724, 4437176.317161578, 3530200.261181357, 3549356.7237904454, 3792860.847804135, 4174038.6409456795], 0
Calculating gradient of equality constraint
FORWARD RUN:
angle: [443352.0, 3322650.280738042, 443359.4656017531, 3322702.1044754484, 443364.74604455725, 3322755.3698985744, 443376.26208716823, 3322807.3735748557, 443410.71921385435, 3322650.5727884527, 443418.3751468483, 3322702.479534981, 443424.7660086534, 3322754.2447732696, 443436.5158414522, 3322807.367536213, 443470.39845893445, 3322650.576040003, 443478.2177924533, 3322702.3804816375, 443483.64896103897, 3322753.9266239107, 443493.3913690838, 3322806.4868207728, 443531.0556925352, 3322650.7112189233, 443539.156421679, 3322702.193451, 443543.6876466608, 3322753.5491138548, 443553.28915802145, 3322806.8519263044]
  0 SNES Function norm 9.815933275849e+06 
  1 SNES Function norm 2.366579180033e+03 
  0 SNES Function norm 1.552026436580e+07 
  1 SNES Function norm 5.436564841260e+02 
  0 SNES Function norm 2.495908695091e+07 
  1 SNES Function norm 1.962018815459e+03 
  0 SNES Function norm 3.364825902893e+07 
  1 SNES Function norm 3.467004071708e+03 
  0 SNES Function norm 4.049476742955e+07 
  1 SNES Function norm 4.897253194621e+03 
  0 SNES Function norm 4.471820929290e+07 
  1 SNES Function norm 5.763799979278e+03 
  0 SNES Function norm 4.654553268886e+07 
  1 SNES Function norm 5.583368088314e+03 
  0 SNES Function norm 4.572699680696e+07 
  1 SNES Function norm 5.730412769510e+03 
  0 SNES Function norm 4.294061584987e+07 
  1 SNES Function norm 5.749483193753e+03 
  0 SNES Function norm 3.861860417124e+07 
  1 SNES Function norm 5.806815504307e+03 
  0 SNES Function norm 3.059260348837e+07 
  1 SNES Function norm 4.947874124070e+03 
  0 SNES Function norm 2.069283598043e+07 
  1 SNES Function norm 2.345398154636e+03 
  0 SNES Function norm 1.042727395322e+07 
  1 SNES Function norm 8.071403887842e+02 
  0 SNES Function norm 6.897646369759e+06 
  1 SNES Function norm 1.805666121247e+02 
  0 SNES Function norm 1.548248332122e+07 
  1 SNES Function norm 3.493945231542e+02 
  0 SNES Function norm 2.530483933832e+07 
  1 SNES Function norm 1.252120431581e+03 
  0 SNES Function norm 3.349907358874e+07 
  1 SNES Function norm 2.352693631920e+03 
  0 SNES Function norm 3.930481872980e+07 
  1 SNES Function norm 3.539279479268e+03 
  0 SNES Function norm 4.235650782489e+07 
  1 SNES Function norm 4.632340023133e+03 
  0 SNES Function norm 4.270243359286e+07 
  1 SNES Function norm 5.180431350020e+03 
  0 SNES Function norm 4.059979981780e+07 
  1 SNES Function norm 5.087243983604e+03 
  0 SNES Function norm 3.655930064275e+07 
  1 SNES Function norm 4.438367648207e+03 
  0 SNES Function norm 3.083376517427e+07 
  1 SNES Function norm 3.568801744308e+03 
  0 SNES Function norm 2.303286760348e+07 
  1 SNES Function norm 2.510914150855e+03 
  0 SNES Function norm 1.382272112225e+07 
  1 SNES Function norm 1.279768155489e+03 
  0 SNES Function norm 6.265702657490e+06 
  1 SNES Function norm 3.751368742565e+02 
Calculating minimum distance constraints.
ADJOINT RUN:
angle: [443352.0, 3322650.280738042, 443359.4656017531, 3322702.1044754484, 443364.74604455725, 3322755.3698985744, 443376.26208716823, 3322807.3735748557, 443410.71921385435, 3322650.5727884527, 443418.3751468483, 3322702.479534981, 443424.7660086534, 3322754.2447732696, 443436.5158414522, 3322807.367536213, 443470.39845893445, 3322650.576040003, 443478.2177924533, 3322702.3804816375, 443483.64896103897, 3322753.9266239107, 443493.3913690838, 3322806.4868207728, 443531.0556925352, 3322650.7112189233, 443539.156421679, 3322702.193451, 443543.6876466608, 3322753.5491138548, 443553.28915802145, 3322806.8519263044]
Controls value: ([443352.0, 3322650.280738042, 443359.4656017531, 3322702.1044754484, 443364.74604455725, 3322755.3698985744, 443376.26208716823, 3322807.3735748557, 443410.71921385435, 3322650.5727884527, 443418.3751468483, 3322702.479534981, 443424.7660086534, 3322754.2447732696, 443436.5158414522, 3322807.367536213, 443470.39845893445, 3322650.576040003, 443478.2177924533, 3322702.3804816375, 443483.64896103897, 3322753.9266239107, 443493.3913690838, 3322806.4868207728, 443531.0556925352, 3322650.7112189233, 443539.156421679, 3322702.193451, 443543.6876466608, 3322753.5491138548, 443553.28915802145, 3322806.8519263044],)
Derivatives: ([0.002735205890205512, 0.00013688423127126162, 0.0004830088455506878, -0.0002378742211374184, -0.0013423743584180536, -0.0017011862672644852, -0.0011927419930014907, -0.001086486121086527, 0.0010927496456747028, -0.0002541728806844143, -0.0008012171305430491, -0.0006322983312128745, -0.0012853583021539016, -0.001013629835732212, 0.00048588661837214346, -0.0007356293417261029, 0.0016199349979834172, -0.0002512822324621229, -0.00048439132215986875, -0.000369764159198019, -0.0008427113308596534, -0.0009505658330870009, 1.9901311478162386e-05, -0.0007195049736785627, 0.00161468956405094, -0.0002218493334966969, -0.00018984884202982738, -0.0002008497758259179, -0.0016044321357189509, -0.0009194634601705802, -0.0010097967651179084, -0.0008147829155284094],)
Functional value: -6.117275480114609
Costs, average power, integrated power and profit for each farm: [16.00030336384667], [1312.0629317693188], [61404545.20680412], [1312.0629317693188]
Costs, average power, integrated power and profit for each farm: 0, 0, [3118043.4685891755, 3206748.609640068, 3873034.9289390882, 4703104.110218244, 3342236.9966778927, 3610213.310521424, 4127382.0713145477, 4637971.238882847, 3538383.7226857604, 3677245.3974259286, 4076792.656111815, 4435713.752269198, 3530850.4139170456, 3552582.6659038714, 3798485.038077089, 4175756.8256140896], 0
Calculating gradient of equality constraint
FORWARD RUN:
angle: [443352.0, 3322650.054694374, 443359.0955461223, 3322702.141198703, 443365.2219053993, 3322755.962536159, 443378.1690890236, 3322808.176761815, 443409.20111764775, 3322650.42208764, 443418.0095057829, 3322702.6052690935, 443425.2544533323, 3322754.631776433, 443438.27520331467, 3322808.111380313, 443468.79475946754, 3322650.4292082237, 443477.7985508306, 3322702.4690106465, 443483.94536952325, 3322754.2683286495, 443494.81217878964, 3322807.1294823755, 443529.5155875863, 3322650.576353323, 443538.8259941489, 3322702.2400866556, 443544.0696164469, 3322753.840651573, 443554.8204814078, 3322807.5591786588]
  0 SNES Function norm 9.815933283451e+06 
  1 SNES Function norm 2.366579192474e+03 
  0 SNES Function norm 1.552026425340e+07 
  1 SNES Function norm 5.436587252638e+02 
  0 SNES Function norm 2.495908697888e+07 
  1 SNES Function norm 1.962022033675e+03 
  0 SNES Function norm 3.364825918895e+07 
  1 SNES Function norm 3.467003492038e+03 
  0 SNES Function norm 4.049476651381e+07 
  1 SNES Function norm 4.897246798417e+03 
  0 SNES Function norm 4.471820932188e+07 
  1 SNES Function norm 5.763790114095e+03 
  0 SNES Function norm 4.654553230047e+07 
  1 SNES Function norm 5.583363365548e+03 
  0 SNES Function norm 4.572699249910e+07 
  1 SNES Function norm 5.730410238858e+03 
  0 SNES Function norm 4.294061594318e+07 
  1 SNES Function norm 5.749488062246e+03 
  0 SNES Function norm 3.861859981874e+07 
  1 SNES Function norm 5.806819848050e+03 
  0 SNES Function norm 3.059260337942e+07 
  1 SNES Function norm 4.947876393726e+03 
  0 SNES Function norm 2.069283411743e+07 
  1 SNES Function norm 2.345398740341e+03 
  0 SNES Function norm 1.042727352855e+07 
  1 SNES Function norm 8.071407996547e+02 
  0 SNES Function norm 6.897645431874e+06 
  1 SNES Function norm 1.805671949336e+02 
  0 SNES Function norm 1.548248307750e+07 
  1 SNES Function norm 3.493940794784e+02 
  0 SNES Function norm 2.530483923660e+07 
  1 SNES Function norm 1.252120956032e+03 
  0 SNES Function norm 3.349907349828e+07 
  1 SNES Function norm 2.352696742616e+03 
  0 SNES Function norm 3.930481875916e+07 
  1 SNES Function norm 3.539283200819e+03 
  0 SNES Function norm 4.235650782662e+07 
  1 SNES Function norm 4.632344976444e+03 
  0 SNES Function norm 4.270243373418e+07 
