nohup: ignoring input
Exporting to ../../outputs/3d_b_v1.0
UFL:WARNING Discontinuous Lagrange element requested on triangle * interval, creating DQ element.
Using default SIPG parameters
Coupled time integrator: CoupledTwoStageRK
  2D time integrator: ESDIRKTrapezoid
  3D time integrator: SSPRK22ALE
  3D implicit time integrator: BackwardEuler
2D mesh: 5151 nodes, 10000 triangles
3D mesh: 4 layers, 40000 prisms
Horizontal element size: 2.24 ... 2.24 m
Vertical element size: 10.000 ... 10.000 m
Element family: dg-dg, degree: 1
Number of tracer DOFs: 240000
Number of cores: 8
Tracer DOFs per core: ~30000.0
  - dt 2d swe: 0.004901703866484176
  - dt h. advection: 0.03726779962499632
  - dt v. advection: 249.99999999999898
  - dt viscosity: 0.04999999999999954
  - CFL adjusted dt: 2D: inf 3D: 0.03726779962499632
  - chosen dt: 2D: 0.03726779962499632 3D: 0.03726779962499632
  - adjusted dt: 2D: 0.037037037037037035 3D: 0.037037037037037035
dt = 0.037037
max h diff 1.1249999999999931 - 1.1250000000000029
    0     0 T=      0.00 eta norm:     0.0000 u norm:     0.0000  0.00
    1    27 T=      1.00 eta norm:     1.7133 u norm:     0.0000 24.34
    2    54 T=      2.00 eta norm:     4.8551 u norm:     0.0001 22.77
    3    81 T=      3.00 eta norm:     8.9241 u norm:     0.0002 22.82
    4   108 T=      4.00 eta norm:    13.7449 u norm:     0.0006 23.65
    5   135 T=      5.00 eta norm:    19.2160 u norm:     0.0012 24.99
    6   162 T=      6.00 eta norm:    25.2685 u norm:     0.0025 22.96
    7   189 T=      7.00 eta norm:    31.8515 u norm:     0.0085 22.87
    8   216 T=      8.00 eta norm:    38.9255 u norm:     0.0264 23.61
    9   243 T=      9.00 eta norm:    46.4585 u norm:     0.0616 24.25
   10   270 T=     10.00 eta norm:    54.4237 u norm:     0.1191 23.09
   11   297 T=     11.00 eta norm:    62.7982 u norm:     0.2035 23.11
   12   324 T=     12.00 eta norm:    71.5623 u norm:     0.3185 24.39
   13   351 T=     13.00 eta norm:    80.6951 u norm:     0.4675 22.54
   14   378 T=     14.00 eta norm:    90.0575 u norm:     0.6528 22.50
   15   405 T=     15.00 eta norm:    99.4100 u norm:     0.8761 20.92
   16   432 T=     16.00 eta norm:   108.5855 u norm:     1.1384 20.95
   17   459 T=     17.00 eta norm:   117.4694 u norm:     1.4401 22.78
   18   486 T=     18.00 eta norm:   125.9783 u norm:     1.7810 25.48
   19   513 T=     19.00 eta norm:   134.0484 u norm:     2.1605 21.68
   20   540 T=     20.00 eta norm:   141.6276 u norm:     2.5775 22.57
   21   567 T=     21.00 eta norm:   148.6715 u norm:     3.0418 22.15
   22   594 T=     22.00 eta norm:   155.1395 u norm:     3.5731 22.41
   23   621 T=     23.00 eta norm:   160.9938 u norm:     4.1722 23.26
   24   648 T=     24.00 eta norm:   166.1971 u norm:     4.8388 22.30
   25   675 T=     25.00 eta norm:   170.7082 u norm:     5.5692 21.13
   26   702 T=     26.00 eta norm:   174.6657 u norm:     6.3528 15.84
   27   729 T=     27.00 eta norm:   178.3851 u norm:     7.1833 15.63
   28   756 T=     28.00 eta norm:   181.8815 u norm:     8.0548 15.57
   29   783 T=     29.00 eta norm:   185.1614 u norm:     8.9629 15.85
   30   810 T=     30.00 eta norm:   188.2296 u norm:     9.9051 15.60
   31   837 T=     31.00 eta norm:   191.0898 u norm:    10.8651 15.50
   32   864 T=     32.00 eta norm:   193.7454 u norm:    11.8172 15.65
   33   891 T=     33.00 eta norm:   196.1980 u norm:    12.7662 15.69
   34   918 T=     34.00 eta norm:   198.4486 u norm:    13.7111 15.67
   35   945 T=     35.00 eta norm:   200.4975 u norm:    14.6518 15.63
   36   972 T=     36.00 eta norm:   202.3440 u norm:    15.5891 15.72
   37   999 T=     37.00 eta norm:   203.9869 u norm:    16.5180 15.73
   38  1026 T=     38.00 eta norm:   205.4243 u norm:    17.4527 15.61
   39  1053 T=     39.00 eta norm:   206.6569 u norm:    18.3927 15.83
   40  1080 T=     40.00 eta norm:   207.6927 u norm:    19.3429 15.76
   41  1107 T=     41.00 eta norm:   208.5395 u norm:    20.2925 16.07
   42  1134 T=     42.00 eta norm:   209.2045 u norm:    21.2481 15.68
   43  1161 T=     43.00 eta norm:   209.6949 u norm:    22.2174 15.56
   44  1188 T=     44.00 eta norm:   210.0172 u norm:    23.1951 15.83
   45  1215 T=     45.00 eta norm:   210.1776 u norm:    24.1876 15.84
   46  1242 T=     46.00 eta norm:   210.1819 u norm:    25.1827 15.76
   47  1269 T=     47.00 eta norm:   210.0358 u norm:    26.1939 15.67
   48  1296 T=     48.00 eta norm:   209.7445 u norm:    27.2201 15.69
   49  1323 T=     49.00 eta norm:   209.3131 u norm:    28.2656 15.65
   50  1350 T=     50.00 eta norm:   208.7608 u norm:    29.3368 15.62
   51  1377 T=     51.00 eta norm:   208.1097 u norm:    30.4249 15.78
   52  1404 T=     52.00 eta norm:   207.3572 u norm:    31.5256 15.77
   53  1431 T=     53.00 eta norm:   206.4976 u norm:    32.6414 15.78
   54  1458 T=     54.00 eta norm:   205.5322 u norm:    33.7772 15.81
   55  1485 T=     55.00 eta norm:   204.4660 u norm:    34.9234 15.61
   56  1512 T=     56.00 eta norm:   203.3033 u norm:    36.0819 15.67
   57  1539 T=     57.00 eta norm:   202.0492 u norm:    37.2500 16.01
   58  1566 T=     58.00 eta norm:   200.7086 u norm:    38.4204 15.56
   59  1593 T=     59.00 eta norm:   199.2863 u norm:    39.5911 15.66
   60  1620 T=     60.00 eta norm:   197.7872 u norm:    40.7638 15.76
   61  1647 T=     61.00 eta norm:   196.2164 u norm:    41.9418 15.71
   62  1674 T=     62.00 eta norm:   194.5787 u norm:    43.1238 15.56
   63  1701 T=     63.00 eta norm:   192.8793 u norm:    44.3082 15.54
   64  1728 T=     64.00 eta norm:   191.1233 u norm:    45.4939 16.16
   65  1755 T=     65.00 eta norm:   189.3150 u norm:    46.6811 16.04
   66  1782 T=     66.00 eta norm:   187.4584 u norm:    47.8727 15.62
   67  1809 T=     67.00 eta norm:   185.5573 u norm:    49.0666 16.30
   68  1836 T=     68.00 eta norm:   183.6157 u norm:    50.2618 15.57
   69  1863 T=     69.00 eta norm:   181.6377 u norm:    51.4624 15.81
   70  1890 T=     70.00 eta norm:   179.6272 u norm:    52.6647 15.32
   71  1917 T=     71.00 eta norm:   177.5883 u norm:    53.8662 16.07
   72  1944 T=     72.00 eta norm:   175.5252 u norm:    55.0668 16.28
   73  1971 T=     73.00 eta norm:   173.4421 u norm:    56.2651 15.51
   74  1998 T=     74.00 eta norm:   171.3430 u norm:    57.4564 16.81
   75  2025 T=     75.00 eta norm:   169.2335 u norm:    58.6447 22.59
   76  2052 T=     76.00 eta norm:   167.1296 u norm:    59.8302 23.15
   77  2079 T=     77.00 eta norm:   165.0389 u norm:    61.0119 23.30
   78  2106 T=     78.00 eta norm:   162.9671 u norm:    62.1910 22.41
   79  2133 T=     79.00 eta norm:   160.9166 u norm:    63.3664 21.72
   80  2160 T=     80.00 eta norm:   158.8877 u norm:    64.5354 21.95
   81  2187 T=     81.00 eta norm:   156.8808 u norm:    65.7030 24.23
   82  2214 T=     82.00 eta norm:   154.8960 u norm:    66.8650 24.17
   83  2241 T=     83.00 eta norm:   152.9330 u norm:    68.0239 23.39
   84  2268 T=     84.00 eta norm:   150.9923 u norm:    69.1770 23.18
   85  2295 T=     85.00 eta norm:   149.0738 u norm:    70.3258 22.56
   86  2322 T=     86.00 eta norm:   147.1778 u norm:    71.4816 22.85
   87  2349 T=     87.00 eta norm:   145.3041 u norm:    72.6329 23.34
   88  2376 T=     88.00 eta norm:   143.4522 u norm:    73.7825 22.13
   89  2403 T=     89.00 eta norm:   141.6225 u norm:    74.9302 22.81
   90  2430 T=     90.00 eta norm:   139.8149 u norm:    76.0689 24.47
   91  2457 T=     91.00 eta norm:   138.0294 u norm:    77.2110 25.04
   92  2484 T=     92.00 eta norm:   136.2659 u norm:    78.3463 23.21
   93  2511 T=     93.00 eta norm:   134.5242 u norm:    79.4857 22.52
   94  2538 T=     94.00 eta norm:   132.8041 u norm:    80.6219 23.95
   95  2565 T=     95.00 eta norm:   131.1055 u norm:    81.7453 23.33
   96  2592 T=     96.00 eta norm:   129.4280 u norm:    82.8698 23.39
   97  2619 T=     97.00 eta norm:   127.7714 u norm:    83.9969 23.59
   98  2646 T=     98.00 eta norm:   126.1348 u norm:    85.1192 23.68
   99  2673 T=     99.00 eta norm:   124.5184 u norm:    86.2419 24.12
  100  2700 T=    100.00 eta norm:   122.9185 u norm:    87.3602 24.28
  101  2727 T=    101.00 eta norm:   121.3291 u norm:    88.4754 23.06
  102  2754 T=    102.00 eta norm:   119.7510 u norm:    89.5844 23.95
  103  2781 T=    103.00 eta norm:   118.1847 u norm:    90.6943 24.01
  104  2808 T=    104.00 eta norm:   116.6318 u norm:    91.7986 24.11
  105  2835 T=    105.00 eta norm:   115.0933 u norm:    92.8936 23.78
  106  2862 T=    106.00 eta norm:   113.5694 u norm:    93.9903 23.84
  107  2889 T=    107.00 eta norm:   112.0603 u norm:    95.0849 23.85
  108  2916 T=    108.00 eta norm:   110.5661 u norm:    96.1752 23.51
  109  2943 T=    109.00 eta norm:   109.0868 u norm:    97.2649 25.32
  110  2970 T=    110.00 eta norm:   107.6226 u norm:    98.3478 23.77
  111  2997 T=    111.00 eta norm:   106.1733 u norm:    99.4317 23.94
  112  3024 T=    112.00 eta norm:   104.7392 u norm:   100.5107 24.33
  113  3051 T=    113.00 eta norm:   103.3204 u norm:   101.5873 24.46
  114  3078 T=    114.00 eta norm:   101.9169 u norm:   102.6645 24.20
  115  3105 T=    115.00 eta norm:   100.5288 u norm:   103.7447 23.66
  116  3132 T=    116.00 eta norm:    99.1560 u norm:   104.8190 24.13
  117  3159 T=    117.00 eta norm:    97.7985 u norm:   105.8936 24.25
  118  3186 T=    118.00 eta norm:    96.4563 u norm:   106.9682 26.08
  119  3213 T=    119.00 eta norm:    95.1294 u norm:   108.0365 25.33
  120  3240 T=    120.00 eta norm:    93.8176 u norm:   109.1076 24.28
  121  3267 T=    121.00 eta norm:    92.5208 u norm:   110.1751 23.60
Traceback (most recent call last):
  File "channel3d_turbine.py", line 105, in <module>
    solver_obj.iterate(update_forcings=update_forcings)
  File "/home/can/firedrake/src/thetis/thetis/solver.py", line 1215, in iterate
    update_forcings, update_forcings3d)
  File "/home/can/firedrake/src/thetis/thetis/coupled_timeintegrator.py", line 682, in advance
    self.timesteppers.mom_expl.solve_stage(i_stage)
  File "/home/can/firedrake/src/thetis/thetis/timeintegrator.py", line 702, in solve_stage
    self.stage_one_solve()
  File "/home/can/firedrake/src/thetis/thetis/timeintegrator.py", line 665, in stage_one_solve
    self.lin_solver.solve(self.solution, self.mu)
  File "/home/can/firedrake/src/firedrake/firedrake/linear_solver.py", line 156, in solve
    self.ksp.solve(rhs, solution)
  File "PETSc/KSP.pyx", line 394, in petsc4py.PETSc.KSP.solve
petsc4py.PETSc.Error: error code 1
[3] KSPSolve() line 882 in /home/can/firedrake/src/petsc/src/ksp/ksp/interface/itfunc.c
[3] KSPSolve_Private() line 723 in /home/can/firedrake/src/petsc/src/ksp/ksp/interface/itfunc.c
[3] KSPSolve_CG() line 195 in /home/can/firedrake/src/petsc/src/ksp/ksp/impls/cg/cg.c
[3] VecTDot() line 433 in /home/can/firedrake/src/petsc/src/vec/vec/interface/rvector.c
[3] VecTDot_MPI() line 27 in /home/can/firedrake/src/petsc/src/vec/vec/impls/mpi/pbvec.c
application called MPI_Abort(MPI_COMM_WORLD, 1) - process 3
