nohup: ignoring input
Exporting to ../../outputs/3D/3d_v1.0_again
UFL:WARNING Discontinuous Lagrange element requested on triangle * interval, creating DQ element.
Using default SIPG parameters
Coupled time integrator: CoupledTwoStageRK
  2D time integrator: ESDIRKTrapezoid
  3D time integrator: SSPRK22ALE
  3D implicit time integrator: BackwardEuler
2D mesh: 8211 nodes, 16000 triangles
3D mesh: 4 layers, 64000 prisms
Horizontal element size: 1.77 ... 1.77 m
Vertical element size: 10.000 ... 10.000 m
Element family: dg-dg, degree: 1
Number of tracer DOFs: 384000
Number of cores: 8
Tracer DOFs per core: ~48000.0
  - dt 2d swe: 0.003875137158435959
  - dt h. advection: 0.029462782549439275
  - dt v. advection: 249.9999999999978
  - dt viscosity: 0.031249999999999563
  - CFL adjusted dt: 2D: inf 3D: 0.029462782549439275
  - chosen dt: 2D: 0.029462782549439275 3D: 0.029462782549439275
  - adjusted dt: 2D: 0.029455081001472753 3D: 0.029455081001472753
dt = 0.029455
max h diff 0.8841145833333207 - 0.8841145833333394
    0     0 T=      0.00 eta norm:     0.0000 u norm:     0.0000  0.00
    1   679 T=     20.00 eta norm:   141.8500 u norm:     3.8771 641.64
