nohup: ignoring input
Exporting to ../../outputs/3d_v1.0
UFL:WARNING Discontinuous Lagrange element requested on triangle * interval, creating DQ element.
Using default SIPG parameters
Coupled time integrator: CoupledTwoStageRK
  2D time integrator: ESDIRKTrapezoid
  3D time integrator: SSPRK22ALE
  3D implicit time integrator: BackwardEuler
2D mesh: 5151 nodes, 10000 triangles
3D mesh: 4 layers, 40000 prisms
Horizontal element size: 1.73 ... 1.73 m
Vertical element size: 10.000 ... 10.000 m
Element family: dg-dg, degree: 1
Number of tracer DOFs: 240000
Number of cores: 8
Tracer DOFs per core: ~30000.0
  - dt 2d swe: 0.0037968434885867356
  - dt h. advection: 0.028867513459481086
  - dt v. advection: 249.9999999999984
  - dt viscosity: 0.029999999999999576
  - CFL adjusted dt: 2D: inf 3D: 0.028867513459481086
  - chosen dt: 2D: 0.028867513459481086 3D: 0.028867513459481086
  - adjusted dt: 2D: 0.02886002886002886 3D: 0.02886002886002886
dt = 0.028860
max h diff 0.8662499999999947 - 0.8662500000000026
    0     0 T=      0.00 eta norm:     0.0000 u norm:     0.0000  0.00
    1   693 T=     20.00 eta norm:    91.5173 u norm:     2.3535 902.69
    2  1386 T=     40.00 eta norm:    94.1786 u norm:     9.3819 920.01
    3  2079 T=     60.00 eta norm:    80.1856 u norm:    19.5296 929.45
    4  2772 T=     80.00 eta norm:    67.4539 u norm:    30.3149 933.58
    5  3465 T=    100.00 eta norm:    53.6492 u norm:    43.8016 903.27
    6  4158 T=    120.00 eta norm:    41.0110 u norm:    51.1103 928.11
    7  4851 T=    140.00 eta norm:    30.6764 u norm:    55.0595 928.88
    8  5544 T=    160.00 eta norm:    22.7699 u norm:    56.5835 922.26
    9  6237 T=    180.00 eta norm:    16.9920 u norm:    59.0566 928.46
   10  6930 T=    200.00 eta norm:    12.8776 u norm:    61.7711 927.95
   11  7623 T=    220.00 eta norm:     9.9965 u norm:    62.7166 932.00
   12  8316 T=    240.00 eta norm:     8.0581 u norm:    63.4949 929.19
   13  9009 T=    260.00 eta norm:     6.7777 u norm:    64.9672 933.29
   14  9702 T=    280.00 eta norm:     5.9094 u norm:    67.6850 931.31
   15 10395 T=    300.00 eta norm:     5.3304 u norm:    69.0132 930.34
   16 11088 T=    320.00 eta norm:     4.9536 u norm:    70.5433 934.38
   17 11781 T=    340.00 eta norm:     4.6941 u norm:    72.4979 929.29
   18 12474 T=    360.00 eta norm:     4.5186 u norm:    73.9886 929.77
   19 13167 T=    380.00 eta norm:     4.3990 u norm:    75.7864 931.79
   20 13860 T=    400.00 eta norm:     4.3240 u norm:    77.6449 931.70
   21 14553 T=    420.00 eta norm:     4.2546 u norm:    80.2865 932.34
   22 15246 T=    440.00 eta norm:     4.2026 u norm:    82.1471 928.30
   23 15939 T=    460.00 eta norm:     4.1835 u norm:    83.3957 927.99
   24 16632 T=    480.00 eta norm:     4.1647 u norm:    85.1768 931.97
   25 17325 T=    500.00 eta norm:     4.1392 u norm:    86.7924 931.30
   26 18018 T=    520.00 eta norm:     4.1248 u norm:    88.1071 933.59
   27 18711 T=    540.00 eta norm:     4.1128 u norm:    89.0204 932.24
   28 19404 T=    560.00 eta norm:     4.1028 u norm:    90.2419 933.87
   29 20097 T=    580.00 eta norm:     4.0930 u norm:    91.4613 933.14
   30 20790 T=    600.00 eta norm:     4.0860 u norm:    92.3496 934.21
   31 21483 T=    620.00 eta norm:     4.0825 u norm:    93.1256 933.29
   32 22176 T=    640.00 eta norm:     4.0760 u norm:    93.7960 934.30
   33 22869 T=    660.00 eta norm:     4.0698 u norm:    94.6481 931.36
   34 23562 T=    680.00 eta norm:     4.0674 u norm:    95.7608 932.22
   35 24255 T=    700.00 eta norm:     4.0643 u norm:    96.0122 931.14
   36 24948 T=    720.00 eta norm:     4.0610 u norm:    96.4716 929.49
   37 25641 T=    740.00 eta norm:     4.0554 u norm:    97.2756 927.72
   38 26334 T=    760.00 eta norm:     4.0526 u norm:    97.8720 918.25
   39 27027 T=    780.00 eta norm:     4.0457 u norm:    98.9613 921.68
   40 27720 T=    800.00 eta norm:     4.0407 u norm:   100.0504 913.94
   41 28413 T=    820.00 eta norm:     4.0343 u norm:   100.8757 890.82
   42 29106 T=    840.00 eta norm:     4.0184 u norm:   102.1231 894.61
   43 29799 T=    860.00 eta norm:     4.0217 u norm:   102.3732 894.68
   44 30492 T=    880.00 eta norm:     4.0190 u norm:   103.5072 883.79
   45 31185 T=    900.00 eta norm:     4.0109 u norm:   103.9180 886.96
   46 31878 T=    920.00 eta norm:     4.0100 u norm:   104.9844 889.60
   47 32571 T=    940.00 eta norm:     4.0018 u norm:   105.1440 896.42
   48 33264 T=    960.00 eta norm:     3.9944 u norm:   106.8996 908.97
   49 33957 T=    980.00 eta norm:     3.9910 u norm:   106.7498 922.39
   50 34650 T=   1000.00 eta norm:     3.9840 u norm:   107.1521 914.26
   51 35343 T=   1020.00 eta norm:     3.9846 u norm:   107.5792 916.26
   52 36036 T=   1040.00 eta norm:     3.9763 u norm:   107.5946 914.67
   53 36729 T=   1060.00 eta norm:     3.9794 u norm:   107.9579 923.20
   54 37422 T=   1080.00 eta norm:     3.9791 u norm:   108.4942 921.89
   55 38115 T=   1100.00 eta norm:     3.9733 u norm:   108.6488 924.90
   56 38808 T=   1120.00 eta norm:     3.9783 u norm:   108.7292 925.77
   57 39501 T=   1140.00 eta norm:     3.9750 u norm:   109.2930 927.16
   58 40194 T=   1160.00 eta norm:     3.9909 u norm:   109.4342 925.44
   59 40887 T=   1180.00 eta norm:     3.9998 u norm:   109.8374 928.81
   60 41580 T=   1200.00 eta norm:     4.0154 u norm:   109.7963 928.42
   61 42273 T=   1220.00 eta norm:     4.0284 u norm:   110.6267 921.97
   62 42966 T=   1240.00 eta norm:     4.0453 u norm:   109.9828 921.19
   63 43659 T=   1260.00 eta norm:     4.0703 u norm:   110.0141 924.99
   64 44352 T=   1280.00 eta norm:     4.0704 u norm:   110.7992 926.40
   65 45045 T=   1300.00 eta norm:     4.0871 u norm:   111.1824 924.77
   66 45738 T=   1320.00 eta norm:     4.0937 u norm:   111.6709 927.38
   67 46431 T=   1340.00 eta norm:     4.1257 u norm:   110.4193 928.40
   68 47124 T=   1360.00 eta norm:     4.1681 u norm:   110.5637 923.22
   69 47817 T=   1380.00 eta norm:     4.2461 u norm:   110.4422 918.56
   70 48510 T=   1400.00 eta norm:     4.3723 u norm:   110.5388 924.28
   71 49203 T=   1420.00 eta norm:     4.5473 u norm:   110.9171 922.13
   72 49896 T=   1440.00 eta norm:     4.7723 u norm:   111.1618 923.82
   73 50589 T=   1460.00 eta norm:     5.0548 u norm:   110.6082 923.79
   74 51282 T=   1480.00 eta norm:     5.3664 u norm:   110.6165 923.64
   75 51975 T=   1500.00 eta norm:     5.6976 u norm:   110.9357 924.56
   76 52668 T=   1520.00 eta norm:     6.0469 u norm:   111.3402 922.73
   77 53361 T=   1540.00 eta norm:     6.4199 u norm:   110.6913 925.20
   78 54054 T=   1560.00 eta norm:     6.8523 u norm:   110.9630 921.93
   79 54747 T=   1580.00 eta norm:     7.4062 u norm:   110.7061 926.27
   80 55440 T=   1600.00 eta norm:     8.1394 u norm:   110.4252 927.73
   81 56133 T=   1620.00 eta norm:     9.1193 u norm:   110.7549 928.83
   82 56826 T=   1640.00 eta norm:    10.3793 u norm:   110.6424 924.14
   83 57519 T=   1660.00 eta norm:    11.9423 u norm:   110.7917 920.10
   84 58212 T=   1680.00 eta norm:    13.7704 u norm:   110.4867 916.18
   85 58905 T=   1700.00 eta norm:    15.8316 u norm:   110.5543 918.44
   86 59598 T=   1720.00 eta norm:    18.0886 u norm:   111.1935 922.31
   87 60291 T=   1740.00 eta norm:    20.5527 u norm:   110.3762 914.08
   88 60984 T=   1760.00 eta norm:    23.2821 u norm:   110.0006 915.23
   89 61677 T=   1780.00 eta norm:    26.4373 u norm:   109.7965 917.97
   90 62370 T=   1800.00 eta norm:    30.2409 u norm:   110.2192 921.14
   91 63063 T=   1820.00 eta norm:    34.9660 u norm:   109.9130 913.01
   92 63756 T=   1840.00 eta norm:    40.8248 u norm:   109.4687 933.16
   93 64449 T=   1860.00 eta norm:    47.8462 u norm:   109.2014 932.69
   94 65142 T=   1880.00 eta norm:    55.7809 u norm:   108.7387 933.58
   95 65835 T=   1900.00 eta norm:    64.0803 u norm:   108.0088 931.71
   96 66528 T=   1920.00 eta norm:    72.0055 u norm:   106.7447 932.60
   97 67221 T=   1940.00 eta norm:    78.9345 u norm:   104.4892 933.85
   98 67914 T=   1960.00 eta norm:    84.6187 u norm:   102.9623 934.18
   99 68607 T=   1980.00 eta norm:    89.1383 u norm:   101.7299 933.83
  100 69300 T=   2000.00 eta norm:    92.6842 u norm:    99.2768 933.77
  101 69993 T=   2020.00 eta norm:    95.4656 u norm:    96.5403 931.36
  102 70686 T=   2040.00 eta norm:    97.8023 u norm:    94.2270 935.09
  103 71379 T=   2060.00 eta norm:   100.1089 u norm:    93.3410 928.42
  104 72072 T=   2080.00 eta norm:   102.8526 u norm:    92.9654 930.78
  105 72765 T=   2100.00 eta norm:   106.8134 u norm:    91.0255 934.59
  106 73458 T=   2120.00 eta norm:   111.3402 u norm:    87.5041 931.61
  107 74151 T=   2140.00 eta norm:   111.4045 u norm:    83.0417 933.32
  108 74844 T=   2160.00 eta norm:   111.3894 u norm:    78.2395 927.76
  109 75537 T=   2180.00 eta norm:   111.2281 u norm:    74.4636 925.67
  110 76230 T=   2200.00 eta norm:   109.2817 u norm:    71.8588 928.15
  111 76923 T=   2220.00 eta norm:   105.9059 u norm:    69.3585 934.40
  112 77616 T=   2240.00 eta norm:   102.3603 u norm:    67.0823 926.17
  113 78309 T=   2260.00 eta norm:    99.2238 u norm:    65.2697 931.93
  114 79002 T=   2280.00 eta norm:    95.9116 u norm:    64.3987 926.74
  115 79695 T=   2300.00 eta norm:    92.1165 u norm:    62.7075 921.20
  116 80388 T=   2320.00 eta norm:    88.3040 u norm:    60.7429 914.28
  117 81081 T=   2340.00 eta norm:    84.7386 u norm:    59.6666 923.75
  118 81774 T=   2360.00 eta norm:    81.3492 u norm:    59.5658 922.83
  119 82467 T=   2380.00 eta norm:    78.2182 u norm:    58.0432 917.15
  120 83160 T=   2400.00 eta norm:    75.2682 u norm:    56.2801 917.14
  121 83853 T=   2420.00 eta norm:    72.2710 u norm:    54.9775 920.56
  122 84546 T=   2440.00 eta norm:    69.2279 u norm:    54.1851 915.79
  123 85239 T=   2460.00 eta norm:    66.4234 u norm:    53.1647 915.29
  124 85932 T=   2480.00 eta norm:    64.1567 u norm:    52.4391 923.44
  125 86625 T=   2500.00 eta norm:    62.9168 u norm:    51.8225 915.69
  126 87318 T=   2520.00 eta norm:    63.8090 u norm:    51.8066 922.92
  127 88011 T=   2540.00 eta norm:    68.8779 u norm:    51.7767 916.07
  128 88704 T=   2560.00 eta norm:    78.8665 u norm:    51.4313 922.10
  129 89397 T=   2580.00 eta norm:    91.1945 u norm:    51.2555 923.77
  130 90090 T=   2600.00 eta norm:   102.8584 u norm:    50.8402 917.66
  131 90783 T=   2620.00 eta norm:   112.5004 u norm:    51.0244 918.24
  132 91476 T=   2640.00 eta norm:   120.4212 u norm:    50.2147 925.11
  133 92169 T=   2660.00 eta norm:   127.5040 u norm:    50.8125 922.33
  134 92862 T=   2680.00 eta norm:   133.9626 u norm:    50.5958 921.54
  135 93555 T=   2700.00 eta norm:   139.7663 u norm:    50.8602 920.29
  136 94248 T=   2720.00 eta norm:   145.1197 u norm:    50.9700 917.07
  137 94941 T=   2740.00 eta norm:   150.1341 u norm:    50.5797 925.77
  138 95634 T=   2760.00 eta norm:   154.7107 u norm:    50.4766 922.10
  139 96327 T=   2780.00 eta norm:   158.7732 u norm:    51.0969 913.30
  140 97020 T=   2800.00 eta norm:   162.4346 u norm:    50.6708 922.82
  141 97713 T=   2820.00 eta norm:   165.8627 u norm:    50.4246 919.57
  142 98406 T=   2840.00 eta norm:   169.0888 u norm:    50.3003 925.24
  143 99099 T=   2860.00 eta norm:   172.0428 u norm:    50.9441 921.64
  144 99792 T=   2880.00 eta norm:   174.6486 u norm:    50.6724 917.52
  145 100485 T=   2900.00 eta norm:   176.9629 u norm:    50.3650 911.88
  146 101178 T=   2920.00 eta norm:   179.0885 u norm:    50.4295 919.57
  147 101871 T=   2940.00 eta norm:   181.0785 u norm:    50.5207 917.62
  148 102564 T=   2960.00 eta norm:   182.8857 u norm:    50.7337 916.66
  149 103257 T=   2980.00 eta norm:   184.4104 u norm:    50.2085 920.37
  150 103950 T=   3000.00 eta norm:   185.7256 u norm:    50.7651 913.33
  151 104643 T=   3020.00 eta norm:   186.8707 u norm:    50.6646 921.09
  152 105336 T=   3040.00 eta norm:   187.8935 u norm:    50.9123 927.49
  153 106029 T=   3060.00 eta norm:   188.7635 u norm:    51.2080 927.66
  154 106722 T=   3080.00 eta norm:   189.4324 u norm:    50.6204 917.72
  155 107415 T=   3100.00 eta norm:   189.9014 u norm:    50.3364 925.12
  156 108108 T=   3120.00 eta norm:   190.2170 u norm:    50.8189 913.04
  157 108801 T=   3140.00 eta norm:   190.4199 u norm:    51.1075 921.78
  158 109494 T=   3160.00 eta norm:   190.4981 u norm:    50.7969 920.56
  159 110187 T=   3180.00 eta norm:   190.4069 u norm:    50.9644 908.33
  160 110880 T=   3200.00 eta norm:   190.1532 u norm:    50.7763 907.69
  161 111573 T=   3220.00 eta norm:   189.7542 u norm:    50.4608 914.09
  162 112266 T=   3240.00 eta norm:   189.2351 u norm:    50.8796 916.37
  163 112959 T=   3260.00 eta norm:   188.5861 u norm:    50.4918 915.55
  164 113652 T=   3280.00 eta norm:   187.8118 u norm:    50.4043 909.59
  165 114345 T=   3300.00 eta norm:   186.8917 u norm:    50.5805 899.65
  166 115038 T=   3320.00 eta norm:   185.8366 u norm:    50.2538 905.40
  167 115731 T=   3340.00 eta norm:   184.6576 u norm:    49.7309 909.27
  168 116424 T=   3360.00 eta norm:   183.3718 u norm:    50.1324 894.39
  169 117117 T=   3380.00 eta norm:   181.9662 u norm:    49.7479 909.39
  170 117810 T=   3400.00 eta norm:   180.4330 u norm:    48.8229 917.29
  171 118503 T=   3420.00 eta norm:   178.7666 u norm:    48.6545 915.90
  172 119196 T=   3440.00 eta norm:   176.9955 u norm:    48.2312 921.44
  173 119889 T=   3460.00 eta norm:   175.1213 u norm:    47.7123 922.28
  174 120582 T=   3480.00 eta norm:   173.1394 u norm:    47.7447 898.35
  175 121275 T=   3500.00 eta norm:   171.0370 u norm:    47.1313 915.14
  176 121968 T=   3520.00 eta norm:   168.8285 u norm:    47.9708 922.84
  177 122661 T=   3540.00 eta norm:   166.5270 u norm:    47.9137 919.65
  178 123354 T=   3560.00 eta norm:   164.1254 u norm:    47.3942 916.82
  179 124047 T=   3580.00 eta norm:   161.6246 u norm:    48.0544 923.73
  180 124740 T=   3600.00 eta norm:   159.0146 u norm:    47.8278 915.81
  181 125433 T=   3620.00 eta norm:   156.3083 u norm:    48.0655 916.32
  182 126126 T=   3640.00 eta norm:   153.5106 u norm:    47.8243 912.64
  183 126819 T=   3660.00 eta norm:   150.6506 u norm:    48.1408 911.19
  184 127512 T=   3680.00 eta norm:   147.7028 u norm:    48.4700 924.40
  185 128205 T=   3700.00 eta norm:   144.6685 u norm:    49.1820 925.67
  186 128898 T=   3720.00 eta norm:   141.5658 u norm:    48.5759 923.56
  187 129591 T=   3740.00 eta norm:   138.3975 u norm:    48.8983 918.03
  188 130284 T=   3760.00 eta norm:   135.1801 u norm:    49.2811 930.39
  189 130977 T=   3780.00 eta norm:   131.8915 u norm:    49.4014 920.51
  190 131670 T=   3800.00 eta norm:   128.5393 u norm:    49.7761 918.49
  191 132363 T=   3820.00 eta norm:   125.1203 u norm:    49.9223 924.04
  192 133056 T=   3840.00 eta norm:   121.6666 u norm:    50.2344 916.70
  193 133749 T=   3860.00 eta norm:   118.1910 u norm:    50.3061 923.95
  194 134442 T=   3880.00 eta norm:   114.6849 u norm:    50.4216 915.72
  195 135135 T=   3900.00 eta norm:   111.1415 u norm:    50.7873 912.65
  196 135828 T=   3920.00 eta norm:   107.5706 u norm:    50.6858 911.26
  197 136521 T=   3940.00 eta norm:   103.9926 u norm:    50.9797 923.91
  198 137214 T=   3960.00 eta norm:   100.4174 u norm:    50.7309 920.23
  199 137907 T=   3980.00 eta norm:    96.8439 u norm:    51.5929 922.51
  200 138600 T=   4000.00 eta norm:    93.2729 u norm:    51.6406 923.68
  201 139293 T=   4020.00 eta norm:    89.7286 u norm:    51.8200 921.32
  202 139986 T=   4040.00 eta norm:    86.1960 u norm:    51.8435 921.56
  203 140679 T=   4060.00 eta norm:    82.7062 u norm:    52.3425 921.07
  204 141372 T=   4080.00 eta norm:    79.2622 u norm:    52.1956 889.42
  205 142065 T=   4100.00 eta norm:    75.8709 u norm:    53.0656 904.86
  206 142758 T=   4120.00 eta norm:    72.5973 u norm:    52.7027 909.15
  207 143451 T=   4140.00 eta norm:    69.4511 u norm:    52.9958 913.93
  208 144144 T=   4160.00 eta norm:    66.5254 u norm:    52.2378 922.68
  209 144837 T=   4180.00 eta norm:    64.1259 u norm:    53.1048 925.61
  210 145530 T=   4200.00 eta norm:    62.9373 u norm:    53.7147 909.82
  211 146223 T=   4220.00 eta norm:    64.0938 u norm:    53.3206 894.52
  212 146916 T=   4240.00 eta norm:    68.9262 u norm:    53.4893 916.32
  213 147609 T=   4260.00 eta norm:    77.9782 u norm:    52.7903 920.46
  214 148302 T=   4280.00 eta norm:    90.0673 u norm:    53.6327 917.79
  215 148995 T=   4300.00 eta norm:   102.2999 u norm:    54.0178 912.14
  216 149688 T=   4320.00 eta norm:   112.2829 u norm:    53.6990 918.52
  217 150381 T=   4340.00 eta norm:   120.0282 u norm:    54.2981 921.68
  218 151074 T=   4360.00 eta norm:   126.8584 u norm:    54.2496 914.24
  219 151767 T=   4380.00 eta norm:   133.4279 u norm:    54.0395 918.11
  220 152460 T=   4400.00 eta norm:   139.5099 u norm:    55.2169 920.62
  221 153153 T=   4420.00 eta norm:   144.9308 u norm:    54.5559 903.30
  222 153846 T=   4440.00 eta norm:   149.8059 u norm:    55.2644 893.10
  223 154539 T=   4460.00 eta norm:   154.2916 u norm:    55.2594 895.03
  224 155232 T=   4480.00 eta norm:   158.4354 u norm:    55.4151 893.79
  225 155925 T=   4500.00 eta norm:   162.2331 u norm:    55.2153 891.16
  226 156618 T=   4520.00 eta norm:   165.7002 u norm:    55.6158 907.97
  227 157311 T=   4540.00 eta norm:   168.8689 u norm:    55.9565 924.79
  228 158004 T=   4560.00 eta norm:   171.7608 u norm:    55.3400 917.81
  229 158697 T=   4580.00 eta norm:   174.4028 u norm:    55.6031 916.21
  230 159390 T=   4600.00 eta norm:   176.8100 u norm:    55.6695 926.53
  231 160083 T=   4620.00 eta norm:   178.9827 u norm:    56.0987 921.99
  232 160776 T=   4640.00 eta norm:   180.9313 u norm:    56.0715 925.64
  233 161469 T=   4660.00 eta norm:   182.6718 u norm:    55.1888 924.37
  234 162162 T=   4680.00 eta norm:   184.2298 u norm:    55.7968 912.79
  235 162855 T=   4700.00 eta norm:   185.5994 u norm:    55.5145 919.92
  236 163548 T=   4720.00 eta norm:   186.7860 u norm:    56.2129 925.88
  237 164241 T=   4740.00 eta norm:   187.7772 u norm:    56.9794 921.26
  238 164934 T=   4760.00 eta norm:   188.6076 u norm:    56.4515 919.51
  239 165627 T=   4780.00 eta norm:   189.2731 u norm:    55.9319 919.83
  240 166320 T=   4800.00 eta norm:   189.7863 u norm:    56.3331 757.27
time cost: 3678.91min
time cost: 3678.91min
time cost: 3678.91min
time cost: 3678.91min
time cost: 3678.91min
time cost: 3678.91min
time cost: 3678.91min
time cost: 3678.91min
