nohup: ignoring input
Using default SIPG parameters
dt = 60
Using time integrator: CrankNicolson
Number of turbines = 1.0000095843659507
    0     0 T=      0.00 eta norm:     0.0000 u norm:     0.0001  0.00
volume2d rel. error  0.0000e+00
Updating tidal elevation at t = 60
  0 SNES Function norm 3.440335815216e+03 
  1 SNES Function norm 9.130725391112e-11 
Current power, average power, integrated power and profit for each farm: [0.0016632555620600636], [0.0016632555620600636], [0.09979533372360382], [0.0016632555620600636]
Updating tidal elevation at t = 120
  0 SNES Function norm 1.080070403394e+03 
  1 SNES Function norm 7.989273684263e-11 
Current power, average power, integrated power and profit for each farm: [0.03250866825703164], [0.017085961909545852], [2.050315429145502], [0.017085961909545852]
    1     2 T=    120.00 eta norm:   111.3740 u norm:    86.9398 55.29
volume2d rel. error  1.3601e-02
Updating tidal elevation at t = 180
  0 SNES Function norm 1.098611748585e+03 
  1 SNES Function norm 7.856632242405e-11 
Current power, average power, integrated power and profit for each farm: [0.1202217317700528], [0.051464551863048165], [9.26361933534867], [0.051464551863048165]
Updating tidal elevation at t = 240
  0 SNES Function norm 1.097992787779e+03 
  1 SNES Function norm 8.110840862035e-11 
Current power, average power, integrated power and profit for each farm: [0.24817566848644768], [0.10064233101889804], [24.15415944453553], [0.10064233101889804]
    2     4 T=    240.00 eta norm:   200.8264 u norm:   137.8324 53.17
volume2d rel. error  2.5577e-02
Updating tidal elevation at t = 300
  0 SNES Function norm 1.098016361727e+03 
  1 SNES Function norm 8.632834372031e-11 
Current power, average power, integrated power and profit for each farm: [0.42810869917914357], [0.16613560465094715], [49.84068139528414], [0.16613560465094715]
Updating tidal elevation at t = 360
  0 SNES Function norm 1.098383732538e+03 
  1 SNES Function norm 9.234556715383e-11 
Current power, average power, integrated power and profit for each farm: [0.6900733081721312], [0.25345855523781113], [91.24507988561201], [0.25345855523781113]
    3     6 T=    360.00 eta norm:   258.3574 u norm:   198.8729 51.93
volume2d rel. error  3.3094e-02
Updating tidal elevation at t = 420
  0 SNES Function norm 1.099281018049e+03 
  1 SNES Function norm 1.005149170594e-10 
Current power, average power, integrated power and profit for each farm: [1.0558160498623357], [0.36808105446988604], [154.59404287735214], [0.36808105446988604]
Updating tidal elevation at t = 480
  0 SNES Function norm 1.100570594559e+03 
  1 SNES Function norm 1.103408808377e-10 
Current power, average power, integrated power and profit for each farm: [1.5376708376482098], [0.5142797773671766], [246.85429313624473], [0.5142797773671766]
    4     8 T=    480.00 eta norm:   314.7271 u norm:   264.3140 52.48
volume2d rel. error  4.0412e-02
Updating tidal elevation at t = 540
  0 SNES Function norm 1.101913288604e+03 
  1 SNES Function norm 1.221187687387e-10 
Current power, average power, integrated power and profit for each farm: [2.1460453875900454], [0.6955870673919397], [375.61701639164744], [0.6955870673919397]
Updating tidal elevation at t = 600
  0 SNES Function norm 1.103060764687e+03 
  1 SNES Function norm 1.365762983696e-10 
Current power, average power, integrated power and profit for each farm: [2.8929423405322923], [0.9153225947059749], [549.1935568235849], [0.9153225947059749]
    5    10 T=    600.00 eta norm:   380.8855 u norm:   329.6815 52.71
volume2d rel. error  4.8991e-02
Updating tidal elevation at t = 660
  0 SNES Function norm 1.103946871204e+03 
  1 SNES Function norm 1.545721633289e-10 
Current power, average power, integrated power and profit for each farm: [3.791094880518466], [1.1767564388707468], [776.6592496546929], [1.1767564388707468]
Updating tidal elevation at t = 720
  0 SNES Function norm 1.104624428936e+03 
  1 SNES Function norm 1.686808280753e-10 
Current power, average power, integrated power and profit for each farm: [4.852476833334344], [1.483066471742713], [1067.8078596547534], [1.483066471742713]
    6    12 T=    720.00 eta norm:   447.9272 u norm:   393.8230 52.35
volume2d rel. error  5.7672e-02
Updating tidal elevation at t = 780
  0 SNES Function norm 1.105178271112e+03 
  1 SNES Function norm 1.794690833941e-10 
Current power, average power, integrated power and profit for each farm: [6.087763813274939], [1.8372739595528844], [1433.0736884512498], [1.8372739595528844]
Updating tidal elevation at t = 840
  0 SNES Function norm 1.105670323667e+03 
  1 SNES Function norm 1.912966852464e-10 
Current power, average power, integrated power and profit for each farm: [7.506252597454194], [2.2422010051172636], [1883.4488442985014], [2.2422010051172636]
    7    14 T=    840.00 eta norm:   512.2185 u norm:   456.7649 51.35
volume2d rel. error  6.5990e-02
Updating tidal elevation at t = 900
  0 SNES Function norm 1.106121266940e+03 
  1 SNES Function norm 2.008064055897e-10 
Current power, average power, integrated power and profit for each farm: [9.115673295336462], [2.700432491131877], [2430.3892420186894], [2.700432491131877]
Updating tidal elevation at t = 960
  0 SNES Function norm 1.106519350142e+03 
  1 SNES Function norm 2.090405963057e-10 
Current power, average power, integrated power and profit for each farm: [10.921934285869057], [3.214276353302951], [3085.705299170833], [3.214276353302951]
    8    16 T=    960.00 eta norm:   576.0294 u norm:   518.3972 52.13
volume2d rel. error  7.4242e-02
Updating tidal elevation at t = 1020
  0 SNES Function norm 1.106840948135e+03 
  1 SNES Function norm 2.197357749576e-10 
Current power, average power, integrated power and profit for each farm: [12.92903484319341], [3.785732735061213], [3861.4473897624375], [3.785732735061213]
Updating tidal elevation at t = 1080
  0 SNES Function norm 1.107067609040e+03 
  1 SNES Function norm 2.309249394885e-10 
Current power, average power, integrated power and profit for each farm: [15.139181692182401], [4.416479899345723], [4769.798291293381], [4.416479899345723]
    9    18 T=   1080.00 eta norm:   640.4100 u norm:   578.4156 52.47
volume2d rel. error  8.2565e-02
Updating tidal elevation at t = 1140
  0 SNES Function norm 1.107192531129e+03 
  1 SNES Function norm 2.430738613308e-10 
Current power, average power, integrated power and profit for each farm: [17.55295286725492], [5.107873213446208], [5822.975463328677], [5.107873213446208]
Updating tidal elevation at t = 1200
  0 SNES Function norm 1.107218231757e+03 
  1 SNES Function norm 2.540115861875e-10 
Current power, average power, integrated power and profit for each farm: [20.16934698356264], [5.86094690195203], [7033.136282342435], [5.86094690195203]
   10    20 T=   1200.00 eta norm:   704.7519 u norm:   636.5314 53.00
volume2d rel. error  9.0881e-02
Updating tidal elevation at t = 1260
  0 SNES Function norm 1.107150813977e+03 
  1 SNES Function norm 2.665491622897e-10 
Current power, average power, integrated power and profit for each farm: [22.985670980716556], [6.676409953321769], [8412.276541185429], [6.676409953321769]
Updating tidal elevation at t = 1320
  0 SNES Function norm 1.106995256884e+03 
  1 SNES Function norm 2.831741078627e-10 
Current power, average power, integrated power and profit for each farm: [25.997335827653462], [7.554633856700482], [9972.116690844636], [7.554633856700482]
   11    22 T=   1320.00 eta norm:   768.7224 u norm:   692.5485 55.01
volume2d rel. error  9.9148e-02
Updating tidal elevation at t = 1380
  0 SNES Function norm 1.106753510970e+03 
  1 SNES Function norm 2.984014118327e-10 
Current power, average power, integrated power and profit for each farm: [29.197691483074475], [8.495636362195002], [11723.978179829104], [8.495636362195002]
Updating tidal elevation at t = 1440
  0 SNES Function norm 1.106424978978e+03 
  1 SNES Function norm 3.216094621852e-10 
Current power, average power, integrated power and profit for each farm: [32.57803392485921], [9.499069593972678], [13678.660215320657], [9.499069593972678]
   12    24 T=   1440.00 eta norm:   832.4438 u norm:   746.3277 58.77
volume2d rel. error  1.0738e-01
Updating tidal elevation at t = 1500
  0 SNES Function norm 1.106008003784e+03 
  1 SNES Function norm 3.392923466801e-10 
Current power, average power, integrated power and profit for each farm: [36.12786350329807], [10.564221350345694], [15846.33202551854], [10.564221350345694]
Updating tidal elevation at t = 1560
  0 SNES Function norm 1.105501147427e+03 
  1 SNES Function norm 3.503501453457e-10 
Current power, average power, integrated power and profit for each farm: [39.835378956236205], [11.690035104418406], [18236.454762892714], [11.690035104418406]
   13    26 T=   1560.00 eta norm:   895.9820 u norm:   797.7534 53.73
volume2d rel. error  1.1559e-01
Updating tidal elevation at t = 1620
  0 SNES Function norm 1.104903732728e+03 
  1 SNES Function norm 3.621576646447e-10 
Current power, average power, integrated power and profit for each farm: [43.68809279187742], [12.875148352102073], [20857.74033040536], [12.875148352102073]
Updating tidal elevation at t = 1680
  0 SNES Function norm 1.104215740705e+03 
  1 SNES Function norm 3.756684116086e-10 
Current power, average power, integrated power and profit for each farm: [47.67340315576554], [14.117943166518625], [23718.14451975129], [14.117943166518625]
   14    28 T=   1680.00 eta norm:   959.2832 u norm:   846.7363 53.89
volume2d rel. error  1.2377e-01
Updating tidal elevation at t = 1740
  0 SNES Function norm 1.103437431193e+03 
  1 SNES Function norm 3.814014489587e-10 
Current power, average power, integrated power and profit for each farm: [51.778983977754706], [15.41659974621642], [26824.88355841657], [15.41659974621642]
Updating tidal elevation at t = 1800
  0 SNES Function norm 1.102569011225e+03 
  1 SNES Function norm 3.899667461924e-10 
Current power, average power, integrated power and profit for each farm: [55.99294077487249], [16.769144447171623], [30184.46000490892], [16.769144447171623]
   15    30 T=   1800.00 eta norm:  1022.3055 u norm:   893.2204 52.42
volume2d rel. error  1.3191e-01
Updating tidal elevation at t = 1860
  0 SNES Function norm 1.101610492052e+03 
  1 SNES Function norm 3.969927293638e-10 
Current power, average power, integrated power and profit for each farm: [60.30377216146438], [18.17348727666494], [33802.68633459679], [18.17348727666494]
Updating tidal elevation at t = 1920
  0 SNES Function norm 1.100561712124e+03 
  1 SNES Function norm 4.030214745895e-10 
Current power, average power, integrated power and profit for each farm: [64.70023050054942], [19.627448002411327], [37684.70016462975], [19.627448002411327]
   16    32 T=   1920.00 eta norm:  1085.0387 u norm:   937.1801 53.16
volume2d rel. error  1.4001e-01
Updating tidal elevation at t = 1980
  0 SNES Function norm 1.099422432257e+03 
  1 SNES Function norm 4.119582768135e-10 
Current power, average power, integrated power and profit for each farm: [69.17117582247691], [21.12877308786786], [41834.970713978364], [21.12877308786786]
Updating tidal elevation at t = 2040
  0 SNES Function norm 1.098192419992e+03 
  1 SNES Function norm 4.238870539689e-10 
Current power, average power, integrated power and profit for each farm: [73.70548276207678], [22.675146901815182], [46257.29967970297], [22.675146901815182]
   17    34 T=   2040.00 eta norm:  1147.4708 u norm:   978.6141 53.54
volume2d rel. error  1.4807e-01
Updating tidal elevation at t = 2100
  0 SNES Function norm 1.096871486906e+03 
  1 SNES Function norm 4.343229341824e-10 
Current power, average power, integrated power and profit for each farm: [78.29201864180305], [24.26420038010055], [50954.820798211156], [24.26420038010055]
Updating tidal elevation at t = 2160
  0 SNES Function norm 1.095459484392e+03 
  1 SNES Function norm 4.446683586192e-10 
Current power, average power, integrated power and profit for each farm: [82.91968127413516], [25.893519293823733], [55930.00167465927], [25.893519293823733]
   18    36 T=   2160.00 eta norm:  1209.5818 u norm:  1017.5426 51.57
volume2d rel. error  1.5610e-01
Updating tidal elevation at t = 2220
  0 SNES Function norm 1.093956281517e+03 
  1 SNES Function norm 4.578086092285e-10 
Current power, average power, integrated power and profit for each farm: [87.5774727133391], [27.560653170026853], [61184.650037459614], [27.560653170026853]
Updating tidal elevation at t = 2280
  0 SNES Function norm 1.092361745947e+03 
  1 SNES Function norm 4.685894423230e-10 
Current power, average power, integrated power and profit for each farm: [92.25458571770959], [29.263125079176397], [66719.92518052219], [29.263125079176397]
   19    38 T=   2280.00 eta norm:  1271.3520 u norm:  1054.0054 55.14
volume2d rel. error  1.6407e-01
Updating tidal elevation at t = 2340
  0 SNES Function norm 1.090675736883e+03 
  1 SNES Function norm 4.809375439665e-10 
Current power, average power, integrated power and profit for each farm: [96.9404862521462], [30.998442032329468], [72536.35435565095], [30.998442032329468]
Updating tidal elevation at t = 2400
  0 SNES Function norm 1.088898108183e+03 
  1 SNES Function norm 4.900573356619e-10 
Current power, average power, integrated power and profit for each farm: [101.62498290868209], [32.764105554238284], [78633.85333017189], [32.764105554238284]
   20    40 T=   2400.00 eta norm:  1332.7636 u norm:  1088.0596 54.15
volume2d rel. error  1.7200e-01
Updating tidal elevation at t = 2460
  0 SNES Function norm 1.087028715243e+03 
  1 SNES Function norm 5.008299808119e-10 
Current power, average power, integrated power and profit for each farm: [106.29828020968635], [34.557622009249215], [85011.75014275307], [34.557622009249215]
Updating tidal elevation at t = 2520
  0 SNES Function norm 1.085067420141e+03 
  1 SNES Function norm 5.104136062742e-10 
Current power, average power, integrated power and profit for each farm: [110.9510167253963], [36.376512359633665], [91668.81114627684], [36.376512359633665]
   21    42 T=   2520.00 eta norm:  1393.7993 u norm:  1119.7748 53.84
volume2d rel. error  1.7989e-01
Updating tidal elevation at t = 2580
  0 SNES Function norm 1.083014092990e+03 
  1 SNES Function norm 5.198136243872e-10 
Current power, average power, integrated power and profit for each farm: [115.57429093405962], [38.218321163690085], [98603.26860232042], [38.218321163690085]
Updating tidal elevation at t = 2640
  0 SNES Function norm 1.080868610443e+03 
  1 SNES Function norm 5.273801800486e-10 
Current power, average power, integrated power and profit for each farm: [120.15967820861219], [40.08062473289286], [105812.84929483714], [40.08062473289286]
   22    44 T=   2640.00 eta norm:  1454.4422 u norm:  1149.2303 53.85
volume2d rel. error  1.8772e-01
Updating tidal elevation at t = 2700
  0 SNES Function norm 1.078630853565e+03 
  1 SNES Function norm 5.329149265763e-10 
Current power, average power, integrated power and profit for each farm: [124.69924176082252], [41.96103844462463], [113294.8038004865], [41.96103844462463]
Updating tidal elevation at t = 2760
  0 SNES Function norm 1.076300706865e+03 
  1 SNES Function norm 5.477105538629e-10 
Current power, average power, integrated power and profit for each farm: [129.1855393701343], [43.8572232473531], [121045.93616269455], [43.8572232473531]
   23    46 T=   2760.00 eta norm:  1514.6758 u norm:  1176.5118 53.27
volume2d rel. error  1.9550e-01
Updating tidal elevation at t = 2820
  0 SNES Function norm 1.073878059135e+03 
  1 SNES Function norm 5.733768054658e-10 
Current power, average power, integrated power and profit for each farm: [133.61162674141136], [45.76689140680114], [129062.63376717923], [45.76689140680114]
Updating tidal elevation at t = 2880
  0 SNES Function norm 1.071362805697e+03 
  1 SNES Function norm 5.953507443149e-10 
Current power, average power, integrated power and profit for each farm: [137.9710576655939], [47.68781153719266], [137340.89722711485], [47.68781153719266]
   24    48 T=   2880.00 eta norm:  1574.4837 u norm:  1201.7087 54.56
volume2d rel. error  2.0322e-01
Updating tidal elevation at t = 2940
  0 SNES Function norm 1.068754851202e+03 
  1 SNES Function norm 6.187090418957e-10 
Current power, average power, integrated power and profit for each farm: [142.25788087926958], [49.61781295233709], [145876.37007987103], [49.61781295233709]
Updating tidal elevation at t = 3000
  0 SNES Function norm 1.066054112147e+03 
  1 SNES Function norm 6.295049012458e-10 
Current power, average power, integrated power and profit for each farm: [146.46663353749446], [51.55478936404024], [154664.3680921207], [51.55478936404024]
   25    50 T=   3000.00 eta norm:  1633.8495 u norm:  1224.9130 54.56
volume2d rel. error  2.1089e-01
Updating tidal elevation at t = 3060
  0 SNES Function norm 1.063260518677e+03 
  1 SNES Function norm 6.337558855607e-10 
Current power, average power, integrated power and profit for each farm: [150.59233141084405], [53.49670195319325], [163699.90797677136], [53.49670195319325]
Updating tidal elevation at t = 3120
  0 SNES Function norm 1.060374015610e+03 
  1 SNES Function norm 6.413110833074e-10 
Current power, average power, integrated power and profit for each farm: [154.6304561163397], [55.441581840946064], [172977.73534375173], [55.441581840946064]
   26    52 T=   3120.00 eta norm:  1692.7562 u norm:  1246.2176 53.42
volume2d rel. error  2.1849e-01
Updating tidal elevation at t = 3180
  0 SNES Function norm 1.057394562860e+03 
  1 SNES Function norm 6.471541378871e-10 
Current power, average power, integrated power and profit for each farm: [158.5769398342847], [57.38753199176378], [182492.3517338088], [57.38753199176378]
Updating tidal elevation at t = 3240
  0 SNES Function norm 1.054322135505e+03 
  1 SNES Function norm 6.499212429764e-10 
Current power, average power, integrated power and profit for each farm: [162.42814802039265], [59.33272858488653], [192238.04061503237], [59.33272858488653]
   27    54 T=   3240.00 eta norm:  1751.1870 u norm:  1265.7152 53.29
volume2d rel. error  2.2604e-01
Updating tidal elevation at t = 3300
  0 SNES Function norm 1.051156723714e+03 
  1 SNES Function norm 6.565070955687e-10 
Current power, average power, integrated power and profit for each farm: [166.18086060499616], [61.275421894343076], [202208.89225133214], [61.275421894343076]
Updating tidal elevation at t = 3360
  0 SNES Function norm 1.047898332641e+03 
  1 SNES Function norm 6.601829325720e-10 
Current power, average power, integrated power and profit for each farm: [169.83225212593126], [63.21393671990715], [212398.82737888803], [63.21393671990715]
   28    56 T=   3360.00 eta norm:  1809.1251 u norm:  1283.4975 53.27
volume2d rel. error  2.3352e-01
Updating tidal elevation at t = 3420
  0 SNES Function norm 1.044546982334e+03 
  1 SNES Function norm 6.650409544576e-10 
Current power, average power, integrated power and profit for each farm: [173.37987117407874], [65.1466724120856], [222801.61964933274], [65.1466724120856]
Updating tidal elevation at t = 3480
  0 SNES Function norm 1.041102707670e+03 
  1 SNES Function norm 6.701807667317e-10 
Current power, average power, integrated power and profit for each farm: [176.82161946701288], [67.07210253372227], [233410.9168173535], [67.07210253372227]
   29    58 T=   3480.00 eta norm:  1866.5536 u norm:  1299.6541 56.00
volume2d rel. error  2.4093e-01
Updating tidal elevation at t = 3540
  0 SNES Function norm 1.037565558305e+03 
  1 SNES Function norm 6.766585624652e-10 
Current power, average power, integrated power and profit for each farm: [180.15573081378207], [68.988774199486], [244220.26066618043], [68.988774199486]
Updating tidal elevation at t = 3600
  0 SNES Function norm 1.033935598622e+03 
  1 SNES Function norm 6.836226128799e-10 
Current power, average power, integrated power and profit for each farm: [183.38075018935845], [70.89530713265053], [255223.10567754193], [70.89530713265053]
   30    60 T=   3600.00 eta norm:  1923.4559 u norm:  1314.2719 57.11
volume2d rel. error  2.4828e-01
Updating tidal elevation at t = 3660
  0 SNES Function norm 1.030212907678e+03 
  1 SNES Function norm 6.896519163112e-10 
Current power, average power, integrated power and profit for each farm: [186.49551309986236], [72.79039247637533], [266412.8364635337], [72.79039247637533]
Updating tidal elevation at t = 3720
  0 SNES Function norm 1.026397579158e+03 
  1 SNES Function norm 6.977741073665e-10 
Current power, average power, integrated power and profit for each farm: [189.49912538654053], [74.67279139428122], [277782.78398672614], [74.67279139428122]
   31    62 T=   3720.00 eta norm:  1979.8156 u norm:  1327.4345 54.87
volume2d rel. error  2.5556e-01
Updating tidal elevation at t = 3780
  0 SNES Function norm 1.022489721302e+03 
  1 SNES Function norm 7.079492849019e-10 
Current power, average power, integrated power and profit for each farm: [192.39094359188857], [76.54133349265594], [289326.24060223944], [76.54133349265594]
Updating tidal elevation at t = 3840
  0 SNES Function norm 1.018489456844e+03 
  1 SNES Function norm 7.134717655147e-10 
Current power, average power, integrated power and profit for each farm: [195.1705559830741], [78.39491509406872], [301036.4739612239], [78.39491509406872]
   32    64 T=   3840.00 eta norm:  2035.6164 u norm:  1339.2220 53.41
volume2d rel. error  2.6277e-01
Updating tidal elevation at t = 3900
  0 SNES Function norm 1.014396922934e+03 
  1 SNES Function norm 7.197651616825e-10 
Current power, average power, integrated power and profit for each farm: [197.8377643073118], [80.23249738965707], [312906.7398196626], [80.23249738965707]
Updating tidal elevation at t = 3960
  0 SNES Function norm 1.010212271056e+03 
  1 SNES Function norm 7.205136717907e-10 
Current power, average power, integrated power and profit for each farm: [200.39256633608963], [82.05310449490605], [324930.293799828], [82.05310449490605]
   33    66 T=   3960.00 eta norm:  2090.8422 u norm:  1349.7104 53.79
volume2d rel. error  2.6990e-01
Updating tidal elevation at t = 4020
  0 SNES Function norm 1.005935666932e+03 
  1 SNES Function norm 7.221221668057e-10 
Current power, average power, integrated power and profit for each farm: [202.83513923728654], [83.8558214313595], [337100.4021540652], [83.8558214313595]
Updating tidal elevation at t = 4080
  0 SNES Function norm 1.001567290423e+03 
  1 SNES Function norm 7.284552033319e-10 
Current power, average power, integrated power and profit for each farm: [205.1658238027927], [85.63979205446881], [349410.35158223275], [85.63979205446881]
   34    68 T=   4080.00 eta norm:  2145.4769 u norm:  1358.9718 56.12
volume2d rel. error  2.7695e-01
Updating tidal elevation at t = 4140
  0 SNES Function norm 9.971073354240e+02 
  1 SNES Function norm 7.324293711322e-10 
Current power, average power, integrated power and profit for each farm: [207.3851095443896], [87.40421694562708], [361853.4581548961], [87.40421694562708]
Updating tidal elevation at t = 4200
  0 SNES Function norm 9.925560097571e+02 
  1 SNES Function norm 7.413963233573e-10 
Current power, average power, integrated power and profit for each farm: [209.49362066086485], [89.1483512844162], [374423.075394548], [89.1483512844162]
   35    70 T=   4200.00 eta norm:  2199.5047 u norm:  1367.0742 54.54
volume2d rel. error  2.8393e-01
Updating tidal elevation at t = 4260
  0 SNES Function norm 9.879135350587e+02 
  1 SNES Function norm 7.545020899455e-10 
Current power, average power, integrated power and profit for each farm: [211.49210287186628], [90.87150271522535], [387112.60156686], [90.87150271522535]
Updating tidal elevation at t = 4320
  0 SNES Function norm 9.831801466679e+02 
  1 SNES Function norm 7.608593616936e-10 
Current power, average power, integrated power and profit for each farm: [213.38141110585622], [92.57302922065078], [399915.48623321136], [92.57302922065078]
   36    72 T=   4320.00 eta norm:  2252.9102 u norm:  1374.0812 52.66
volume2d rel. error  2.9082e-01
Updating tidal elevation at t = 4380
  0 SNES Function norm 9.783560935143e+02 
  1 SNES Function norm 7.640871324583e-10 
Current power, average power, integrated power and profit for each farm: [215.16249802298498], [94.25233701246357], [412825.2361145904], [94.25233701246357]
Updating tidal elevation at t = 4440
  0 SNES Function norm 9.734416380054e+02 
  1 SNES Function norm 7.693950357471e-10 
Current power, average power, integrated power and profit for each farm: [216.83640334962448], [95.90887844945222], [425835.42031556787], [95.90887844945222]
   37    74 T=   4440.00 eta norm:  2305.6778 u norm:  1380.0526 54.50
volume2d rel. error  2.9764e-01
Updating tidal elevation at t = 4500
  0 SNES Function norm 9.684370559149e+02 
  1 SNES Function norm 7.730647920209e-10 
Current power, average power, integrated power and profit for each farm: [218.4042439971176], [97.54214999008776], [438939.67495539493], [97.54214999008776]
Updating tidal elevation at t = 4560
  0 SNES Function norm 9.633426362723e+02 
  1 SNES Function norm 7.788108459571e-10 
Current power, average power, integrated power and profit for each farm: [219.86720493424826], [99.15169018672145], [452131.7072514498], [99.15169018672145]
   38    76 T=   4560.00 eta norm:  2357.7923 u norm:  1385.0441 54.39
volume2d rel. error  3.0437e-01
Updating tidal elevation at t = 4620
  0 SNES Function norm 9.581586812544e+02 
  1 SNES Function norm 7.834001440723e-10 
Current power, average power, integrated power and profit for each farm: [221.2265307809526], [100.73707772690628], [465405.299098307], [100.73707772690628]
Updating tidal elevation at t = 4680
  0 SNES Function norm 9.528855060780e+02 
  1 SNES Function norm 7.918020017768e-10 
Current power, average power, integrated power and profit for each farm: [222.4835180889868], [102.29792952642012], [478754.31018364616], [102.29792952642012]
   39    78 T=   4680.00 eta norm:  2409.2388 u norm:  1389.1077 54.97
volume2d rel. error  3.1101e-01
Updating tidal elevation at t = 4740
  0 SNES Function norm 9.475234388951e+02 
  1 SNES Function norm 7.992076455639e-10 
Current power, average power, integrated power and profit for each farm: [223.63950827455335], [103.83389887766232], [492172.6806801194], [103.83389887766232]
Updating tidal elevation at t = 4800
  0 SNES Function norm 9.420728206902e+02 
  1 SNES Function norm 8.081837186100e-10 
Current power, average power, integrated power and profit for each farm: [224.6958811673026], [105.34467365628282], [505654.4335501575], [105.34467365628282]
   40    80 T=   4800.00 eta norm:  2460.0023 u norm:  1392.2915 53.33
volume2d rel. error  3.1756e-01
Updating tidal elevation at t = 4860
  0 SNES Function norm 9.365340051800e+02 
  1 SNES Function norm 8.153041537815e-10 
Current power, average power, integrated power and profit for each farm: [225.6540491400744], [106.82997458818147], [519193.676498562], [106.82997458818147]
Updating tidal elevation at t = 4920
  0 SNES Function norm 9.309073587148e+02 
  1 SNES Function norm 8.243871591335e-10 
Current power, average power, integrated power and profit for each farm: [226.5154517840873], [108.28955357837545], [532784.6036056072], [108.28955357837545]
   41    82 T=   4920.00 eta norm:  2510.0683 u norm:  1394.6402 51.78
volume2d rel. error  3.2403e-01
Updating tidal elevation at t = 4980
  0 SNES Function norm 9.251932601825e+02 
  1 SNES Function norm 8.345054050600e-10 
Current power, average power, integrated power and profit for each farm: [227.2815510948279], [109.72319210267005], [546421.4966712969], [109.72319210267005]
Updating tidal elevation at t = 5040
  0 SNES Function norm 9.193921009150e+02 
  1 SNES Function norm 8.452150888277e-10 
Current power, average power, integrated power and profit for each farm: [227.95382713475945], [111.13069966257589], [560098.7262993825], [111.13069966257589]
   42    84 T=   5040.00 eta norm:  2559.4224 u norm:  1396.1953 54.87
volume2d rel. error  3.3040e-01
Updating tidal elevation at t = 5100
  0 SNES Function norm 9.135042845961e+02 
  1 SNES Function norm 8.527771043950e-10 
Current power, average power, integrated power and profit for each farm: [228.53377413988244], [112.51191230348537], [573810.7527477754], [112.51191230348537]
Updating tidal elevation at t = 5160
  0 SNES Function norm 9.075302271718e+02 
  1 SNES Function norm 8.596919097563e-10 
Current power, average power, integrated power and profit for each farm: [229.02289703841788], [113.86669119575204], [587552.1265700805], [113.86669119575204]
   43    86 T=   5160.00 eta norm:  2608.0504 u norm:  1396.9950 55.66
volume2d rel. error  3.3668e-01
Updating tidal elevation at t = 5220
  0 SNES Function norm 9.014703567624e+02 
  1 SNES Function norm 8.633061628095e-10 
Current power, average power, integrated power and profit for each farm: [229.4227083510774], [115.19492127799717], [601317.4890711452], [115.19492127799717]
Updating tidal elevation at t = 5280
  0 SNES Function norm 8.953251135763e+02 
  1 SNES Function norm 8.660706441147e-10 
Current power, average power, integrated power and profit for each farm: [229.73472544374172], [116.4965099616988], [615101.5725977697], [116.4965099616988]
   44    88 T=   5280.00 eta norm:  2655.9383 u norm:  1397.0746 54.99
volume2d rel. error  3.4286e-01
Updating tidal elevation at t = 5340
  0 SNES Function norm 8.890949498252e+02 
  1 SNES Function norm 8.711304791610e-10 
Current power, average power, integrated power and profit for each farm: [229.96046810476977], [117.7713858958906], [628899.2006840558], [117.7713858958906]
Updating tidal elevation at t = 5400
  0 SNES Function norm 8.827803296413e+02 
  1 SNES Function norm 8.825083073130e-10 
Current power, average power, integrated power and profit for each farm: [230.1014564204632], [119.01949779060807], [642705.2880692836], [119.01949779060807]
   45    90 T=   5400.00 eta norm:  2703.0724 u norm:  1396.4667 59.32
volume2d rel. error  3.4895e-01
Updating tidal elevation at t = 5460
  0 SNES Function norm 8.763817289952e+02 
  1 SNES Function norm 8.914869312260e-10 
Current power, average power, integrated power and profit for each farm: [230.15920892389886], [120.2408132975673], [656514.8406047175], [120.2408132975673]
Updating tidal elevation at t = 5520
  0 SNES Function norm 8.698996356155e+02 
  1 SNES Function norm 9.006335121760e-10 
Current power, average power, integrated power and profit for each farm: [230.13524099335422], [121.43531794643455], [670322.9550643187], [121.43531794643455]
   46    92 T=   5520.00 eta norm:  2749.4390 u norm:  1395.2014 58.01
volume2d rel. error  3.5493e-01
Updating tidal elevation at t = 5580
  0 SNES Function norm 8.633345489094e+02 
  1 SNES Function norm 9.077962950027e-10 
Current power, average power, integrated power and profit for each farm: [230.03106347836777], [122.60301413494997], [684124.8188730208], [122.60301413494997]
Updating tidal elevation at t = 5640
  0 SNES Function norm 8.566869798837e+02 
  1 SNES Function norm 9.119437725918e-10 
Current power, average power, integrated power and profit for each farm: [229.8481815325884], [123.74392017109507], [697915.7097649762], [123.74392017109507]
   47    94 T=   5640.00 eta norm:  2795.0250 u norm:  1393.3063 54.48
volume2d rel. error  3.6082e-01
Updating tidal elevation at t = 5700
  0 SNES Function norm 8.499574510674e+02 
  1 SNES Function norm 9.158795988419e-10 
Current power, average power, integrated power and profit for each farm: [229.5880936339591], [124.85806936544101], [711690.9953830137], [124.85806936544101]
Updating tidal elevation at t = 5760
  0 SNES Function norm 8.431464964348e+02 
  1 SNES Function norm 9.179693670045e-10 
Current power, average power, integrated power and profit for each farm: [229.25229077412456], [125.94550917178147], [725446.1328294612], [125.94550917178147]
   48    96 T=   5760.00 eta norm:  2839.8173 u norm:  1390.8068 51.81
volume2d rel. error  3.6660e-01
Updating tidal elevation at t = 5820
  0 SNES Function norm 8.362546613285e+02 
  1 SNES Function norm 9.223217495313e-10 
Current power, average power, integrated power and profit for each farm: [228.84225580015737], [127.00630037413586], [739176.6681774707], [127.00630037413586]
Updating tidal elevation at t = 5880
  0 SNES Function norm 8.292825023840e+02 
  1 SNES Function norm 9.268843485263e-10 
Current power, average power, integrated power and profit for each farm: [228.35946289285994], [128.04051631820445], [752878.2359510423], [128.04051631820445]
   49    98 T=   5880.00 eta norm:  2883.8030 u norm:  1387.7262 51.68
volume2d rel. error  3.7228e-01
Updating tidal elevation at t = 5940
  0 SNES Function norm 8.222305874538e+02 
  1 SNES Function norm 9.295005575322e-10 
Current power, average power, integrated power and profit for each farm: [227.80537716714113], [129.04824218536544], [766546.5585810707], [129.04824218536544]
Updating tidal elevation at t = 6000
  0 SNES Function norm 8.150994955324e+02 
  1 SNES Function norm 9.321196185353e-10 
Current power, average power, integrated power and profit for each farm: [227.18145438088663], [130.02957430732067], [780177.445843924], [130.02957430732067]
   50   100 T=   6000.00 eta norm:  2926.9695 u norm:  1384.0861 52.34
volume2d rel. error  3.7786e-01
Updating tidal elevation at t = 6060
  0 SNES Function norm 8.078898166814e+02 
  1 SNES Function norm 9.342378516911e-10 
Current power, average power, integrated power and profit for each farm: [226.48914073994717], [130.9846195195249], [793766.7942883208], [130.9846195195249]
Updating tidal elevation at t = 6120
  0 SNES Function norm 8.006021519548e+02 
  1 SNES Function norm 9.379924920705e-10 
Current power, average power, integrated power and profit for each farm: [225.72987278770654], [131.9134945515659], [807310.5866555832], [131.9134945515659]
   51   102 T=   6120.00 eta norm:  2969.3044 u norm:  1379.9062 52.35
volume2d rel. error  3.8332e-01
Updating tidal elevation at t = 6180
  0 SNES Function norm 7.932371133245e+02 
  1 SNES Function norm 9.452922636873e-10 
Current power, average power, integrated power and profit for each farm: [224.9050773686697], [132.8163254527028], [820804.8912977034], [132.8163254527028]
Updating tidal elevation at t = 6240
  0 SNES Function norm 7.857953236058e+02 
  1 SNES Function norm 9.476314852270e-10 
Current power, average power, integrated power and profit for each farm: [224.01617165636247], [133.69324705081493], [834245.8615970851], [133.69324705081493]
   52   104 T=   6240.00 eta norm:  3010.7957 u norm:  1375.2047 53.12
volume2d rel. error  3.8868e-01
Updating tidal elevation at t = 6300
  0 SNES Function norm 7.782774163833e+02 
  1 SNES Function norm 9.532720508194e-10 
Current power, average power, integrated power and profit for each farm: [223.0645632366193], [134.54440244306068], [847629.7353912822], [134.54440244306068]
Updating tidal elevation at t = 6360
  0 SNES Function norm 7.706840359371e+02 
  1 SNES Function norm 9.581371898915e-10 
Current power, average power, integrated power and profit for each farm: [222.05165023808217], [135.3699425165986], [860952.8344055671], [135.3699425165986]
   53   106 T=   6360.00 eta norm:  3051.4315 u norm:  1369.9981 60.28
volume2d rel. error  3.9393e-01
Updating tidal elevation at t = 6420
  0 SNES Function norm 7.630158371683e+02 
  1 SNES Function norm 9.813752799766e-10 
Current power, average power, integrated power and profit for each farm: [220.9788215025609], [136.1700254977758], [874211.5636957207], [136.1700254977758]
Updating tidal elevation at t = 6480
  0 SNES Function norm 7.552734855254e+02 
  1 SNES Function norm 1.027465078037e-09 
Current power, average power, integrated power and profit for each farm: [219.84745678834295], [136.94481652824405], [887402.4111030214], [136.94481652824405]
   54   108 T=   6480.00 eta norm:  3091.2000 u norm:  1364.3018 56.82
volume2d rel. error  3.9906e-01
Updating tidal elevation at t = 6540
  0 SNES Function norm 7.474576569311e+02 
  1 SNES Function norm 1.069225914940e-09 
Current power, average power, integrated power and profit for each farm: [218.65892700040177], [137.6944872665207], [900521.9467230454], [137.6944872665207]
Updating tidal elevation at t = 6600
  0 SNES Function norm 7.395690377081e+02 
  1 SNES Function norm 1.114202165638e-09 
Current power, average power, integrated power and profit for each farm: [217.41459444175126], [138.41921551356825], [913566.8223895505], [138.41921551356825]
   55   110 T=   6600.00 eta norm:  3130.0901 u norm:  1358.1299 59.23
volume2d rel. error  4.0408e-01
Updating tidal elevation at t = 6660
  0 SNES Function norm 7.316083245068e+02 
  1 SNES Function norm 1.144893811890e-09 
Current power, average power, integrated power and profit for each farm: [216.11581308103487], [139.11918486102292], [926533.7711744126], [139.11918486102292]
Updating tidal elevation at t = 6720
  0 SNES Function norm 7.235762242326e+02 
  1 SNES Function norm 1.148922857093e-09 
Current power, average power, integrated power and profit for each farm: [214.76392883169243], [139.79458436076104], [939419.6069043141], [139.79458436076104]
   56   112 T=   6720.00 eta norm:  3168.0905 u norm:  1351.4951 54.51
volume2d rel. error  4.0899e-01
Updating tidal elevation at t = 6780
  0 SNES Function norm 7.154734539730e+02 
  1 SNES Function norm 1.152299726753e-09 
Current power, average power, integrated power and profit for each farm: [213.36027983849854], [140.44560821454633], [952221.223694624], [140.44560821454633]
Updating tidal elevation at t = 6840
  0 SNES Function norm 7.073007409271e+02 
  1 SNES Function norm 1.155159356519e-09 
Current power, average power, integrated power and profit for each farm: [211.90619676792602], [141.0724554825584], [964935.5955006996], [141.0724554825584]
   57   114 T=   6840.00 eta norm:  3205.1904 u norm:  1344.4095 52.82
volume2d rel. error  4.1378e-01
Updating tidal elevation at t = 6900
  0 SNES Function norm 6.990588223343e+02 
  1 SNES Function norm 1.160334049064e-09 
Current power, average power, integrated power and profit for each farm: [210.4030030988718], [141.6753298096568], [977559.7756866319], [141.6753298096568]
Updating tidal elevation at t = 6960
  0 SNES Function norm 6.907484454046e+02 
  1 SNES Function norm 1.160476166484e-09 
Current power, average power, integrated power and profit for each farm: [208.85201541086516], [142.2544391682879], [990090.8966112838], [142.2544391682879]
   58   116 T=   6960.00 eta norm:  3241.3792 u norm:  1336.8837 55.04
volume2d rel. error  4.1845e-01
Updating tidal elevation at t = 7020
  0 SNES Function norm 6.823703672498e+02 
  1 SNES Function norm 1.163937524483e-09 
Current power, average power, integrated power and profit for each farm: [207.25454366706686], [142.80999561699542], [1002526.1692313078], [142.80999561699542]
Updating tidal elevation at t = 7080
  0 SNES Function norm 6.739253548167e+02 
  1 SNES Function norm 1.168600597364e-09 
Current power, average power, integrated power and profit for each farm: [205.61189148977232], [143.34221507354437], [1014862.8827206942], [143.34221507354437]
   59   118 T=   7080.00 eta norm:  3276.6465 u norm:  1328.9280 53.23
volume2d rel. error  4.2301e-01
Updating tidal elevation at t = 7140
  0 SNES Function norm 6.654141848214e+02 
  1 SNES Function norm 1.172737340375e-09 
Current power, average power, integrated power and profit for each farm: [203.92535642633752], [143.8513171017191], [1027098.4041062745], [143.8513171017191]
Updating tidal elevation at t = 7200
  0 SNES Function norm 6.568376436850e+02 
  1 SNES Function norm 1.174128813033e-09 
Current power, average power, integrated power and profit for each farm: [202.19623020374323], [144.33752471090264], [1039230.1779184991], [144.33752471090264]
   60   120 T=   7200.00 eta norm:  3310.9823 u norm:  1320.5514 52.39
volume2d rel. error  4.2744e-01
Updating tidal elevation at t = 7260
  0 SNES Function norm 6.481965274732e+02 
  1 SNES Function norm 1.176342746787e-09 
Current power, average power, integrated power and profit for each farm: [200.42579897022318], [144.80106416759125], [1051255.7258567126], [144.80106416759125]
Updating tidal elevation at t = 7320
  0 SNES Function norm 6.394916418367e+02 
  1 SNES Function norm 1.178732650656e-09 
Current power, average power, integrated power and profit for each farm: [198.615343522589], [145.24216481804208], [1063172.646468068], [145.24216481804208]
   61   122 T=   7320.00 eta norm:  3344.3767 u norm:  1311.7625 52.40
volume2d rel. error  4.3175e-01
Updating tidal elevation at t = 7380
  0 SNES Function norm 6.307238019561e+02 
  1 SNES Function norm 1.181367271072e-09 
Current power, average power, integrated power and profit for each farm: [196.766139518166], [145.66105892129514], [1074978.614839158], [145.66105892129514]
Updating tidal elevation at t = 7440
  0 SNES Function norm 6.218938324899e+02 
  1 SNES Function norm 1.181798287635e-09 
Current power, average power, integrated power and profit for each farm: [194.87945767028415], [146.05798149185148], [1086671.382299375], [146.05798149185148]
   62   124 T=   7440.00 eta norm:  3376.8203 u norm:  1302.5689 51.85
volume2d rel. error  4.3594e-01
Updating tidal elevation at t = 7500
  0 SNES Function norm 6.130025675263e+02 
  1 SNES Function norm 1.184112188717e-09 
Current power, average power, integrated power and profit for each farm: [192.95656392656338], [146.43317015132916], [1098248.7761349687], [146.43317015132916]
Updating tidal elevation at t = 7560
  0 SNES Function norm 6.040508505405e+02 
  1 SNES Function norm 1.186282660351e-09 
Current power, average power, integrated power and profit for each farm: [190.99871962931576], [146.78686498845605], [1109708.6993127277], [146.78686498845605]
   63   126 T=   7560.00 eta norm:  3408.3038 u norm:  1292.9780 51.86
volume2d rel. error  4.4000e-01
Updating tidal elevation at t = 7620
  0 SNES Function norm 5.950395343571e+02 
  1 SNES Function norm 1.187912080387e-09 
Current power, average power, integrated power and profit for each farm: [189.00718165752758], [147.1193084267952], [1121049.1302121794], [147.1193084267952]
Updating tidal elevation at t = 7680
  0 SNES Function norm 5.859694811191e+02 
  1 SNES Function norm 1.188035661492e-09 
Current power, average power, integrated power and profit for each farm: [186.98320255006516], [147.43074509963324], [1132268.1223651832], [147.43074509963324]
   64   128 T=   7680.00 eta norm:  3438.8182 u norm:  1282.9962 53.24
volume2d rel. error  4.4394e-01
Updating tidal elevation at t = 7740
  0 SNES Function norm 5.768415622644e+02 
  1 SNES Function norm 1.191993345226e-09 
Current power, average power, integrated power and profit for each farm: [184.92803060977346], [147.7214217314948], [1143363.8042017696], [147.7214217314948]
Updating tidal elevation at t = 7800
  0 SNES Function norm 5.676566585102e+02 
  1 SNES Function norm 1.194148610071e-09 
Current power, average power, integrated power and profit for each farm: [182.84290998823212], [147.9915870257774], [1154334.3788010636], [147.9915870257774]
   65   130 T=   7800.00 eta norm:  3468.3547 u norm:  1272.6297 52.33
volume2d rel. error  4.4776e-01
Updating tidal elevation at t = 7860
  0 SNES Function norm 5.584156598477e+02 
  1 SNES Function norm 1.199391721484e-09 
Current power, average power, integrated power and profit for each farm: [180.72908075126617], [148.24149155803303], [1165178.1236461396], [148.24149155803303]
Updating tidal elevation at t = 7920
  0 SNES Function norm 5.491194655481e+02 
  1 SNES Function norm 1.201987869965e-09 
Current power, average power, integrated power and profit for each farm: [178.58777892491491], [148.4713876744488], [1175893.3903816345], [148.4713876744488]
   66   132 T=   7920.00 eta norm:  3496.9050 u norm:  1261.8840 52.51
volume2d rel. error  4.5144e-01
Updating tidal elevation at t = 7980
  0 SNES Function norm 5.397689841804e+02 
  1 SNES Function norm 1.204063245711e-09 
Current power, average power, integrated power and profit for each farm: [176.42023652213692], [148.6815293951081], [1186478.6045729627], [148.6815293951081]
Updating tidal elevation at t = 8040
  0 SNES Function norm 5.303651336458e+02 
  1 SNES Function norm 1.206040273250e-09 
Current power, average power, integrated power and profit for each farm: [174.22768155034294], [148.87217232163974], [1196932.2654659834], [148.87217232163974]
   67   134 T=   8040.00 eta norm:  3524.4609 u norm:  1250.7644 51.52
volume2d rel. error  4.5500e-01
Updating tidal elevation at t = 8100
  0 SNES Function norm 5.209088412271e+02 
  1 SNES Function norm 1.207812323153e-09 
Current power, average power, integrated power and profit for each farm: [172.01133799985556], [149.04357354888577], [1207252.9457459748], [149.04357354888577]
Updating tidal elevation at t = 8160
  0 SNES Function norm 5.114010436595e+02 
  1 SNES Function norm 1.211850998845e-09 
Current power, average power, integrated power and profit for each farm: [169.77242581363066], [149.1959915802442], [1217439.2912947927], [149.1959915802442]
   68   136 T=   8160.00 eta norm:  3551.0146 u norm:  1239.2756 52.48
volume2d rel. error  4.5843e-01
Updating tidal elevation at t = 8220
  0 SNES Function norm 5.018426872231e+02 
  1 SNES Function norm 1.211453763041e-09 
Current power, average power, integrated power and profit for each farm: [167.5121608384632], [149.32968624636257], [1227490.0209451003], [149.32968624636257]
Updating tidal elevation at t = 8280
  0 SNES Function norm 4.922347278615e+02 
  1 SNES Function norm 1.213304019032e-09 
Current power, average power, integrated power and profit for each farm: [165.23175475809788], [149.44491862688238], [1237403.9262305861], [149.44491862688238]
   69   138 T=   8280.00 eta norm:  3576.5584 u norm:  1227.4219 51.58
volume2d rel. error  4.6173e-01
Updating tidal elevation at t = 8340
  0 SNES Function norm 4.825781313321e+02 
  1 SNES Function norm 1.214690036275e-09 
Current power, average power, integrated power and profit for each farm: [162.93241500848592], [149.54195097495148], [1247179.8711310953], [149.54195097495148]
Updating tidal elevation at t = 8400
  0 SNES Function norm 4.728738733900e+02 
  1 SNES Function norm 1.214115812103e-09 
Current power, average power, integrated power and profit for each farm: [160.6153446757577], [149.62104664424297], [1256816.7918116408], [149.62104664424297]
   70   140 T=   8400.00 eta norm:  3601.0851 u norm:  1215.2075 51.61
volume2d rel. error  4.6489e-01
Updating tidal elevation at t = 8460
  0 SNES Function norm 4.631229400137e+02 
  1 SNES Function norm 1.214965104086e-09 
Current power, average power, integrated power and profit for each farm: [158.2817423771349], [149.6824700182351], [1266313.696354269], [149.6824700182351]
Updating tidal elevation at t = 8520
  0 SNES Function norm 4.533263276794e+02 
  1 SNES Function norm 1.216169534280e-09 
Current power, average power, integrated power and profit for each farm: [155.9328021254252], [149.72648644152517], [1275669.6644817945], [149.72648644152517]
   71   142 T=   8520.00 eta norm:  3624.5876 u norm:  1202.6361 51.94
volume2d rel. error  4.6793e-01
Updating tidal elevation at t = 8580
  0 SNES Function norm 4.434850436900e+02 
  1 SNES Function norm 1.218357772704e-09 
Current power, average power, integrated power and profit for each farm: [153.5697131775084], [149.75336215296562], [1284883.847272445], [149.75336215296562]
Updating tidal elevation at t = 8640
  0 SNES Function norm 4.336001065706e+02 
  1 SNES Function norm 1.220389840378e-09 
Current power, average power, integrated power and profit for each farm: [151.19365986719419], [149.76336422042553], [1293955.4668644767], [149.76336422042553]
   72   144 T=   8640.00 eta norm:  3647.0594 u norm:  1189.7111 52.28
volume2d rel. error  4.7083e-01
Updating tidal elevation at t = 8700
  0 SNES Function norm 4.236725465409e+02 
  1 SNES Function norm 1.220915422729e-09 
Current power, average power, integrated power and profit for each farm: [148.8058214231954], [149.75676047699636], [1302883.8161498683], [149.75676047699636]
Updating tidal elevation at t = 8760
  0 SNES Function norm 4.137034060795e+02 
  1 SNES Function norm 1.220255019247e-09 
Current power, average power, integrated power and profit for each farm: [146.4073717724767], [149.73381945847225], [1311668.258456217], [149.73381945847225]
   73   146 T=   8760.00 eta norm:  3668.4939 u norm:  1176.4356 52.34
volume2d rel. error  4.7360e-01
Updating tidal elevation at t = 8820
  0 SNES Function norm 4.036937405952e+02 
  1 SNES Function norm 1.221490083119e-09 
Current power, average power, integrated power and profit for each farm: [143.99947932969727], [149.69481034195], [1320308.2272159988], [149.69481034195]
Updating tidal elevation at t = 8880
  0 SNES Function norm 3.936446192277e+02 
  1 SNES Function norm 1.225094350233e-09 
Current power, average power, integrated power and profit for each farm: [141.58330677317272], [149.6400028854042], [1328803.2256223892], [149.6400028854042]
   74   148 T=   8880.00 eta norm:  3688.8851 u norm:  1162.8127 53.58
volume2d rel. error  4.7623e-01
Updating tidal elevation at t = 8940
  0 SNES Function norm 3.835571258015e+02 
  1 SNES Function norm 1.226292362789e-09 
Current power, average power, integrated power and profit for each farm: [139.160010807961], [149.5696673681059], [1337152.826270867], [149.5696673681059]
Updating tidal elevation at t = 9000
  0 SNES Function norm 3.734323599636e+02 
  1 SNES Function norm 1.226385578168e-09 
Current power, average power, integrated power and profit for each farm: [136.73074191654064], [149.48407453176213], [1345356.6707858592], [149.48407453176213]
   75   150 T=   9000.00 eta norm:  3708.2272 u norm:  1148.8449 52.69
volume2d rel. error  4.7873e-01
Updating tidal elevation at t = 9060
  0 SNES Function norm 3.632714385432e+02 
  1 SNES Function norm 1.224241572338e-09 
Current power, average power, integrated power and profit for each farm: [134.29664409768517], [149.38349552226495], [1353414.4694317204], [149.38349552226495]
Updating tidal elevation at t = 9120
  0 SNES Function norm 3.530754971792e+02 
  1 SNES Function norm 1.223804389950e-09 
Current power, average power, integrated power and profit for each farm: [131.85885459402982], [149.26820183194764], [1361326.0007073623], [149.26820183194764]
   76   152 T=   9120.00 eta norm:  3726.5145 u norm:  1134.5347 51.91
volume2d rel. error  4.8109e-01
Updating tidal elevation at t = 9180
  0 SNES Function norm 3.428456922753e+02 
  1 SNES Function norm 1.226037450143e-09 
Current power, average power, integrated power and profit for each farm: [129.4185036088808], [149.13846524225437], [1369091.1109238951], [149.13846524225437]
Updating tidal elevation at t = 9240
  0 SNES Function norm 3.325832033527e+02 
  1 SNES Function norm 1.230911059667e-09 
Current power, average power, integrated power and profit for each farm: [126.9767140128139], [148.99455776673852], [1376709.713764664], [148.99455776673852]
   77   154 T=   9240.00 eta norm:  3743.7420 u norm:  1119.8844 51.83
volume2d rel. error  4.8331e-01
Updating tidal elevation at t = 9300
  0 SNES Function norm 3.222892358959e+02 
  1 SNES Function norm 1.229056796421e-09 
Current power, average power, integrated power and profit for each farm: [124.5346010405369], [148.83675159431144], [1384181.7898270963], [148.83675159431144]
Updating tidal elevation at t = 9360
  0 SNES Function norm 3.119650248061e+02 
  1 SNES Function norm 1.232151597899e-09 
Current power, average power, integrated power and profit for each farm: [122.09327197858511], [148.66531903267216], [1391507.3861458113], [148.66531903267216]
   78   156 T=   9360.00 eta norm:  3759.9047 u norm:  1104.8959 52.58
volume2d rel. error  4.8540e-01
Updating tidal elevation at t = 9420
  0 SNES Function norm 3.016118386129e+02 
  1 SNES Function norm 1.232230174619e-09 
Current power, average power, integrated power and profit for each farm: [119.65382584431762], [148.4805324518546], [1398686.6156964703], [148.4805324518546]
Updating tidal elevation at t = 9480
  0 SNES Function norm 2.912309846376e+02 
  1 SNES Function norm 1.231278885696e-09 
Current power, average power, integrated power and profit for each farm: [117.21735305676062], [148.282664227835], [1405719.6568798758], [148.282664227835]
   79   158 T=   9480.00 eta norm:  3774.9980 u norm:  1089.5712 54.03
volume2d rel. error  4.8735e-01
Updating tidal elevation at t = 9540
  0 SNES Function norm 2.808238153605e+02 
  1 SNES Function norm 1.231755667624e-09 
Current power, average power, integrated power and profit for each farm: [114.78493509972515], [148.07198668614876], [1412606.7529858593], [148.07198668614876]
Updating tidal elevation at t = 9600
  0 SNES Function norm 2.703917363209e+02 
  1 SNES Function norm 1.236542487586e-09 
Current power, average power, integrated power and profit for each farm: [112.35764417775222], [147.8487720454713], [1419348.2116365244], [147.8487720454713]
   80   160 T=   9600.00 eta norm:  3789.0175 u norm:  1073.9118 51.45
volume2d rel. error  4.8916e-01
Updating tidal elevation at t = 9660
  0 SNES Function norm 2.599362159899e+02 
  1 SNES Function norm 1.237455620689e-09 
Current power, average power, integrated power and profit for each farm: [109.93654286525208], [147.61329236112212], [1425944.4042084396], [147.61329236112212]
Updating tidal elevation at t = 9720
  0 SNES Function norm 2.494587982011e+02 
  1 SNES Function norm 1.235705043419e-09 
Current power, average power, integrated power and profit for each farm: [107.52268374941053], [147.36581946845723], [1432395.7652334042], [147.36581946845723]
   81   162 T=   9720.00 eta norm:  3801.9594 u norm:  1057.9192 51.95
volume2d rel. error  4.9083e-01
Updating tidal elevation at t = 9780
  0 SNES Function norm 2.389611179348e+02 
  1 SNES Function norm 1.235996774435e-09 
Current power, average power, integrated power and profit for each farm: [105.11710906719462], [147.1066249261182], [1438702.791777436], [147.1066249261182]
Updating tidal elevation at t = 9840
  0 SNES Function norm 2.284449215423e+02 
  1 SNES Function norm 1.235799123486e-09 
Current power, average power, integrated power and profit for each farm: [102.72085033691927], [146.8359799591109], [1444866.0427976511], [146.8359799591109]
   82   164 T=   9840.00 eta norm:  3813.8198 u norm:  1041.5947 52.66
volume2d rel. error  4.9236e-01
Updating tidal elevation at t = 9900
  0 SNES Function norm 2.179120929212e+02 
  1 SNES Function norm 1.236161748104e-09 
Current power, average power, integrated power and profit for each farm: [100.3349279848526], [146.55415540169113], [1450886.1384767422], [146.55415540169113]
Updating tidal elevation at t = 9960
  0 SNES Function norm 2.073646877646e+02 
  1 SNES Function norm 1.237698975871e-09 
Current power, average power, integrated power and profit for each farm: [97.9603509671435], [146.26142164003724], [1456763.7595347709], [146.26142164003724]
   83   166 T=   9960.00 eta norm:  3824.5955 u norm:  1024.9394 53.09
volume2d rel. error  4.9375e-01
Updating tidal elevation at t = 10020
  0 SNES Function norm 1.968049789164e+02 
  1 SNES Function norm 1.238251586579e-09 
Current power, average power, integrated power and profit for each farm: [95.59811638749316], [145.95804855469265], [1462499.6465180204], [145.95804855469265]
Updating tidal elevation at t = 10080
  0 SNES Function norm 1.862355172313e+02 
  1 SNES Function norm 1.236585271510e-09 
Current power, average power, integrated power and profit for each farm: [93.24920911098326], [145.6443054627658], [1468094.5990646794], [145.6443054627658]
   84   168 T=  10080.00 eta norm:  3834.2833 u norm:  1007.9541 51.76
volume2d rel. error  4.9500e-01
Updating tidal elevation at t = 10140
  0 SNES Function norm 1.756592144401e+02 
  1 SNES Function norm 1.236505486539e-09 
Current power, average power, integrated power and profit for each farm: [90.91460137434491], [145.32046105987573], [1473549.47514714], [145.32046105987573]
Updating tidal elevation at t = 10200
  0 SNES Function norm 1.650794578066e+02 
  1 SNES Function norm 1.238232371701e-09 
Current power, average power, integrated power and profit for each farm: [88.59525239300628], [144.98678336183534], [1478865.1902907204], [144.98678336183534]
   85   170 T=  10200.00 eta norm:  3842.8805 u norm:   990.6398 52.80
volume2d rel. error  4.9611e-01
Updating tidal elevation at t = 10260
  0 SNES Function norm 1.545002716406e+02 
  1 SNES Function norm 1.241681161233e-09 
Current power, average power, integrated power and profit for each farm: [86.29210796522226], [144.64353964606568], [1484042.7167686338], [144.64353964606568]
Updating tidal elevation at t = 10320
  0 SNES Function norm 1.439265493972e+02 
  1 SNES Function norm 1.237143847464e-09 
Current power, average power, integrated power and profit for each farm: [84.0061000736445], [144.29099639273764], [1489083.0827730524], [144.29099639273764]
   86   172 T=  10320.00 eta norm:  3850.3845 u norm:   972.9968 53.53
volume2d rel. error  4.9708e-01
Updating tidal elevation at t = 10380
  0 SNES Function norm 1.333643947539e+02 
  1 SNES Function norm 1.234060777286e-09 
Current power, average power, integrated power and profit for each farm: [81.73814648444962], [143.9294192256377], [1493987.3715621193], [143.9294192256377]
Updating tidal elevation at t = 10440
  0 SNES Function norm 1.228216356044e+02 
  1 SNES Function norm 1.233878444126e-09 
Current power, average power, integrated power and profit for each farm: [79.489150344469], [143.55907285275742], [1498756.7205827874], [143.55907285275742]
   87   174 T=  10440.00 eta norm:  3856.7934 u norm:   955.0257 51.87
volume2d rel. error  4.9791e-01
Updating tidal elevation at t = 10500
  0 SNES Function norm 1.123086209868e+02 
  1 SNES Function norm 1.232452373303e-09 
Current power, average power, integrated power and profit for each farm: [77.2599997763678], [143.18022100660662], [1503392.3205693695], [143.18022100660662]
Updating tidal elevation at t = 10560
  0 SNES Function norm 1.018394973302e+02 
  1 SNES Function norm 1.233135913663e-09 
Current power, average power, integrated power and profit for each farm: [75.05156747222031], [142.79312638425213], [1507895.4146177026], [142.79312638425213]
   88   176 T=  10560.00 eta norm:  3862.1052 u norm:   936.7266 52.88
volume2d rel. error  4.9860e-01
Updating tidal elevation at t = 10620
  0 SNES Function norm 9.143432914772e+01 
  1 SNES Function norm 1.234965685518e-09 
Current power, average power, integrated power and profit for each farm: [72.86471028554749], [142.3980505870843], [1512267.2972348353], [142.3980505870843]
Updating tidal elevation at t = 10680
  0 SNES Function norm 8.112277454398e+01 
  1 SNES Function norm 1.234264067219e-09 
Current power, average power, integrated power and profit for each farm: [70.70026882208236], [141.99525406031464], [1516509.3133641602], [141.99525406031464]
   89   178 T=  10680.00 eta norm:  3866.3184 u norm:   918.0995 52.23
volume2d rel. error  4.9914e-01
Updating tidal elevation at t = 10740
  0 SNES Function norm 7.095076813963e+01 
  1 SNES Function norm 1.234732046368e-09 
Current power, average power, integrated power and profit for each farm: [68.5590670292975], [141.58499603220838], [1520622.857385918], [141.58499603220838]
Updating tidal elevation at t = 10800
  0 SNES Function norm 6.099333893624e+01 
  1 SNES Function norm 1.235630869828e-09 
Current power, average power, integrated power and profit for each farm: [66.44191178491174], [141.16753445305673], [1524609.3720930128], [141.16753445305673]
   90   180 T=  10800.00 eta norm:  3869.4319 u norm:   899.1443 53.50
volume2d rel. error  4.9954e-01
Updating tidal elevation at t = 10860
  0 SNES Function norm 5.138061576854e+01 
  1 SNES Function norm 1.233353056423e-09 
Current power, average power, integrated power and profit for each farm: [64.34959248437659], [140.74312593389274], [1528470.3476420753], [140.74312593389274]
Updating tidal elevation at t = 10920
  0 SNES Function norm 4.235319322390e+01 
  1 SNES Function norm 1.233484038552e-09 
Current power, average power, integrated power and profit for each farm: [62.2828806273942], [140.31202568495596], [1532207.320479719], [140.31202568495596]
   91   182 T=  10920.00 eta norm:  3871.4446 u norm:   879.8604 53.08
volume2d rel. error  4.9980e-01
Updating tidal elevation at t = 10980
  0 SNES Function norm 3.438035646734e+01 
  1 SNES Function norm 1.232678945049e-09 
Current power, average power, integrated power and profit for each farm: [60.24252940358935], [139.87448745391023], [1535821.8722439343], [139.87448745391023]
Updating tidal elevation at t = 11040
  0 SNES Function norm 2.837015909735e+01 
  1 SNES Function norm 1.231830767456e-09 
Current power, average power, integrated power and profit for each farm: [58.229273277202864], [139.43076346381943], [1539315.6286405665], [139.43076346381943]
   92   184 T=  11040.00 eta norm:  3872.3561 u norm:   860.2475 52.66
volume2d rel. error  4.9992e-01
Updating tidal elevation at t = 11100
  0 SNES Function norm 2.573944807254e+01 
  1 SNES Function norm 1.232659782283e-09 
Current power, average power, integrated power and profit for each farm: [56.24382757088697], [138.98110435088466], [1542690.2582948196], [138.98110435088466]
Updating tidal elevation at t = 11160
  0 SNES Function norm 2.747778188443e+01 
  1 SNES Function norm 1.229395159504e-09 
Current power, average power, integrated power and profit for each farm: [54.28688804847724], [138.52575910194696], [1545947.4715777282], [138.52575910194696]
   93   186 T=  11160.00 eta norm:  3872.1661 u norm:   840.3045 53.01
volume2d rel. error  4.9989e-01
Updating tidal elevation at t = 11220
  0 SNES Function norm 3.289921404365e+01 
  1 SNES Function norm 1.227041696045e-09 
Current power, average power, integrated power and profit for each farm: [52.35913049663032], [138.0649749917581], [1549089.019407526], [138.0649749917581]
Updating tidal elevation at t = 11280
  0 SNES Function norm 4.055092619721e+01 
  1 SNES Function norm 1.223621096480e-09 
Current power, average power, integrated power and profit for each farm: [50.461210305237984], [137.5989975200213], [1552116.6920258403], [137.5989975200213]
   94   188 T=  11280.00 eta norm:  3870.8746 u norm:   820.0305 53.48
volume2d rel. error  4.9973e-01
Updating tidal elevation at t = 11340
  0 SNES Function norm 4.940506308972e+01 
  1 SNES Function norm 1.221542075925e-09 
Current power, average power, integrated power and profit for each farm: [48.59376204640027], [137.1280703482032], [1555032.3177486244], [137.1280703482032]
Updating tidal elevation at t = 11400
  0 SNES Function norm 5.891930749634e+01 
  1 SNES Function norm 1.222025566175e-09 
Current power, average power, integrated power and profit for each farm: [46.757399051761894], [136.65243523611667], [1557837.76169173], [136.65243523611667]
   95   190 T=  11400.00 eta norm:  3868.4820 u norm:   799.4241 53.92
volume2d rel. error  4.9942e-01
Updating tidal elevation at t = 11460
  0 SNES Function norm 6.881740169837e+01 
  1 SNES Function norm 1.224845077763e-09 
Current power, average power, integrated power and profit for each farm: [44.952712987940764], [136.1723319782728], [1560534.9244710065], [136.1723319782728]
Updating tidal elevation at t = 11520
  0 SNES Function norm 7.895187712806e+01 
  1 SNES Function norm 1.221175424794e-09 
Current power, average power, integrated power and profit for each farm: [43.180273429756156], [135.6879983399993], [1563125.7408767918], [135.6879983399993]
   96   192 T=  11520.00 eta norm:  3864.9890 u norm:   778.4838 54.63
volume2d rel. error  4.9897e-01
Updating tidal elevation at t = 11580
  0 SNES Function norm 8.923884398942e+01 
  1 SNES Function norm 1.216680037849e-09 
Current power, average power, integrated power and profit for each farm: [41.4406274309218], [135.19966999332013], [1565612.1785226471], [135.19966999332013]
Updating tidal elevation at t = 11640
  0 SNES Function norm 9.962756497384e+01 
  1 SNES Function norm 1.212424898175e-09 
Current power, average power, integrated power and profit for each farm: [39.734299091769614], [134.7075804525905], [1567996.2364681533], [134.7075804525905]
   97   194 T=  11640.00 eta norm:  3860.3965 u norm:   757.2077 50.68
volume2d rel. error  4.9837e-01
Updating tidal elevation at t = 11700
  0 SNES Function norm 1.100856303262e+02 
  1 SNES Function norm 1.208596437822e-09 
Current power, average power, integrated power and profit for each farm: [38.06178912353507], [134.2119610098774], [1570279.9438155654], [134.2119610098774]
Updating tidal elevation at t = 11760
  0 SNES Function norm 1.205913197839e+02 
  1 SNES Function norm 1.208443140062e-09 
Current power, average power, integrated power and profit for each farm: [36.42357440871645], [133.71304067007554], [1572465.3582800885], [133.71304067007554]
   98   196 T=  11760.00 eta norm:  3854.7058 u norm:   735.5937 51.54
volume2d rel. error  4.9764e-01
Updating tidal elevation at t = 11820
  0 SNES Function norm 1.311294469713e+02 
  1 SNES Function norm 1.210235538370e-09 
Current power, average power, integrated power and profit for each farm: [34.82010755705374], [133.2110460857455], [1574554.5647335118], [133.2110460857455]
Updating tidal elevation at t = 11880
  0 SNES Function norm 1.416889857757e+02 
  1 SNES Function norm 1.208089982589e-09 
Current power, average power, integrated power and profit for each farm: [33.25181645639874], [132.7062014916579], [1576549.6737208958], [132.7062014916579]
   99   198 T=  11880.00 eta norm:  3847.9186 u norm:   713.6393 52.78
volume2d rel. error  4.9676e-01
Updating tidal elevation at t = 11940
  0 SNES Function norm 1.522616529042e+02 
  1 SNES Function norm 1.207621813586e-09 
Current power, average power, integrated power and profit for each farm: [31.719103817620894], [132.19872863902455], [1578452.8199499531], [132.19872863902455]
Updating tidal elevation at t = 12000
  0 SNES Function norm 1.628410298515e+02 
  1 SNES Function norm 1.205403624197e-09 
Current power, average power, integrated power and profit for each farm: [30.222346712945864], [131.68884672939416], [1580266.16075273], [131.68884672939416]
  100   200 T=  12000.00 eta norm:  3840.0368 u norm:   691.3417 51.81
volume2d rel. error  4.9575e-01
Updating tidal elevation at t = 12060
  0 SNES Function norm 1.734220001832e+02 
  1 SNES Function norm 1.205240957546e-09 
Current power, average power, integrated power and profit for each farm: [28.761896106826235], [131.17677234818737], [1581991.8745191395], [131.17677234818737]
Updating tidal elevation at t = 12120
  0 SNES Function norm 1.840003782658e+02 
  1 SNES Function norm 1.203029286053e-09 
Current power, average power, integrated power and profit for each farm: [27.338076378471424], [130.66271939784224], [1583632.1591018478], [130.66271939784224]
  101   202 T=  12120.00 eta norm:  3831.0625 u norm:   668.6977 51.88
volume2d rel. error  4.9459e-01
Updating tidal elevation at t = 12180
  0 SNES Function norm 1.945726579040e+02 
  1 SNES Function norm 1.203517114354e-09 
Current power, average power, integrated power and profit for each farm: [25.95118483493415], [130.14689903053727], [1585189.230191944], [130.14689903053727]
Updating tidal elevation at t = 12240
  0 SNES Function norm 2.051358382144e+02 
  1 SNES Function norm 1.202749425393e-09 
Current power, average power, integrated power and profit for each farm: [24.60149121367747], [129.62951958045463], [1586665.3196647647], [129.62951958045463]
  102   204 T=  12240.00 eta norm:  3820.9985 u norm:   645.7039 51.39
volume2d rel. error  4.9329e-01
Updating tidal elevation at t = 12300
  0 SNES Function norm 2.156873005137e+02 
  1 SNES Function norm 1.202252199377e-09 
Current power, average power, integrated power and profit for each farm: [23.289237173339615], [129.11078649554187], [1588062.673895165], [129.11078649554187]
Updating tidal elevation at t = 12360
  0 SNES Function norm 2.262247196701e+02 
  1 SNES Function norm 1.198091598572e-09 
Current power, average power, integrated power and profit for each farm: [22.01463577144026], [128.59090226872584], [1589383.5520414514], [128.59090226872584]
  103   206 T=  12360.00 eta norm:  3809.8474 u norm:   622.3563 52.12
volume2d rel. error  4.9185e-01
Updating tidal elevation at t = 12420
  0 SNES Function norm 2.367459992064e+02 
  1 SNES Function norm 1.199723121692e-09 
Current power, average power, integrated power and profit for each farm: [20.77787092752949], [128.07006636852682], [1590630.2242971032], [128.07006636852682]
Updating tidal elevation at t = 12480
  0 SNES Function norm 2.472492231079e+02 
  1 SNES Function norm 1.195394161180e-09 
Current power, average power, integrated power and profit for each farm: [19.579096870158516], [127.54847516901545], [1591804.9701093128], [127.54847516901545]
  104   208 T=  12480.00 eta norm:  3797.6125 u norm:   598.6506 52.02
volume2d rel. error  4.9027e-01
Updating tidal elevation at t = 12540
  0 SNES Function norm 2.577326194252e+02 
  1 SNES Function norm 1.195433371375e-09 
Current power, average power, integrated power and profit for each farm: [18.41843756608507], [127.02632187904928], [1592910.0763632779], [127.02632187904928]
Updating tidal elevation at t = 12600
  0 SNES Function norm 2.681945326659e+02 
  1 SNES Function norm 1.198379401301e-09 
Current power, average power, integrated power and profit for each farm: [17.295986129728195], [126.50379647071917], [1593947.8355310615], [126.50379647071917]
  105   210 T=  12600.00 eta norm:  3784.2973 u norm:   574.5818 52.67
volume2d rel. error  4.8855e-01
Updating tidal elevation at t = 12660
  0 SNES Function norm 2.786334024760e+02 
  1 SNES Function norm 1.194314892517e-09 
Current power, average power, integrated power and profit for each farm: [16.211804210925344], [125.98108560692869], [1594920.543783717], [125.98108560692869]
Updating tidal elevation at t = 12720
  0 SNES Function norm 2.890477469612e+02 
  1 SNES Function norm 1.191748430073e-09 
Current power, average power, integrated power and profit for each farm: [15.165921358732263], [125.4583725680221], [1595830.499065241], [125.4583725680221]
  106   212 T=  12720.00 eta norm:  3769.9055 u norm:   550.1447 60.21
volume2d rel. error  4.8669e-01
Updating tidal elevation at t = 12780
  0 SNES Function norm 2.994361496420e+02 
  1 SNES Function norm 1.193421758913e-09 
Current power, average power, integrated power and profit for each farm: [14.158334358931791], [124.9358371773691], [1596679.999126777], [124.9358371773691]
Updating tidal elevation at t = 12840
  0 SNES Function norm 3.097972490984e+02 
  1 SNES Function norm 1.191548684813e-09 
Current power, average power, integrated power and profit for each farm: [13.189006542622074], [124.41365572580487], [1597471.3395193345], [124.41365572580487]
  107   214 T=  12840.00 eta norm:  3754.4412 u norm:   525.3334 71.49
volume2d rel. error  4.8470e-01
Updating tidal elevation at t = 12900
  0 SNES Function norm 3.201297306952e+02 
  1 SNES Function norm 1.189018536839e-09 
Current power, average power, integrated power and profit for each farm: [12.257867063146973], [123.89200089481577], [1598206.8115431233], [123.89200089481577]
Updating tidal elevation at t = 12960
  0 SNES Function norm 3.304323199253e+02 
  1 SNES Function norm 1.189325912900e-09 
Current power, average power, integrated power and profit for each farm: [11.364810138282666], [123.37104167835032], [1598888.7001514202], [123.37104167835032]
  108   216 T=  12960.00 eta norm:  3737.9087 u norm:   500.1416 72.47
volume2d rel. error  4.8256e-01
Updating tidal elevation at t = 13020
  0 SNES Function norm 3.407037770188e+02 
  1 SNES Function norm 1.187341914175e-09 
Current power, average power, integrated power and profit for each farm: [10.509694254375097], [122.85094330312464], [1599519.2818066827], [122.85094330312464]
Updating tidal elevation at t = 13080
  0 SNES Function norm 3.509428925964e+02 
  1 SNES Function norm 1.183243977577e-09 
Current power, average power, integrated power and profit for each farm: [9.69234132874102], [122.33186714727884], [1600100.8222864072], [122.33186714727884]
  109   218 T=  13080.00 eta norm:  3720.3129 u norm:   474.5623 74.82
volume2d rel. error  4.8029e-01
Updating tidal elevation at t = 13140
  0 SNES Function norm 3.611484839086e+02 
  1 SNES Function norm 1.181282006875e-09 
Current power, average power, integrated power and profit for each farm: [8.912535826775224], [121.81397065723088], [1600635.5744360138], [121.81397065723088]
Updating tidal elevation at t = 13200
  0 SNES Function norm 3.713193920953e+02 
  1 SNES Function norm 1.182647349508e-09 
Current power, average power, integrated power and profit for each farm: [8.170023829305535], [121.2974072625585], [1601125.775865772], [121.2974072625585]
  110   220 T=  13200.00 eta norm:  3701.6587 u norm:   448.5879 53.12
volume2d rel. error  4.7788e-01
Updating tidal elevation at t = 13260
  0 SNES Function norm 3.814544797133e+02 
  1 SNES Function norm 1.179714813144e-09 
Current power, average power, integrated power and profit for each farm: [7.464512045343681], [120.78232628872493], [1601573.6465884927], [120.78232628872493]
Updating tidal elevation at t = 13320
  0 SNES Function norm 3.915526284213e+02 
  1 SNES Function norm 1.178982600510e-09 
Current power, average power, integrated power and profit for each farm: [6.79566676553066], [120.26887286744929], [1601981.3865944245], [120.26887286744929]
  111   222 T=  13320.00 eta norm:  3681.9513 u norm:   422.2103 53.48
volume2d rel. error  4.7534e-01
Updating tidal elevation at t = 13380
  0 SNES Function norm 4.016127377009e+02 
  1 SNES Function norm 1.178452277500e-09 
Current power, average power, integrated power and profit for each farm: [6.163112750828966], [119.7571878445048], [1602351.1733594742], [119.7571878445048]
Updating tidal elevation at t = 13440
  0 SNES Function norm 4.116337232535e+02 
  1 SNES Function norm 1.175026301372e-09 
Current power, average power, integrated power and profit for each farm: [5.566432050261998], [119.24740768470907], [1602685.15928249], [119.24740768470907]
  112   224 T=  13440.00 eta norm:  3661.1964 u norm:   395.4206 52.22
volume2d rel. error  4.7266e-01
Updating tidal elevation at t = 13500
  0 SNES Function norm 4.216145157800e+02 
  1 SNES Function norm 1.168907624918e-09 
Current power, average power, integrated power and profit for each farm: [5.005162741179421], [118.73966437384894], [1602985.4690469606], [118.73966437384894]
Updating tidal elevation at t = 13560
  0 SNES Function norm 4.315540600988e+02 
  1 SNES Function norm 1.167192414164e-09 
Current power, average power, integrated power and profit for each farm: [4.478797585162969], [118.23408531726183], [1603254.1969020704], [118.23408531726183]
  113   226 T=  13560.00 eta norm:  3639.3999 u norm:   368.2097 52.55
volume2d rel. error  4.6984e-01
Updating tidal elevation at t = 13620
  0 SNES Function norm 4.414513143289e+02 
  1 SNES Function norm 1.167707313207e-09 
Current power, average power, integrated power and profit for each farm: [3.986782591219934], [117.73079323476826], [1603493.4038575436], [117.73079323476826]
Updating tidal elevation at t = 13680
  0 SNES Function norm 4.513052491109e+02 
  1 SNES Function norm 1.164130918459e-09 
Current power, average power, integrated power and profit for each farm: [3.5285154778245835], [117.22990605162376], [1603705.114786213], [117.22990605162376]
  114   228 T=  13680.00 eta norm:  3616.5680 u norm:   340.5676 58.54
volume2d rel. error  4.6689e-01
Updating tidal elevation at t = 13740
  0 SNES Function norm 4.611148469927e+02 
  1 SNES Function norm 1.160836498708e-09 
Current power, average power, integrated power and profit for each farm: [3.1033440244972876], [116.73153678512975], [1603891.3154276828], [116.73153678512975]
Updating tidal elevation at t = 13800
  0 SNES Function norm 4.708791021931e+02 
  1 SNES Function norm 1.160799618166e-09 
Current power, average power, integrated power and profit for each farm: [2.710564301469247], [116.23579342650514], [1604053.949285771], [116.23579342650514]
  115   230 T=  13800.00 eta norm:  3592.7071 u norm:   312.4845 57.97
volume2d rel. error  4.6381e-01
Updating tidal elevation at t = 13860
  0 SNES Function norm 4.805970200156e+02 
  1 SNES Function norm 1.161803390836e-09 
Current power, average power, integrated power and profit for each farm: [2.349418765549026], [115.74277881758327], [1604194.914411704], [115.74277881758327]
Updating tidal elevation at t = 13920
  0 SNES Function norm 4.902676166137e+02 
  1 SNES Function norm 1.159085160581e-09 
Current power, average power, integrated power and profit for each farm: [2.019094208499428], [115.25259052185446], [1604316.060064214], [115.25259052185446]
  116   232 T=  13920.00 eta norm:  3567.8240 u norm:   283.9502 69.37
volume2d rel. error  4.6060e-01
Updating tidal elevation at t = 13980
  0 SNES Function norm 4.998899184955e+02 
  1 SNES Function norm 1.155529692518e-09 
Current power, average power, integrated power and profit for each farm: [1.7187195429831854], [114.76532068932713], [1604419.1832367931], [114.76532068932713]
Updating tidal elevation at t = 14040
  0 SNES Function norm 5.094629625957e+02 
  1 SNES Function norm 1.155796688954e-09 
Current power, average power, integrated power and profit for each farm: [1.4473634066201395], [114.2810559146147], [1604506.0250411904], [114.2810559146147]
  117   234 T=  14040.00 eta norm:  3541.9259 u norm:   254.9558 74.79
volume2d rel. error  4.5726e-01
Updating tidal elevation at t = 14100
  0 SNES Function norm 5.189857960235e+02 
  1 SNES Function norm 1.151927659962e-09 
Current power, average power, integrated power and profit for each farm: [1.2040315624598734], [113.79987708758426], [1604578.266934938], [113.79987708758426]
Updating tidal elevation at t = 14160
  0 SNES Function norm 5.284574758634e+02 
  1 SNES Function norm 1.151366544700e-09 
Current power, average power, integrated power and profit for each farm: [0.9876640692748613], [113.32185923581176], [1604637.5267790945], [113.32185923581176]
  118   236 T=  14160.00 eta norm:  3515.0201 u norm:   225.4945 76.57
volume2d rel. error  4.5378e-01
Updating tidal elevation at t = 14220
  0 SNES Function norm 5.378770691266e+02 
  1 SNES Function norm 1.149803466683e-09 
Current power, average power, integrated power and profit for each farm: [0.7971321878424547], [112.84707135797221], [1604685.354710365], [112.84707135797221]
Updating tidal elevation at t = 14280
  0 SNES Function norm 5.472436528663e+02 
  1 SNES Function norm 1.147613111110e-09 
Current power, average power, integrated power and profit for each farm: [0.6312349773016165], [112.37557624712906], [1604723.228809003], [112.37557624712906]
  119   238 T=  14280.00 eta norm:  3487.1142 u norm:   195.5646 79.27
volume2d rel. error  4.5018e-01
Updating tidal elevation at t = 14340
  0 SNES Function norm 5.565563145289e+02 
  1 SNES Function norm 1.142724201479e-09 
Current power, average power, integrated power and profit for each farm: [0.4886955207652128], [111.90743030266728], [1604752.5505402489], [111.90743030266728]
Updating tidal elevation at t = 14400
  0 SNES Function norm 5.658141474679e+02 
  1 SNES Function norm 1.138462576947e-09 
Current power, average power, integrated power and profit for each farm: [0.3681567276298329], [111.44268332943795], [1604774.6399439066], [111.44268332943795]
  120   240 T=  14400.00 eta norm:  3458.2163 u norm:   165.1760 86.15
volume2d rel. error  4.4645e-01
Updating tidal elevation at t = 14460
  0 SNES Function norm 5.750162822445e+02 
  1 SNES Function norm 1.134906100393e-09 
Current power, average power, integrated power and profit for each farm: [0.2681765781634326], [110.98137832217125], [1604790.7305385964], [110.98137832217125]
Updating tidal elevation at t = 14520
  0 SNES Function norm 5.841618068924e+02 
  1 SNES Function norm 1.129560056970e-09 
Current power, average power, integrated power and profit for each farm: [0.18722229102725801], [110.52355123113348], [1604801.963876058], [110.52355123113348]
  121   242 T=  14520.00 eta norm:  3428.3346 u norm:   134.3663 78.15
volume2d rel. error  4.4259e-01
Updating tidal elevation at t = 14580
  0 SNES Function norm 5.932498183389e+02 
  1 SNES Function norm 1.127920736692e-09 
Current power, average power, integrated power and profit for each farm: [0.12366315655387353], [110.0692307040776], [1604809.3836654513], [110.0692307040776]
Updating tidal elevation at t = 14640
  0 SNES Function norm 6.022794772767e+02 
  1 SNES Function norm 1.125849793197e-09 
Current power, average power, integrated power and profit for each farm: [0.07576133707309238], [109.61843779683578], [1604813.9293456757], [109.61843779683578]
  122   244 T=  14640.00 eta norm:  3397.4774 u norm:   103.2457 74.49
volume2d rel. error  4.3861e-01
Updating tidal elevation at t = 14700
  0 SNES Function norm 6.112499296804e+02 
  1 SNES Function norm 1.123280415651e-09 
Current power, average power, integrated power and profit for each farm: [0.04165895742607769], [109.17118563830758], [1604816.4288831213], [109.17118563830758]
Updating tidal elevation at t = 14760
  0 SNES Function norm 6.201603242115e+02 
  1 SNES Function norm 1.124109488883e-09 
Current power, average power, integrated power and profit for each farm: [0.01935769918644145], [108.72747902066887], [1604817.5903450726], [108.72747902066887]
  123   246 T=  14760.00 eta norm:  3365.6533 u norm:    72.1645 74.87
volume2d rel. error  4.3450e-01
Updating tidal elevation at t = 14820
  0 SNES Function norm 6.290098240503e+02 
  1 SNES Function norm 1.118857326869e-09 
Current power, average power, integrated power and profit for each farm: [0.006681682530534044], [108.2873138492594], [1604817.9912460244], [108.2873138492594]
Updating tidal elevation at t = 14880
  0 SNES Function norm 6.377976092668e+02 
  1 SNES Function norm 1.116899235801e-09 
Current power, average power, integrated power and profit for each farm: [0.0011980257422143173], [107.8506762854549], [1604818.063127569], [107.8506762854549]
  124   248 T=  14880.00 eta norm:  3332.8714 u norm:    42.6104 69.21
volume2d rel. error  4.3027e-01
Updating tidal elevation at t = 14940
  0 SNES Function norm 6.465228619989e+02 
  1 SNES Function norm 1.115087130513e-09 
Current power, average power, integrated power and profit for each farm: [2.7477455062001585e-05], [107.41754114967979], [1604818.0647762162], [107.41754114967979]
Updating tidal elevation at t = 15000
  0 SNES Function norm 6.551847728641e+02 
  1 SNES Function norm 1.115334946716e-09 
Current power, average power, integrated power and profit for each farm: [0.0008380740049569979], [106.98787433737711], [1604818.1150606566], [106.98787433737711]
  125   250 T=  15000.00 eta norm:  3299.1410 u norm:    24.7100 72.95
volume2d rel. error  4.2591e-01
Updating tidal elevation at t = 15060
  0 SNES Function norm 6.637822851580e+02 
  1 SNES Function norm 1.112527714169e-09 
Current power, average power, integrated power and profit for each farm: [0.007362111253209289], [106.56165715719335], [1604818.5567873318], [106.56165715719335]
Updating tidal elevation at t = 15120
  0 SNES Function norm 6.723140277695e+02 
  1 SNES Function norm 1.107638929403e-09 
Current power, average power, integrated power and profit for each farm: [0.027379970973604943], [106.13890208899407], [1604820.1995855903], [106.13890208899407]
  126   252 T=  15120.00 eta norm:  3264.4826 u norm:    41.5812 71.87
volume2d rel. error  4.2144e-01
Updating tidal elevation at t = 15180
  0 SNES Function norm 6.807789277212e+02 
  1 SNES Function norm 1.106236210474e-09 
Current power, average power, integrated power and profit for each farm: [0.0710018069487941], [105.71966137641681], [1604824.4596940072], [105.71966137641681]
Updating tidal elevation at t = 15240
  0 SNES Function norm 6.891761668750e+02 
  1 SNES Function norm 1.103562552238e-09 
Current power, average power, integrated power and profit for each farm: [0.15284374922612448], [105.30404398418376], [1604833.6303189606], [105.30404398418376]
  127   254 T=  15240.00 eta norm:  3228.9159 u norm:    72.8243 76.00
volume2d rel. error  4.1685e-01
Updating tidal elevation at t = 15300
  0 SNES Function norm 6.975051143959e+02 
  1 SNES Function norm 1.094462383583e-09 
Current power, average power, integrated power and profit for each farm: [0.29301523411435104], [104.89223602830114], [1604851.2112330075], [104.89223602830114]
Updating tidal elevation at t = 15360
  0 SNES Function norm 7.057649054802e+02 
  1 SNES Function norm 1.091462146209e-09 
Current power, average power, integrated power and profit for each farm: [0.5157124479301451], [104.48451523306532], [1604882.1539798833], [104.48451523306532]
  128   256 T=  15360.00 eta norm:  3192.4318 u norm:   106.9712 81.24
volume2d rel. error  4.1213e-01
Updating tidal elevation at t = 15420
  0 SNES Function norm 7.139546309088e+02 
  1 SNES Function norm 1.089104256028e-09 
Current power, average power, integrated power and profit for each farm: [0.8456109253556569], [104.08125101396918], [1604932.8906354047], [104.08125101396918]
Updating tidal elevation at t = 15480
  0 SNES Function norm 7.220734488286e+02 
  1 SNES Function norm 1.085072724061e-09 
Current power, average power, integrated power and profit for each farm: [1.3008621654981773], [103.6828774137813], [1605010.9423653346], [103.6828774137813]
  129   258 T=  15480.00 eta norm:  3155.0368 u norm:   142.2160 73.84
volume2d rel. error  4.0731e-01
Updating tidal elevation at t = 15540
  0 SNES Function norm 7.301206149804e+02 
  1 SNES Function norm 1.079444036143e-09 
Current power, average power, integrated power and profit for each farm: [1.8824359876083658], [103.28982551638295], [1605123.888524591], [103.28982551638295]
Updating tidal elevation at t = 15600
  0 SNES Function norm 7.380954710034e+02 
  1 SNES Function norm 1.055200197375e-09 
Current power, average power, integrated power and profit for each farm: [2.565201492744112], [102.90242311629203], [1605277.8006141556], [102.90242311629203]
  130   260 T=  15600.00 eta norm:  3116.7460 u norm:   178.0368 71.83
volume2d rel. error  4.0236e-01
Updating tidal elevation at t = 15660
  0 SNES Function norm 7.459974052723e+02 
  1 SNES Function norm 1.002000522552e-09 
Current power, average power, integrated power and profit for each farm: [3.30224841512825], [102.52081325153661], [1605475.9355190634], [102.52081325153661]
Updating tidal elevation at t = 15720
  0 SNES Function norm 7.538258206979e+02 
  1 SNES Function norm 9.434581607654e-10 
Current power, average power, integrated power and profit for each farm: [4.045978196817736], [102.1449551024728], [1605718.6942108725], [102.1449551024728]
  131   262 T=  15720.00 eta norm:  3077.5716 u norm:   214.1875 74.03
volume2d rel. error  3.9731e-01
Updating tidal elevation at t = 15780
  0 SNES Function norm 7.615801178696e+02 
  1 SNES Function norm 8.971163987000e-10 
Current power, average power, integrated power and profit for each farm: [4.769591030757106], [101.77470656988073], [1606004.869672718], [101.77470656988073]
Updating tidal elevation at t = 15840
  0 SNES Function norm 7.692596748678e+02 
  1 SNES Function norm 8.817795879198e-10 
Current power, average power, integrated power and profit for each farm: [5.47149741454941], [101.4099216867166], [1606333.159517591], [101.4099216867166]
  132   264 T=  15840.00 eta norm:  3037.5242 u norm:   250.5141 53.29
volume2d rel. error  3.9213e-01
Updating tidal elevation at t = 15900
  0 SNES Function norm 7.768638293465e+02 
  1 SNES Function norm 8.809420252253e-10 
Current power, average power, integrated power and profit for each farm: [6.165581373249759], [101.05050908176011], [1606703.0943999859], [101.05050908176011]
Updating tidal elevation at t = 15960
  0 SNES Function norm 7.843918988616e+02 
[0]PETSC ERROR: ------------------------------------------------------------------------
[0]PETSC ERROR: Caught signal number 15 Terminate: Some process (or the batch system) has told this process to end
[0]PETSC ERROR: Try option -start_in_debugger or -on_error_attach_debugger
[0]PETSC ERROR: or see https://www.mcs.anl.gov/petsc/documentation/faq.html#valgrind
[0]PETSC ERROR: or try http://valgrind.org on GNU/linux and Apple Mac OS X to find memory corruption errors
[0]PETSC ERROR: configure using --with-debugging=yes, recompile, link, and run 
[0]PETSC ERROR: to get more information on the crash.
application called MPI_Abort(MPI_COMM_WORLD, 50151059) - process 0
[1]PETSC ERROR: ------------------------------------------------------------------------
[1]PETSC ERROR: Caught signal number 15 Terminate: Some process (or the batch system) has told this process to end
[1]PETSC ERROR: Try option -start_in_debugger or -on_error_attach_debugger
[1]PETSC ERROR: or see https://www.mcs.anl.gov/petsc/documentation/faq.html#valgrind
[1]PETSC ERROR: or try http://valgrind.org on GNU/linux and Apple Mac OS X to find memory corruption errors
[1]PETSC ERROR: configure using --with-debugging=yes, recompile, link, and run 
[1]PETSC ERROR: to get more information on the crash.
application called MPI_Abort(MPI_COMM_WORLD, 50151059) - process 1
[2]PETSC ERROR: ------------------------------------------------------------------------
[2]PETSC ERROR: Caught signal number 15 Terminate: Some process (or the batch system) has told this process to end
[2]PETSC ERROR: Try option -start_in_debugger or -on_error_attach_debugger
[2]PETSC ERROR: or see https://www.mcs.anl.gov/petsc/documentation/faq.html#valgrind
[2]PETSC ERROR: or try http://valgrind.org on GNU/linux and Apple Mac OS X to find memory corruption errors
[2]PETSC ERROR: configure using --with-debugging=yes, recompile, link, and run 
[2]PETSC ERROR: to get more information on the crash.
[3]PETSC ERROR: ------------------------------------------------------------------------
[3]PETSC ERROR: Caught signal number 15 Terminate: Some process (or the batch system) has told this process to end
[3]PETSC ERROR: Try option -start_in_debugger or -on_error_attach_debugger
[3]PETSC ERROR: or see https://www.mcs.anl.gov/petsc/documentation/faq.html#valgrind
[3]PETSC ERROR: or try http://valgrind.org on GNU/linux and Apple Mac OS X to find memory corruption errors
[3]PETSC ERROR: configure using --with-debugging=yes, recompile, link, and run 
[3]PETSC ERROR: to get more information on the crash.
application called MPI_Abort(MPI_COMM_WORLD, 50151059) - process 3
application called MPI_Abort(MPI_COMM_WORLD, 50151059) - process 2
