nohup: ignoring input
2.economy/discrete/intermediate-step1-fromsame/yaw-cable-BE-10
Using default SIPG parameters
dt = 300
Using time integrator: CrankNicolson
Number of turbines = 11.99989340073707
  492  2952 T= 885600.00 eta norm: 38455.9287 u norm: 20174.0628  0.00
volume2d rel. error  0.0000e+00
Updating tidal field at t=885900
Done updating tidal field
  0 SNES Function norm 9.407204340185e+05 
  1 SNES Function norm 3.710656832349e+01 
Current power, average power, integrated power and profit for each farm: [2934.915536408205], [2934.915536408205], [880474.6609224614], [2934.915536408205]. The force is 0. The extra_force is 0
Updating tidal field at t=886200
Done updating tidal field
  0 SNES Function norm 9.885917056777e+05 
  1 SNES Function norm 3.387298872791e+01 
Current power, average power, integrated power and profit for each farm: [2731.2482207209637], [2833.0818785645843], [1699849.1271387506], [2833.0818785645843]. The force is 0. The extra_force is 0
Updating tidal field at t=886500
Done updating tidal field
  0 SNES Function norm 1.037124667686e+06 
  1 SNES Function norm 3.057017212949e+01 
Current power, average power, integrated power and profit for each farm: [2549.09084305069], [2738.418200059953], [2464576.380053958], [2738.418200059953]. The force is 0. The extra_force is 0
Updating tidal field at t=886800
Done updating tidal field
  0 SNES Function norm 1.086246651941e+06 
  1 SNES Function norm 2.731876541555e+01 
Current power, average power, integrated power and profit for each farm: [2382.4785843849563], [2649.4332961412038], [3179319.9553694446], [2649.4332961412038]. The force is 0. The extra_force is 0
Updating tidal field at t=887100
Done updating tidal field
  0 SNES Function norm 1.135950581169e+06 
  1 SNES Function norm 2.433337161133e+01 
Current power, average power, integrated power and profit for each farm: [2247.4487376733987], [2569.036384447643], [3853554.5766714644], [2569.036384447643]. The force is 0. The extra_force is 0
Updating tidal field at t=887400
Done updating tidal field
  0 SNES Function norm 1.186213651580e+06 
  1 SNES Function norm 2.194954716461e+01 
Current power, average power, integrated power and profit for each farm: [2128.260244046311], [2495.573694380754], [4492032.649885357], [2495.573694380754]. The force is 0. The extra_force is 0
  493  2958 T= 887400.00 eta norm: 37873.6445 u norm: 17720.9275 20.44
volume2d rel. error  1.5508e-03
Updating tidal field at t=887700
Done updating tidal field
  0 SNES Function norm 1.236965677871e+06 
  1 SNES Function norm 2.058291921591e+01 
Current power, average power, integrated power and profit for each farm: [2007.5348584396309], [2425.8538606748793], [5094293.107417246], [2425.8538606748793]. The force is 0. The extra_force is 0
Updating tidal field at t=888000
Done updating tidal field
  0 SNES Function norm 1.288197843254e+06 
  1 SNES Function norm 2.051923906796e+01 
Current power, average power, integrated power and profit for each farm: [1873.9379860185854], [2356.8643763428427], [5656474.503222822], [2356.8643763428427]. The force is 0. The extra_force is 0
Updating tidal field at t=888300
Done updating tidal field
  0 SNES Function norm 1.339804481047e+06 
  1 SNES Function norm 2.153545649749e+01 
Current power, average power, integrated power and profit for each farm: [1726.7896094239602], [2286.856068907411], [6174511.38605001], [2286.856068907411]. The force is 0. The extra_force is 0
Updating tidal field at t=888600
Done updating tidal field
  0 SNES Function norm 1.391307140032e+06 
  1 SNES Function norm 2.405049653357e+01 
Current power, average power, integrated power and profit for each farm: [1579.0635152388465], [2216.0768135405547], [6648230.440621664], [2216.0768135405547]. The force is 0. The extra_force is 0
Updating tidal field at t=888900
Done updating tidal field
  0 SNES Function norm 1.442786676489e+06 
  1 SNES Function norm 2.793996466884e+01 
Current power, average power, integrated power and profit for each farm: [1448.3875305841907], [2146.2868787263396], [7082746.699796921], [2146.2868787263396]. The force is 0. The extra_force is 0
Updating tidal field at t=889200
Done updating tidal field
  0 SNES Function norm 1.493924683404e+06 
  1 SNES Function norm 3.340209483177e+01 
Current power, average power, integrated power and profit for each farm: [1340.261184725848], [2079.1180708929655], [7484825.055214675], [2079.1180708929655]. The force is 0. The extra_force is 0
  494  2964 T= 889200.00 eta norm: 35053.8305 u norm: 14597.9032 17.02
volume2d rel. error  9.3480e-03
Updating tidal field at t=889500
Done updating tidal field
  0 SNES Function norm 1.545123036500e+06 
  1 SNES Function norm 4.020144257296e+01 
Current power, average power, integrated power and profit for each farm: [1251.0672590611416], [2015.4218545982096], [7860145.232933017], [2015.4218545982096]. The force is 0. The extra_force is 0
Updating tidal field at t=889800
Done updating tidal field
  0 SNES Function norm 1.596021420814e+06 
  1 SNES Function norm 4.793128004786e+01 
Current power, average power, integrated power and profit for each farm: [1168.758659166293], [1954.9459120673584], [8210772.830682905], [1954.9459120673584]. The force is 0. The extra_force is 0
Updating tidal field at t=890100
Done updating tidal field
  0 SNES Function norm 1.646396873718e+06 
  1 SNES Function norm 5.617378444458e+01 
Current power, average power, integrated power and profit for each farm: [1076.4155494497536], [1896.3772212261847], [8533697.495517831], [1896.3772212261847]. The force is 0. The extra_force is 0
Updating tidal field at t=890400
Done updating tidal field
  0 SNES Function norm 1.696164737869e+06 
  1 SNES Function norm 6.453132660427e+01 
Current power, average power, integrated power and profit for each farm: [965.6980961221055], [1838.20977590718], [8823406.924354464], [1838.20977590718]. The force is 0. The extra_force is 0
Updating tidal field at t=890700
Done updating tidal field
  0 SNES Function norm 1.745361657837e+06 
  1 SNES Function norm 7.262694267033e+01 
Current power, average power, integrated power and profit for each farm: [838.779193532535], [1779.419741649848], [9075040.682414224], [1779.419741649848]. The force is 0. The extra_force is 0
Updating tidal field at t=891000
Done updating tidal field
  0 SNES Function norm 1.793795005685e+06 
  1 SNES Function norm 8.078341245855e+01 
Current power, average power, integrated power and profit for each farm: [707.6917446817455], [1719.8792973738423], [9287348.205818748], [1719.8792973738423]. The force is 0. The extra_force is 0
  495  2970 T= 891000.00 eta norm: 30100.8524 u norm: 11175.1818 17.42
volume2d rel. error  2.3105e-02
Updating tidal field at t=891300
Done updating tidal field
  0 SNES Function norm 1.840390889371e+06 
  1 SNES Function norm 8.781115276238e+01 
Current power, average power, integrated power and profit for each farm: [585.3627969994905], [1660.1679026172974], [9462957.044918595], [1660.1679026172974]. The force is 0. The extra_force is 0
Updating tidal field at t=891600
Done updating tidal field
  0 SNES Function norm 1.886115055544e+06 
  1 SNES Function norm 9.470034355864e+01 
Current power, average power, integrated power and profit for each farm: [476.5499421721585], [1600.9870045950404], [9605922.027570242], [1600.9870045950404]. The force is 0. The extra_force is 0
Updating tidal field at t=891900
Done updating tidal field
  0 SNES Function norm 1.930462402036e+06 
  1 SNES Function norm 1.004483009165e+02 
Current power, average power, integrated power and profit for each farm: [379.59074941099954], [1542.825278157705], [9719799.252393542], [1542.825278157705]. The force is 0. The extra_force is 0
Updating tidal field at t=892200
Done updating tidal field
  0 SNES Function norm 1.973678481863e+06 
  1 SNES Function norm 1.058353341116e+02 
Current power, average power, integrated power and profit for each farm: [295.05179686381683], [1486.1083017352557], [9808314.791452687], [1486.1083017352557]. The force is 0. The extra_force is 0
Updating tidal field at t=892500
Done updating tidal field
  0 SNES Function norm 2.016010264136e+06 
  1 SNES Function norm 1.102947793156e+02 
Current power, average power, integrated power and profit for each farm: [224.98044616693676], [1431.276655840981], [9875808.925302768], [1431.276655840981]. The force is 0. The extra_force is 0
Updating tidal field at t=892800
Done updating tidal field
  0 SNES Function norm 2.057754444348e+06 
  1 SNES Function norm 1.146373674221e+02 
Current power, average power, integrated power and profit for each farm: [167.01560978274412], [1378.599112255221], [9925913.60823759], [1378.599112255221]. The force is 0. The extra_force is 0
  496  2976 T= 892800.00 eta norm: 23407.7997 u norm:  8101.2593 16.94
volume2d rel. error  4.1782e-02
Updating tidal field at t=893100
Done updating tidal field
  0 SNES Function norm 2.097613309459e+06 
  1 SNES Function norm 1.186295485970e+02 
Current power, average power, integrated power and profit for each farm: [121.13246067337857], [1328.3004461919472], [9962253.346439604], [1328.3004461919472]. The force is 0. The extra_force is 0
Updating tidal field at t=893400
Done updating tidal field
  0 SNES Function norm 2.135972107374e+06 
  1 SNES Function norm 1.229525715690e+02 
Current power, average power, integrated power and profit for each farm: [85.80217233390213], [1280.5120510435609], [9987993.998139774], [1280.5120510435609]. The force is 0. The extra_force is 0
Updating tidal field at t=893700
Done updating tidal field
  0 SNES Function norm 2.172773297863e+06 
  1 SNES Function norm 1.273717450000e+02 
Current power, average power, integrated power and profit for each farm: [58.16935073523594], [1235.2400991802895], [10005444.803360345], [1235.2400991802895]. The force is 0. The extra_force is 0
Updating tidal field at t=894000
Done updating tidal field
  0 SNES Function norm 2.206487740963e+06 
  1 SNES Function norm 1.322898611693e+02 
Current power, average power, integrated power and profit for each farm: [37.114703229833815], [1192.4499064677732], [10016579.214329295], [1192.4499064677732]. The force is 0. The extra_force is 0
Updating tidal field at t=894300
Done updating tidal field
  0 SNES Function norm 2.237077792203e+06 
  1 SNES Function norm 1.371937925705e+02 
Current power, average power, integrated power and profit for each farm: [20.284078811190568], [1152.0303951692704], [10022664.437972652], [1152.0303951692704]. The force is 0. The extra_force is 0
Updating tidal field at t=894600
Done updating tidal field
  0 SNES Function norm 2.269991961659e+06 
  1 SNES Function norm 1.440611348250e+02 
Current power, average power, integrated power and profit for each farm: [7.634804028580568], [1113.8838754645808], [10024954.879181227], [1113.8838754645808]. The force is 0. The extra_force is 0
  497  2982 T= 894600.00 eta norm: 15511.5139 u norm:  7094.6374 16.27
volume2d rel. error  6.4016e-02
Updating tidal field at t=894900
Done updating tidal field
  0 SNES Function norm 2.283841627250e+06 
  1 SNES Function norm 1.485507340418e+02 
Current power, average power, integrated power and profit for each farm: [1.5111442093902419], [1078.0008841337683], [10025408.222444044], [1078.0008841337683]. The force is 0. The extra_force is 0
Updating tidal field at t=895200
Done updating tidal field
  0 SNES Function norm 2.301576919418e+06 
  1 SNES Function norm 1.540907643476e+02 
Current power, average power, integrated power and profit for each farm: [0.3953935561950454], [1044.325712553219], [10025526.840510903], [1044.325712553219]. The force is 0. The extra_force is 0
Updating tidal field at t=895500
Done updating tidal field
  0 SNES Function norm 2.306555346775e+06 
  1 SNES Function norm 1.571539704589e+02 
Current power, average power, integrated power and profit for each farm: [1.69307119991102], [1012.7307840273612], [10026034.761870876], [1012.7307840273612]. The force is 0. The extra_force is 0
Updating tidal field at t=895800
Done updating tidal field
  0 SNES Function norm 2.309899563949e+06 
  1 SNES Function norm 1.607251964365e+02 
Current power, average power, integrated power and profit for each farm: [5.937300775421968], [983.1192109905395], [10027815.952103503], [983.1192109905395]. The force is 0. The extra_force is 0
Updating tidal field at t=896100
Done updating tidal field
  0 SNES Function norm 2.303047266198e+06 
  1 SNES Function norm 1.621104627270e+02 
Current power, average power, integrated power and profit for each farm: [16.54320447157296], [955.5027536614263], [10032778.913444975], [955.5027536614263]. The force is 0. The extra_force is 0
Updating tidal field at t=896400
Done updating tidal field
  0 SNES Function norm 2.293085953649e+06 
  1 SNES Function norm 1.634609426749e+02 
Current power, average power, integrated power and profit for each farm: [31.104753230315747], [929.8250314272286], [10042110.33941407], [929.8250314272286]. The force is 0. The extra_force is 0
  498  2988 T= 896400.00 eta norm:  7183.0207 u norm:  9408.0966 16.54
volume2d rel. error  8.8547e-02
Updating tidal field at t=896700
Done updating tidal field
  0 SNES Function norm 2.275763871758e+06 
  1 SNES Function norm 1.633671400886e+02 
Current power, average power, integrated power and profit for each farm: [42.89373186844631], [905.8539152229373], [10054978.458974604], [905.8539152229373]. The force is 0. The extra_force is 0
Updating tidal field at t=897000
Done updating tidal field
  0 SNES Function norm 2.255413182617e+06 
  1 SNES Function norm 1.638240375136e+02 
Current power, average power, integrated power and profit for each farm: [49.325891235171945], [883.3137040653645], [10069776.226345155], [883.3137040653645]. The force is 0. The extra_force is 0
Updating tidal field at t=897300
Done updating tidal field
  0 SNES Function norm 2.230619915838e+06 
  1 SNES Function norm 1.639628249126e+02 
Current power, average power, integrated power and profit for each farm: [49.24329435022309], [861.9272833034379], [10084549.214650223], [861.9272833034379]. The force is 0. The extra_force is 0
Updating tidal field at t=897600
Done updating tidal field
  0 SNES Function norm 2.202678493467e+06 
  1 SNES Function norm 1.643224272452e+02 
Current power, average power, integrated power and profit for each farm: [47.39478713716221], [841.5639708992809], [10098767.650791371], [841.5639708992809]. The force is 0. The extra_force is 0
Updating tidal field at t=897900
Done updating tidal field
  0 SNES Function norm 2.172453672511e+06 
  1 SNES Function norm 1.646552135760e+02 
Current power, average power, integrated power and profit for each farm: [49.27821335484009], [822.2399280323433], [10113551.114797823], [822.2399280323433]. The force is 0. The extra_force is 0
Updating tidal field at t=898200
Done updating tidal field
  0 SNES Function norm 2.139714190365e+06 
  1 SNES Function norm 1.665671519079e+02 
Current power, average power, integrated power and profit for each farm: [62.670638463395136], [804.1549449473684], [10132352.306336842], [804.1549449473684]. The force is 0. The extra_force is 0
  499  2994 T= 898200.00 eta norm:  4677.5380 u norm: 13302.6951 16.39
volume2d rel. error  1.1343e-01
Updating tidal field at t=898500
Done updating tidal field
  0 SNES Function norm 2.104756379670e+06 
  1 SNES Function norm 1.722857744092e+02 
Current power, average power, integrated power and profit for each farm: [96.80695367507026], [787.7049916619661], [10161394.392439364], [787.7049916619661]. The force is 0. The extra_force is 0
Updating tidal field at t=898800
Done updating tidal field
  0 SNES Function norm 2.065713048090e+06 
  1 SNES Function norm 1.828360467204e+02 
Current power, average power, integrated power and profit for each farm: [157.88356976217082], [773.3908684369709], [10208759.463368015], [773.3908684369709]. The force is 0. The extra_force is 0
Updating tidal field at t=899100
Done updating tidal field
  0 SNES Function norm 2.023223393794e+06 
  1 SNES Function norm 1.954218008223e+02 
Current power, average power, integrated power and profit for each farm: [245.7767016610025], [761.6661091752826], [10282492.473866316], [761.6661091752826]. The force is 0. The extra_force is 0
Updating tidal field at t=899400
Done updating tidal field
  0 SNES Function norm 1.976099934773e+06 
  1 SNES Function norm 2.057330093652e+02 
Current power, average power, integrated power and profit for each farm: [364.77557531084733], [753.0380540912732], [10391925.14645957], [753.0380540912732]. The force is 0. The extra_force is 0
Updating tidal field at t=899700
Done updating tidal field
  0 SNES Function norm 1.925930727560e+06 
  1 SNES Function norm 2.089866628550e+02 
Current power, average power, integrated power and profit for each farm: [532.3673286257996], [748.3429322728589], [10551635.34504731], [748.3429322728589]. The force is 0. The extra_force is 0
Updating tidal field at t=900000
Done updating tidal field
  0 SNES Function norm 1.872558514076e+06 
  1 SNES Function norm 2.023168318436e+02 
Current power, average power, integrated power and profit for each farm: [757.5955782622443], [748.5356957309712], [10778914.018525984], [748.5356957309712]. The force is 0. The extra_force is 0
  500  3000 T= 900000.00 eta norm: 12066.0959 u norm: 17242.8246 17.13
volume2d rel. error  1.3730e-01
Updating tidal field at t=900300
Done updating tidal field
  0 SNES Function norm 1.817707515432e+06 
  1 SNES Function norm 1.886866965486e+02 
Current power, average power, integrated power and profit for each farm: [1026.4427885161092], [754.2072690531168], [11086846.855080817], [754.2072690531168]. The force is 0. The extra_force is 0
Updating tidal field at t=900600
Done updating tidal field
  0 SNES Function norm 1.760838362633e+06 
  1 SNES Function norm 1.734997856007e+02 
Current power, average power, integrated power and profit for each farm: [1318.4526395265752], [765.492176462586], [11482382.64693879], [765.492176462586]. The force is 0. The extra_force is 0
Updating tidal field at t=900900
Done updating tidal field
  0 SNES Function norm 1.702896829024e+06 
  1 SNES Function norm 1.583609725361e+02 
Current power, average power, integrated power and profit for each farm: [1614.7420670448148], [782.1441351014531], [11966805.267052233], [782.1441351014531]. The force is 0. The extra_force is 0
Updating tidal field at t=901200
Done updating tidal field
  0 SNES Function norm 1.642696928508e+06 
  1 SNES Function norm 1.491573893064e+02 
Current power, average power, integrated power and profit for each farm: [1884.3569201687515], [803.3405348142859], [12532112.34310286], [803.3405348142859]. The force is 0. The extra_force is 0
Updating tidal field at t=901500
Done updating tidal field
  0 SNES Function norm 1.581041761270e+06 
  1 SNES Function norm 1.494264719039e+02 
Current power, average power, integrated power and profit for each farm: [2083.6446275490475], [827.4972158092813], [13157205.731367573], [827.4972158092813]. The force is 0. The extra_force is 0
Updating tidal field at t=901800
Done updating tidal field
  0 SNES Function norm 1.517114490826e+06 
  1 SNES Function norm 1.552289848024e+02 
Current power, average power, integrated power and profit for each farm: [2190.963792955477], [852.7465968675442], [13814494.869254217], [852.7465968675442]. The force is 0. The extra_force is 0
  501  3006 T= 901800.00 eta norm: 19990.7543 u norm: 20400.6477 17.52
volume2d rel. error  1.5997e-01
Updating tidal field at t=902100
Done updating tidal field
  0 SNES Function norm 1.452128845798e+06 
  1 SNES Function norm 1.629313636909e+02 
Current power, average power, integrated power and profit for each farm: [2234.322946265963], [877.8661668566064], [14484791.753134005], [877.8661668566064]. The force is 0. The extra_force is 0
Updating tidal field at t=902400
Done updating tidal field
  0 SNES Function norm 1.386185795094e+06 
  1 SNES Function norm 1.701145360399e+02 
Current power, average power, integrated power and profit for each farm: [2270.6856754983683], [902.7379437966379], [15165997.455783516], [902.7379437966379]. The force is 0. The extra_force is 0
Updating tidal field at t=902700
Done updating tidal field
  0 SNES Function norm 1.320487290919e+06 
  1 SNES Function norm 1.793939157007e+02 
Current power, average power, integrated power and profit for each farm: [2340.200069702141], [927.9565775844537], [15868057.47669416], [927.9565775844537]. The force is 0. The extra_force is 0
Updating tidal field at t=903000
Done updating tidal field
  0 SNES Function norm 1.255301075847e+06 
  1 SNES Function norm 1.909556251512e+02 
Current power, average power, integrated power and profit for each farm: [2446.3456117662395], [954.1356988634501], [16601961.160224032], [954.1356988634501]. The force is 0. The extra_force is 0
Updating tidal field at t=903300
Done updating tidal field
  0 SNES Function norm 1.191288940912e+06 
  1 SNES Function norm 2.067007613410e+02 
Current power, average power, integrated power and profit for each farm: [2569.2894269452117], [981.5111857800902], [17372747.988307595], [981.5111857800902]. The force is 0. The extra_force is 0
Updating tidal field at t=903600
Done updating tidal field
  0 SNES Function norm 1.128700684319e+06 
  1 SNES Function norm 2.253823199808e+02 
Current power, average power, integrated power and profit for each farm: [2690.9836156274896], [1010.0023929442134], [18180043.07299584], [1010.0023929442134]. The force is 0. The extra_force is 0
  502  3012 T= 903600.00 eta norm: 27215.1828 u norm: 22251.5944 16.98
volume2d rel. error  1.8040e-01
Updating tidal field at t=903900
Done updating tidal field
  0 SNES Function norm 1.068218206132e+06 
  1 SNES Function norm 2.448162694402e+02 
Current power, average power, integrated power and profit for each farm: [2805.117062728348], [1039.430502284937], [19021578.191814344], [1039.430502284937]. The force is 0. The extra_force is 0
Updating tidal field at t=904200
Done updating tidal field
  0 SNES Function norm 1.010842583227e+06 
  1 SNES Function norm 2.550506188206e+02 
Current power, average power, integrated power and profit for each farm: [2912.307991160472], [1069.6382037184133], [19895270.589162488], [1069.6382037184133]. The force is 0. The extra_force is 0
Updating tidal field at t=904500
Done updating tidal field
  0 SNES Function norm 9.577904046213e+05 
  1 SNES Function norm 2.464735257275e+02 
Current power, average power, integrated power and profit for each farm: [3010.4040650326706], [1100.4440110408618], [20798391.80867229], [1100.4440110408618]. The force is 0. The extra_force is 0
Updating tidal field at t=904800
Done updating tidal field
  0 SNES Function norm 9.108319505193e+05 
  1 SNES Function norm 2.159896865384e+02 
Current power, average power, integrated power and profit for each farm: [3090.4861814056985], [1131.5384199528125], [21725537.663094], [1131.5384199528125]. The force is 0. The extra_force is 0
Updating tidal field at t=905100
Done updating tidal field
  0 SNES Function norm 8.707633201283e+05 
  1 SNES Function norm 1.692739310369e+02 
Current power, average power, integrated power and profit for each farm: [3146.4338642644952], [1162.5368114037615], [22669467.82237335], [1162.5368114037615]. The force is 0. The extra_force is 0
Updating tidal field at t=905400
Done updating tidal field
  0 SNES Function norm 8.379778896728e+05 
  1 SNES Function norm 1.210750761423e+02 
Current power, average power, integrated power and profit for each farm: [3183.3071887243586], [1193.1545443934674], [23624459.978990655], [1193.1545443934674]. The force is 0. The extra_force is 0
  503  3018 T= 905400.00 eta norm: 32997.1319 u norm: 22641.4914 16.48
volume2d rel. error  1.9668e-01
Updating tidal field at t=905700
Done updating tidal field
  0 SNES Function norm 8.113784801472e+05 
  1 SNES Function norm 9.257768308587e+01 
Current power, average power, integrated power and profit for each farm: [3211.3434772530936], [1223.2767672719694], [24587863.022166584], [1223.2767672719694]. The force is 0. The extra_force is 0
Updating tidal field at t=906000
Done updating tidal field
  0 SNES Function norm 7.905814893226e+05 
  1 SNES Function norm 8.137450970638e+01 
Current power, average power, integrated power and profit for each farm: [3235.362853187498], [1252.866268535433], [25558471.878122833], [1252.866268535433]. The force is 0. The extra_force is 0
Updating tidal field at t=906300
Done updating tidal field
  0 SNES Function norm 7.755933221621e+05 
  1 SNES Function norm 7.388488848477e+01 
Current power, average power, integrated power and profit for each farm: [3251.475275491699], [1281.8316164623354], [26533914.460770342], [1281.8316164623354]. The force is 0. The extra_force is 0
Updating tidal field at t=906600
Done updating tidal field
  0 SNES Function norm 7.677027016394e+05 
  1 SNES Function norm 6.556489959199e+01 
Current power, average power, integrated power and profit for each farm: [3255.0925683414157], [1310.0210586320366], [27510442.23127277], [1310.0210586320366]. The force is 0. The extra_force is 0
Updating tidal field at t=906900
Done updating tidal field
  0 SNES Function norm 7.669753454014e+05 
  1 SNES Function norm 5.482218545397e+01 
Current power, average power, integrated power and profit for each farm: [3248.4712723759812], [1337.323174318571], [28484983.612985563], [1337.323174318571]. The force is 0. The extra_force is 0
Updating tidal field at t=907200
Done updating tidal field
  0 SNES Function norm 7.737777433808e+05 
  1 SNES Function norm 4.465997718793e+01 
Current power, average power, integrated power and profit for each farm: [3241.1755235161654], [1363.7655680574264], [29457336.27004041], [1363.7655680574264]. The force is 0. The extra_force is 0
  504  3024 T= 907200.00 eta norm: 36846.2849 u norm: 21864.3185 16.42
volume2d rel. error  2.0748e-01
Updating tidal field at t=907500
Done updating tidal field
  0 SNES Function norm 7.873703497828e+05 
  1 SNES Function norm 3.686208365852e+01 
Current power, average power, integrated power and profit for each farm: [3242.3495567654727], [1389.4995953000023], [30430041.137070052], [1389.4995953000023]. The force is 0. The extra_force is 0
Updating tidal field at t=907800
Done updating tidal field
  0 SNES Function norm 8.069867084882e+05 
  1 SNES Function norm 3.062712258302e+01 
Current power, average power, integrated power and profit for each farm: [3257.009006852521], [1414.736208969631], [31407143.83912581], [1414.736208969631]. The force is 0. The extra_force is 0
Updating tidal field at t=908100
Done updating tidal field
  0 SNES Function norm 8.311260666885e+05 
  1 SNES Function norm 2.519957287563e+01 
Current power, average power, integrated power and profit for each farm: [3292.366405132198], [1439.7712782517985], [32394853.76066547], [1439.7712782517985]. The force is 0. The extra_force is 0
Updating tidal field at t=908400
Done updating tidal field
  0 SNES Function norm 8.593427661884e+05 
  1 SNES Function norm 2.103569976565e+01 
Current power, average power, integrated power and profit for each farm: [3358.8810051086207], [1465.0227220262304], [33402518.062198054], [1465.0227220262304]. The force is 0. The extra_force is 0
Updating tidal field at t=908700
Done updating tidal field
  0 SNES Function norm 8.922514699474e+05 
  1 SNES Function norm 1.803147930864e+01 
Current power, average power, integrated power and profit for each farm: [3458.00250882571], [1490.9055764002499], [34439918.81484577], [1490.9055764002499]. The force is 0. The extra_force is 0
Updating tidal field at t=909000
Done updating tidal field
  0 SNES Function norm 9.310362818021e+05 
  1 SNES Function norm 1.632652846968e+01 
Current power, average power, integrated power and profit for each farm: [3562.484891352583], [1517.4642855663053], [35508664.282251544], [1517.4642855663053]. The force is 0. The extra_force is 0
  505  3030 T= 909000.00 eta norm: 38619.2748 u norm: 20076.7959 17.10
volume2d rel. error  2.1250e-01
Updating tidal field at t=909300
Done updating tidal field
  0 SNES Function norm 9.762114365688e+05 
  1 SNES Function norm 1.510583251096e+01 
Current power, average power, integrated power and profit for each farm: [3585.296305639557], [1543.639374427992], [36584253.17394341], [1543.639374427992]. The force is 0. The extra_force is 0
Updating tidal field at t=909600
Done updating tidal field
  0 SNES Function norm 1.026566211703e+06 
  1 SNES Function norm 1.344374229546e+01 
Current power, average power, integrated power and profit for each farm: [3400.9436640133854], [1566.8556780478095], [37604536.27314743], [1566.8556780478095]. The force is 0. The extra_force is 0
Updating tidal field at t=909900
Done updating tidal field
  0 SNES Function norm 1.079804465468e+06 
  1 SNES Function norm 1.150722256716e+01 
Current power, average power, integrated power and profit for each farm: [2970.3372187631517], [1584.1826106492335], [38495637.438776374], [1584.1826106492335]. The force is 0. The extra_force is 0
Updating tidal field at t=910200
Done updating tidal field
  0 SNES Function norm 1.133963117211e+06 
  1 SNES Function norm 1.034285704048e+01 
Current power, average power, integrated power and profit for each farm: [2403.513362527156], [1594.1744490867693], [39216691.447534524], [1594.1744490867693]. The force is 0. The extra_force is 0
Updating tidal field at t=910500
Done updating tidal field
  0 SNES Function norm 1.187281865249e+06 
  1 SNES Function norm 9.621711410813e+00 
Current power, average power, integrated power and profit for each farm: [1873.3440519203648], [1597.5379382775357], [39778694.663110636], [1597.5379382775357]. The force is 0. The extra_force is 0
Updating tidal field at t=910800
Done updating tidal field
  0 SNES Function norm 1.239023664624e+06 
  1 SNES Function norm 9.150745334033e+00 
Current power, average power, integrated power and profit for each farm: [1475.8553214400888], [1596.0893356961376], [40221451.25954267], [1596.0893356961376]. The force is 0. The extra_force is 0
  506  3036 T= 910800.00 eta norm: 38316.3279 u norm: 17301.3981 17.24
volume2d rel. error  2.1171e-01
Updating tidal field at t=911100
Done updating tidal field
  0 SNES Function norm 1.289328942108e+06 
  1 SNES Function norm 8.985732090160e+00 
Current power, average power, integrated power and profit for each farm: [1215.6435777078643], [1591.6135032492166], [40586144.33285502], [1591.6135032492166]. The force is 0. The extra_force is 0
Updating tidal field at t=911400
Done updating tidal field
  0 SNES Function norm 1.338689468994e+06 
  1 SNES Function norm 9.497474672118e+00 
Current power, average power, integrated power and profit for each farm: [1049.4426751847934], [1585.309191294979], [40900977.13541046], [1585.309191294979]. The force is 0. The extra_force is 0
Updating tidal field at t=911700
Done updating tidal field
  0 SNES Function norm 1.387910294480e+06 
  1 SNES Function norm 1.100446384337e+01 
Current power, average power, integrated power and profit for each farm: [930.3611965335223], [1577.7810534241576], [41180085.49437051], [1577.7810534241576]. The force is 0. The extra_force is 0
Updating tidal field at t=912000
Done updating tidal field
  0 SNES Function norm 1.437503362570e+06 
  1 SNES Function norm 1.350455880794e+01 
Current power, average power, integrated power and profit for each farm: [830.6268715922718], [1569.29066499425], [41429273.555848196], [1569.29066499425]. The force is 0. The extra_force is 0
Updating tidal field at t=912300
Done updating tidal field
  0 SNES Function norm 1.487701507674e+06 
  1 SNES Function norm 1.676661351037e+01 
Current power, average power, integrated power and profit for each farm: [738.6296706393972], [1559.957395394757], [41650862.45704001], [1559.957395394757]. The force is 0. The extra_force is 0
Updating tidal field at t=912600
Done updating tidal field
  0 SNES Function norm 1.538529024222e+06 
  1 SNES Function norm 2.057108283511e+01 
Current power, average power, integrated power and profit for each farm: [650.5294143399592], [1549.8526400497037], [41846021.281342], [1549.8526400497037]. The force is 0. The extra_force is 0
  507  3042 T= 912600.00 eta norm: 35808.3528 u norm: 13795.7836 16.76
volume2d rel. error  2.0475e-01
Updating tidal field at t=912900
Done updating tidal field
  0 SNES Function norm 1.589723501310e+06 
  1 SNES Function norm 2.473630584925e+01 
Current power, average power, integrated power and profit for each farm: [565.3613630706001], [1539.0340545883948], [42015629.69026318], [1539.0340545883948]. The force is 0. The extra_force is 0
Updating tidal field at t=913200
Done updating tidal field
  0 SNES Function norm 1.640503540753e+06 
  1 SNES Function norm 2.921425541170e+01 
Current power, average power, integrated power and profit for each farm: [483.8750628184418], [1527.5649351126347], [42160792.20910872], [1527.5649351126347]. The force is 0. The extra_force is 0
Updating tidal field at t=913500
Done updating tidal field
  0 SNES Function norm 1.690040924978e+06 
  1 SNES Function norm 3.428219231105e+01 
Current power, average power, integrated power and profit for each farm: [407.32519766420546], [1515.5193465379205], [42282989.76840798], [1515.5193465379205]. The force is 0. The extra_force is 0
Updating tidal field at t=913800
Done updating tidal field
  0 SNES Function norm 1.737990924336e+06 
  1 SNES Function norm 3.943441103945e+01 
Current power, average power, integrated power and profit for each farm: [337.0033459826424], [1502.9819422766939], [42384090.77220277], [1502.9819422766939]. The force is 0. The extra_force is 0
Updating tidal field at t=914100
Done updating tidal field
  0 SNES Function norm 1.784745638404e+06 
  1 SNES Function norm 4.476932596652e+01 
Current power, average power, integrated power and profit for each farm: [273.8991370146101], [1490.0442285370932], [42466260.513307154], [1490.0442285370932]. The force is 0. The extra_force is 0
Updating tidal field at t=914400
Done updating tidal field
  0 SNES Function norm 1.830875428843e+06 
  1 SNES Function norm 5.000620960964e+01 
Current power, average power, integrated power and profit for each farm: [218.40923908972857], [1476.7980307303499], [42531783.285034075], [1476.7980307303499]. The force is 0. The extra_force is 0
  508  3048 T= 914400.00 eta norm: 31324.7127 u norm:  9945.3484 16.74
volume2d rel. error  1.9226e-01
Updating tidal field at t=914700
Done updating tidal field
  0 SNES Function norm 1.876620020648e+06 
  1 SNES Function norm 5.520522798212e+01 
Current power, average power, integrated power and profit for each farm: [170.79683258967782], [1463.334100852611], [42583022.33481098], [1463.334100852611]. The force is 0. The extra_force is 0
Updating tidal field at t=915000
Done updating tidal field
  0 SNES Function norm 1.921501826108e+06 
  1 SNES Function norm 6.043599259112e+01 
Current power, average power, integrated power and profit for each farm: [131.15795489512578], [1449.7404667101875], [42622369.72127952], [1449.7404667101875]. The force is 0. The extra_force is 0
Updating tidal field at t=915300
Done updating tidal field
  0 SNES Function norm 1.965095058582e+06 
  1 SNES Function norm 6.577739231645e+01 
Current power, average power, integrated power and profit for each farm: [98.33859374086703], [1436.0899427408006], [42651871.299401775], [1436.0899427408006]. The force is 0. The extra_force is 0
Updating tidal field at t=915600
Done updating tidal field
  0 SNES Function norm 2.006591923862e+06 
  1 SNES Function norm 7.119478107933e+01 
Current power, average power, integrated power and profit for each farm: [72.46720353245843], [1422.453715348717], [42673611.46046151], [1422.453715348717]. The force is 0. The extra_force is 0
Updating tidal field at t=915900
Done updating tidal field
  0 SNES Function norm 2.045121369926e+06 
  1 SNES Function norm 7.661445173520e+01 
Current power, average power, integrated power and profit for each farm: [52.80831398487375], [1408.8928697906592], [42689453.95465697], [1408.8928697906592]. The force is 0. The extra_force is 0
Updating tidal field at t=916200
Done updating tidal field
  0 SNES Function norm 2.080227366559e+06 
  1 SNES Function norm 8.186708934570e+01 
Current power, average power, integrated power and profit for each farm: [38.285137686121466], [1395.455539083752], [42700939.49596281], [1395.455539083752]. The force is 0. The extra_force is 0
  509  3054 T= 916200.00 eta norm: 25179.9061 u norm:  6489.8014 16.70
volume2d rel. error  1.7509e-01
Updating tidal field at t=916500
Done updating tidal field
  0 SNES Function norm 2.112058805406e+06 
  1 SNES Function norm 8.684134832475e+01 
Current power, average power, integrated power and profit for each farm: [26.47272453777308], [1382.164443796898], [42708881.313324146], [1382.164443796898]. The force is 0. The extra_force is 0
Updating tidal field at t=916800
Done updating tidal field
  0 SNES Function norm 2.140826849411e+06 
  1 SNES Function norm 9.154557614973e+01 
Current power, average power, integrated power and profit for each farm: [17.108647115653792], [1369.0389072903474], [42714013.90745884], [1369.0389072903474]. The force is 0. The extra_force is 0
Updating tidal field at t=917100
Done updating tidal field
  0 SNES Function norm 2.166659338130e+06 
  1 SNES Function norm 9.613168729090e+01 
Current power, average power, integrated power and profit for each farm: [9.986192008206253], [1356.0955480971843], [42717009.765061304], [1356.0955480971843]. The force is 0. The extra_force is 0
Updating tidal field at t=917400
Done updating tidal field
  0 SNES Function norm 2.189716408069e+06 
  1 SNES Function norm 1.007735267288e+02 
Current power, average power, integrated power and profit for each farm: [5.355412521804292], [1343.352716629492], [42718616.38881785], [1343.352716629492]. The force is 0. The extra_force is 0
Updating tidal field at t=917700
Done updating tidal field
  0 SNES Function norm 2.210414639699e+06 
  1 SNES Function norm 1.054937634755e+02 
Current power, average power, integrated power and profit for each farm: [2.3946145964087835], [1330.8203979189025], [42719334.77319677], [1330.8203979189025]. The force is 0. The extra_force is 0
Updating tidal field at t=918000
Done updating tidal field
  0 SNES Function norm 2.228212774181e+06 
  1 SNES Function norm 1.101070155190e+02 
Current power, average power, integrated power and profit for each farm: [0.6053376792790327], [1318.5035918055728], [42719516.37450056], [1318.5035918055728]. The force is 0. The extra_force is 0
  510  3060 T= 918000.00 eta norm: 17852.7348 u norm:  5968.7553 17.02
volume2d rel. error  1.5447e-01
Updating tidal field at t=918300
Done updating tidal field
  0 SNES Function norm 2.242441573207e+06 
  1 SNES Function norm 1.142658204287e+02 
Current power, average power, integrated power and profit for each farm: [0.09343026885493622], [1306.4080857364286], [42719544.40358122], [1306.4080857364286]. The force is 0. The extra_force is 0
Updating tidal field at t=918600
Done updating tidal field
  0 SNES Function norm 2.252278762511e+06 
  1 SNES Function norm 1.175239614330e+02 
Current power, average power, integrated power and profit for each farm: [0.40125017242941846], [1294.5352963222106], [42719664.77863295], [1294.5352963222106]. The force is 0. The extra_force is 0
Updating tidal field at t=918900
Done updating tidal field
  0 SNES Function norm 2.256941175484e+06 
  1 SNES Function norm 1.198806621620e+02 
Current power, average power, integrated power and profit for each farm: [4.049956427049373], [1282.9093022691009], [42720879.76556106], [1282.9093022691009]. The force is 0. The extra_force is 0
Updating tidal field at t=919200
Done updating tidal field
  0 SNES Function norm 2.255743122944e+06 
  1 SNES Function norm 1.217060909817e+02 
Current power, average power, integrated power and profit for each farm: [24.881324227223914], [1271.6769096080127], [42728344.16282923], [1271.6769096080127]. The force is 0. The extra_force is 0
Updating tidal field at t=919500
Done updating tidal field
  0 SNES Function norm 2.248352513112e+06 
  1 SNES Function norm 1.234182104321e+02 
Current power, average power, integrated power and profit for each farm: [76.20275250040184], [1261.0974922884764], [42751204.98857935], [1261.0974922884764]. The force is 0. The extra_force is 0
Updating tidal field at t=919800
Done updating tidal field
  0 SNES Function norm 2.235663964976e+06 
  1 SNES Function norm 1.252676306647e+02 
Current power, average power, integrated power and profit for each farm: [155.36033370559363], [1251.3980435289773], [42797813.088691026], [1251.3980435289773]. The force is 0. The extra_force is 0
  511  3066 T= 919800.00 eta norm: 10134.7746 u norm:  9338.7712 16.61
volume2d rel. error  1.3213e-01
Updating tidal field at t=920100
Done updating tidal field
  0 SNES Function norm 2.218297249826e+06 
  1 SNES Function norm 1.272297380558e+02 
Current power, average power, integrated power and profit for each farm: [244.07421974250167], [1242.638705930834], [42871035.35461377], [1242.638705930834]. The force is 0. The extra_force is 0
Updating tidal field at t=920400
Done updating tidal field
  0 SNES Function norm 2.196196816142e+06 
  1 SNES Function norm 1.288730475084e+02 
Current power, average power, integrated power and profit for each farm: [392.7080461855441], [1235.311717484754], [42988847.76846944], [1235.311717484754]. The force is 0. The extra_force is 0
Updating tidal field at t=920700
Done updating tidal field
  0 SNES Function norm 2.168498694347e+06 
  1 SNES Function norm 1.299406703157e+02 
Current power, average power, integrated power and profit for each farm: [508.0613470107656], [1229.0959023524977], [43141266.172572665], [1229.0959023524977]. The force is 0. The extra_force is 0
Updating tidal field at t=921000
Done updating tidal field
  0 SNES Function norm 2.134341561063e+06 
  1 SNES Function norm 1.304389809251e+02 
Current power, average power, integrated power and profit for each farm: [604.6020810331385], [1223.803581832842], [43322646.79688261], [1223.803581832842]. The force is 0. The extra_force is 0
Updating tidal field at t=921300
Done updating tidal field
  0 SNES Function norm 2.093753919432e+06 
  1 SNES Function norm 1.305257378918e+02 
Current power, average power, integrated power and profit for each farm: [619.6630353127778], [1218.7267705175473], [43508545.70747644], [1218.7267705175473]. The force is 0. The extra_force is 0
Updating tidal field at t=921600
Done updating tidal field
  0 SNES Function norm 2.047444483535e+06 
  1 SNES Function norm 1.302115127611e+02 
Current power, average power, integrated power and profit for each farm: [597.424145132172], [1213.549248639336], [43687772.95101609], [1213.549248639336]. The force is 0. The extra_force is 0
  512  3072 T= 921600.00 eta norm:  4091.1815 u norm: 13802.4227 16.50
volume2d rel. error  1.0932e-01
Updating tidal field at t=921900
Done updating tidal field
  0 SNES Function norm 1.996526818858e+06 
  1 SNES Function norm 1.294309309125e+02 
Current power, average power, integrated power and profit for each farm: [549.7697359872286], [1208.0634675430374], [43852703.87181226], [1208.0634675430374]. The force is 0. The extra_force is 0
Updating tidal field at t=922200
Done updating tidal field
  0 SNES Function norm 1.942488539183e+06 
  1 SNES Function norm 1.283752210007e+02 
Current power, average power, integrated power and profit for each farm: [582.1352324481913], [1202.9329082389813], [44027344.441546716], [1202.9329082389813]. The force is 0. The extra_force is 0
Updating tidal field at t=922500
Done updating tidal field
  0 SNES Function norm 1.886189062222e+06 
  1 SNES Function norm 1.271224487407e+02 
Current power, average power, integrated power and profit for each farm: [680.6338203332384], [1198.6865741909671], [44231534.587646686], [1198.6865741909671]. The force is 0. The extra_force is 0
Updating tidal field at t=922800
Done updating tidal field
  0 SNES Function norm 1.828059630255e+06 
  1 SNES Function norm 1.256955194985e+02 
Current power, average power, integrated power and profit for each farm: [860.2043207894391], [1195.9568785990193], [44489595.88388352], [1195.9568785990193]. The force is 0. The extra_force is 0
Updating tidal field at t=923100
Done updating tidal field
  0 SNES Function norm 1.768504324326e+06 
  1 SNES Function norm 1.244398251596e+02 
Current power, average power, integrated power and profit for each farm: [1116.6650979122676], [1195.3225443535255], [44824595.413257204], [1195.3225443535255]. The force is 0. The extra_force is 0
Updating tidal field at t=923400
Done updating tidal field
  0 SNES Function norm 1.706330022051e+06 
  1 SNES Function norm 1.236811229092e+02 
Current power, average power, integrated power and profit for each farm: [1423.9727387040207], [1197.1372284356721], [45251787.23486841], [1197.1372284356721]. The force is 0. The extra_force is 0
  513  3078 T= 923400.00 eta norm:  7889.3167 u norm: 17841.1173 16.93
volume2d rel. error  8.7239e-02
Updating tidal field at t=923700
Done updating tidal field
  0 SNES Function norm 1.639468273471e+06 
  1 SNES Function norm 1.240118565992e+02 
Current power, average power, integrated power and profit for each farm: [1743.6126456047693], [1201.4401844763736], [45774871.028549835], [1201.4401844763736]. The force is 0. The extra_force is 0
Updating tidal field at t=924000
Done updating tidal field
  0 SNES Function norm 1.567144419740e+06 
  1 SNES Function norm 1.243759858102e+02 
Current power, average power, integrated power and profit for each farm: [2043.4258481144464], [1208.018197473546], [46387898.78298417], [1208.018197473546]. The force is 0. The extra_force is 0
Updating tidal field at t=924300
Done updating tidal field
  0 SNES Function norm 1.490567310175e+06 
  1 SNES Function norm 1.226852338164e+02 
Current power, average power, integrated power and profit for each farm: [2322.716215111103], [1216.6592673777131], [47084713.647517495], [1216.6592673777131]. The force is 0. The extra_force is 0
Updating tidal field at t=924600
Done updating tidal field
  0 SNES Function norm 1.412154834662e+06 
  1 SNES Function norm 1.191445629773e+02 
Current power, average power, integrated power and profit for each farm: [2613.1289524874223], [1227.401341878557], [47868652.333263725], [1227.401341878557]. The force is 0. The extra_force is 0
Updating tidal field at t=924900
Done updating tidal field
  0 SNES Function norm 1.334366911044e+06 
  1 SNES Function norm 1.151971618981e+02 
Current power, average power, integrated power and profit for each farm: [2936.086975782025], [1240.4447436640796], [48749478.42599833], [1240.4447436640796]. The force is 0. The extra_force is 0
Updating tidal field at t=925200
Done updating tidal field
  0 SNES Function norm 1.258815350204e+06 
  1 SNES Function norm 1.122927857305e+02 
Current power, average power, integrated power and profit for each farm: [3290.916847079831], [1255.978623235411], [49736753.48012228], [1255.978623235411]. The force is 0. The extra_force is 0
  514  3084 T= 925200.00 eta norm: 14699.8975 u norm: 20820.2835 17.36
volume2d rel. error  6.6829e-02
Updating tidal field at t=925500
Done updating tidal field
  0 SNES Function norm 1.186116629890e+06 
  1 SNES Function norm 1.101630310209e+02 
Current power, average power, integrated power and profit for each farm: [3674.2355671305295], [1274.1610062722166], [50839024.15026144], [1274.1610062722166]. The force is 0. The extra_force is 0
Updating tidal field at t=925800
Done updating tidal field
  0 SNES Function norm 1.116394576528e+06 
  1 SNES Function norm 1.082767088904e+02 
Current power, average power, integrated power and profit for each farm: [4060.957603807893], [1294.957995806065], [52057311.43140381], [1294.957995806065]. The force is 0. The extra_force is 0
Updating tidal field at t=926100
Done updating tidal field
  0 SNES Function norm 1.049369427073e+06 
  1 SNES Function norm 1.076223417388e+02 
Current power, average power, integrated power and profit for each farm: [4354.346430133913], [1317.6201323566415], [53363615.36044398], [1317.6201323566415]. The force is 0. The extra_force is 0
Updating tidal field at t=926400
Done updating tidal field
  0 SNES Function norm 9.855767626815e+05 
  1 SNES Function norm 1.085439752432e+02 
Current power, average power, integrated power and profit for each farm: [4451.581693087791], [1340.6639673620175], [54699089.86837032], [1340.6639673620175]. The force is 0. The extra_force is 0
Updating tidal field at t=926700
Done updating tidal field
  0 SNES Function norm 9.257918984205e+05 
  1 SNES Function norm 1.087575773273e+02 
Current power, average power, integrated power and profit for each farm: [4439.644827592302], [1363.2842656118737], [56030983.31664801], [1363.2842656118737]. The force is 0. The extra_force is 0
Updating tidal field at t=927000
Done updating tidal field
  0 SNES Function norm 8.711172645359e+05 
  1 SNES Function norm 1.063153582973e+02 
Current power, average power, integrated power and profit for each farm: [4489.025039994519], [1385.9345610784146], [57377690.82864636], [1385.9345610784146]. The force is 0. The extra_force is 0
  515  3090 T= 927000.00 eta norm: 20834.7781 u norm: 22242.7531 16.84
volume2d rel. error  4.9235e-02
Updating tidal field at t=927300
Done updating tidal field
  0 SNES Function norm 8.228316133422e+05 
  1 SNES Function norm 1.014554014566e+02 
Current power, average power, integrated power and profit for each farm: [4594.194828840566], [1409.0155701990057], [58755949.27729853], [1409.0155701990057]. The force is 0. The extra_force is 0
Updating tidal field at t=927600
Done updating tidal field
  0 SNES Function norm 7.819580275939e+05 
  1 SNES Function norm 9.544097033423e+01 
Current power, average power, integrated power and profit for each farm: [4674.403611066299], [1432.3397704909148], [60158270.36061842], [1432.3397704909148]. The force is 0. The extra_force is 0
Updating tidal field at t=927900
Done updating tidal field
  0 SNES Function norm 7.492175141450e+05 
  1 SNES Function norm 8.928683478499e+01 
Current power, average power, integrated power and profit for each farm: [4679.9378494433395], [1455.372380979939], [61562251.71545142], [1455.372380979939]. The force is 0. The extra_force is 0
Updating tidal field at t=928200
Done updating tidal field
  0 SNES Function norm 7.250912405052e+05 
  1 SNES Function norm 8.334716738909e+01 
Current power, average power, integrated power and profit for each farm: [4598.436739756203], [1477.506637027659], [62941782.73737828], [1477.506637027659]. The force is 0. The extra_force is 0
Updating tidal field at t=928500
Done updating tidal field
  0 SNES Function norm 7.106191617350e+05 
  1 SNES Function norm 7.798624558812e+01 
Current power, average power, integrated power and profit for each farm: [4454.670019958013], [1498.3259613838154], [64278183.74336568], [1498.3259613838154]. The force is 0. The extra_force is 0
Updating tidal field at t=928800
Done updating tidal field
  0 SNES Function norm 7.067439438937e+05 
  1 SNES Function norm 7.338426920716e+01 
Current power, average power, integrated power and profit for each farm: [4291.46872147204], [1517.7227861066503], [65565624.3598073], [1517.7227861066503]. The force is 0. The extra_force is 0
  516  3096 T= 928800.00 eta norm: 25498.0713 u norm: 22059.7880 17.13
volume2d rel. error  3.6001e-02
Updating tidal field at t=929100
Done updating tidal field
  0 SNES Function norm 7.140835936154e+05 
  1 SNES Function norm 6.951005536569e+01 
Current power, average power, integrated power and profit for each farm: [4144.774490313905], [1535.8403840667004], [66809056.70690147], [1535.8403840667004]. The force is 0. The extra_force is 0
Updating tidal field at t=929400
Done updating tidal field
  0 SNES Function norm 7.317434015466e+05 
  1 SNES Function norm 6.604615889045e+01 
Current power, average power, integrated power and profit for each farm: [4016.7401841854235], [1552.8328484510753], [68014078.7621571], [1552.8328484510753]. The force is 0. The extra_force is 0
Updating tidal field at t=929700
Done updating tidal field
  0 SNES Function norm 7.577092465108e+05 
  1 SNES Function norm 6.292514567846e+01 
Current power, average power, integrated power and profit for each farm: [3889.597731970611], [1568.7292082029087], [69180958.08174828], [1568.7292082029087]. The force is 0. The extra_force is 0
Updating tidal field at t=930000
Done updating tidal field
  0 SNES Function norm 7.898136606014e+05 
  1 SNES Function norm 5.999204682963e+01 
Current power, average power, integrated power and profit for each farm: [3740.6755047165125], [1583.40452101719], [70303160.73316324], [1583.40452101719]. The force is 0. The extra_force is 0
Updating tidal field at t=930300
Done updating tidal field
  0 SNES Function norm 8.267967675029e+05 
  1 SNES Function norm 5.698522457767e+01 
Current power, average power, integrated power and profit for each farm: [3559.0964327493384], [1596.6641982771373], [71370889.66298804], [1596.6641982771373]. The force is 0. The extra_force is 0
Updating tidal field at t=930600
Done updating tidal field
  0 SNES Function norm 8.677705357536e+05 
  1 SNES Function norm 5.386772208346e+01 
Current power, average power, integrated power and profit for each farm: [3353.500044732532], [1608.3764372535065], [72376939.6764078], [1608.3764372535065]. The force is 0. The extra_force is 0
  517  3102 T= 930600.00 eta norm: 28203.5142 u norm: 20569.4789 16.68
volume2d rel. error  2.8340e-02
Updating tidal field at t=930900
Done updating tidal field
  0 SNES Function norm 9.120734836887e+05 
  1 SNES Function norm 5.086090637901e+01 
Current power, average power, integrated power and profit for each farm: [3145.3617764678606], [1618.555148109231], [73320548.20934816], [1618.555148109231]. The force is 0. The extra_force is 0
Updating tidal field at t=931200
Done updating tidal field
  0 SNES Function norm 9.593863263500e+05 
  1 SNES Function norm 4.802787876960e+01 
Current power, average power, integrated power and profit for each farm: [2949.012871572091], [1627.3081594478022], [74205252.07081978], [1627.3081594478022]. The force is 0. The extra_force is 0
Updating tidal field at t=931500
Done updating tidal field
  0 SNES Function norm 1.009320389470e+06 
  1 SNES Function norm 4.527228429284e+01 
Current power, average power, integrated power and profit for each farm: [2763.0292901891817], [1634.7311733742165], [75034160.85787654], [1634.7311733742165]. The force is 0. The extra_force is 0
Updating tidal field at t=931800
Done updating tidal field
  0 SNES Function norm 1.061174645935e+06 
  1 SNES Function norm 4.242982127921e+01 
Current power, average power, integrated power and profit for each farm: [2580.187350012436], [1640.8704991965426], [75808217.06288026], [1640.8704991965426]. The force is 0. The extra_force is 0
Updating tidal field at t=932100
Done updating tidal field
  0 SNES Function norm 1.113740216738e+06 
  1 SNES Function norm 3.937149564070e+01 
Current power, average power, integrated power and profit for each farm: [2390.9007085971725], [1645.7094037733207], [76525487.27545941], [1645.7094037733207]. The force is 0. The extra_force is 0
Updating tidal field at t=932400
Done updating tidal field
  0 SNES Function norm 1.165807805525e+06 
  1 SNES Function norm 3.608543716471e+01 
Current power, average power, integrated power and profit for each farm: [2196.1734352775325], [1649.238019359886], [77184339.30604267], [1649.238019359886]. The force is 0. The extra_force is 0
  518  3108 T= 932400.00 eta norm: 28707.9588 u norm: 18025.2833 17.21
volume2d rel. error  2.6875e-02
pyop2:INFO Compiling wrapper...
pyop2:INFO Compiling wrapper...done
/home/can/firedrake/src/pyadjoint/pyadjoint/optimization/optimization.py:133: OptimizeWarning: Unknown solver options: pgtol
  res = scipy_minimize(J, m_global, method=method, bounds=bounds, **kwargs)
Calculating minimum distance constraints.
FORWARD RUN:
angle: [443360.0, 3322654.0, 443360.0, 3322774.0, 443420.0, 3322654.0, 443420.0, 3322774.0, 443480.0, 3322654.0, 443480.0, 3322774.0, 443540.0, 3322654.0, 443540.0, 3322774.0, 443390.0, 3322714.0, 443450.0, 3322714.0, 443510.0, 3322714.0, 443570.0, 3322714.0, 90.0, 90.0, 90.0, 90.0, 90.0, 90.0, 90.0, 90.0, 90.0, 90.0, 90.0, 90.0, 270.0, 270.0, 270.0, 270.0, 270.0, 270.0, 270.0, 270.0, 270.0, 270.0, 270.0, 270.0]
  0 SNES Function norm 9.407204340185e+05 
  1 SNES Function norm 3.710656832349e+01 
  0 SNES Function norm 9.885917056777e+05 
  1 SNES Function norm 3.387298872793e+01 
  0 SNES Function norm 1.037124667686e+06 
  1 SNES Function norm 3.057017212948e+01 
  0 SNES Function norm 1.086246651941e+06 
  1 SNES Function norm 2.731876541553e+01 
  0 SNES Function norm 1.135950581169e+06 
  1 SNES Function norm 2.433337161136e+01 
  0 SNES Function norm 1.186213651580e+06 
  1 SNES Function norm 2.194954716460e+01 
  0 SNES Function norm 1.236965677871e+06 
  1 SNES Function norm 2.058291921591e+01 
  0 SNES Function norm 1.288197843254e+06 
  1 SNES Function norm 2.051923906798e+01 
  0 SNES Function norm 1.339804481047e+06 
  1 SNES Function norm 2.153545649748e+01 
  0 SNES Function norm 1.391307140032e+06 
  1 SNES Function norm 2.405049653357e+01 
  0 SNES Function norm 1.442786676489e+06 
  1 SNES Function norm 2.793996466885e+01 
  0 SNES Function norm 1.493924683404e+06 
  1 SNES Function norm 3.340209483175e+01 
  0 SNES Function norm 1.545123036500e+06 
  1 SNES Function norm 4.020144257297e+01 
  0 SNES Function norm 1.596021420814e+06 
  1 SNES Function norm 4.793128004785e+01 
  0 SNES Function norm 1.646396873718e+06 
  1 SNES Function norm 5.617378444459e+01 
  0 SNES Function norm 1.696164737869e+06 
  1 SNES Function norm 6.453132660424e+01 
  0 SNES Function norm 1.745361657837e+06 
  1 SNES Function norm 7.262694267033e+01 
  0 SNES Function norm 1.793795005685e+06 
  1 SNES Function norm 8.078341245856e+01 
  0 SNES Function norm 1.840390889371e+06 
  1 SNES Function norm 8.781115276238e+01 
  0 SNES Function norm 1.886115055544e+06 
  1 SNES Function norm 9.470034355862e+01 
  0 SNES Function norm 1.930462402036e+06 
  1 SNES Function norm 1.004483009165e+02 
  0 SNES Function norm 1.973678481863e+06 
  1 SNES Function norm 1.058353341116e+02 
  0 SNES Function norm 2.016010264136e+06 
  1 SNES Function norm 1.102947793156e+02 
  0 SNES Function norm 2.057754444348e+06 
  1 SNES Function norm 1.146373674221e+02 
  0 SNES Function norm 2.097613309459e+06 
  1 SNES Function norm 1.186295485970e+02 
  0 SNES Function norm 2.135972107374e+06 
  1 SNES Function norm 1.229525715690e+02 
  0 SNES Function norm 2.172773297863e+06 
  1 SNES Function norm 1.273717450000e+02 
  0 SNES Function norm 2.206487740963e+06 
  1 SNES Function norm 1.322898611693e+02 
  0 SNES Function norm 2.237077792203e+06 
  1 SNES Function norm 1.371937925705e+02 
  0 SNES Function norm 2.269991961659e+06 
  1 SNES Function norm 1.440611348250e+02 
  0 SNES Function norm 2.283841627249e+06 
  1 SNES Function norm 1.485507340418e+02 
  0 SNES Function norm 2.301576919418e+06 
  1 SNES Function norm 1.540907643476e+02 
  0 SNES Function norm 2.306555346775e+06 
  1 SNES Function norm 1.571539704588e+02 
  0 SNES Function norm 2.309899563949e+06 
  1 SNES Function norm 1.607251964365e+02 
  0 SNES Function norm 2.303047266198e+06 
  1 SNES Function norm 1.621104627270e+02 
  0 SNES Function norm 2.293085953649e+06 
  1 SNES Function norm 1.634609426749e+02 
  0 SNES Function norm 2.275763871758e+06 
  1 SNES Function norm 1.633671400886e+02 
  0 SNES Function norm 2.255413182617e+06 
  1 SNES Function norm 1.638240375136e+02 
  0 SNES Function norm 2.230619915838e+06 
  1 SNES Function norm 1.639628249125e+02 
  0 SNES Function norm 2.202678493467e+06 
  1 SNES Function norm 1.643224272452e+02 
  0 SNES Function norm 2.172453672511e+06 
  1 SNES Function norm 1.646552135760e+02 
  0 SNES Function norm 2.139714190365e+06 
  1 SNES Function norm 1.665671519079e+02 
  0 SNES Function norm 2.104756379670e+06 
  1 SNES Function norm 1.722857744092e+02 
  0 SNES Function norm 2.065713048090e+06 
  1 SNES Function norm 1.828360467204e+02 
  0 SNES Function norm 2.023223393794e+06 
  1 SNES Function norm 1.954218008223e+02 
  0 SNES Function norm 1.976099934773e+06 
  1 SNES Function norm 2.057330093652e+02 
  0 SNES Function norm 1.925930727560e+06 
  1 SNES Function norm 2.089866628550e+02 
  0 SNES Function norm 1.872558514076e+06 
  1 SNES Function norm 2.023168318436e+02 
  0 SNES Function norm 1.817707515432e+06 
  1 SNES Function norm 1.886866965486e+02 
  0 SNES Function norm 1.760838362633e+06 
  1 SNES Function norm 1.734997856007e+02 
  0 SNES Function norm 1.702896829024e+06 
  1 SNES Function norm 1.583609725361e+02 
  0 SNES Function norm 1.642696928508e+06 
  1 SNES Function norm 1.491573893064e+02 
  0 SNES Function norm 1.581041761270e+06 
  1 SNES Function norm 1.494264719039e+02 
  0 SNES Function norm 1.517114490826e+06 
  1 SNES Function norm 1.552289848024e+02 
  0 SNES Function norm 1.452128845798e+06 
  1 SNES Function norm 1.629313636909e+02 
  0 SNES Function norm 1.386185795094e+06 
  1 SNES Function norm 1.701145360399e+02 
  0 SNES Function norm 1.320487290919e+06 
  1 SNES Function norm 1.793939157007e+02 
  0 SNES Function norm 1.255301075847e+06 
  1 SNES Function norm 1.909556251512e+02 
  0 SNES Function norm 1.191288940912e+06 
  1 SNES Function norm 2.067007613410e+02 
  0 SNES Function norm 1.128700684319e+06 
  1 SNES Function norm 2.253823199808e+02 
  0 SNES Function norm 1.068218206132e+06 
  1 SNES Function norm 2.448162694402e+02 
  0 SNES Function norm 1.010842583227e+06 
  1 SNES Function norm 2.550506188206e+02 
  0 SNES Function norm 9.577904046213e+05 
  1 SNES Function norm 2.464735257275e+02 
  0 SNES Function norm 9.108319505193e+05 
  1 SNES Function norm 2.159896865384e+02 
  0 SNES Function norm 8.707633201283e+05 
  1 SNES Function norm 1.692739310369e+02 
  0 SNES Function norm 8.379778896728e+05 
  1 SNES Function norm 1.210750761424e+02 
  0 SNES Function norm 8.113784801472e+05 
  1 SNES Function norm 9.257768308588e+01 
  0 SNES Function norm 7.905814893226e+05 
  1 SNES Function norm 8.137450970638e+01 
  0 SNES Function norm 7.755933221621e+05 
  1 SNES Function norm 7.388488848478e+01 
  0 SNES Function norm 7.677027016394e+05 
  1 SNES Function norm 6.556489959199e+01 
  0 SNES Function norm 7.669753454014e+05 
  1 SNES Function norm 5.482218545397e+01 
  0 SNES Function norm 7.737777433808e+05 
  1 SNES Function norm 4.465997718792e+01 
  0 SNES Function norm 7.873703497828e+05 
  1 SNES Function norm 3.686208365853e+01 
  0 SNES Function norm 8.069867084882e+05 
  1 SNES Function norm 3.062712258302e+01 
  0 SNES Function norm 8.311260666885e+05 
  1 SNES Function norm 2.519957287564e+01 
  0 SNES Function norm 8.593427661884e+05 
  1 SNES Function norm 2.103569976565e+01 
  0 SNES Function norm 8.922514699474e+05 
  1 SNES Function norm 1.803147930864e+01 
  0 SNES Function norm 9.310362818021e+05 
  1 SNES Function norm 1.632652846968e+01 
  0 SNES Function norm 9.762114365688e+05 
  1 SNES Function norm 1.510583251096e+01 
  0 SNES Function norm 1.026566211703e+06 
  1 SNES Function norm 1.344374229547e+01 
  0 SNES Function norm 1.079804465468e+06 
  1 SNES Function norm 1.150722256715e+01 
  0 SNES Function norm 1.133963117211e+06 
  1 SNES Function norm 1.034285704047e+01 
  0 SNES Function norm 1.187281865249e+06 
  1 SNES Function norm 9.621711410809e+00 
  0 SNES Function norm 1.239023664624e+06 
  1 SNES Function norm 9.150745334035e+00 
  0 SNES Function norm 1.289328942108e+06 
  1 SNES Function norm 8.985732090164e+00 
  0 SNES Function norm 1.338689468994e+06 
  1 SNES Function norm 9.497474672114e+00 
  0 SNES Function norm 1.387910294480e+06 
  1 SNES Function norm 1.100446384338e+01 
  0 SNES Function norm 1.437503362570e+06 
  1 SNES Function norm 1.350455880795e+01 
  0 SNES Function norm 1.487701507674e+06 
  1 SNES Function norm 1.676661351036e+01 
  0 SNES Function norm 1.538529024222e+06 
  1 SNES Function norm 2.057108283512e+01 
  0 SNES Function norm 1.589723501310e+06 
  1 SNES Function norm 2.473630584925e+01 
  0 SNES Function norm 1.640503540753e+06 
  1 SNES Function norm 2.921425541169e+01 
  0 SNES Function norm 1.690040924978e+06 
  1 SNES Function norm 3.428219231105e+01 
  0 SNES Function norm 1.737990924336e+06 
  1 SNES Function norm 3.943441103945e+01 
  0 SNES Function norm 1.784745638404e+06 
  1 SNES Function norm 4.476932596651e+01 
  0 SNES Function norm 1.830875428843e+06 
  1 SNES Function norm 5.000620960964e+01 
  0 SNES Function norm 1.876620020648e+06 
  1 SNES Function norm 5.520522798212e+01 
  0 SNES Function norm 1.921501826108e+06 
  1 SNES Function norm 6.043599259114e+01 
  0 SNES Function norm 1.965095058582e+06 
  1 SNES Function norm 6.577739231644e+01 
  0 SNES Function norm 2.006591923862e+06 
  1 SNES Function norm 7.119478107933e+01 
  0 SNES Function norm 2.045121369926e+06 
  1 SNES Function norm 7.661445173518e+01 
  0 SNES Function norm 2.080227366559e+06 
  1 SNES Function norm 8.186708934571e+01 
  0 SNES Function norm 2.112058805406e+06 
  1 SNES Function norm 8.684134832474e+01 
  0 SNES Function norm 2.140826849411e+06 
  1 SNES Function norm 9.154557614972e+01 
  0 SNES Function norm 2.166659338130e+06 
  1 SNES Function norm 9.613168729090e+01 
  0 SNES Function norm 2.189716408069e+06 
  1 SNES Function norm 1.007735267288e+02 
  0 SNES Function norm 2.210414639699e+06 
  1 SNES Function norm 1.054937634755e+02 
  0 SNES Function norm 2.228212774181e+06 
  1 SNES Function norm 1.101070155190e+02 
  0 SNES Function norm 2.242441573207e+06 
  1 SNES Function norm 1.142658204287e+02 
  0 SNES Function norm 2.252278762511e+06 
  1 SNES Function norm 1.175239614330e+02 
  0 SNES Function norm 2.256941175484e+06 
  1 SNES Function norm 1.198806621620e+02 
  0 SNES Function norm 2.255743122944e+06 
  1 SNES Function norm 1.217060909817e+02 
  0 SNES Function norm 2.248352513112e+06 
  1 SNES Function norm 1.234182104321e+02 
  0 SNES Function norm 2.235663964976e+06 
  1 SNES Function norm 1.252676306647e+02 
  0 SNES Function norm 2.218297249826e+06 
  1 SNES Function norm 1.272297380558e+02 
  0 SNES Function norm 2.196196816142e+06 
  1 SNES Function norm 1.288730475084e+02 
  0 SNES Function norm 2.168498694347e+06 
  1 SNES Function norm 1.299406703157e+02 
  0 SNES Function norm 2.134341561063e+06 
  1 SNES Function norm 1.304389809251e+02 
  0 SNES Function norm 2.093753919432e+06 
  1 SNES Function norm 1.305257378918e+02 
  0 SNES Function norm 2.047444483535e+06 
  1 SNES Function norm 1.302115127611e+02 
  0 SNES Function norm 1.996526818858e+06 
  1 SNES Function norm 1.294309309125e+02 
  0 SNES Function norm 1.942488539183e+06 
  1 SNES Function norm 1.283752210007e+02 
  0 SNES Function norm 1.886189062222e+06 
  1 SNES Function norm 1.271224487407e+02 
  0 SNES Function norm 1.828059630255e+06 
  1 SNES Function norm 1.256955194985e+02 
  0 SNES Function norm 1.768504324326e+06 
  1 SNES Function norm 1.244398251596e+02 
  0 SNES Function norm 1.706330022051e+06 
  1 SNES Function norm 1.236811229092e+02 
  0 SNES Function norm 1.639468273471e+06 
  1 SNES Function norm 1.240118565992e+02 
  0 SNES Function norm 1.567144419740e+06 
  1 SNES Function norm 1.243759858102e+02 
  0 SNES Function norm 1.490567310175e+06 
  1 SNES Function norm 1.226852338164e+02 
  0 SNES Function norm 1.412154834662e+06 
  1 SNES Function norm 1.191445629773e+02 
  0 SNES Function norm 1.334366911044e+06 
  1 SNES Function norm 1.151971618981e+02 
  0 SNES Function norm 1.258815350204e+06 
  1 SNES Function norm 1.122927857305e+02 
  0 SNES Function norm 1.186116629890e+06 
  1 SNES Function norm 1.101630310210e+02 
  0 SNES Function norm 1.116394576528e+06 
  1 SNES Function norm 1.082767088904e+02 
  0 SNES Function norm 1.049369427073e+06 
  1 SNES Function norm 1.076223417388e+02 
  0 SNES Function norm 9.855767626815e+05 
  1 SNES Function norm 1.085439752432e+02 
  0 SNES Function norm 9.257918984205e+05 
  1 SNES Function norm 1.087575773273e+02 
  0 SNES Function norm 8.711172645359e+05 
  1 SNES Function norm 1.063153582973e+02 
  0 SNES Function norm 8.228316133422e+05 
  1 SNES Function norm 1.014554014566e+02 
  0 SNES Function norm 7.819580275939e+05 
  1 SNES Function norm 9.544097033421e+01 
  0 SNES Function norm 7.492175141450e+05 
  1 SNES Function norm 8.928683478498e+01 
  0 SNES Function norm 7.250912405052e+05 
  1 SNES Function norm 8.334716738909e+01 
  0 SNES Function norm 7.106191617350e+05 
  1 SNES Function norm 7.798624558812e+01 
  0 SNES Function norm 7.067439438937e+05 
  1 SNES Function norm 7.338426920716e+01 
  0 SNES Function norm 7.140835936154e+05 
  1 SNES Function norm 6.951005536568e+01 
  0 SNES Function norm 7.317434015466e+05 
  1 SNES Function norm 6.604615889047e+01 
  0 SNES Function norm 7.577092465108e+05 
  1 SNES Function norm 6.292514567846e+01 
  0 SNES Function norm 7.898136606014e+05 
  1 SNES Function norm 5.999204682964e+01 
  0 SNES Function norm 8.267967675029e+05 
  1 SNES Function norm 5.698522457767e+01 
  0 SNES Function norm 8.677705357536e+05 
  1 SNES Function norm 5.386772208347e+01 
  0 SNES Function norm 9.120734836887e+05 
  1 SNES Function norm 5.086090637899e+01 
  0 SNES Function norm 9.593863263500e+05 
  1 SNES Function norm 4.802787876961e+01 
  0 SNES Function norm 1.009320389470e+06 
  1 SNES Function norm 4.527228429284e+01 
  0 SNES Function norm 1.061174645935e+06 
  1 SNES Function norm 4.242982127922e+01 
  0 SNES Function norm 1.113740216738e+06 
  1 SNES Function norm 3.937149564071e+01 
  0 SNES Function norm 1.165807805525e+06 
  1 SNES Function norm 3.608543716472e+01 
ADJOINT RUN:
angle: [443360.0, 3322654.0, 443360.0, 3322774.0, 443420.0, 3322654.0, 443420.0, 3322774.0, 443480.0, 3322654.0, 443480.0, 3322774.0, 443540.0, 3322654.0, 443540.0, 3322774.0, 443390.0, 3322714.0, 443450.0, 3322714.0, 443510.0, 3322714.0, 443570.0, 3322714.0, 90.0, 90.0, 90.0, 90.0, 90.0, 90.0, 90.0, 90.0, 90.0, 90.0, 90.0, 90.0, 270.0, 270.0, 270.0, 270.0, 270.0, 270.0, 270.0, 270.0, 270.0, 270.0, 270.0, 270.0]
pyop2:INFO Compiling wrapper...
pyop2:INFO Compiling wrapper...done
pyop2:INFO Compiling wrapper...
pyop2:INFO Compiling wrapper...done
pyop2:INFO Compiling wrapper...
pyop2:INFO Compiling wrapper...done
pyop2:INFO Compiling wrapper...
pyop2:INFO Compiling wrapper...done
pyop2:INFO Compiling wrapper...
pyop2:INFO Compiling wrapper...done
pyop2:INFO Compiling wrapper...
pyop2:INFO Compiling wrapper...done
pyop2:INFO Compiling wrapper...
pyop2:INFO Compiling wrapper...done
pyop2:INFO Compiling wrapper...
pyop2:INFO Compiling wrapper...done
pyop2:INFO Compiling wrapper...
pyop2:INFO Compiling wrapper...done
pyop2:INFO Compiling wrapper...
pyop2:INFO Compiling wrapper...done
pyop2:INFO Compiling wrapper...
pyop2:INFO Compiling wrapper...done
pyop2:INFO Compiling wrapper...
pyop2:INFO Compiling wrapper...done
pyop2:INFO Compiling wrapper...
pyop2:INFO Compiling wrapper...done
pyop2:INFO Compiling wrapper...
pyop2:INFO Compiling wrapper...done
pyop2:INFO Compiling wrapper...
pyop2:INFO Compiling wrapper...done
pyop2:INFO Compiling wrapper...
pyop2:INFO Compiling wrapper...done
pyop2:INFO Compiling wrapper...
pyop2:INFO Compiling wrapper...done
pyop2:INFO Compiling wrapper...
pyop2:INFO Compiling wrapper...done
pyop2:INFO Compiling wrapper...
pyop2:INFO Compiling wrapper...done
pyop2:INFO Compiling wrapper...
pyop2:INFO Compiling wrapper...done
pyop2:INFO Compiling wrapper...
pyop2:INFO Compiling wrapper...done
pyop2:INFO Compiling wrapper...
pyop2:INFO Compiling wrapper...done
pyop2:INFO Compiling wrapper...
pyop2:INFO Compiling wrapper...done
pyop2:INFO Compiling wrapper...
pyop2:INFO Compiling wrapper...done
pyop2:INFO Compiling wrapper...
pyop2:INFO Compiling wrapper...done
pyop2:INFO Compiling wrapper...
pyop2:INFO Compiling wrapper...done
pyop2:INFO Compiling wrapper...
pyop2:INFO Compiling wrapper...done
pyop2:INFO Compiling wrapper...
pyop2:INFO Compiling wrapper...done
pyop2:INFO Compiling wrapper...
pyop2:INFO Compiling wrapper...done
pyop2:INFO Compiling wrapper...
pyop2:INFO Compiling wrapper...done
pyop2:INFO Compiling wrapper...
pyop2:INFO Compiling wrapper...done
pyop2:INFO Compiling wrapper...
pyop2:INFO Compiling wrapper...done
pyop2:INFO Compiling wrapper...
pyop2:INFO Compiling wrapper...done
pyop2:INFO Compiling wrapper...
pyop2:INFO Compiling wrapper...done
pyop2:INFO Compiling wrapper...
pyop2:INFO Compiling wrapper...done
pyop2:INFO Compiling wrapper...
pyop2:INFO Compiling wrapper...done
pyop2:INFO Compiling wrapper...
pyop2:INFO Compiling wrapper...done
pyop2:INFO Compiling wrapper...
pyop2:INFO Compiling wrapper...done
pyop2:INFO Compiling wrapper...
pyop2:INFO Compiling wrapper...done
pyop2:INFO Compiling wrapper...
pyop2:INFO Compiling wrapper...done
pyop2:INFO Compiling wrapper...
pyop2:INFO Compiling wrapper...done
pyop2:INFO Compiling wrapper...
pyop2:INFO Compiling wrapper...done
pyop2:INFO Compiling wrapper...
pyop2:INFO Compiling wrapper...done
pyop2:INFO Compiling wrapper...
pyop2:INFO Compiling wrapper...done
pyop2:INFO Compiling wrapper...
pyop2:INFO Compiling wrapper...done
pyop2:INFO Compiling wrapper...
pyop2:INFO Compiling wrapper...done
pyop2:INFO Compiling wrapper...
pyop2:INFO Compiling wrapper...done
pyop2:INFO Compiling wrapper...
pyop2:INFO Compiling wrapper...done
pyop2:INFO Compiling wrapper...
pyop2:INFO Compiling wrapper...done
pyop2:INFO Compiling wrapper...
pyop2:INFO Compiling wrapper...done
pyop2:INFO Compiling wrapper...
pyop2:INFO Compiling wrapper...done
pyop2:INFO Compiling wrapper...
pyop2:INFO Compiling wrapper...done
pyop2:INFO Compiling wrapper...
pyop2:INFO Compiling wrapper...done
pyop2:INFO Compiling wrapper...
pyop2:INFO Compiling wrapper...done
pyop2:INFO Compiling wrapper...
pyop2:INFO Compiling wrapper...done
pyop2:INFO Compiling wrapper...
pyop2:INFO Compiling wrapper...done
pyop2:INFO Compiling wrapper...
pyop2:INFO Compiling wrapper...done
pyop2:INFO Compiling wrapper...
pyop2:INFO Compiling wrapper...done
pyop2:INFO Compiling wrapper...
pyop2:INFO Compiling wrapper...done
pyop2:INFO Compiling wrapper...
pyop2:INFO Compiling wrapper...done
pyop2:INFO Compiling wrapper...
pyop2:INFO Compiling wrapper...done
pyop2:INFO Compiling wrapper...
pyop2:INFO Compiling wrapper...done
pyop2:INFO Compiling wrapper...
pyop2:INFO Compiling wrapper...done
pyop2:INFO Compiling wrapper...
pyop2:INFO Compiling wrapper...done
pyop2:INFO Compiling wrapper...
pyop2:INFO Compiling wrapper...done
pyop2:INFO Compiling wrapper...
pyop2:INFO Compiling wrapper...done
pyop2:INFO Compiling wrapper...
pyop2:INFO Compiling wrapper...done
pyop2:INFO Compiling wrapper...
pyop2:INFO Compiling wrapper...done
pyop2:INFO Compiling wrapper...
pyop2:INFO Compiling wrapper...done
pyop2:INFO Compiling wrapper...
pyop2:INFO Compiling wrapper...done
pyop2:INFO Compiling wrapper...
pyop2:INFO Compiling wrapper...done
pyop2:INFO Compiling wrapper...
pyop2:INFO Compiling wrapper...done
pyop2:INFO Compiling wrapper...
pyop2:INFO Compiling wrapper...done
pyop2:INFO Compiling wrapper...
pyop2:INFO Compiling wrapper...done
pyop2:INFO Compiling wrapper...
pyop2:INFO Compiling wrapper...done
pyop2:INFO Compiling wrapper...
pyop2:INFO Compiling wrapper...done
pyop2:INFO Compiling wrapper...
pyop2:INFO Compiling wrapper...done
pyop2:INFO Compiling wrapper...
pyop2:INFO Compiling wrapper...done
pyop2:INFO Compiling wrapper...
pyop2:INFO Compiling wrapper...done
pyop2:INFO Compiling wrapper...
pyop2:INFO Compiling wrapper...done
pyop2:INFO Compiling wrapper...
pyop2:INFO Compiling wrapper...done
pyop2:INFO Compiling wrapper...
pyop2:INFO Compiling wrapper...done
pyop2:INFO Compiling wrapper...
pyop2:INFO Compiling wrapper...done
pyop2:INFO Compiling wrapper...
pyop2:INFO Compiling wrapper...done
pyop2:INFO Compiling wrapper...
pyop2:INFO Compiling wrapper...done
pyop2:INFO Compiling wrapper...
pyop2:INFO Compiling wrapper...done
pyop2:INFO Compiling wrapper...
pyop2:INFO Compiling wrapper...done
pyop2:INFO Compiling wrapper...
pyop2:INFO Compiling wrapper...done
pyop2:INFO Compiling wrapper...
pyop2:INFO Compiling wrapper...done
pyop2:INFO Compiling wrapper...
pyop2:INFO Compiling wrapper...done
pyop2:INFO Compiling wrapper...
pyop2:INFO Compiling wrapper...done
pyop2:INFO Compiling wrapper...
pyop2:INFO Compiling wrapper...done
pyop2:INFO Compiling wrapper...
pyop2:INFO Compiling wrapper...done
pyop2:INFO Compiling wrapper...
pyop2:INFO Compiling wrapper...done
pyop2:INFO Compiling wrapper...
pyop2:INFO Compiling wrapper...done
pyop2:INFO Compiling wrapper...
pyop2:INFO Compiling wrapper...done
pyop2:INFO Compiling wrapper...
pyop2:INFO Compiling wrapper...done
pyop2:INFO Compiling wrapper...
pyop2:INFO Compiling wrapper...done
pyop2:INFO Compiling wrapper...
pyop2:INFO Compiling wrapper...done
pyop2:INFO Compiling wrapper...
pyop2:INFO Compiling wrapper...done
pyop2:INFO Compiling wrapper...
pyop2:INFO Compiling wrapper...done
pyop2:INFO Compiling wrapper...
pyop2:INFO Compiling wrapper...done
pyop2:INFO Compiling wrapper...
pyop2:INFO Compiling wrapper...done
