nohup: ignoring input
Using default SIPG parameters
dt = 1800
Using time integrator: CrankNicolson
Number of turbines = 14.999653483103359
  492   492 T= 885600.00 eta norm: 37795.5688 u norm: 19709.3013  0.00
volume2d rel. error  0.0000e+00
Updating tidal field at t=887400
Done updating tidal field
  0 SNES Function norm 9.815934270644e+06 
  1 SNES Function norm 2.366569384483e+03 
Integrated power for each turbine: [401586.39553291677, 420631.5952638505, 409616.0015978563, 308081.6545944359, 377589.93409347424, 360741.3282854998, 400733.3892547168, 326727.34366248903, 326298.87113903195, 350832.3242362865, 389652.79233401053, 311681.7077188181, 330170.95794038475, 369401.62338339817, 347840.14855261496].
Current power, average power, integrated power and profit for each farm: [3017.547815327657], [3017.547815327657], [5431586.067589783], [3017.547815327657]
  493   493 T= 887400.00 eta norm: 37741.0409 u norm: 15504.4735  5.31
volume2d rel. error  8.7801e-05
Updating tidal field at t=889200
Done updating tidal field
  0 SNES Function norm 1.552023190251e+07 
  1 SNES Function norm 5.437528598444e+02 
Integrated power for each turbine: [617487.5171595495, 651630.4222043403, 635425.8861022808, 467413.9766293088, 576849.4281653413, 548817.2998318493, 623593.0427884485, 494181.19173938374, 491521.14229194575, 531389.0709313212, 608622.5425704815, 463526.48064143665, 496597.59015328466, 577041.011846242, 526679.5862312433].
Current power, average power, integrated power and profit for each farm: [1599.5500676092645], [2308.5489414684607], [8310776.189286459], [2308.5489414684607]
  494   494 T= 889200.00 eta norm: 35046.4941 u norm: 11804.8802  3.71
volume2d rel. error  7.5344e-03
Updating tidal field at t=891000
Done updating tidal field
  0 SNES Function norm 2.495909414653e+07 
  1 SNES Function norm 1.962217467199e+03 
Integrated power for each turbine: [709435.360343134, 753410.6599679104, 735556.0831865517, 532968.4651286087, 659910.9379525973, 626907.4898258069, 723395.3491052999, 561054.455467588, 555777.8240632417, 605313.8403427207, 704441.56965034, 519368.5179083849, 558737.403008009, 658024.2065164765, 583712.6863839286].
Current power, average power, integrated power and profit for each farm: [654.0214775356343], [1757.0397868241853], [9488014.8488506], [1757.0397868241853]
  495   495 T= 891000.00 eta norm: 30169.7032 u norm:  8443.3078  3.98
volume2d rel. error  2.1041e-02
Updating tidal field at t=892800
Done updating tidal field
  0 SNES Function norm 3.364826541039e+07 
  1 SNES Function norm 3.467072325163e+03 
Integrated power for each turbine: [733653.2852547644, 782403.5053515023, 764150.2395080873, 548988.9057602515, 681305.7879321655, 646578.0538484041, 750657.071385931, 576513.2958800921, 569565.9583903168, 622289.9446780724, 727558.6310191796, 529682.0572686195, 570000.5059455414, 674260.0194344168, 591552.8262354418].
Current power, average power, integrated power and profit for each farm: [156.19179946788236], [1356.8277899851096], [9769160.08789279], [1356.8277899851096]
  496   496 T= 892800.00 eta norm: 23579.0747 u norm:  6457.0792  3.94
volume2d rel. error  3.9362e-02
Updating tidal field at t=894600
Done updating tidal field
  0 SNES Function norm 4.049473714821e+07 
  1 SNES Function norm 4.897126416581e+03 
Integrated power for each turbine: [735050.2619065467, 784763.2349831652, 766309.2147074512, 549579.1403370918, 682400.8957569752, 647390.2903701124, 752210.4709904742, 576934.7098686693, 569792.7346201265, 622663.8641679917, 728064.8757082913, 529723.4424349981, 570014.0271215589, 674281.3218242351, 591625.320808446].
Current power, average power, integrated power and profit for each farm: [6.468732062970526], [1086.755978400682], [9780803.805606136], [1086.755978400682]
  497   497 T= 894600.00 eta norm: 15721.9070 u norm:  7860.5669  3.88
volume2d rel. error  6.1381e-02
Updating tidal field at t=896400
Done updating tidal field
  0 SNES Function norm 4.471821651858e+07 
  1 SNES Function norm 5.763372427487e+03 
Integrated power for each turbine: [737305.5823151416, 786311.6770322613, 769108.4500993002, 552879.9447824553, 685427.9564048857, 652166.9817017532, 757473.4740256413, 581396.3799256544, 576364.2188095921, 630649.0704286096, 738411.475414845, 539604.8390307853, 583489.190403729, 691514.7136876088, 615051.7514023838].
Current power, average power, integrated power and profit for each farm: [64.63994436584075], [916.4033060615417], [9897155.70546465], [916.4033060615417]
  498   498 T= 896400.00 eta norm:  7345.1133 u norm: 11298.8492  3.87
volume2d rel. error  8.5739e-02
Updating tidal field at t=898200
Done updating tidal field
  0 SNES Function norm 4.654551352600e+07 
  1 SNES Function norm 5.582898753299e+03 
Integrated power for each turbine: [814865.931317156, 861526.7998973475, 834711.0648019032, 617849.7561045056, 752146.5059452589, 711693.7291396768, 816126.474641502, 640594.4524290884, 630418.7396099155, 683890.8867941636, 790081.0981810631, 588191.6229987828, 629416.4664924062, 736511.8677448496, 658289.2319338345].
Current power, average power, integrated power and profit for each farm: [482.8660680926709], [854.4694149231315], [10766314.628031457], [854.4694149231315]
  499   499 T= 898200.00 eta norm:  4244.1874 u norm: 15288.7833  3.80
volume2d rel. error  1.1054e-01
Updating tidal field at t=900000
Done updating tidal field
  0 SNES Function norm 4.572690905263e+07 
  1 SNES Function norm 5.730150646965e+03 
Integrated power for each turbine: [1041087.1192250317, 1071108.899318783, 1027550.7083890087, 807668.5989392608, 953230.1401069053, 897831.0183589167, 991095.1630884332, 818169.2763771192, 795323.631955924, 851539.382456957, 949053.0540164262, 739479.353749348, 778430.569884139, 886453.9311414051, 796018.5748687172].
Current power, average power, integrated power and profit for each farm: [1465.4026632471785], [930.8360709636374], [13404039.421876378], [930.8360709636374]
  500   500 T= 900000.00 eta norm: 11605.4790 u norm: 18757.2612  4.37
volume2d rel. error  1.3428e-01
Updating tidal field at t=901800
Done updating tidal field
  0 SNES Function norm 4.294062240150e+07 
  1 SNES Function norm 5.749642734953e+03 
Integrated power for each turbine: [1425865.6345914435, 1443870.365571887, 1378175.9388630376, 1142945.2251814776, 1312831.8584229976, 1234100.5284143316, 1311743.8389365945, 1137227.6370389112, 1093591.1334222034, 1156245.5298665669, 1244631.9018506433, 1013473.4562135956, 1049330.189969466, 1166540.2158544713, 1046962.5306850742].
Current power, average power, integrated power and profit for each farm: [2640.831423892404], [1120.8355546223893], [18157535.984882705], [1120.8355546223893]
  501   501 T= 901800.00 eta norm: 19459.3381 u norm: 21062.8609  4.65
volume2d rel. error  1.5665e-01
Updating tidal field at t=903600
Done updating tidal field
  0 SNES Function norm 3.861853504667e+07 
  1 SNES Function norm 5.807012729742e+03 
Integrated power for each turbine: [1886819.4363969169, 1894065.1173622918, 1808280.7017583468, 1542791.7733992538, 1749890.3128227855, 1648303.570912274, 1709438.791539367, 1522793.6763127248, 1459043.188869967, 1535695.8379893736, 1613146.7011657, 1351998.0556335389, 1385867.8825176237, 1517358.7842037336, 1360896.2437648992].
Current power, average power, integrated power and profit for each farm: [3238.2522720922752], [1332.5772263693777], [23986390.0746488], [1332.5772263693777]
  502   502 T= 903600.00 eta norm: 26621.6668 u norm: 21905.5670  4.01
volume2d rel. error  1.7678e-01
Updating tidal field at t=905400
Done updating tidal field
  0 SNES Function norm 3.059260058942e+07 
  1 SNES Function norm 4.947928825896e+03 
Integrated power for each turbine: [2348108.9537460683, 2344791.001644658, 2241195.965466393, 1941181.607992617, 2188330.7682472905, 2066296.1515968435, 2112045.692048691, 1908872.5137674194, 1827780.2478372823, 1920939.0597728298, 1987323.7066176739, 1695235.927271764, 1727463.5139270953, 1874010.3575806003, 1679437.974770597].
Current power, average power, integrated power and profit for each farm: [3264.7907597994576], [1508.2330021357488], [29863013.442287825], [1508.2330021357488]
  503   503 T= 905400.00 eta norm: 32485.0842 u norm: 21416.4244  4.04
volume2d rel. error  1.9320e-01
Updating tidal field at t=907200
Done updating tidal field
  0 SNES Function norm 2.069282784130e+07 
  1 SNES Function norm 2.345422166295e+03 
Integrated power for each turbine: [2736652.773076942, 2726418.200216885, 2611318.056885734, 2277462.982126816, 2560483.439838211, 2424953.7655178797, 2459740.272537079, 2237981.6242686086, 2145830.4266764377, 2254890.7683639666, 2313008.390079225, 1994096.2506334833, 2025842.7215117558, 2185292.4075256614, 1957392.8621792826].
Current power, average power, integrated power and profit for each farm: [2804.639721750082], [1616.2668954369433], [34911364.941437975], [1616.2668954369433]
  504   504 T= 907200.00 eta norm: 36430.5312 u norm: 19933.9458  3.94
volume2d rel. error  2.0420e-01
Updating tidal field at t=909000
Done updating tidal field
  0 SNES Function norm 1.042726261434e+07 
  1 SNES Function norm 8.071323677479e+02 
Integrated power for each turbine: [3011893.0809482397, 2997045.7502784957, 2876032.3738708706, 2515810.7427716437, 2824895.1678322526, 2682925.74160564, 2712165.0274630967, 2472995.2662886796, 2376511.983874279, 2499347.1694194493, 2553472.1018303274, 2214969.2365929, 2248657.4418634246, 2417528.3187237573, 2166211.876880759].
Current power, average power, integrated power and profit for each farm: [2032.8312993365794], [1648.3103111215305], [38570461.280243814], [1648.3103111215305]
  505   505 T= 909000.00 eta norm: 38340.7413 u norm: 17588.7701  4.02
volume2d rel. error  2.0955e-01
Updating tidal field at t=910800
Done updating tidal field
  0 SNES Function norm 6.897646645603e+06 
  1 SNES Function norm 1.805704800795e+02 
Integrated power for each turbine: [3172189.965612829, 3153158.729999861, 3028278.821122892, 2653874.354202495, 2977145.8864435675, 2831924.4261193485, 2858879.2126607113, 2608479.122846288, 2510694.704364834, 2642886.569201814, 2696099.9464842626, 2346255.405375066, 2383348.6233198266, 2557875.684700786, 2294664.4066676125].
Current power, average power, integrated power and profit for each farm: [1191.830321599101], [1615.704597584214], [40715755.859122194], [1615.704597584214]
  506   506 T= 910800.00 eta norm: 38125.1925 u norm: 14460.5697  3.82
volume2d rel. error  2.0897e-01
Updating tidal field at t=912600
Done updating tidal field
  0 SNES Function norm 1.548247848948e+07 
  1 SNES Function norm 3.493457387369e+02 
Integrated power for each turbine: [3245341.928893177, 3223020.3063425464, 3095225.622981939, 2716257.5794525314, 3044829.026789996, 2897445.1525429864, 2923303.7368552936, 2668572.292717259, 2569947.3191525512, 2706433.5329284505, 2759680.3980370243, 2405156.530392909, 2444855.7441793783, 2621780.3343701935, 2354776.980486854].
Current power, average power, integrated power and profit for each farm: [533.8170150004971], [1543.5787587452996], [41676626.48612309], [1543.5787587452996]
  507   507 T= 912600.00 eta norm: 35745.0496 u norm: 10838.9263  4.10
volume2d rel. error  2.0237e-01
Updating tidal field at t=914400
Done updating tidal field
  0 SNES Function norm 2.530483671574e+07 
  1 SNES Function norm 1.252075273249e+03 
Integrated power for each turbine: [3267044.6033118535, 3243100.876900065, 3113822.5985380956, 2734475.3228197517, 3064033.7308676597, 2915549.246514199, 2940894.1938953376, 2685548.1790347206, 2586364.57766182, 2723880.095726479, 2777112.652755167, 2421602.8953757007, 2462251.8640267104, 2639620.934146185, 2372139.019624286].
Current power, average power, integrated power and profit for each farm: [150.45239170830092], [1456.5083608054874], [41947440.79119804], [1456.5083608054874]
  508   508 T= 914400.00 eta norm: 31362.8825 u norm:  7039.2131  4.23
volume2d rel. error  1.9019e-01
Updating tidal field at t=916200
Done updating tidal field
  0 SNES Function norm 3.349907229555e+07 
  1 SNES Function norm 2.352729933329e+03 
Integrated power for each turbine: [3269058.3843367044, 3244814.740202521, 3115253.8937930553, 2736082.348154616, 3065611.379043967, 2916913.9901311374, 2942154.447395817, 2686910.2762222677, 2587599.2328630113, 2725141.9371105246, 2778331.384920884, 2422839.662350852, 2463555.0781490714, 2640883.783334391, 2373385.160889255].
Current power, average power, integrated power and profit for each farm: [11.719393166691146], [1371.5207744737936], [41968535.698898084], [1371.5207744737936]
  509   509 T= 916200.00 eta norm: 25334.5977 u norm:  4303.4737  4.76
volume2d rel. error  1.7340e-01
Updating tidal field at t=918000
Done updating tidal field
  0 SNES Function norm 3.930482091560e+07 
  1 SNES Function norm 3.539339731307e+03 
Integrated power for each turbine: [3269114.237696638, 3244891.492497866, 3115368.0549311526, 2736149.030699582, 3065698.5360700074, 2917042.035886758, 2942311.6022499, 2687012.961157657, 2587740.3265130864, 2725302.794025059, 2778518.5901090987, 2422998.6214150963, 2463730.4443663806, 2641078.42785944, 2373602.073187575].
Current power, average power, integrated power and profit for each farm: [1.1241832040118664], [1295.3876305143613], [41970559.22866531], [1295.3876305143613]
  510   510 T= 918000.00 eta norm: 18116.2004 u norm:  5867.4662  3.90
volume2d rel. error  1.5321e-01
Updating tidal field at t=919800
Done updating tidal field
  0 SNES Function norm 4.235650798218e+07 
  1 SNES Function norm 4.632384027751e+03 
Integrated power for each turbine: [3283033.5402539633, 3258283.048828612, 3126289.6755663003, 2747630.801987844, 3077131.616870143, 2926837.7944068485, 2951795.8302691123, 2697060.33966517, 2596700.45559373, 2733945.3267581635, 2786909.2567747612, 2431049.5937803145, 2471344.9913890217, 2648682.7251392417, 2380537.996253608].
Current power, average power, integrated power and profit for each farm: [81.48542492863106], [1231.4980407466915], [42117232.993536845], [1231.4980407466915]
  511   511 T= 919800.00 eta norm: 10324.8165 u norm:  9839.1200  3.74
volume2d rel. error  1.3106e-01
Updating tidal field at t=921600
Done updating tidal field
  0 SNES Function norm 4.270243724612e+07 
  1 SNES Function norm 5.180522903948e+03 
Integrated power for each turbine: [3361630.5860598357, 3335671.9139703494, 3197156.92036888, 2809322.246633845, 3144845.8171537323, 2990056.0035499, 3017369.896953215, 2755673.1244834675, 2653017.155058786, 2793277.4740281203, 2847511.8411604934, 2484465.763465355, 2525277.4343364835, 2705442.2650814094, 2433497.237024867].
Current power, average power, integrated power and profit for each farm: [520.5459365510584], [1195.9504355369097], [43054215.67932875], [1195.9504355369097]
  512   512 T= 921600.00 eta norm:  3565.7062 u norm: 13641.6299  3.86
volume2d rel. error  1.0826e-01
Updating tidal field at t=923400
Done updating tidal field
  0 SNES Function norm 4.059979549369e+07 
  1 SNES Function norm 5.087404849615e+03 
Integrated power for each turbine: [3503348.787094451, 3483493.6928524063, 3358084.5286526047, 2927272.1766572827, 3291279.6017453554, 3149422.7003286667, 3191223.4264377784, 2890435.6612527734, 2803457.767014891, 2965011.9459646656, 3028143.1149203754, 2645127.989453271, 2697216.5263834987, 2885558.8083732203, 2608962.0406405455].
Current power, average power, integrated power and profit for each farm: [1318.7906046905823], [1201.7999674013702], [45428038.767771795], [1201.7999674013702]
  513   513 T= 923400.00 eta norm:  7178.9809 u norm: 16469.1335  5.03
volume2d rel. error  8.6150e-02
Updating tidal field at t=925200
Done updating tidal field
  0 SNES Function norm 3.655930634926e+07 
  1 SNES Function norm 4.438455346799e+03 
Integrated power for each turbine: [3681593.2822352876, 3674532.3200628897, 3590388.5098520857, 3074730.7534214305, 3487843.0124580488, 3388035.1368005127, 3466778.0874149185, 3077693.066490173, 3036046.817715429, 3243475.7711592126, 3329913.3756381976, 2910486.997245639, 2990923.631418789, 3189824.1589561887, 2903384.069265442].
Current power, average power, integrated power and profit for each farm: [2009.7834568680341], [1238.526489649855], [49045648.990134254], [1238.526489649855]
  514   514 T= 925200.00 eta norm: 14133.9193 u norm: 17986.4522  4.38
volume2d rel. error  6.5838e-02
Updating tidal field at t=927000
Done updating tidal field
  0 SNES Function norm 3.083376218499e+07 
  1 SNES Function norm 3.568789308496e+03 
Integrated power for each turbine: [3955045.9723817217, 3983357.8850650256, 3941052.369661203, 3300629.09843047, 3794632.381233725, 3728319.5129145384, 3841894.7855034564, 3356477.5884832214, 3353418.2106641014, 3604926.411635776, 3709049.002012856, 3246247.242282167, 3348728.8782884376, 3555222.959500855, 3244418.90186782].
Current power, average power, integrated power and profit for each farm: [2732.0956721061857], [1303.4642801914345], [53963421.199925385], [1303.4642801914345]
  515   515 T= 927000.00 eta norm: 20326.7358 u norm: 18089.2599  3.85
volume2d rel. error  4.8363e-02
Updating tidal field at t=928800
Done updating tidal field
  0 SNES Function norm 2.303287850670e+07 
  1 SNES Function norm 2.510824819035e+03 
Integrated power for each turbine: [4287394.248805225, 4351693.501242219, 4329180.636507493, 3567793.9079076396, 4149855.597055317, 4090979.826839127, 4229828.7528321855, 3667826.1046505515, 3682690.923834106, 3964743.5952282567, 4082706.0933774156, 3574051.8814462414, 3688996.5094396216, 3906595.7054396067, 3567712.646774083].
Current power, average power, integrated power and profit for each farm: [2877.0159619187284], [1369.0289335967384], [59142049.931379095], [1369.0289335967384]
  516   516 T= 928800.00 eta norm: 25060.0019 u norm: 16989.6995  3.89
volume2d rel. error  3.5132e-02
Updating tidal field at t=930600
Done updating tidal field
  0 SNES Function norm 1.382271774491e+07 
  1 SNES Function norm 1.279719177455e+03 
Integrated power for each turbine: [4593682.847979874, 4684941.088410518, 4663708.711391364, 3806258.6409567427, 4458994.322791979, 4391874.2848033, 4556078.757015595, 3933437.11645482, 3952719.642975248, 4255326.152469932, 4394802.816388615, 3834296.56365735, 3959764.541960284, 4198945.820857621, 3834615.4914170466].
Current power, average power, integrated power and profit for each farm: [2431.8871489728886], [1411.5432622117844], [63519446.7995303], [1411.5432622117844]
  517   517 T= 930600.00 eta norm: 27867.4298 u norm: 14950.1771  4.03
volume2d rel. error  2.7311e-02
Updating tidal field at t=932400
Done updating tidal field
  0 SNES Function norm 6.265743273421e+06 
  1 SNES Function norm 3.751379656823e+02 
Integrated power for each turbine: [4812318.534590855, 4922467.687584049, 4898019.293166329, 3971853.336850871, 4669993.585646597, 4593195.639225309, 4784846.1247128695, 4112327.515773707, 4131067.1065031015, 4447902.163524949, 4614838.872117921, 4001121.753526257, 4136653.0685968203, 4405501.861595108, 4023266.962417511].
Current power, average power, integrated power and profit for each farm: [1669.9592812788685], [1421.4823398682108], [66525373.50583226], [1421.4823398682108]
  518   518 T= 932400.00 eta norm: 28514.9173 u norm: 12195.4119  4.42
volume2d rel. error  2.5518e-02
/home/can/firedrake/src/pyadjoint/pyadjoint/optimization/optimization.py:133: OptimizeWarning: Unknown solver options: ptol
  res = scipy_minimize(J, m_global, method=method, bounds=bounds, **kwargs)
FORWARD RUN:
angle: [97.79287314524697, 100.21135081450862, 101.81294766091462, 98.1446667237933, 99.56009623162055, 101.43650213959047, 103.91391264074014, 100.02038449487331, 101.9470124097927, 103.31352373072824, 106.09853933715259, 103.42342515732167, 105.4148131263235, 107.67334339092514, 109.17335840499666]
  0 SNES Function norm 9.815934270644e+06 
  1 SNES Function norm 2.366569384483e+03 
  0 SNES Function norm 1.552023190251e+07 
  1 SNES Function norm 5.437528598444e+02 
  0 SNES Function norm 2.495909414653e+07 
  1 SNES Function norm 1.962217467199e+03 
  0 SNES Function norm 3.364826541039e+07 
  1 SNES Function norm 3.467072325163e+03 
  0 SNES Function norm 4.049473714821e+07 
  1 SNES Function norm 4.897126416581e+03 
  0 SNES Function norm 4.471821651858e+07 
  1 SNES Function norm 5.763372427487e+03 
  0 SNES Function norm 4.654551352600e+07 
  1 SNES Function norm 5.582898753300e+03 
  0 SNES Function norm 4.572690905263e+07 
  1 SNES Function norm 5.730150646965e+03 
  0 SNES Function norm 4.294062240150e+07 
  1 SNES Function norm 5.749642734953e+03 
  0 SNES Function norm 3.861853504667e+07 
  1 SNES Function norm 5.807012729742e+03 
  0 SNES Function norm 3.059260058942e+07 
  1 SNES Function norm 4.947928825896e+03 
  0 SNES Function norm 2.069282784130e+07 
  1 SNES Function norm 2.345422166295e+03 
  0 SNES Function norm 1.042726261434e+07 
  1 SNES Function norm 8.071323677479e+02 
  0 SNES Function norm 6.897646645603e+06 
  1 SNES Function norm 1.805704800795e+02 
  0 SNES Function norm 1.548247848948e+07 
  1 SNES Function norm 3.493457387369e+02 
  0 SNES Function norm 2.530483671574e+07 
  1 SNES Function norm 1.252075273249e+03 
  0 SNES Function norm 3.349907229555e+07 
  1 SNES Function norm 2.352729933329e+03 
  0 SNES Function norm 3.930482091560e+07 
  1 SNES Function norm 3.539339731307e+03 
  0 SNES Function norm 4.235650798218e+07 
  1 SNES Function norm 4.632384027751e+03 
  0 SNES Function norm 4.270243724612e+07 
  1 SNES Function norm 5.180522903948e+03 
  0 SNES Function norm 4.059979549369e+07 
  1 SNES Function norm 5.087404849616e+03 
  0 SNES Function norm 3.655930634926e+07 
  1 SNES Function norm 4.438455346799e+03 
  0 SNES Function norm 3.083376218499e+07 
  1 SNES Function norm 3.568789308496e+03 
  0 SNES Function norm 2.303287850670e+07 
  1 SNES Function norm 2.510824819035e+03 
  0 SNES Function norm 1.382271774491e+07 
  1 SNES Function norm 1.279719177455e+03 
  0 SNES Function norm 6.265743273421e+06 
  1 SNES Function norm 3.751379656822e+02 
ADJOINT RUN:
angle: [97.79287314524697, 100.21135081450862, 101.81294766091462, 98.1446667237933, 99.56009623162055, 101.43650213959047, 103.91391264074014, 100.02038449487331, 101.9470124097927, 103.31352373072824, 106.09853933715259, 103.42342515732167, 105.4148131263235, 107.67334339092514, 109.17335840499666]
Controls value: ([97.79287314524697, 100.21135081450862, 101.81294766091462, 98.1446667237933, 99.56009623162055, 101.43650213959047, 103.91391264074014, 100.02038449487331, 101.9470124097927, 103.31352373072824, 106.09853933715259, 103.42342515732167, 105.4148131263235, 107.67334339092514, 109.17335840499666],)
Derivatives: ([497.381113243688, 91.74806503336754, -6.191382208063288, 140.26420780734077, 22.739539378132026, 2.2009681907007916, -11.02049470734562, 19.075911152521, -5.572445505104383, -18.78145618845417, -27.718907779713618, -23.157276268723308, -39.56465898832357, -28.608210730723158, -12.14092038519857],)
Functional value: -66525373.50583305
Costs, average power, integrated power and profit for each farm: [14.999653483103359], [1421.4823398682277], [66525373.50583305], [1421.4823398682277]
Costs, average power, integrated power and profit for each farm: 0, 0, [4812318.534590915, 4922467.687584137, 4898019.293166412, 3971853.3368509267, 4669993.585646701, 4593195.639225364, 4784846.1247128965, 4112327.5157737904, 4131067.1065031323, 4447902.1635249695, 4614838.872117958, 4001121.75352627, 4136653.068596855, 4405501.861595156, 4023266.962417561], 0
FORWARD RUN:
angle: [2.8551880859595258e-09, 8.463285781141082, 108.0043298689779, 3.029470008186763e-10, 76.82055685348853, 99.23553394888968, 114.93440734808576, 80.94447334235231, 107.51945791489709, 122.0949799191824, 133.81744711686622, 126.58070142604498, 144.97947211464708, 136.2815541216483, 121.31427879019523]
  0 SNES Function norm 9.815933547683e+06 
  1 SNES Function norm 2.366602233996e+03 
  0 SNES Function norm 1.552030363330e+07 
  1 SNES Function norm 5.437365240141e+02 
  0 SNES Function norm 2.495908010418e+07 
  1 SNES Function norm 1.962031893893e+03 
  0 SNES Function norm 3.364827549974e+07 
  1 SNES Function norm 3.466803669390e+03 
  0 SNES Function norm 4.049471912524e+07 
  1 SNES Function norm 4.896746061096e+03 
  0 SNES Function norm 4.471820793841e+07 
  1 SNES Function norm 5.763226000118e+03 
  0 SNES Function norm 4.654551645405e+07 
  1 SNES Function norm 5.583196785716e+03 
  0 SNES Function norm 4.572667615510e+07 
  1 SNES Function norm 5.730273519837e+03 
  0 SNES Function norm 4.294061709866e+07 
  1 SNES Function norm 5.749558859283e+03 
  0 SNES Function norm 3.861825638745e+07 
  1 SNES Function norm 5.806821063826e+03 
  0 SNES Function norm 3.059260015727e+07 
  1 SNES Function norm 4.947688925764e+03 
  0 SNES Function norm 2.069268966025e+07 
  1 SNES Function norm 2.345191993193e+03 
  0 SNES Function norm 1.042735399584e+07 
  1 SNES Function norm 8.068984955406e+02 
  0 SNES Function norm 6.897784912504e+06 
  1 SNES Function norm 1.804946561729e+02 
  0 SNES Function norm 1.548254227709e+07 
  1 SNES Function norm 3.493383079424e+02 
  0 SNES Function norm 2.530486934116e+07 
  1 SNES Function norm 1.251783893923e+03 
  0 SNES Function norm 3.349908947863e+07 
  1 SNES Function norm 2.352061027051e+03 
  0 SNES Function norm 3.930483944476e+07 
  1 SNES Function norm 3.538569787372e+03 
  0 SNES Function norm 4.235650797206e+07 
  1 SNES Function norm 4.631390869529e+03 
  0 SNES Function norm 4.270242039792e+07 
  1 SNES Function norm 5.179878056491e+03 
  0 SNES Function norm 4.059974992524e+07 
  1 SNES Function norm 5.087383927754e+03 
  0 SNES Function norm 3.655925256532e+07 
  1 SNES Function norm 4.438731942352e+03 
  0 SNES Function norm 3.083380201396e+07 
  1 SNES Function norm 3.568970632902e+03 
  0 SNES Function norm 2.303283547621e+07 
  1 SNES Function norm 2.510837973275e+03 
  0 SNES Function norm 1.382286665485e+07 
